<?xml version="1.0" encoding="utf-8"?><testsuites name="pytest tests"><testsuite name="pytest" errors="0" failures="0" skipped="0" tests="0" time="52.421" timestamp="2026-06-08T00:47:53.191818+00:00" hostname="runnervm3jyl0"><properties><property name="ENV_CONFIG" value="targets/cznic_turris-omnia.yaml" /><property name="TARGETS" value="['main']" /><property name="TARGET_MAIN_REMOTE" value="+" /><property name="IMAGE_ROOT" value="/home/runner/work/openwrt-tests/openwrt-tests/tftp/cznic_turris-omnia/openwrt-mvebu-cortexa9-cznic_turris-omnia-initramfs-kernel.bin" /><property name="IMAGE_ROOT_GIT_COMMIT" value="e3a718bffba6d8b05b535e68a6c3aa21beabe552" /></properties></testsuite></testsuites>