<?xml version="1.0" encoding="utf-8"?><testsuites name="pytest tests"><testsuite name="pytest" errors="0" failures="0" skipped="0" tests="0" time="5.782" timestamp="2025-12-15T22:16:35.868476+00:00" hostname="openwrt-testing"><properties><property name="ENV_CONFIG" value="targets/xunlong_orangepi-zero2.yaml" /><property name="TARGETS" value="['main']" /><property name="TARGET_MAIN_REMOTE" value="+" /><property name="IMAGE_ROOT" value="/home/aparcar/actions-runner2/_work/openwrt-tests/openwrt-tests/tftp/xunlong_orangepi-zero2/openwrt-sunxi-cortexa53-xunlong_orangepi-zero2-initramfs-kernel.bin" /><property name="IMAGE_ROOT_GIT_COMMIT" value="2af41c4c404cde47095aaeca4b90d466db1d6b46" /></properties></testsuite></testsuites>