<?xml version="1.0" encoding="utf-8"?><testsuites name="pytest tests"><testsuite name="pytest" errors="0" failures="1" skipped="10" tests="35" time="226.385" timestamp="2025-10-27T17:43:46.884129+00:00" hostname="openwrt-testing"><properties><property name="ENV_CONFIG" value="targets/genexis_pulse-ex400.yaml" /><property name="TARGETS" value="['main']" /><property name="TARGET_MAIN_REMOTE" value="+" /><property name="IMAGE_ROOT" value="/home/aparcar/actions-runner3/_work/openwrt-tests/openwrt-tests/tftp/genexis_pulse-ex400/openwrt-24.10-snapshot-r28978-2d758300e3-ramips-mt7621-genexis_pulse-ex400-initramfs-kernel.bin" /><property name="IMAGE_ROOT_GIT_COMMIT" value="4ddc21f58706ef7c800b5d4d2ca3fa1238ae4d92" /></properties><testcase classname="tests.test_apk.TestApk" name="test_apk_procd_installed" time="0.000"><skipped type="pytest.skip" message="LG_FEATURE_APK not defined">/home/aparcar/actions-runner3/_work/openwrt-tests/openwrt-tests/tests/test_apk.py:10: LG_FEATURE_APK not defined</skipped></testcase><testcase classname="tests.test_apk.TestApk" name="test_apk_add_ucert" time="0.000"><skipped type="pytest.skip" message="LG_FEATURE_ONLINE not defined">/home/aparcar/actions-runner3/_work/openwrt-tests/openwrt-tests/tests/test_apk.py:13: LG_FEATURE_ONLINE not defined</skipped></testcase><testcase classname="tests.test_apk.TestApk" name="test_apk_audit" time="0.000"><skipped type="pytest.skip" message="LG_FEATURE_APK not defined">/home/aparcar/actions-runner3/_work/openwrt-tests/openwrt-tests/tests/test_apk.py:23: LG_FEATURE_APK not defined</skipped></testcase><testcase classname="tests.test_base" name="test_shell" time="61.956" /><testcase classname="tests.test_base" name="test_firmware_version" time="1.037"><properties><property name="firmware_version" value="r28978-2d758300e3" /><property name="expected_firmware_version" value="r28978-2d758300e3" /></properties></testcase><testcase classname="tests.test_base" name="test_dropbear_startup" time="11.992" /><testcase classname="tests.test_base" name="test_ssh" time="5.096" /><testcase classname="tests.test_base" name="test_echo" time="0.058" /><testcase classname="tests.test_base" name="test_uname" time="0.064" /><testcase classname="tests.test_base" name="test_ubus_system_board" time="0.065" /><testcase classname="tests.test_base" name="test_free_memory" time="0.062" /><testcase classname="tests.test_base" name="test_sysupgrade_backup" time="0.000"><skipped type="pytest.skip" message="Skipping because feature &quot;{'rootfs'}&quot; is not supported">/home/aparcar/actions-runner3/_work/openwrt-tests/openwrt-tests/tests/test_base.py:69: Skipping because feature "{'rootfs'}" is not supported</skipped></testcase><testcase classname="tests.test_base" name="test_sysupgrade_backup_u" time="0.000"><skipped type="pytest.skip" message="Skipping because feature &quot;{'rootfs'}&quot; is not supported">/home/aparcar/actions-runner3/_work/openwrt-tests/openwrt-tests/tests/test_base.py:81: Skipping because feature "{'rootfs'}" is not supported</skipped></testcase><testcase classname="tests.test_base" name="test_kernel_errors" time="0.142" /><testcase classname="tests.test_lan" name="test_lan_wait_for_link_ready" time="128.081"><failure message="AssertionError: LAN interface did not come up within 60 seconds&#10;assert False">shell_command = ShellDriver(target=Target(name='main', env=Environment(config_file='targets/genexis_pulse-ex400.yaml')), name=None, st...oot', password=None, keyfile='', login_timeout=120, console_ready='', await_login_timeout=15, post_login_settle_time=5)

    def test_lan_wait_for_link_ready(shell_command):
        for _ in range(60):
            if shell_command.run("dmesg | grep 'br-lan: link becomes ready'")[2] == 0:
                return
            sleep(1)
    
&gt;       assert False, "LAN interface did not come up within 60 seconds"
E       AssertionError: LAN interface did not come up within 60 seconds
E       assert False

tests/test_lan.py:12: AssertionError</failure></testcase><testcase classname="tests.test_lan" name="test_lan_wait_for_network" time="1.156" /><testcase classname="tests.test_lan" name="test_lan_interface_address" time="1.331" /><testcase classname="tests.test_lan" name="test_lan_interface_has_neighbor" time="2.824" /><testcase classname="tests.test_network_security" name="test_ssh_supported_algorithms" time="0.194" /><testcase classname="tests.test_opkg" name="test_opkg_procd_installed" time="0.000"><skipped type="pytest.skip" message="Skipping because feature &quot;{'opkg'}&quot; is not supported">/home/aparcar/actions-runner3/_work/openwrt-tests/openwrt-tests/tests/test_opkg.py:4: Skipping because feature "{'opkg'}" is not supported</skipped></testcase><testcase classname="tests.test_opkg" name="test_opkg_install_ucert" time="0.000"><skipped type="pytest.skip" message="Skipping because features &quot;{'online', 'opkg'}&quot; are not supported">/home/aparcar/actions-runner3/_work/openwrt-tests/openwrt-tests/tests/test_opkg.py:9: Skipping because features "{'online', 'opkg'}" are not supported</skipped></testcase><testcase classname="tests.test_system_health.TestSystemHealth" name="test_cpu_load" time="0.054" /><testcase classname="tests.test_system_health.TestSystemHealth" name="test_memory_usage" time="0.053" /><testcase classname="tests.test_system_health.TestSystemHealth" name="test_filesystem_usage" time="0.356" /><testcase classname="tests.test_system_health.TestSystemHealth" name="test_system_uptime" time="0.052" /><testcase classname="tests.test_system_health.TestSystemHealth" name="test_temperature_sensors" time="0.055" /><testcase classname="tests.test_system_health.TestSystemHealth" name="test_process_count" time="0.077" /><testcase classname="tests.test_system_health.TestSystemHealth" name="test_entropy_available" time="0.062" /><testcase classname="tests.test_system_health.TestSystemHealth" name="test_open_file_descriptors" time="0.062" /><testcase classname="tests.test_wan" name="test_wan_wait_for_network" time="1.229" /><testcase classname="tests.test_wan" name="test_https_download" time="0.000"><skipped type="pytest.skip" message="Skipping because feature &quot;{'online'}&quot; is not supported">/home/aparcar/actions-runner3/_work/openwrt-tests/openwrt-tests/tests/test_wan.py:56: Skipping because feature "{'online'}" is not supported</skipped></testcase><testcase classname="tests.test_wifi" name="test_wifi_wpa3" time="4.675" /><testcase classname="tests.test_wifi" name="test_wifi_wpa2" time="5.161" /><testcase classname="tests.test_wifi" name="test_wifi_scan" time="0.000"><skipped type="pytest.skip" message="Skipping because feature &quot;{'wifi-neighbors'}&quot; is not supported">/home/aparcar/actions-runner3/_work/openwrt-tests/openwrt-tests/tests/test_wifi.py:76: Skipping because feature "{'wifi-neighbors'}" is not supported</skipped></testcase><testcase classname="tests.test_wifi" name="test_wifi_hwsim_sae_mixed" time="0.380"><skipped type="pytest.skip" message="Skipping because feature &quot;{'hwsim'}&quot; is not supported">/home/aparcar/actions-runner3/_work/openwrt-tests/openwrt-tests/tests/test_wifi.py:97: Skipping because feature "{'hwsim'}" is not supported</skipped></testcase></testsuite></testsuites>