<?xml version="1.0" encoding="utf-8"?><testsuites name="pytest tests"><testsuite name="pytest" errors="0" failures="0" skipped="8" tests="34" time="68.756" timestamp="2025-08-04T21:17:58.178197+00:00" hostname="openwrt-testing"><properties><property name="ENV_CONFIG" value="targets/openwrt_one.yaml" /><property name="TARGETS" value="['main']" /><property name="TARGET_MAIN_REMOTE" value="+" /><property name="IMAGE_ROOT" value="/tmp/tftp/openwrt_one/openwrt-mediatek-filogic-openwrt_one-initramfs.itb" /></properties><testcase classname="tests.test_apk.TestApk" name="test_apk_procd_installed" time="50.084" /><testcase classname="tests.test_apk.TestApk" name="test_apk_add_ucert" time="0.000"><skipped type="pytest.skip" message="LG_FEATURE_ONLINE not defined">/home/aparcar/actions-runner/_work/openwrt-tests/openwrt-tests/tests/test_apk.py:13: LG_FEATURE_ONLINE not defined</skipped></testcase><testcase classname="tests.test_apk.TestApk" name="test_apk_audit" time="0.077" /><testcase classname="tests.test_base" name="test_shell" time="0.572" /><testcase classname="tests.test_base" name="test_firmware_version" time="0.982"><properties><property name="firmware_version" value="r30673-5584e2f6a7" /><property name="expected_firmware_version" value="r30673-5584e2f6a7" /></properties></testcase><testcase classname="tests.test_base" name="test_dropbear_startup" time="1.914" /><testcase classname="tests.test_base" name="test_ssh" time="0.050" /><testcase classname="tests.test_base" name="test_echo" time="0.051" /><testcase classname="tests.test_base" name="test_uname" time="0.047" /><testcase classname="tests.test_base" name="test_ubus_system_board" time="0.059" /><testcase classname="tests.test_base" name="test_free_memory" time="0.052" /><testcase classname="tests.test_base" name="test_sysupgrade_backup" time="0.000"><skipped type="pytest.skip" message="Skipping because feature &quot;{'rootfs'}&quot; is not supported">/home/aparcar/actions-runner/_work/openwrt-tests/openwrt-tests/tests/test_base.py:69: Skipping because feature "{'rootfs'}" is not supported</skipped></testcase><testcase classname="tests.test_base" name="test_sysupgrade_backup_u" time="0.000"><skipped type="pytest.skip" message="Skipping because feature &quot;{'rootfs'}&quot; is not supported">/home/aparcar/actions-runner/_work/openwrt-tests/openwrt-tests/tests/test_base.py:81: Skipping because feature "{'rootfs'}" is not supported</skipped></testcase><testcase classname="tests.test_base" name="test_kernel_errors" time="0.138" /><testcase classname="tests.test_lan" name="test_lan_wait_for_network" time="1.180" /><testcase classname="tests.test_lan" name="test_lan_interface_address" time="0.951" /><testcase classname="tests.test_network_security" name="test_ssh_supported_algorithms" time="0.621" /><testcase classname="tests.test_opkg" name="test_opkg_procd_installed" time="0.000"><skipped type="pytest.skip" message="Skipping because feature &quot;{'opkg'}&quot; is not supported">/home/aparcar/actions-runner/_work/openwrt-tests/openwrt-tests/tests/test_opkg.py:4: Skipping because feature "{'opkg'}" is not supported</skipped></testcase><testcase classname="tests.test_opkg" name="test_opkg_install_ucert" time="0.019"><skipped type="pytest.skip" message="Skipping because features &quot;{'opkg', 'online'}&quot; are not supported">/home/aparcar/actions-runner/_work/openwrt-tests/openwrt-tests/tests/test_opkg.py:9: Skipping because features "{'opkg', 'online'}" are not supported</skipped></testcase><testcase classname="tests.test_system_health.TestSystemHealth" name="test_cpu_load" time="0.061" /><testcase classname="tests.test_system_health.TestSystemHealth" name="test_memory_usage" time="0.052" /><testcase classname="tests.test_system_health.TestSystemHealth" name="test_filesystem_usage" time="0.430" /><testcase classname="tests.test_system_health.TestSystemHealth" name="test_system_uptime" time="0.054" /><testcase classname="tests.test_system_health.TestSystemHealth" name="test_temperature_sensors" time="0.145" /><testcase classname="tests.test_system_health.TestSystemHealth" name="test_process_count" time="0.104" /><testcase classname="tests.test_system_health.TestSystemHealth" name="test_zombie_processes" time="0.091" /><testcase classname="tests.test_system_health.TestSystemHealth" name="test_entropy_available" time="0.054" /><testcase classname="tests.test_system_health.TestSystemHealth" name="test_open_file_descriptors" time="0.123" /><testcase classname="tests.test_wan" name="test_wan_wait_for_network" time="1.157" /><testcase classname="tests.test_wan" name="test_https_download" time="0.000"><skipped type="pytest.skip" message="Skipping because feature &quot;{'online'}&quot; is not supported">/home/aparcar/actions-runner/_work/openwrt-tests/openwrt-tests/tests/test_wan.py:56: Skipping because feature "{'online'}" is not supported</skipped></testcase><testcase classname="tests.test_wifi" name="test_wifi_wpa3" time="4.507" /><testcase classname="tests.test_wifi" name="test_wifi_wpa2" time="4.757" /><testcase classname="tests.test_wifi" name="test_wifi_scan" time="0.000"><skipped type="pytest.skip" message="Skipping because feature &quot;{'wifi-neighbors'}&quot; is not supported">/home/aparcar/actions-runner/_work/openwrt-tests/openwrt-tests/tests/test_wifi.py:70: Skipping because feature "{'wifi-neighbors'}" is not supported</skipped></testcase><testcase classname="tests.test_wifi" name="test_wifi_hwsim_sae_mixed" time="0.374"><skipped type="pytest.skip" message="Skipping because feature &quot;{'hwsim'}&quot; is not supported">/home/aparcar/actions-runner/_work/openwrt-tests/openwrt-tests/tests/test_wifi.py:91: Skipping because feature "{'hwsim'}" is not supported</skipped></testcase></testsuite></testsuites>