<?xml version="1.0" encoding="utf-8"?><testsuites name="pytest tests"><testsuite name="pytest" errors="0" failures="0" skipped="0" tests="0" time="81.539" timestamp="2026-06-24T00:41:32.772302+00:00" hostname="runnervm7b5n9"><properties><property name="ENV_CONFIG" value="targets/openwrt_one.yaml" /><property name="TARGETS" value="['main']" /><property name="TARGET_MAIN_REMOTE" value="+" /><property name="IMAGE_ROOT" value="/home/runner/work/openwrt-tests/openwrt-tests/tftp/openwrt_one/openwrt-mediatek-filogic-openwrt_one-initramfs.itb" /><property name="IMAGE_ROOT_GIT_COMMIT" value="e3a718bffba6d8b05b535e68a6c3aa21beabe552" /></properties></testsuite></testsuites>