<?xml version="1.0" encoding="utf-8"?><testsuites name="pytest tests"><testsuite name="pytest" errors="0" failures="0" skipped="0" tests="0" time="16.643" timestamp="2026-07-03T13:17:18.713826+00:00" hostname="runnervmkkn4f"><properties><property name="ENV_CONFIG" value="targets/pine64_pine64-plus.yaml" /><property name="TARGETS" value="['main']" /><property name="TARGET_MAIN_REMOTE" value="+" /><property name="IMAGE_ROOT" value="/home/runner/work/openwrt-tests/openwrt-tests/tftp/pine64_pine64-plus/openwrt-sunxi-cortexa53-pine64_pine64-plus-initramfs-kernel.bin" /><property name="IMAGE_ROOT_GIT_COMMIT" value="742df0a5d76484eaa30c1e3257600ad5f111413d" /></properties></testsuite></testsuites>