<?xml version="1.0" encoding="utf-8"?><testsuites name="pytest tests"><testsuite name="pytest" errors="0" failures="0" skipped="0" tests="0" time="4.892" timestamp="2025-12-16T11:30:31.632874+00:00" hostname="openwrt-testing"><properties><property name="ENV_CONFIG" value="targets/pine64_pine64-plus.yaml" /><property name="TARGETS" value="['main']" /><property name="TARGET_MAIN_REMOTE" value="+" /><property name="IMAGE_ROOT" value="/home/aparcar/actions-runner3/_work/openwrt-tests/openwrt-tests/tftp/pine64_pine64-plus/openwrt-sunxi-cortexa53-pine64_pine64-plus-initramfs-kernel.bin" /><property name="IMAGE_ROOT_GIT_COMMIT" value="907210e4641c5c88bcbf897c8554493cef442b70" /></properties></testsuite></testsuites>