<?xml version="1.0" encoding="utf-8"?><testsuites name="pytest tests"><testsuite name="pytest" errors="0" failures="0" skipped="9" tests="35" time="67.459" timestamp="2026-04-23T13:08:48.290282+00:00" hostname="runnervm04xxt"><properties><property name="ENV_CONFIG" value="targets/qemu_x86-64.yaml" /><property name="TARGETS" value="['main']" /></properties><testcase classname="tests.test_apk.TestApk" name="test_apk_procd_installed" time="53.472" /><testcase classname="tests.test_apk.TestApk" name="test_apk_add_ucert" time="9.676" /><testcase classname="tests.test_apk.TestApk" name="test_apk_audit" time="0.204" /><testcase classname="tests.test_base" name="test_shell" time="0.048" /><testcase classname="tests.test_base" name="test_firmware_version" time="0.072"><properties><property name="firmware_version" value="r34106-0d21956ecd" /><property name="expected_firmware_version" value="r34106-0d21956ecd" /></properties></testcase><testcase classname="tests.test_base" name="test_dropbear_startup" time="0.161" /><testcase classname="tests.test_base" name="test_ssh" time="0.027" /><testcase classname="tests.test_base" name="test_echo" time="0.027" /><testcase classname="tests.test_base" name="test_uname" time="0.041" /><testcase classname="tests.test_base" name="test_ubus_system_board" time="0.058" /><testcase classname="tests.test_base" name="test_free_memory" time="0.045" /><testcase classname="tests.test_base" name="test_sysupgrade_backup" time="0.000"><skipped type="pytest.skip" message="Skipping because feature &quot;{'rootfs'}&quot; is not supported">/home/runner/work/openwrt-tests/openwrt-tests/tests/test_base.py:69: Skipping because feature "{'rootfs'}" is not supported</skipped></testcase><testcase classname="tests.test_base" name="test_sysupgrade_backup_u" time="0.000"><skipped type="pytest.skip" message="Skipping because feature &quot;{'rootfs'}&quot; is not supported">/home/runner/work/openwrt-tests/openwrt-tests/tests/test_base.py:81: Skipping because feature "{'rootfs'}" is not supported</skipped></testcase><testcase classname="tests.test_base" name="test_kernel_errors" time="0.087" /><testcase classname="tests.test_lan" name="test_lan_wait_for_link_ready" time="0.101" /><testcase classname="tests.test_lan" name="test_lan_wait_for_network" time="0.104" /><testcase classname="tests.test_lan" name="test_lan_interface_address" time="0.070" /><testcase classname="tests.test_lan" name="test_lan_interface_has_neighbor" time="2.064" /><testcase classname="tests.test_network_security" name="test_ssh_supported_algorithms" time="0.299" /><testcase classname="tests.test_opkg" name="test_opkg_procd_installed" time="0.000"><skipped type="pytest.skip" message="Skipping because feature &quot;{'opkg'}&quot; is not supported">/home/runner/work/openwrt-tests/openwrt-tests/tests/test_opkg.py:4: Skipping because feature "{'opkg'}" is not supported</skipped></testcase><testcase classname="tests.test_opkg" name="test_opkg_install_ucert" time="0.000"><skipped type="pytest.skip" message="Skipping because features &quot;{'opkg', 'online'}&quot; are not supported">/home/runner/work/openwrt-tests/openwrt-tests/tests/test_opkg.py:9: Skipping because features "{'opkg', 'online'}" are not supported</skipped></testcase><testcase classname="tests.test_system_health.TestSystemHealth" name="test_memory_usage" time="0.044" /><testcase classname="tests.test_system_health.TestSystemHealth" name="test_filesystem_usage" time="0.264" /><testcase classname="tests.test_system_health.TestSystemHealth" name="test_system_uptime" time="0.040" /><testcase classname="tests.test_system_health.TestSystemHealth" name="test_temperature_sensors" time="0.040" /><testcase classname="tests.test_system_health.TestSystemHealth" name="test_process_count" time="0.076" /><testcase classname="tests.test_system_health.TestSystemHealth" name="test_entropy_available" time="0.040" /><testcase classname="tests.test_system_health.TestSystemHealth" name="test_open_file_descriptors" time="0.040" /><testcase classname="tests.test_wan" name="test_wan_firewall_zone" time="0.140" /><testcase classname="tests.test_wan" name="test_wan_interface_device" time="0.105" /><testcase classname="tests.test_wan" name="test_https_download" time="0.000"><skipped type="pytest.skip" message="Skipping because feature &quot;{'online'}&quot; is not supported">/home/runner/work/openwrt-tests/openwrt-tests/tests/test_wan.py:64: Skipping because feature "{'online'}" is not supported</skipped></testcase><testcase classname="tests.test_wifi" name="test_wifi_wpa3" time="0.000"><skipped type="pytest.skip" message="Skipping because feature &quot;{'wifi'}&quot; is not supported">/home/runner/work/openwrt-tests/openwrt-tests/tests/test_wifi.py:27: Skipping because feature "{'wifi'}" is not supported</skipped></testcase><testcase classname="tests.test_wifi" name="test_wifi_wpa2" time="0.000"><skipped type="pytest.skip" message="Skipping because feature &quot;{'wifi'}&quot; is not supported">/home/runner/work/openwrt-tests/openwrt-tests/tests/test_wifi.py:52: Skipping because feature "{'wifi'}" is not supported</skipped></testcase><testcase classname="tests.test_wifi" name="test_wifi_scan" time="0.000"><skipped type="pytest.skip" message="Skipping because features &quot;{'wifi', 'wifi-neighbors'}&quot; are not supported">/home/runner/work/openwrt-tests/openwrt-tests/tests/test_wifi.py:77: Skipping because features "{'wifi', 'wifi-neighbors'}" are not supported</skipped></testcase><testcase classname="tests.test_wifi" name="test_wifi_hwsim_sae_mixed" time="0.031"><skipped type="pytest.skip" message="Skipping because feature &quot;{'hwsim'}&quot; is not supported">/home/runner/work/openwrt-tests/openwrt-tests/tests/test_wifi.py:99: Skipping because feature "{'hwsim'}" is not supported</skipped></testcase></testsuite></testsuites>