<?xml version="1.0" encoding="utf-8"?><testsuites name="pytest tests"><testsuite name="pytest" errors="0" failures="0" skipped="0" tests="0" time="15.484" timestamp="2025-10-27T15:37:40.896616+00:00" hostname="openwrt-testing"><properties><property name="ENV_CONFIG" value="targets/olimex_a20-olinuxino-micro.yaml" /><property name="TARGETS" value="['main']" /><property name="TARGET_MAIN_REMOTE" value="+" /><property name="IMAGE_ROOT" value="/home/aparcar/actions-runner/_work/openwrt-tests/openwrt-tests/tftp/olimex_a20-olinuxino-micro/openwrt-sunxi-cortexa7-olimex_a20-olinuxino-micro-initramfs-kernel.bin" /><property name="IMAGE_ROOT_GIT_COMMIT" value="9af2a1c5f57b37f414c01fcdb65961af8d156206" /></properties></testsuite></testsuites>