<?xml version="1.0" encoding="utf-8"?><testsuites name="pytest tests"><testsuite name="pytest" errors="0" failures="0" skipped="0" tests="0" time="39.134" timestamp="2025-10-02T14:35:24.291156+00:00" hostname="openwrt-testing"><properties><property name="ENV_CONFIG" value="targets/olimex_a20-olinuxino-micro.yaml" /><property name="TARGETS" value="['main']" /><property name="TARGET_MAIN_REMOTE" value="+" /><property name="IMAGE_ROOT" value="/home/aparcar/actions-runner3/_work/openwrt-tests/openwrt-tests/tftp/olimex_a20-olinuxino-micro/openwrt-sunxi-cortexa7-olimex_a20-olinuxino-micro-initramfs-kernel.bin" /><property name="IMAGE_ROOT_GIT_COMMIT" value="e3014102f5052f84a146f9e9dd461bc1acb8000d" /></properties></testsuite></testsuites>