<?xml version="1.0" encoding="utf-8"?><testsuites name="pytest tests"><testsuite name="pytest" errors="0" failures="0" skipped="8" tests="35" time="175.610" timestamp="2026-07-17T02:01:27.966643+00:00" hostname="runnervm3jd5f"><properties><property name="ENV_CONFIG" value="targets/tplink_tl-wr1043nd-v4.yaml" /><property name="TARGETS" value="['main']" /><property name="TARGET_MAIN_REMOTE" value="+" /><property name="IMAGE_ROOT" value="/home/runner/work/openwrt-tests/openwrt-tests/tftp/tplink_tl-wr1043nd-v4/openwrt-ath79-generic-tplink_tl-wr1043nd-v4-initramfs-kernel.bin" /><property name="IMAGE_ROOT_GIT_COMMIT" value="f2333e093846c618e7bdffec0cc5bd5201d77f3b" /></properties><testcase classname="tests.test_apk.TestApk" name="test_apk_procd_installed" time="95.252" /><testcase classname="tests.test_apk.TestApk" name="test_apk_add_ucert" time="0.000"><skipped type="pytest.skip" message="LG_FEATURE_ONLINE not defined">/home/runner/work/openwrt-tests/openwrt-tests/tests/test_apk.py:13: LG_FEATURE_ONLINE not defined</skipped></testcase><testcase classname="tests.test_apk.TestApk" name="test_apk_audit" time="0.553" /><testcase classname="tests.test_base" name="test_shell" time="3.089" /><testcase classname="tests.test_base" name="test_firmware_version" time="4.845"><properties><property name="firmware_version" value="r35403-4be1036213" /><property name="expected_firmware_version" value="r35403-4be1036213" /></properties></testcase><testcase classname="tests.test_base" name="test_dropbear_startup" time="9.415" /><testcase classname="tests.test_base" name="test_ssh" time="0.425" /><testcase classname="tests.test_base" name="test_echo" time="0.425" /><testcase classname="tests.test_base" name="test_uname" time="0.426" /><testcase classname="tests.test_base" name="test_ubus_system_board" time="0.424" /><testcase classname="tests.test_base" name="test_free_memory" time="0.424" /><testcase classname="tests.test_base" name="test_sysupgrade_backup" time="0.000"><skipped type="pytest.skip" message="unsupported feature(s): rootfs">/home/runner/work/openwrt-tests/openwrt-tests/tests/test_base.py:69: unsupported feature(s): rootfs</skipped></testcase><testcase classname="tests.test_base" name="test_sysupgrade_backup_u" time="0.000"><skipped type="pytest.skip" message="unsupported feature(s): rootfs">/home/runner/work/openwrt-tests/openwrt-tests/tests/test_base.py:81: unsupported feature(s): rootfs</skipped></testcase><testcase classname="tests.test_base" name="test_kernel_errors" time="0.412" /><testcase classname="tests.test_lan" name="test_lan_wait_for_link_ready" time="4.846" /><testcase classname="tests.test_lan" name="test_lan_wait_for_network" time="5.574" /><testcase classname="tests.test_lan" name="test_lan_interface_address" time="4.294" /><testcase classname="tests.test_lan" name="test_lan_interface_has_neighbor" time="6.119" /><testcase classname="tests.test_network_security" name="test_ssh_supported_algorithms" time="0.732" /><testcase classname="tests.test_opkg" name="test_opkg_procd_installed" time="0.000"><skipped type="pytest.skip" message="unsupported feature(s): opkg">/home/runner/work/openwrt-tests/openwrt-tests/tests/test_opkg.py:4: unsupported feature(s): opkg</skipped></testcase><testcase classname="tests.test_opkg" name="test_opkg_install_ucert" time="0.000"><skipped type="pytest.skip" message="unsupported feature(s): online, opkg">/home/runner/work/openwrt-tests/openwrt-tests/tests/test_opkg.py:9: unsupported feature(s): online, opkg</skipped></testcase><testcase classname="tests.test_system_health.TestSystemHealth" name="test_memory_usage" time="0.528" /><testcase classname="tests.test_system_health.TestSystemHealth" name="test_filesystem_usage" time="2.538" /><testcase classname="tests.test_system_health.TestSystemHealth" name="test_system_uptime" time="0.423" /><testcase classname="tests.test_system_health.TestSystemHealth" name="test_temperature_sensors" time="0.421" /><testcase classname="tests.test_system_health.TestSystemHealth" name="test_process_count" time="0.423" /><testcase classname="tests.test_system_health.TestSystemHealth" name="test_entropy_available" time="0.424" /><testcase classname="tests.test_system_health.TestSystemHealth" name="test_open_file_descriptors" time="0.423" /><testcase classname="tests.test_wan" name="test_wan_firewall_zone" time="11.088" /><testcase classname="tests.test_wan" name="test_wan_interface_device" time="5.569" /><testcase classname="tests.test_wan" name="test_https_download" time="0.000"><skipped type="pytest.skip" message="unsupported feature(s): online">/home/runner/work/openwrt-tests/openwrt-tests/tests/test_wan.py:64: unsupported feature(s): online</skipped></testcase><testcase classname="tests.test_wifi" name="test_wifi_wpa3" time="7.811" /><testcase classname="tests.test_wifi" name="test_wifi_wpa2" time="7.812" /><testcase classname="tests.test_wifi" name="test_wifi_scan" time="0.000"><skipped type="pytest.skip" message="unsupported feature(s): wifi-neighbors">/home/runner/work/openwrt-tests/openwrt-tests/tests/test_wifi.py:79: unsupported feature(s): wifi-neighbors</skipped></testcase><testcase classname="tests.test_wifi" name="test_wifi_hwsim_sae_mixed" time="0.824"><skipped type="pytest.skip" message="unsupported feature(s): hwsim">/home/runner/work/openwrt-tests/openwrt-tests/tests/test_wifi.py:101: unsupported feature(s): hwsim</skipped></testcase></testsuite></testsuites>