<?xml version="1.0" encoding="utf-8"?><testsuites name="pytest tests"><testsuite name="pytest" errors="0" failures="0" skipped="8" tests="35" time="166.871" timestamp="2026-07-03T13:19:41.661036+00:00" hostname="runnervmkkn4f"><properties><property name="ENV_CONFIG" value="targets/librerouter_librerouter-v1.yaml" /><property name="TARGETS" value="['main']" /><property name="TARGET_MAIN_REMOTE" value="+" /><property name="IMAGE_ROOT" value="/home/runner/work/openwrt-tests/openwrt-tests/tftp/librerouter_librerouter-v1/openwrt-ath79-generic-librerouter_librerouter-v1-initramfs-kernel.bin" /><property name="IMAGE_ROOT_GIT_COMMIT" value="742df0a5d76484eaa30c1e3257600ad5f111413d" /></properties><testcase classname="tests.test_apk.TestApk" name="test_apk_procd_installed" time="101.672" /><testcase classname="tests.test_apk.TestApk" name="test_apk_add_ucert" time="0.000"><skipped type="pytest.skip" message="LG_FEATURE_ONLINE not defined">/home/runner/work/openwrt-tests/openwrt-tests/tests/test_apk.py:13: LG_FEATURE_ONLINE not defined</skipped></testcase><testcase classname="tests.test_apk.TestApk" name="test_apk_audit" time="0.885" /><testcase classname="tests.test_base" name="test_shell" time="1.497" /><testcase classname="tests.test_base" name="test_firmware_version" time="1.830"><properties><property name="firmware_version" value="r35204-62e7565f0e" /><property name="expected_firmware_version" value="r35204-62e7565f0e" /></properties></testcase><testcase classname="tests.test_base" name="test_dropbear_startup" time="3.561" /><testcase classname="tests.test_base" name="test_ssh" time="0.886" /><testcase classname="tests.test_base" name="test_echo" time="0.885" /><testcase classname="tests.test_base" name="test_uname" time="0.885" /><testcase classname="tests.test_base" name="test_ubus_system_board" time="0.886" /><testcase classname="tests.test_base" name="test_free_memory" time="0.887" /><testcase classname="tests.test_base" name="test_sysupgrade_backup" time="0.000"><skipped type="pytest.skip" message="unsupported feature(s): rootfs">/home/runner/work/openwrt-tests/openwrt-tests/tests/test_base.py:69: unsupported feature(s): rootfs</skipped></testcase><testcase classname="tests.test_base" name="test_sysupgrade_backup_u" time="0.000"><skipped type="pytest.skip" message="unsupported feature(s): rootfs">/home/runner/work/openwrt-tests/openwrt-tests/tests/test_base.py:81: unsupported feature(s): rootfs</skipped></testcase><testcase classname="tests.test_base" name="test_kernel_errors" time="1.030" /><testcase classname="tests.test_lan" name="test_lan_wait_for_link_ready" time="1.841" /><testcase classname="tests.test_lan" name="test_lan_wait_for_network" time="1.947" /><testcase classname="tests.test_lan" name="test_lan_interface_address" time="1.723" /><testcase classname="tests.test_lan" name="test_lan_interface_has_neighbor" time="3.739" /><testcase classname="tests.test_network_security" name="test_ssh_supported_algorithms" time="1.050" /><testcase classname="tests.test_opkg" name="test_opkg_procd_installed" time="0.000"><skipped type="pytest.skip" message="unsupported feature(s): opkg">/home/runner/work/openwrt-tests/openwrt-tests/tests/test_opkg.py:4: unsupported feature(s): opkg</skipped></testcase><testcase classname="tests.test_opkg" name="test_opkg_install_ucert" time="0.000"><skipped type="pytest.skip" message="unsupported feature(s): opkg, online">/home/runner/work/openwrt-tests/openwrt-tests/tests/test_opkg.py:9: unsupported feature(s): opkg, online</skipped></testcase><testcase classname="tests.test_system_health.TestSystemHealth" name="test_memory_usage" time="0.973" /><testcase classname="tests.test_system_health.TestSystemHealth" name="test_filesystem_usage" time="5.308" /><testcase classname="tests.test_system_health.TestSystemHealth" name="test_system_uptime" time="0.845" /><testcase classname="tests.test_system_health.TestSystemHealth" name="test_temperature_sensors" time="0.888" /><testcase classname="tests.test_system_health.TestSystemHealth" name="test_process_count" time="0.888" /><testcase classname="tests.test_system_health.TestSystemHealth" name="test_entropy_available" time="0.886" /><testcase classname="tests.test_system_health.TestSystemHealth" name="test_open_file_descriptors" time="0.886" /><testcase classname="tests.test_wan" name="test_wan_firewall_zone" time="3.065" /><testcase classname="tests.test_wan" name="test_wan_interface_device" time="1.962" /><testcase classname="tests.test_wan" name="test_https_download" time="0.000"><skipped type="pytest.skip" message="unsupported feature(s): online">/home/runner/work/openwrt-tests/openwrt-tests/tests/test_wan.py:64: unsupported feature(s): online</skipped></testcase><testcase classname="tests.test_wifi" name="test_wifi_wpa3" time="12.210" /><testcase classname="tests.test_wifi" name="test_wifi_wpa2" time="12.397" /><testcase classname="tests.test_wifi" name="test_wifi_scan" time="0.000"><skipped type="pytest.skip" message="unsupported feature(s): wifi-neighbors">/home/runner/work/openwrt-tests/openwrt-tests/tests/test_wifi.py:79: unsupported feature(s): wifi-neighbors</skipped></testcase><testcase classname="tests.test_wifi" name="test_wifi_hwsim_sae_mixed" time="1.269"><skipped type="pytest.skip" message="unsupported feature(s): hwsim">/home/runner/work/openwrt-tests/openwrt-tests/tests/test_wifi.py:101: unsupported feature(s): hwsim</skipped></testcase></testsuite></testsuites>