<?xml version="1.0" encoding="utf-8"?><testsuites name="pytest tests"><testsuite name="pytest" errors="0" failures="2" skipped="8" tests="35" time="207.687" timestamp="2026-04-21T15:48:34.480924+00:00" hostname="runnervm04xxt"><properties><property name="ENV_CONFIG" value="targets/librerouter_librerouter-v1.yaml" /><property name="TARGETS" value="['main']" /><property name="TARGET_MAIN_REMOTE" value="+" /><property name="IMAGE_ROOT" value="/home/runner/work/openwrt-tests/openwrt-tests/tftp/librerouter_librerouter-v1/openwrt-ath79-generic-librerouter_librerouter-v1-initramfs-kernel.bin" /><property name="IMAGE_ROOT_GIT_COMMIT" value="f4aa8ff704a41309db7e61f511ea198be11274b2" /></properties><testcase classname="tests.test_apk.TestApk" name="test_apk_procd_installed" time="127.754" /><testcase classname="tests.test_apk.TestApk" name="test_apk_add_ucert" time="0.000"><skipped type="pytest.skip" message="LG_FEATURE_ONLINE not defined">/home/runner/work/openwrt-tests/openwrt-tests/tests/test_apk.py:13: LG_FEATURE_ONLINE not defined</skipped></testcase><testcase classname="tests.test_apk.TestApk" name="test_apk_audit" time="1.038" /><testcase classname="tests.test_base" name="test_shell" time="1.571" /><testcase classname="tests.test_base" name="test_firmware_version" time="2.037"><properties><property name="firmware_version" value="r34061-39f528e440" /><property name="expected_firmware_version" value="r34061-39f528e440" /></properties></testcase><testcase classname="tests.test_base" name="test_dropbear_startup" time="3.905" /><testcase classname="tests.test_base" name="test_ssh" time="1.026" /><testcase classname="tests.test_base" name="test_echo" time="1.026" /><testcase classname="tests.test_base" name="test_uname" time="1.025" /><testcase classname="tests.test_base" name="test_ubus_system_board" time="1.027" /><testcase classname="tests.test_base" name="test_free_memory" time="0.984" /><testcase classname="tests.test_base" name="test_sysupgrade_backup" time="0.000"><skipped type="pytest.skip" message="Skipping because feature &quot;{'rootfs'}&quot; is not supported">/home/runner/work/openwrt-tests/openwrt-tests/tests/test_base.py:69: Skipping because feature "{'rootfs'}" is not supported</skipped></testcase><testcase classname="tests.test_base" name="test_sysupgrade_backup_u" time="0.000"><skipped type="pytest.skip" message="Skipping because feature &quot;{'rootfs'}&quot; is not supported">/home/runner/work/openwrt-tests/openwrt-tests/tests/test_base.py:81: Skipping because feature "{'rootfs'}" is not supported</skipped></testcase><testcase classname="tests.test_base" name="test_kernel_errors" time="1.173" /><testcase classname="tests.test_lan" name="test_lan_wait_for_link_ready" time="2.044" /><testcase classname="tests.test_lan" name="test_lan_wait_for_network" time="2.046" /><testcase classname="tests.test_lan" name="test_lan_interface_address" time="1.873" /><testcase classname="tests.test_lan" name="test_lan_interface_has_neighbor" time="3.861" /><testcase classname="tests.test_network_security" name="test_ssh_supported_algorithms" time="1.258" /><testcase classname="tests.test_opkg" name="test_opkg_procd_installed" time="0.000"><skipped type="pytest.skip" message="Skipping because feature &quot;{'opkg'}&quot; is not supported">/home/runner/work/openwrt-tests/openwrt-tests/tests/test_opkg.py:4: Skipping because feature "{'opkg'}" is not supported</skipped></testcase><testcase classname="tests.test_opkg" name="test_opkg_install_ucert" time="0.000"><skipped type="pytest.skip" message="Skipping because features &quot;{'online', 'opkg'}&quot; are not supported">/home/runner/work/openwrt-tests/openwrt-tests/tests/test_opkg.py:9: Skipping because features "{'online', 'opkg'}" are not supported</skipped></testcase><testcase classname="tests.test_system_health.TestSystemHealth" name="test_memory_usage" time="1.162" /><testcase classname="tests.test_system_health.TestSystemHealth" name="test_filesystem_usage" time="6.151" /><testcase classname="tests.test_system_health.TestSystemHealth" name="test_system_uptime" time="1.024" /><testcase classname="tests.test_system_health.TestSystemHealth" name="test_temperature_sensors" time="1.026" /><testcase classname="tests.test_system_health.TestSystemHealth" name="test_process_count" time="1.026" /><testcase classname="tests.test_system_health.TestSystemHealth" name="test_entropy_available" time="0.926" /><testcase classname="tests.test_system_health.TestSystemHealth" name="test_open_file_descriptors" time="1.024" /><testcase classname="tests.test_wan" name="test_wan_firewall_zone" time="3.331" /><testcase classname="tests.test_wan" name="test_wan_interface_device" time="2.194" /><testcase classname="tests.test_wan" name="test_https_download" time="0.000"><skipped type="pytest.skip" message="Skipping because feature &quot;{'online'}&quot; is not supported">/home/runner/work/openwrt-tests/openwrt-tests/tests/test_wan.py:64: Skipping because feature "{'online'}" is not supported</skipped></testcase><testcase classname="tests.test_wifi" name="test_wifi_wpa3" time="17.358"><failure message="AssertionError: assert 'Mode: Master' in ''">ssh_command = SSHDriver(target=Target(name='main', env=Environment(config_file='targets/librerouter_librerouter-v1.yaml')), name=Non...derr_merge=False, connection_timeout=120.0, explicit_sftp_mode=False, explicit_scp_mode=True, username='', password='')

    @pytest.mark.lg_feature("wifi")
    def test_wifi_wpa3(ssh_command):
        """
        Test enabling a wifi network with WPA3 encryption.
    
        This test configures a wifi network with WPA3 encryption and password 'openwrt4all'.
        """
        ssh_command.run("uci delete wireless.radio0.disabled")
        ssh_command.run("uci set wireless.default_radio0.encryption=sae")
        ssh_command.run("uci set wireless.default_radio0.key=openwrt4all")
    
        ssh_command.run("uci commit")
    
        restart_wifi_and_wait(ssh_command)
    
        iwinfo_output = "\n".join(ssh_command.run("iwinfo")[0])
    
&gt;       assert "Mode: Master" in iwinfo_output
E       AssertionError: assert 'Mode: Master' in ''

tests/test_wifi.py:45: AssertionError</failure></testcase><testcase classname="tests.test_wifi" name="test_wifi_wpa2" time="17.373"><failure message="AssertionError: assert 'Mode: Master' in ''">ssh_command = SSHDriver(target=Target(name='main', env=Environment(config_file='targets/librerouter_librerouter-v1.yaml')), name=Non...derr_merge=False, connection_timeout=120.0, explicit_sftp_mode=False, explicit_scp_mode=True, username='', password='')

    @pytest.mark.lg_feature("wifi")
    def test_wifi_wpa2(ssh_command):
        """
        Test enabling a wifi network with WPA2 encryption.
    
        This test configures a wifi network with WPA2 encryption and password 'openwrt4all'.
        """
        ssh_command.run("uci delete wireless.radio0.disabled")
        ssh_command.run("uci set wireless.default_radio0.encryption=psk2")
        ssh_command.run("uci set wireless.default_radio0.key=openwrt4all")
    
        ssh_command.run("uci commit")
    
        restart_wifi_and_wait(ssh_command)
    
        iwinfo_output = "\n".join(ssh_command.run("iwinfo")[0])
    
&gt;       assert "Mode: Master" in iwinfo_output
E       AssertionError: assert 'Mode: Master' in ''

tests/test_wifi.py:69: AssertionError</failure></testcase><testcase classname="tests.test_wifi" name="test_wifi_scan" time="0.000"><skipped type="pytest.skip" message="Skipping because feature &quot;{'wifi-neighbors'}&quot; is not supported">/home/runner/work/openwrt-tests/openwrt-tests/tests/test_wifi.py:76: Skipping because feature "{'wifi-neighbors'}" is not supported</skipped></testcase><testcase classname="tests.test_wifi" name="test_wifi_hwsim_sae_mixed" time="1.352"><skipped type="pytest.skip" message="Skipping because feature &quot;{'hwsim'}&quot; is not supported">/home/runner/work/openwrt-tests/openwrt-tests/tests/test_wifi.py:97: Skipping because feature "{'hwsim'}" is not supported</skipped></testcase></testsuite></testsuites>