<?xml version="1.0" encoding="utf-8"?><testsuites name="pytest tests"><testsuite name="pytest" errors="0" failures="0" skipped="9" tests="35" time="53.000" timestamp="2026-05-28T00:33:34.123107+00:00" hostname="9cbdfbd6f8d7"><properties><property name="ENV_CONFIG" value="targets/qemu_malta-le.yaml" /><property name="TARGETS" value="['main']" /></properties><testcase classname="tests.test_apk.TestApk" name="test_apk_procd_installed" time="34.358" /><testcase classname="tests.test_apk.TestApk" name="test_apk_add_ucert" time="15.056" /><testcase classname="tests.test_apk.TestApk" name="test_apk_audit" time="0.212" /><testcase classname="tests.test_base" name="test_shell" time="0.025" /><testcase classname="tests.test_base" name="test_firmware_version" time="0.026"><properties><property name="firmware_version" value="r34662-d22ceb8d24" /><property name="expected_firmware_version" value="r34662-d22ceb8d24" /></properties></testcase><testcase classname="tests.test_base" name="test_dropbear_startup" time="0.109" /><testcase classname="tests.test_base" name="test_ssh" time="0.017" /><testcase classname="tests.test_base" name="test_echo" time="0.017" /><testcase classname="tests.test_base" name="test_uname" time="0.019" /><testcase classname="tests.test_base" name="test_ubus_system_board" time="0.037" /><testcase classname="tests.test_base" name="test_free_memory" time="0.026" /><testcase classname="tests.test_base" name="test_sysupgrade_backup" time="0.000"><skipped type="pytest.skip" message="unsupported feature(s): rootfs">/__w/openwrt-tests/openwrt-tests/tests/test_base.py:69: unsupported feature(s): rootfs</skipped></testcase><testcase classname="tests.test_base" name="test_sysupgrade_backup_u" time="0.000"><skipped type="pytest.skip" message="unsupported feature(s): rootfs">/__w/openwrt-tests/openwrt-tests/tests/test_base.py:81: unsupported feature(s): rootfs</skipped></testcase><testcase classname="tests.test_base" name="test_kernel_errors" time="0.043" /><testcase classname="tests.test_lan" name="test_lan_wait_for_link_ready" time="0.053" /><testcase classname="tests.test_lan" name="test_lan_wait_for_network" time="0.087" /><testcase classname="tests.test_lan" name="test_lan_interface_address" time="0.050" /><testcase classname="tests.test_lan" name="test_lan_interface_has_neighbor" time="2.048" /><testcase classname="tests.test_network_security" name="test_ssh_supported_algorithms" time="0.281" /><testcase classname="tests.test_opkg" name="test_opkg_procd_installed" time="0.000"><skipped type="pytest.skip" message="unsupported feature(s): opkg">/__w/openwrt-tests/openwrt-tests/tests/test_opkg.py:4: unsupported feature(s): opkg</skipped></testcase><testcase classname="tests.test_opkg" name="test_opkg_install_ucert" time="0.000"><skipped type="pytest.skip" message="unsupported feature(s): online, opkg">/__w/openwrt-tests/openwrt-tests/tests/test_opkg.py:9: unsupported feature(s): online, opkg</skipped></testcase><testcase classname="tests.test_system_health.TestSystemHealth" name="test_memory_usage" time="0.022" /><testcase classname="tests.test_system_health.TestSystemHealth" name="test_filesystem_usage" time="0.140" /><testcase classname="tests.test_system_health.TestSystemHealth" name="test_system_uptime" time="0.020" /><testcase classname="tests.test_system_health.TestSystemHealth" name="test_temperature_sensors" time="0.020" /><testcase classname="tests.test_system_health.TestSystemHealth" name="test_process_count" time="0.039" /><testcase classname="tests.test_system_health.TestSystemHealth" name="test_entropy_available" time="0.020" /><testcase classname="tests.test_system_health.TestSystemHealth" name="test_open_file_descriptors" time="0.021" /><testcase classname="tests.test_wan" name="test_wan_firewall_zone" time="0.076" /><testcase classname="tests.test_wan" name="test_wan_interface_device" time="0.088" /><testcase classname="tests.test_wan" name="test_https_download" time="0.000"><skipped type="pytest.skip" message="unsupported feature(s): online">/__w/openwrt-tests/openwrt-tests/tests/test_wan.py:64: unsupported feature(s): online</skipped></testcase><testcase classname="tests.test_wifi" name="test_wifi_wpa3" time="0.000"><skipped type="pytest.skip" message="unsupported feature(s): wifi">/__w/openwrt-tests/openwrt-tests/tests/test_wifi.py:28: unsupported feature(s): wifi</skipped></testcase><testcase classname="tests.test_wifi" name="test_wifi_wpa2" time="0.000"><skipped type="pytest.skip" message="unsupported feature(s): wifi">/__w/openwrt-tests/openwrt-tests/tests/test_wifi.py:54: unsupported feature(s): wifi</skipped></testcase><testcase classname="tests.test_wifi" name="test_wifi_scan" time="0.000"><skipped type="pytest.skip" message="unsupported feature(s): wifi, wifi-neighbors">/__w/openwrt-tests/openwrt-tests/tests/test_wifi.py:79: unsupported feature(s): wifi, wifi-neighbors</skipped></testcase><testcase classname="tests.test_wifi" name="test_wifi_hwsim_sae_mixed" time="0.017"><skipped type="pytest.skip" message="unsupported feature(s): hwsim">/__w/openwrt-tests/openwrt-tests/tests/test_wifi.py:101: unsupported feature(s): hwsim</skipped></testcase></testsuite></testsuites>