<?xml version="1.0" encoding="utf-8"?><testsuites name="pytest tests"><testsuite name="pytest" errors="0" failures="0" skipped="3" tests="3" time="85.266" timestamp="2025-10-01T00:17:06.648587+00:00" hostname="openwrt-testing"><properties><property name="ENV_CONFIG" value="targets/enterasys_ws-ap3710i.yaml" /><property name="TARGETS" value="['main']" /><property name="TARGET_MAIN_REMOTE" value="+" /><property name="IMAGE_ROOT" value="/home/aparcar/actions-runner3/_work/openwrt-tests/openwrt-tests/tftp/enterasys_ws-ap3710i/openwrt-23.05-snapshot-r24238-3971b15868-mpc85xx-p1020-enterasys_ws-ap3710i-initramfs-kernel.bin" /><property name="IMAGE_ROOT_GIT_COMMIT" value="6dbf258f54ebd1f5386df89bb7f10fc4a56d1c27" /></properties><testcase classname="tests.test_apk.TestApk" name="test_apk_procd_installed" time="0.000"><skipped type="pytest.skip" message="LG_FEATURE_APK not defined">/home/aparcar/actions-runner3/_work/openwrt-tests/openwrt-tests/tests/test_apk.py:10: LG_FEATURE_APK not defined</skipped></testcase><testcase classname="tests.test_apk.TestApk" name="test_apk_add_ucert" time="0.000"><skipped type="pytest.skip" message="LG_FEATURE_ONLINE not defined">/home/aparcar/actions-runner3/_work/openwrt-tests/openwrt-tests/tests/test_apk.py:13: LG_FEATURE_ONLINE not defined</skipped></testcase><testcase classname="tests.test_apk.TestApk" name="test_apk_audit" time="0.000"><skipped type="pytest.skip" message="LG_FEATURE_APK not defined">/home/aparcar/actions-runner3/_work/openwrt-tests/openwrt-tests/tests/test_apk.py:23: LG_FEATURE_APK not defined</skipped></testcase></testsuite></testsuites>