<?xml version="1.0" encoding="utf-8"?><testsuites name="pytest tests"><testsuite name="pytest" errors="0" failures="0" skipped="12" tests="35" time="80.460" timestamp="2026-05-01T00:31:41.856672+00:00" hostname="runnervmeorf1"><properties><property name="ENV_CONFIG" value="targets/bananapi_bpi-r4.yaml" /><property name="TARGETS" value="['main']" /><property name="TARGET_MAIN_REMOTE" value="+" /><property name="IMAGE_ROOT" value="/home/runner/work/openwrt-tests/openwrt-tests/tftp/bananapi_bpi-r4/openwrt-24.10-snapshot-r29164-00da0d2bce-mediatek-filogic-bananapi_bpi-r4-initramfs-recovery.itb" /><property name="IMAGE_ROOT_GIT_COMMIT" value="47b6f755a68d69b0ebc8cd8a1f93f323d9d0e04f" /></properties><testcase classname="tests.test_apk.TestApk" name="test_apk_procd_installed" time="0.000"><skipped type="pytest.skip" message="LG_FEATURE_APK not defined">/home/runner/work/openwrt-tests/openwrt-tests/tests/test_apk.py:10: LG_FEATURE_APK not defined</skipped></testcase><testcase classname="tests.test_apk.TestApk" name="test_apk_add_ucert" time="0.000"><skipped type="pytest.skip" message="LG_FEATURE_ONLINE not defined">/home/runner/work/openwrt-tests/openwrt-tests/tests/test_apk.py:13: LG_FEATURE_ONLINE not defined</skipped></testcase><testcase classname="tests.test_apk.TestApk" name="test_apk_audit" time="0.000"><skipped type="pytest.skip" message="LG_FEATURE_APK not defined">/home/runner/work/openwrt-tests/openwrt-tests/tests/test_apk.py:23: LG_FEATURE_APK not defined</skipped></testcase><testcase classname="tests.test_base" name="test_shell" time="52.489" /><testcase classname="tests.test_base" name="test_firmware_version" time="1.351"><properties><property name="firmware_version" value="r29164-00da0d2bce" /><property name="expected_firmware_version" value="r29164-00da0d2bce" /></properties></testcase><testcase classname="tests.test_base" name="test_dropbear_startup" time="2.662" /><testcase classname="tests.test_base" name="test_ssh" time="2.455" /><testcase classname="tests.test_base" name="test_echo" time="0.451" /><testcase classname="tests.test_base" name="test_uname" time="0.451" /><testcase classname="tests.test_base" name="test_ubus_system_board" time="0.450" /><testcase classname="tests.test_base" name="test_free_memory" time="0.618" /><testcase classname="tests.test_base" name="test_sysupgrade_backup" time="0.000"><skipped type="pytest.skip" message="Skipping because feature &quot;{'rootfs'}&quot; is not supported">/home/runner/work/openwrt-tests/openwrt-tests/tests/test_base.py:69: Skipping because feature "{'rootfs'}" is not supported</skipped></testcase><testcase classname="tests.test_base" name="test_sysupgrade_backup_u" time="0.000"><skipped type="pytest.skip" message="Skipping because feature &quot;{'rootfs'}&quot; is not supported">/home/runner/work/openwrt-tests/openwrt-tests/tests/test_base.py:81: Skipping because feature "{'rootfs'}" is not supported</skipped></testcase><testcase classname="tests.test_base" name="test_kernel_errors" time="0.452" /><testcase classname="tests.test_lan" name="test_lan_wait_for_link_ready" time="1.349" /><testcase classname="tests.test_lan" name="test_lan_wait_for_network" time="1.626" /><testcase classname="tests.test_lan" name="test_lan_interface_address" time="1.209" /><testcase classname="tests.test_lan" name="test_lan_interface_has_neighbor" time="3.280" /><testcase classname="tests.test_network_security" name="test_ssh_supported_algorithms" time="0.727" /><testcase classname="tests.test_opkg" name="test_opkg_procd_installed" time="0.000"><skipped type="pytest.skip" message="Skipping because feature &quot;{'opkg'}&quot; is not supported">/home/runner/work/openwrt-tests/openwrt-tests/tests/test_opkg.py:4: Skipping because feature "{'opkg'}" is not supported</skipped></testcase><testcase classname="tests.test_opkg" name="test_opkg_install_ucert" time="0.000"><skipped type="pytest.skip" message="Skipping because features &quot;{'online', 'opkg'}&quot; are not supported">/home/runner/work/openwrt-tests/openwrt-tests/tests/test_opkg.py:9: Skipping because features "{'online', 'opkg'}" are not supported</skipped></testcase><testcase classname="tests.test_system_health.TestSystemHealth" name="test_memory_usage" time="0.565" /><testcase classname="tests.test_system_health.TestSystemHealth" name="test_filesystem_usage" time="2.702" /><testcase classname="tests.test_system_health.TestSystemHealth" name="test_system_uptime" time="0.452" /><testcase classname="tests.test_system_health.TestSystemHealth" name="test_temperature_sensors" time="0.901" /><testcase classname="tests.test_system_health.TestSystemHealth" name="test_process_count" time="0.451" /><testcase classname="tests.test_system_health.TestSystemHealth" name="test_entropy_available" time="0.450" /><testcase classname="tests.test_system_health.TestSystemHealth" name="test_open_file_descriptors" time="0.452" /><testcase classname="tests.test_wan" name="test_wan_firewall_zone" time="2.622" /><testcase classname="tests.test_wan" name="test_wan_interface_device" time="1.491" /><testcase classname="tests.test_wan" name="test_https_download" time="0.000"><skipped type="pytest.skip" message="Skipping because feature &quot;{'online'}&quot; is not supported">/home/runner/work/openwrt-tests/openwrt-tests/tests/test_wan.py:64: Skipping because feature "{'online'}" is not supported</skipped></testcase><testcase classname="tests.test_wifi" name="test_wifi_wpa3" time="0.000"><skipped type="pytest.skip" message="Skipping because feature &quot;{'wifi'}&quot; is not supported">/home/runner/work/openwrt-tests/openwrt-tests/tests/test_wifi.py:27: Skipping because feature "{'wifi'}" is not supported</skipped></testcase><testcase classname="tests.test_wifi" name="test_wifi_wpa2" time="0.000"><skipped type="pytest.skip" message="Skipping because feature &quot;{'wifi'}&quot; is not supported">/home/runner/work/openwrt-tests/openwrt-tests/tests/test_wifi.py:52: Skipping because feature "{'wifi'}" is not supported</skipped></testcase><testcase classname="tests.test_wifi" name="test_wifi_scan" time="0.000"><skipped type="pytest.skip" message="Skipping because features &quot;{'wifi-neighbors', 'wifi'}&quot; are not supported">/home/runner/work/openwrt-tests/openwrt-tests/tests/test_wifi.py:77: Skipping because features "{'wifi-neighbors', 'wifi'}" are not supported</skipped></testcase><testcase classname="tests.test_wifi" name="test_wifi_hwsim_sae_mixed" time="0.727"><skipped type="pytest.skip" message="Skipping because feature &quot;{'hwsim'}&quot; is not supported">/home/runner/work/openwrt-tests/openwrt-tests/tests/test_wifi.py:99: Skipping because feature "{'hwsim'}" is not supported</skipped></testcase></testsuite></testsuites>