<?xml version="1.0" encoding="utf-8"?><testsuites name="pytest tests"><testsuite name="pytest" errors="0" failures="0" skipped="12" tests="35" time="121.810" timestamp="2026-07-20T08:10:35.165674+00:00" hostname="runnervm3jd5f"><properties><property name="ENV_CONFIG" value="targets/bananapi_bpi-r4.yaml" /><property name="TARGETS" value="['main']" /><property name="TARGET_MAIN_REMOTE" value="+" /><property name="IMAGE_ROOT" value="/home/runner/work/openwrt-tests/openwrt-tests/tftp/bananapi_bpi-r4/openwrt-24.10-snapshot-r29214-924f06e76c-mediatek-filogic-bananapi_bpi-r4-initramfs-recovery.itb" /><property name="IMAGE_ROOT_GIT_COMMIT" value="85d4446740d09f1d46d968501138c4e515516df4" /></properties><testcase classname="tests.test_apk.TestApk" name="test_apk_procd_installed" time="5.969"><skipped type="pytest.skip" message="LG_FEATURE_APK not defined">/home/runner/work/openwrt-tests/openwrt-tests/tests/test_apk.py:10: LG_FEATURE_APK not defined</skipped></testcase><testcase classname="tests.test_apk.TestApk" name="test_apk_add_ucert" time="0.000"><skipped type="pytest.skip" message="LG_FEATURE_ONLINE not defined">/home/runner/work/openwrt-tests/openwrt-tests/tests/test_apk.py:13: LG_FEATURE_ONLINE not defined</skipped></testcase><testcase classname="tests.test_apk.TestApk" name="test_apk_audit" time="0.000"><skipped type="pytest.skip" message="LG_FEATURE_APK not defined">/home/runner/work/openwrt-tests/openwrt-tests/tests/test_apk.py:23: LG_FEATURE_APK not defined</skipped></testcase><testcase classname="tests.test_base" name="test_shell" time="68.437" /><testcase classname="tests.test_base" name="test_firmware_version" time="1.923"><properties><property name="firmware_version" value="r29214-924f06e76c" /><property name="expected_firmware_version" value="r29214-924f06e76c" /></properties></testcase><testcase classname="tests.test_base" name="test_dropbear_startup" time="3.830" /><testcase classname="tests.test_base" name="test_ssh" time="4.313" /><testcase classname="tests.test_base" name="test_echo" time="1.034" /><testcase classname="tests.test_base" name="test_uname" time="1.153" /><testcase classname="tests.test_base" name="test_ubus_system_board" time="1.034" /><testcase classname="tests.test_base" name="test_free_memory" time="1.035" /><testcase classname="tests.test_base" name="test_sysupgrade_backup" time="0.000"><skipped type="pytest.skip" message="unsupported feature(s): rootfs">/home/runner/work/openwrt-tests/openwrt-tests/tests/test_base.py:69: unsupported feature(s): rootfs</skipped></testcase><testcase classname="tests.test_base" name="test_sysupgrade_backup_u" time="0.000"><skipped type="pytest.skip" message="unsupported feature(s): rootfs">/home/runner/work/openwrt-tests/openwrt-tests/tests/test_base.py:81: unsupported feature(s): rootfs</skipped></testcase><testcase classname="tests.test_base" name="test_kernel_errors" time="1.478" /><testcase classname="tests.test_lan" name="test_lan_wait_for_link_ready" time="2.073" /><testcase classname="tests.test_lan" name="test_lan_wait_for_network" time="2.092" /><testcase classname="tests.test_lan" name="test_lan_interface_address" time="1.759" /><testcase classname="tests.test_lan" name="test_lan_interface_has_neighbor" time="4.011" /><testcase classname="tests.test_network_security" name="test_ssh_supported_algorithms" time="1.294" /><testcase classname="tests.test_opkg" name="test_opkg_procd_installed" time="0.000"><skipped type="pytest.skip" message="unsupported feature(s): opkg">/home/runner/work/openwrt-tests/openwrt-tests/tests/test_opkg.py:4: unsupported feature(s): opkg</skipped></testcase><testcase classname="tests.test_opkg" name="test_opkg_install_ucert" time="0.000"><skipped type="pytest.skip" message="unsupported feature(s): online, opkg">/home/runner/work/openwrt-tests/openwrt-tests/tests/test_opkg.py:9: unsupported feature(s): online, opkg</skipped></testcase><testcase classname="tests.test_system_health.TestSystemHealth" name="test_memory_usage" time="1.152" /><testcase classname="tests.test_system_health.TestSystemHealth" name="test_filesystem_usage" time="6.208" /><testcase classname="tests.test_system_health.TestSystemHealth" name="test_system_uptime" time="1.036" /><testcase classname="tests.test_system_health.TestSystemHealth" name="test_temperature_sensors" time="2.072" /><testcase classname="tests.test_system_health.TestSystemHealth" name="test_process_count" time="1.036" /><testcase classname="tests.test_system_health.TestSystemHealth" name="test_entropy_available" time="1.036" /><testcase classname="tests.test_system_health.TestSystemHealth" name="test_open_file_descriptors" time="1.036" /><testcase classname="tests.test_wan" name="test_wan_firewall_zone" time="3.273" /><testcase classname="tests.test_wan" name="test_wan_interface_device" time="2.237" /><testcase classname="tests.test_wan" name="test_https_download" time="0.000"><skipped type="pytest.skip" message="unsupported feature(s): online">/home/runner/work/openwrt-tests/openwrt-tests/tests/test_wan.py:64: unsupported feature(s): online</skipped></testcase><testcase classname="tests.test_wifi" name="test_wifi_wpa3" time="0.000"><skipped type="pytest.skip" message="unsupported feature(s): wifi">/home/runner/work/openwrt-tests/openwrt-tests/tests/test_wifi.py:28: unsupported feature(s): wifi</skipped></testcase><testcase classname="tests.test_wifi" name="test_wifi_wpa2" time="0.000"><skipped type="pytest.skip" message="unsupported feature(s): wifi">/home/runner/work/openwrt-tests/openwrt-tests/tests/test_wifi.py:54: unsupported feature(s): wifi</skipped></testcase><testcase classname="tests.test_wifi" name="test_wifi_scan" time="0.001"><skipped type="pytest.skip" message="unsupported feature(s): wifi, wifi-neighbors">/home/runner/work/openwrt-tests/openwrt-tests/tests/test_wifi.py:79: unsupported feature(s): wifi, wifi-neighbors</skipped></testcase><testcase classname="tests.test_wifi" name="test_wifi_hwsim_sae_mixed" time="1.212"><skipped type="pytest.skip" message="unsupported feature(s): hwsim">/home/runner/work/openwrt-tests/openwrt-tests/tests/test_wifi.py:101: unsupported feature(s): hwsim</skipped></testcase></testsuite></testsuites>