<?xml version="1.0" encoding="utf-8"?><testsuites name="pytest tests"><testsuite name="pytest" errors="0" failures="0" skipped="10" tests="35" time="83.950" timestamp="2026-07-14T22:24:07.461410+00:00" hostname="runnervm5mmn9"><properties><property name="ENV_CONFIG" value="targets/bananapi_bpi-r4-lite.yaml" /><property name="TARGETS" value="['main']" /><property name="TARGET_MAIN_REMOTE" value="+" /><property name="IMAGE_ROOT" value="/home/runner/work/openwrt-tests/openwrt-tests/tftp/bananapi_bpi-r4-lite/openwrt-mediatek-filogic-bananapi_bpi-r4-lite-initramfs-recovery.itb" /><property name="IMAGE_ROOT_GIT_COMMIT" value="36296418dddd7a18bbc18bdd3f0796033465af7a" /></properties><testcase classname="tests.test_apk.TestApk" name="test_apk_procd_installed" time="52.560" /><testcase classname="tests.test_apk.TestApk" name="test_apk_add_ucert" time="0.000"><skipped type="pytest.skip" message="LG_FEATURE_ONLINE not defined">/home/runner/work/openwrt-tests/openwrt-tests/tests/test_apk.py:13: LG_FEATURE_ONLINE not defined</skipped></testcase><testcase classname="tests.test_apk.TestApk" name="test_apk_audit" time="0.565" /><testcase classname="tests.test_base" name="test_shell" time="1.081" /><testcase classname="tests.test_base" name="test_firmware_version" time="1.541"><properties><property name="firmware_version" value="r35338-4fa33a0724" /><property name="expected_firmware_version" value="r35338-4fa33a0724" /></properties></testcase><testcase classname="tests.test_base" name="test_dropbear_startup" time="3.066" /><testcase classname="tests.test_base" name="test_ssh" time="0.568" /><testcase classname="tests.test_base" name="test_echo" time="0.573" /><testcase classname="tests.test_base" name="test_uname" time="0.576" /><testcase classname="tests.test_base" name="test_ubus_system_board" time="0.599" /><testcase classname="tests.test_base" name="test_free_memory" time="0.579" /><testcase classname="tests.test_base" name="test_sysupgrade_backup" time="0.000"><skipped type="pytest.skip" message="unsupported feature(s): rootfs">/home/runner/work/openwrt-tests/openwrt-tests/tests/test_base.py:69: unsupported feature(s): rootfs</skipped></testcase><testcase classname="tests.test_base" name="test_sysupgrade_backup_u" time="0.000"><skipped type="pytest.skip" message="unsupported feature(s): rootfs">/home/runner/work/openwrt-tests/openwrt-tests/tests/test_base.py:81: unsupported feature(s): rootfs</skipped></testcase><testcase classname="tests.test_base" name="test_kernel_errors" time="0.574" /><testcase classname="tests.test_lan" name="test_lan_wait_for_link_ready" time="1.533" /><testcase classname="tests.test_lan" name="test_lan_wait_for_network" time="1.682" /><testcase classname="tests.test_lan" name="test_lan_interface_address" time="1.464" /><testcase classname="tests.test_lan" name="test_lan_interface_has_neighbor" time="3.446" /><testcase classname="tests.test_network_security" name="test_ssh_supported_algorithms" time="0.777" /><testcase classname="tests.test_opkg" name="test_opkg_procd_installed" time="0.000"><skipped type="pytest.skip" message="unsupported feature(s): opkg">/home/runner/work/openwrt-tests/openwrt-tests/tests/test_opkg.py:4: unsupported feature(s): opkg</skipped></testcase><testcase classname="tests.test_opkg" name="test_opkg_install_ucert" time="0.000"><skipped type="pytest.skip" message="unsupported feature(s): online, opkg">/home/runner/work/openwrt-tests/openwrt-tests/tests/test_opkg.py:9: unsupported feature(s): online, opkg</skipped></testcase><testcase classname="tests.test_system_health.TestSystemHealth" name="test_memory_usage" time="0.529" /><testcase classname="tests.test_system_health.TestSystemHealth" name="test_filesystem_usage" time="3.447" /><testcase classname="tests.test_system_health.TestSystemHealth" name="test_system_uptime" time="0.584" /><testcase classname="tests.test_system_health.TestSystemHealth" name="test_temperature_sensors" time="1.164" /><testcase classname="tests.test_system_health.TestSystemHealth" name="test_process_count" time="0.585" /><testcase classname="tests.test_system_health.TestSystemHealth" name="test_entropy_available" time="0.583" /><testcase classname="tests.test_system_health.TestSystemHealth" name="test_open_file_descriptors" time="0.580" /><testcase classname="tests.test_wan" name="test_wan_firewall_zone" time="2.606" /><testcase classname="tests.test_wan" name="test_wan_interface_device" time="1.633" /><testcase classname="tests.test_wan" name="test_https_download" time="0.000"><skipped type="pytest.skip" message="unsupported feature(s): online">/home/runner/work/openwrt-tests/openwrt-tests/tests/test_wan.py:64: unsupported feature(s): online</skipped></testcase><testcase classname="tests.test_wifi" name="test_wifi_wpa3" time="0.000"><skipped type="pytest.skip" message="unsupported feature(s): wifi">/home/runner/work/openwrt-tests/openwrt-tests/tests/test_wifi.py:28: unsupported feature(s): wifi</skipped></testcase><testcase classname="tests.test_wifi" name="test_wifi_wpa2" time="0.000"><skipped type="pytest.skip" message="unsupported feature(s): wifi">/home/runner/work/openwrt-tests/openwrt-tests/tests/test_wifi.py:54: unsupported feature(s): wifi</skipped></testcase><testcase classname="tests.test_wifi" name="test_wifi_scan" time="0.000"><skipped type="pytest.skip" message="unsupported feature(s): wifi-neighbors, wifi">/home/runner/work/openwrt-tests/openwrt-tests/tests/test_wifi.py:79: unsupported feature(s): wifi-neighbors, wifi</skipped></testcase><testcase classname="tests.test_wifi" name="test_wifi_hwsim_sae_mixed" time="0.987"><skipped type="pytest.skip" message="unsupported feature(s): hwsim">/home/runner/work/openwrt-tests/openwrt-tests/tests/test_wifi.py:101: unsupported feature(s): hwsim</skipped></testcase></testsuite></testsuites>