<?xml version="1.0" encoding="utf-8"?><testsuites name="pytest tests"><testsuite name="pytest" errors="0" failures="0" skipped="0" tests="0" time="5.785" timestamp="2025-12-15T22:27:50.993978+00:00" hostname="openwrt-testing"><properties><property name="ENV_CONFIG" value="targets/xunlong_orangepi-2.yaml" /><property name="TARGETS" value="['main']" /><property name="TARGET_MAIN_REMOTE" value="+" /><property name="IMAGE_ROOT" value="/home/aparcar/actions-runner4/_work/openwrt-tests/openwrt-tests/tftp/xunlong_orangepi-2/openwrt-sunxi-cortexa7-xunlong_orangepi-2-initramfs-kernel.bin" /><property name="IMAGE_ROOT_GIT_COMMIT" value="17a9e844e48cf200e73e9bad0eab8400e084ce47" /></properties></testsuite></testsuites>