<?xml version="1.0" encoding="utf-8"?><testsuites name="pytest tests"><testsuite name="pytest" errors="0" failures="0" skipped="0" tests="0" time="18.245" timestamp="2026-04-23T13:52:21.951351+00:00" hostname="runnervm04xxt"><properties><property name="ENV_CONFIG" value="targets/xunlong_orangepi-2.yaml" /><property name="TARGETS" value="['main']" /><property name="TARGET_MAIN_REMOTE" value="+" /><property name="IMAGE_ROOT" value="/home/runner/work/openwrt-tests/openwrt-tests/tftp/xunlong_orangepi-2/openwrt-sunxi-cortexa7-xunlong_orangepi-2-initramfs-kernel.bin" /><property name="IMAGE_ROOT_GIT_COMMIT" value="6afa7c8a74c2acf1938146e04233da3ffcab0c67" /></properties></testsuite></testsuites>