<?xml version="1.0" encoding="utf-8"?><testsuites name="pytest tests"><testsuite name="pytest" errors="0" failures="2" skipped="8" tests="33" time="121.559" timestamp="2025-10-02T00:10:38.931899+00:00" hostname="openwrt-testing"><properties><property name="ENV_CONFIG" value="targets/genexis_pulse-ex400.yaml" /><property name="TARGETS" value="['main']" /><property name="TARGET_MAIN_REMOTE" value="+" /><property name="IMAGE_ROOT" value="/home/aparcar/actions-runner5/_work/openwrt-tests/openwrt-tests/tftp/genexis_pulse-ex400/openwrt-ramips-mt7621-genexis_pulse-ex400-initramfs-kernel.bin" /><property name="IMAGE_ROOT_GIT_COMMIT" value="e3014102f5052f84a146f9e9dd461bc1acb8000d" /></properties><testcase classname="tests.test_apk.TestApk" name="test_apk_procd_installed" time="102.619" /><testcase classname="tests.test_apk.TestApk" name="test_apk_add_ucert" time="0.002"><skipped type="pytest.skip" message="LG_FEATURE_ONLINE not defined">/home/aparcar/actions-runner5/_work/openwrt-tests/openwrt-tests/tests/test_apk.py:13: LG_FEATURE_ONLINE not defined</skipped></testcase><testcase classname="tests.test_apk.TestApk" name="test_apk_audit" time="0.135" /><testcase classname="tests.test_base" name="test_shell" time="0.621" /><testcase classname="tests.test_base" name="test_firmware_version" time="0.980"><properties><property name="firmware_version" value="r31246-263721dd0a" /><property name="expected_firmware_version" value="r31246-263721dd0a" /></properties></testcase><testcase classname="tests.test_base" name="test_dropbear_startup" time="1.904" /><testcase classname="tests.test_base" name="test_ssh" time="0.076" /><testcase classname="tests.test_base" name="test_echo" time="0.065" /><testcase classname="tests.test_base" name="test_uname" time="0.063" /><testcase classname="tests.test_base" name="test_ubus_system_board" time="0.073" /><testcase classname="tests.test_base" name="test_free_memory" time="0.065" /><testcase classname="tests.test_base" name="test_sysupgrade_backup" time="0.000"><skipped type="pytest.skip" message="Skipping because feature &quot;{'rootfs'}&quot; is not supported">/home/aparcar/actions-runner5/_work/openwrt-tests/openwrt-tests/tests/test_base.py:69: Skipping because feature "{'rootfs'}" is not supported</skipped></testcase><testcase classname="tests.test_base" name="test_sysupgrade_backup_u" time="0.000"><skipped type="pytest.skip" message="Skipping because feature &quot;{'rootfs'}&quot; is not supported">/home/aparcar/actions-runner5/_work/openwrt-tests/openwrt-tests/tests/test_base.py:81: Skipping because feature "{'rootfs'}" is not supported</skipped></testcase><testcase classname="tests.test_base" name="test_kernel_errors" time="0.135" /><testcase classname="tests.test_lan" name="test_lan_wait_for_network" time="1.169" /><testcase classname="tests.test_lan" name="test_lan_interface_address" time="0.855" /><testcase classname="tests.test_network_security" name="test_ssh_supported_algorithms" time="0.225" /><testcase classname="tests.test_opkg" name="test_opkg_procd_installed" time="0.000"><skipped type="pytest.skip" message="Skipping because feature &quot;{'opkg'}&quot; is not supported">/home/aparcar/actions-runner5/_work/openwrt-tests/openwrt-tests/tests/test_opkg.py:4: Skipping because feature "{'opkg'}" is not supported</skipped></testcase><testcase classname="tests.test_opkg" name="test_opkg_install_ucert" time="0.000"><skipped type="pytest.skip" message="Skipping because features &quot;{'online', 'opkg'}&quot; are not supported">/home/aparcar/actions-runner5/_work/openwrt-tests/openwrt-tests/tests/test_opkg.py:9: Skipping because features "{'online', 'opkg'}" are not supported</skipped></testcase><testcase classname="tests.test_system_health.TestSystemHealth" name="test_cpu_load" time="0.068" /><testcase classname="tests.test_system_health.TestSystemHealth" name="test_memory_usage" time="0.053" /><testcase classname="tests.test_system_health.TestSystemHealth" name="test_filesystem_usage" time="0.398" /><testcase classname="tests.test_system_health.TestSystemHealth" name="test_system_uptime" time="0.060" /><testcase classname="tests.test_system_health.TestSystemHealth" name="test_temperature_sensors" time="0.068" /><testcase classname="tests.test_system_health.TestSystemHealth" name="test_process_count" time="0.080" /><testcase classname="tests.test_system_health.TestSystemHealth" name="test_entropy_available" time="0.094" /><testcase classname="tests.test_system_health.TestSystemHealth" name="test_open_file_descriptors" time="0.067" /><testcase classname="tests.test_wan" name="test_wan_wait_for_network" time="1.200" /><testcase classname="tests.test_wan" name="test_https_download" time="0.000"><skipped type="pytest.skip" message="Skipping because feature &quot;{'online'}&quot; is not supported">/home/aparcar/actions-runner5/_work/openwrt-tests/openwrt-tests/tests/test_wan.py:56: Skipping because feature "{'online'}" is not supported</skipped></testcase><testcase classname="tests.test_wifi" name="test_wifi_wpa3" time="4.900"><failure message="assert 'Encryption: WPA3 SAE (CCMP)' in 'phy0-ap0 ESSID: &quot;OpenWrt&quot;\n         Access Point: 00:22:07:af:08:3b\n         Mode: Master  Channel: 1 (2.412 GHz)  HT Mode: HT20\n         Center Channel 1: 1 2: unknown\n         Tx-Power: 20 dBm  Link Quality: 70/70\n         Signal: 0 dBm  Noise: null dBm\n         Bit Rate: unknown\n         Encryption: SAE (CCMP)\n         Type: nl80211  HW Mode(s): 802.11n/g/b\n         Hardware: 0x14c3:0x7603 0x14c3:0x7603 [MediaTek MT7603E]\n         TX power offset: none\n         Channel offset: none\n         Supports VAPs: yes  PHY name: phy0\n'">ssh_command = SSHDriver(target=Target(name='main', env=Environment(config_file='targets/genexis_pulse-ex400.yaml')), name=None, stat...derr_merge=False, connection_timeout=120.0, explicit_sftp_mode=False, explicit_scp_mode=True, username='', password='')

    @pytest.mark.lg_feature("wifi")
    def test_wifi_wpa3(ssh_command):
        """
        Test enabling a wifi network with WPA3 encryption.
    
        This test configures a wifi network with WPA3 encryption and password 'openwrt4all'.
        """
        ssh_command.run("uci delete wireless.radio0.disabled")
        ssh_command.run("uci set wireless.default_radio0.encryption=sae")
        ssh_command.run("uci set wireless.default_radio0.key=openwrt4all")
    
        ssh_command.run("uci commit")
    
        restart_wifi_and_wait(ssh_command)
    
        iwinfo_output = "\n".join(ssh_command.run("iwinfo")[0])
    
        assert "Mode: Master" in iwinfo_output
&gt;       assert "Encryption: WPA3 SAE (CCMP)" in iwinfo_output
E       assert 'Encryption: WPA3 SAE (CCMP)' in 'phy0-ap0 ESSID: "OpenWrt"\n         Access Point: 00:22:07:af:08:3b\n         Mode: Master  Channel: 1 (2.412 GHz)  HT Mode: HT20\n         Center Channel 1: 1 2: unknown\n         Tx-Power: 20 dBm  Link Quality: 70/70\n         Signal: 0 dBm  Noise: null dBm\n         Bit Rate: unknown\n         Encryption: SAE (CCMP)\n         Type: nl80211  HW Mode(s): 802.11n/g/b\n         Hardware: 0x14c3:0x7603 0x14c3:0x7603 [MediaTek MT7603E]\n         TX power offset: none\n         Channel offset: none\n         Supports VAPs: yes  PHY name: phy0\n'

tests/test_wifi.py:46: AssertionError</failure></testcase><testcase classname="tests.test_wifi" name="test_wifi_wpa2" time="5.086"><failure message="assert 'Encryption: WPA2 PSK (CCMP)' in 'phy0-ap0 ESSID: &quot;OpenWrt&quot;\n         Access Point: 00:22:07:af:08:3b\n         Mode: Master  Channel: 1 (2.412 GHz)  HT Mode: HT20\n         Center Channel 1: 1 2: unknown\n         Tx-Power: 20 dBm  Link Quality: 70/70\n         Signal: 0 dBm  Noise: null dBm\n         Bit Rate: unknown\n         Encryption: WPA-PSK (CCMP)\n         Type: nl80211  HW Mode(s): 802.11n/g/b\n         Hardware: 0x14c3:0x7603 0x14c3:0x7603 [MediaTek MT7603E]\n         TX power offset: none\n         Channel offset: none\n         Supports VAPs: yes  PHY name: phy0\n'">ssh_command = SSHDriver(target=Target(name='main', env=Environment(config_file='targets/genexis_pulse-ex400.yaml')), name=None, stat...derr_merge=False, connection_timeout=120.0, explicit_sftp_mode=False, explicit_scp_mode=True, username='', password='')

    @pytest.mark.lg_feature("wifi")
    def test_wifi_wpa2(ssh_command):
        """
        Test enabling a wifi network with WPA2 encryption.
    
        This test configures a wifi network with WPA2 encryption and password 'openwrt4all'.
        """
        ssh_command.run("uci delete wireless.radio0.disabled")
        ssh_command.run("uci set wireless.default_radio0.encryption=psk2")
        ssh_command.run("uci set wireless.default_radio0.key=openwrt4all")
    
        ssh_command.run("uci commit")
    
        restart_wifi_and_wait(ssh_command)
    
        iwinfo_output = "\n".join(ssh_command.run("iwinfo")[0])
    
        assert "Mode: Master" in iwinfo_output
&gt;       assert "Encryption: WPA2 PSK (CCMP)" in iwinfo_output
E       assert 'Encryption: WPA2 PSK (CCMP)' in 'phy0-ap0 ESSID: "OpenWrt"\n         Access Point: 00:22:07:af:08:3b\n         Mode: Master  Channel: 1 (2.412 GHz)  HT Mode: HT20\n         Center Channel 1: 1 2: unknown\n         Tx-Power: 20 dBm  Link Quality: 70/70\n         Signal: 0 dBm  Noise: null dBm\n         Bit Rate: unknown\n         Encryption: WPA-PSK (CCMP)\n         Type: nl80211  HW Mode(s): 802.11n/g/b\n         Hardware: 0x14c3:0x7603 0x14c3:0x7603 [MediaTek MT7603E]\n         TX power offset: none\n         Channel offset: none\n         Supports VAPs: yes  PHY name: phy0\n'

tests/test_wifi.py:67: AssertionError</failure></testcase><testcase classname="tests.test_wifi" name="test_wifi_scan" time="0.000"><skipped type="pytest.skip" message="Skipping because feature &quot;{'wifi-neighbors'}&quot; is not supported">/home/aparcar/actions-runner5/_work/openwrt-tests/openwrt-tests/tests/test_wifi.py:70: Skipping because feature "{'wifi-neighbors'}" is not supported</skipped></testcase><testcase classname="tests.test_wifi" name="test_wifi_hwsim_sae_mixed" time="0.372"><skipped type="pytest.skip" message="Skipping because feature &quot;{'hwsim'}&quot; is not supported">/home/aparcar/actions-runner5/_work/openwrt-tests/openwrt-tests/tests/test_wifi.py:91: Skipping because feature "{'hwsim'}" is not supported</skipped></testcase></testsuite></testsuites>