<?xml version="1.0" encoding="utf-8"?><testsuites name="pytest tests"><testsuite name="pytest" errors="0" failures="0" skipped="12" tests="35" time="76.666" timestamp="2026-04-29T00:30:45.392764+00:00" hostname="runnervmeorf1"><properties><property name="ENV_CONFIG" value="targets/qemu_armsr-armv8.yaml" /><property name="TARGETS" value="['main']" /></properties><testcase classname="tests.test_apk.TestApk" name="test_apk_procd_installed" time="0.000"><skipped type="pytest.skip" message="LG_FEATURE_APK not defined">/home/runner/work/openwrt-tests/openwrt-tests/tests/test_apk.py:10: LG_FEATURE_APK not defined</skipped></testcase><testcase classname="tests.test_apk.TestApk" name="test_apk_add_ucert" time="0.000"><skipped type="pytest.skip" message="LG_FEATURE_APK not defined">/home/runner/work/openwrt-tests/openwrt-tests/tests/test_apk.py:13: LG_FEATURE_APK not defined</skipped></testcase><testcase classname="tests.test_apk.TestApk" name="test_apk_audit" time="0.000"><skipped type="pytest.skip" message="LG_FEATURE_APK not defined">/home/runner/work/openwrt-tests/openwrt-tests/tests/test_apk.py:23: LG_FEATURE_APK not defined</skipped></testcase><testcase classname="tests.test_base" name="test_shell" time="14.411" /><testcase classname="tests.test_base" name="test_firmware_version" time="0.128"><properties><property name="firmware_version" value="r29159-c5de245171" /><property name="expected_firmware_version" value="r29159-c5de245171" /></properties></testcase><testcase classname="tests.test_base" name="test_dropbear_startup" time="29.891" /><testcase classname="tests.test_base" name="test_ssh" time="19.400" /><testcase classname="tests.test_base" name="test_echo" time="0.172" /><testcase classname="tests.test_base" name="test_uname" time="0.232" /><testcase classname="tests.test_base" name="test_ubus_system_board" time="0.354" /><testcase classname="tests.test_base" name="test_free_memory" time="0.231" /><testcase classname="tests.test_base" name="test_sysupgrade_backup" time="0.000"><skipped type="pytest.skip" message="Skipping because feature &quot;{'rootfs'}&quot; is not supported">/home/runner/work/openwrt-tests/openwrt-tests/tests/test_base.py:69: Skipping because feature "{'rootfs'}" is not supported</skipped></testcase><testcase classname="tests.test_base" name="test_sysupgrade_backup_u" time="0.000"><skipped type="pytest.skip" message="Skipping because feature &quot;{'rootfs'}&quot; is not supported">/home/runner/work/openwrt-tests/openwrt-tests/tests/test_base.py:81: Skipping because feature "{'rootfs'}" is not supported</skipped></testcase><testcase classname="tests.test_base" name="test_kernel_errors" time="0.310" /><testcase classname="tests.test_lan" name="test_lan_wait_for_link_ready" time="0.503" /><testcase classname="tests.test_lan" name="test_lan_wait_for_network" time="0.620" /><testcase classname="tests.test_lan" name="test_lan_interface_address" time="0.385" /><testcase classname="tests.test_lan" name="test_lan_interface_has_neighbor" time="2.344" /><testcase classname="tests.test_network_security" name="test_ssh_supported_algorithms" time="1.062" /><testcase classname="tests.test_opkg" name="test_opkg_procd_installed" time="0.000"><skipped type="pytest.skip" message="Skipping because feature &quot;{'opkg'}&quot; is not supported">/home/runner/work/openwrt-tests/openwrt-tests/tests/test_opkg.py:4: Skipping because feature "{'opkg'}" is not supported</skipped></testcase><testcase classname="tests.test_opkg" name="test_opkg_install_ucert" time="0.000"><skipped type="pytest.skip" message="Skipping because features &quot;{'opkg', 'online'}&quot; are not supported">/home/runner/work/openwrt-tests/openwrt-tests/tests/test_opkg.py:9: Skipping because features "{'opkg', 'online'}" are not supported</skipped></testcase><testcase classname="tests.test_system_health.TestSystemHealth" name="test_memory_usage" time="0.366" /><testcase classname="tests.test_system_health.TestSystemHealth" name="test_filesystem_usage" time="1.469" /><testcase classname="tests.test_system_health.TestSystemHealth" name="test_system_uptime" time="0.191" /><testcase classname="tests.test_system_health.TestSystemHealth" name="test_temperature_sensors" time="1.081" /><testcase classname="tests.test_system_health.TestSystemHealth" name="test_process_count" time="0.815" /><testcase classname="tests.test_system_health.TestSystemHealth" name="test_entropy_available" time="0.235" /><testcase classname="tests.test_system_health.TestSystemHealth" name="test_open_file_descriptors" time="0.306" /><testcase classname="tests.test_wan" name="test_wan_firewall_zone" time="1.355" /><testcase classname="tests.test_wan" name="test_wan_interface_device" time="0.626" /><testcase classname="tests.test_wan" name="test_https_download" time="0.000"><skipped type="pytest.skip" message="Skipping because feature &quot;{'online'}&quot; is not supported">/home/runner/work/openwrt-tests/openwrt-tests/tests/test_wan.py:64: Skipping because feature "{'online'}" is not supported</skipped></testcase><testcase classname="tests.test_wifi" name="test_wifi_wpa3" time="0.000"><skipped type="pytest.skip" message="Skipping because feature &quot;{'wifi'}&quot; is not supported">/home/runner/work/openwrt-tests/openwrt-tests/tests/test_wifi.py:27: Skipping because feature "{'wifi'}" is not supported</skipped></testcase><testcase classname="tests.test_wifi" name="test_wifi_wpa2" time="0.000"><skipped type="pytest.skip" message="Skipping because feature &quot;{'wifi'}&quot; is not supported">/home/runner/work/openwrt-tests/openwrt-tests/tests/test_wifi.py:52: Skipping because feature "{'wifi'}" is not supported</skipped></testcase><testcase classname="tests.test_wifi" name="test_wifi_scan" time="0.000"><skipped type="pytest.skip" message="Skipping because features &quot;{'wifi-neighbors', 'wifi'}&quot; are not supported">/home/runner/work/openwrt-tests/openwrt-tests/tests/test_wifi.py:77: Skipping because features "{'wifi-neighbors', 'wifi'}" are not supported</skipped></testcase><testcase classname="tests.test_wifi" name="test_wifi_hwsim_sae_mixed" time="0.101"><skipped type="pytest.skip" message="Skipping because feature &quot;{'hwsim'}&quot; is not supported">/home/runner/work/openwrt-tests/openwrt-tests/tests/test_wifi.py:99: Skipping because feature "{'hwsim'}" is not supported</skipped></testcase></testsuite></testsuites>