<?xml version="1.0" encoding="utf-8"?><testsuites name="pytest tests"><testsuite name="pytest" errors="0" failures="0" skipped="12" tests="35" time="71.184" timestamp="2026-05-10T00:31:11.378523+00:00" hostname="runnervmeorf1"><properties><property name="ENV_CONFIG" value="targets/qemu_armsr-armv8.yaml" /><property name="TARGETS" value="['main']" /></properties><testcase classname="tests.test_apk.TestApk" name="test_apk_procd_installed" time="0.000"><skipped type="pytest.skip" message="LG_FEATURE_APK not defined">/home/runner/work/openwrt-tests/openwrt-tests/tests/test_apk.py:10: LG_FEATURE_APK not defined</skipped></testcase><testcase classname="tests.test_apk.TestApk" name="test_apk_add_ucert" time="0.000"><skipped type="pytest.skip" message="LG_FEATURE_APK not defined">/home/runner/work/openwrt-tests/openwrt-tests/tests/test_apk.py:13: LG_FEATURE_APK not defined</skipped></testcase><testcase classname="tests.test_apk.TestApk" name="test_apk_audit" time="0.000"><skipped type="pytest.skip" message="LG_FEATURE_APK not defined">/home/runner/work/openwrt-tests/openwrt-tests/tests/test_apk.py:23: LG_FEATURE_APK not defined</skipped></testcase><testcase classname="tests.test_base" name="test_shell" time="14.659" /><testcase classname="tests.test_base" name="test_firmware_version" time="0.114"><properties><property name="firmware_version" value="r29166-14a27ac99d" /><property name="expected_firmware_version" value="r29166-14a27ac99d" /></properties></testcase><testcase classname="tests.test_base" name="test_dropbear_startup" time="24.815" /><testcase classname="tests.test_base" name="test_ssh" time="19.522" /><testcase classname="tests.test_base" name="test_echo" time="0.191" /><testcase classname="tests.test_base" name="test_uname" time="0.242" /><testcase classname="tests.test_base" name="test_ubus_system_board" time="0.301" /><testcase classname="tests.test_base" name="test_free_memory" time="0.304" /><testcase classname="tests.test_base" name="test_sysupgrade_backup" time="0.000"><skipped type="pytest.skip" message="Skipping because feature &quot;{'rootfs'}&quot; is not supported">/home/runner/work/openwrt-tests/openwrt-tests/tests/test_base.py:69: Skipping because feature "{'rootfs'}" is not supported</skipped></testcase><testcase classname="tests.test_base" name="test_sysupgrade_backup_u" time="0.000"><skipped type="pytest.skip" message="Skipping because feature &quot;{'rootfs'}&quot; is not supported">/home/runner/work/openwrt-tests/openwrt-tests/tests/test_base.py:81: Skipping because feature "{'rootfs'}" is not supported</skipped></testcase><testcase classname="tests.test_base" name="test_kernel_errors" time="0.308" /><testcase classname="tests.test_lan" name="test_lan_wait_for_link_ready" time="0.484" /><testcase classname="tests.test_lan" name="test_lan_wait_for_network" time="0.584" /><testcase classname="tests.test_lan" name="test_lan_interface_address" time="0.382" /><testcase classname="tests.test_lan" name="test_lan_interface_has_neighbor" time="2.416" /><testcase classname="tests.test_network_security" name="test_ssh_supported_algorithms" time="1.088" /><testcase classname="tests.test_opkg" name="test_opkg_procd_installed" time="0.000"><skipped type="pytest.skip" message="Skipping because feature &quot;{'opkg'}&quot; is not supported">/home/runner/work/openwrt-tests/openwrt-tests/tests/test_opkg.py:4: Skipping because feature "{'opkg'}" is not supported</skipped></testcase><testcase classname="tests.test_opkg" name="test_opkg_install_ucert" time="0.000"><skipped type="pytest.skip" message="Skipping because features &quot;{'opkg', 'online'}&quot; are not supported">/home/runner/work/openwrt-tests/openwrt-tests/tests/test_opkg.py:9: Skipping because features "{'opkg', 'online'}" are not supported</skipped></testcase><testcase classname="tests.test_system_health.TestSystemHealth" name="test_memory_usage" time="0.332" /><testcase classname="tests.test_system_health.TestSystemHealth" name="test_filesystem_usage" time="1.594" /><testcase classname="tests.test_system_health.TestSystemHealth" name="test_system_uptime" time="0.230" /><testcase classname="tests.test_system_health.TestSystemHealth" name="test_temperature_sensors" time="0.283" /><testcase classname="tests.test_system_health.TestSystemHealth" name="test_process_count" time="0.570" /><testcase classname="tests.test_system_health.TestSystemHealth" name="test_entropy_available" time="0.263" /><testcase classname="tests.test_system_health.TestSystemHealth" name="test_open_file_descriptors" time="0.577" /><testcase classname="tests.test_wan" name="test_wan_firewall_zone" time="1.025" /><testcase classname="tests.test_wan" name="test_wan_interface_device" time="0.781" /><testcase classname="tests.test_wan" name="test_https_download" time="0.000"><skipped type="pytest.skip" message="Skipping because feature &quot;{'online'}&quot; is not supported">/home/runner/work/openwrt-tests/openwrt-tests/tests/test_wan.py:64: Skipping because feature "{'online'}" is not supported</skipped></testcase><testcase classname="tests.test_wifi" name="test_wifi_wpa3" time="0.000"><skipped type="pytest.skip" message="Skipping because feature &quot;{'wifi'}&quot; is not supported">/home/runner/work/openwrt-tests/openwrt-tests/tests/test_wifi.py:27: Skipping because feature "{'wifi'}" is not supported</skipped></testcase><testcase classname="tests.test_wifi" name="test_wifi_wpa2" time="0.000"><skipped type="pytest.skip" message="Skipping because feature &quot;{'wifi'}&quot; is not supported">/home/runner/work/openwrt-tests/openwrt-tests/tests/test_wifi.py:52: Skipping because feature "{'wifi'}" is not supported</skipped></testcase><testcase classname="tests.test_wifi" name="test_wifi_scan" time="0.000"><skipped type="pytest.skip" message="Skipping because features &quot;{'wifi', 'wifi-neighbors'}&quot; are not supported">/home/runner/work/openwrt-tests/openwrt-tests/tests/test_wifi.py:77: Skipping because features "{'wifi', 'wifi-neighbors'}" are not supported</skipped></testcase><testcase classname="tests.test_wifi" name="test_wifi_hwsim_sae_mixed" time="0.037"><skipped type="pytest.skip" message="Skipping because feature &quot;{'hwsim'}&quot; is not supported">/home/runner/work/openwrt-tests/openwrt-tests/tests/test_wifi.py:99: Skipping because feature "{'hwsim'}" is not supported</skipped></testcase></testsuite></testsuites>