<?xml version="1.0" encoding="utf-8"?><testsuites name="pytest tests"><testsuite name="pytest" errors="0" failures="0" skipped="10" tests="33" time="98.352" timestamp="2025-08-26T08:04:55.854850+00:00" hostname="openwrt-testing"><properties><property name="ENV_CONFIG" value="targets/glinet_gl-mt6000.yaml" /><property name="TARGETS" value="['main']" /><property name="TARGET_MAIN_REMOTE" value="+" /><property name="IMAGE_ROOT" value="/home/aparcar/actions-runner3/_work/openwrt-tests/openwrt-tests/tftp/glinet_gl-mt6000/openwrt-24.10-snapshot-r28808-6bf869db0f-mediatek-filogic-glinet_gl-mt6000-initramfs-kernel.bin" /><property name="IMAGE_ROOT_GIT_COMMIT" value="bcd2b61991b5fc0d8c6f53cbb89bcd3cc2a93785" /></properties><testcase classname="tests.test_apk.TestApk" name="test_apk_procd_installed" time="0.000"><skipped type="pytest.skip" message="LG_FEATURE_APK not defined">/home/aparcar/actions-runner3/_work/openwrt-tests/openwrt-tests/tests/test_apk.py:10: LG_FEATURE_APK not defined</skipped></testcase><testcase classname="tests.test_apk.TestApk" name="test_apk_add_ucert" time="0.000"><skipped type="pytest.skip" message="LG_FEATURE_ONLINE not defined">/home/aparcar/actions-runner3/_work/openwrt-tests/openwrt-tests/tests/test_apk.py:13: LG_FEATURE_ONLINE not defined</skipped></testcase><testcase classname="tests.test_apk.TestApk" name="test_apk_audit" time="0.000"><skipped type="pytest.skip" message="LG_FEATURE_APK not defined">/home/aparcar/actions-runner3/_work/openwrt-tests/openwrt-tests/tests/test_apk.py:23: LG_FEATURE_APK not defined</skipped></testcase><testcase classname="tests.test_base" name="test_shell" time="59.232" /><testcase classname="tests.test_base" name="test_firmware_version" time="4.436"><properties><property name="firmware_version" value="r28808-6bf869db0f" /><property name="expected_firmware_version" value="r28808-6bf869db0f" /></properties></testcase><testcase classname="tests.test_base" name="test_dropbear_startup" time="8.587" /><testcase classname="tests.test_base" name="test_ssh" time="1.274" /><testcase classname="tests.test_base" name="test_echo" time="0.069" /><testcase classname="tests.test_base" name="test_uname" time="0.049" /><testcase classname="tests.test_base" name="test_ubus_system_board" time="0.051" /><testcase classname="tests.test_base" name="test_free_memory" time="0.053" /><testcase classname="tests.test_base" name="test_sysupgrade_backup" time="0.000"><skipped type="pytest.skip" message="Skipping because feature &quot;{'rootfs'}&quot; is not supported">/home/aparcar/actions-runner3/_work/openwrt-tests/openwrt-tests/tests/test_base.py:69: Skipping because feature "{'rootfs'}" is not supported</skipped></testcase><testcase classname="tests.test_base" name="test_sysupgrade_backup_u" time="0.000"><skipped type="pytest.skip" message="Skipping because feature &quot;{'rootfs'}&quot; is not supported">/home/aparcar/actions-runner3/_work/openwrt-tests/openwrt-tests/tests/test_base.py:81: Skipping because feature "{'rootfs'}" is not supported</skipped></testcase><testcase classname="tests.test_base" name="test_kernel_errors" time="0.098" /><testcase classname="tests.test_lan" name="test_lan_wait_for_network" time="5.189" /><testcase classname="tests.test_lan" name="test_lan_interface_address" time="3.862" /><testcase classname="tests.test_network_security" name="test_ssh_supported_algorithms" time="0.193" /><testcase classname="tests.test_opkg" name="test_opkg_procd_installed" time="0.000"><skipped type="pytest.skip" message="Skipping because feature &quot;{'opkg'}&quot; is not supported">/home/aparcar/actions-runner3/_work/openwrt-tests/openwrt-tests/tests/test_opkg.py:4: Skipping because feature "{'opkg'}" is not supported</skipped></testcase><testcase classname="tests.test_opkg" name="test_opkg_install_ucert" time="0.000"><skipped type="pytest.skip" message="Skipping because features &quot;{'opkg', 'online'}&quot; are not supported">/home/aparcar/actions-runner3/_work/openwrt-tests/openwrt-tests/tests/test_opkg.py:9: Skipping because features "{'opkg', 'online'}" are not supported</skipped></testcase><testcase classname="tests.test_system_health.TestSystemHealth" name="test_cpu_load" time="0.051" /><testcase classname="tests.test_system_health.TestSystemHealth" name="test_memory_usage" time="0.045" /><testcase classname="tests.test_system_health.TestSystemHealth" name="test_filesystem_usage" time="0.297" /><testcase classname="tests.test_system_health.TestSystemHealth" name="test_system_uptime" time="0.071" /><testcase classname="tests.test_system_health.TestSystemHealth" name="test_temperature_sensors" time="0.096" /><testcase classname="tests.test_system_health.TestSystemHealth" name="test_process_count" time="0.052" /><testcase classname="tests.test_system_health.TestSystemHealth" name="test_entropy_available" time="0.055" /><testcase classname="tests.test_system_health.TestSystemHealth" name="test_open_file_descriptors" time="0.049" /><testcase classname="tests.test_wan" name="test_wan_wait_for_network" time="5.182" /><testcase classname="tests.test_wan" name="test_https_download" time="0.000"><skipped type="pytest.skip" message="Skipping because feature &quot;{'online'}&quot; is not supported">/home/aparcar/actions-runner3/_work/openwrt-tests/openwrt-tests/tests/test_wan.py:56: Skipping because feature "{'online'}" is not supported</skipped></testcase><testcase classname="tests.test_wifi" name="test_wifi_wpa3" time="4.481" /><testcase classname="tests.test_wifi" name="test_wifi_wpa2" time="4.469" /><testcase classname="tests.test_wifi" name="test_wifi_scan" time="0.000"><skipped type="pytest.skip" message="Skipping because feature &quot;{'wifi-neighbors'}&quot; is not supported">/home/aparcar/actions-runner3/_work/openwrt-tests/openwrt-tests/tests/test_wifi.py:70: Skipping because feature "{'wifi-neighbors'}" is not supported</skipped></testcase><testcase classname="tests.test_wifi" name="test_wifi_hwsim_sae_mixed" time="0.362"><skipped type="pytest.skip" message="Skipping because feature &quot;{'hwsim'}&quot; is not supported">/home/aparcar/actions-runner3/_work/openwrt-tests/openwrt-tests/tests/test_wifi.py:91: Skipping because feature "{'hwsim'}" is not supported</skipped></testcase></testsuite></testsuites>