<?xml version="1.0" encoding="utf-8"?><testsuites name="pytest tests"><testsuite name="pytest" errors="0" failures="2" skipped="8" tests="33" time="97.285" timestamp="2025-10-03T17:13:47.402080+00:00" hostname="openwrt-testing"><properties><property name="ENV_CONFIG" value="targets/tplink_tl-wdr3600-v1.yaml" /><property name="TARGETS" value="['main']" /><property name="TARGET_MAIN_REMOTE" value="+" /><property name="IMAGE_ROOT" value="/home/aparcar/actions-runner3/_work/openwrt-tests/openwrt-tests/tftp/tplink_tl-wdr3600-v1/openwrt-ath79-generic-tplink_tl-wdr3600-v1-initramfs-kernel.bin" /><property name="IMAGE_ROOT_GIT_COMMIT" value="03dcc82f86dc429c73a375f66f608bb8e3d0dc32" /></properties><testcase classname="tests.test_apk.TestApk" name="test_apk_procd_installed" time="77.307" /><testcase classname="tests.test_apk.TestApk" name="test_apk_add_ucert" time="0.002"><skipped type="pytest.skip" message="LG_FEATURE_ONLINE not defined">/home/aparcar/actions-runner3/_work/openwrt-tests/openwrt-tests/tests/test_apk.py:13: LG_FEATURE_ONLINE not defined</skipped></testcase><testcase classname="tests.test_apk.TestApk" name="test_apk_audit" time="0.466" /><testcase classname="tests.test_base" name="test_shell" time="0.613" /><testcase classname="tests.test_base" name="test_firmware_version" time="1.005"><properties><property name="firmware_version" value="r31273-17b7af8cba" /><property name="expected_firmware_version" value="r31273-17b7af8cba" /></properties></testcase><testcase classname="tests.test_base" name="test_dropbear_startup" time="1.981" /><testcase classname="tests.test_base" name="test_ssh" time="0.110" /><testcase classname="tests.test_base" name="test_echo" time="0.064" /><testcase classname="tests.test_base" name="test_uname" time="0.089" /><testcase classname="tests.test_base" name="test_ubus_system_board" time="0.127" /><testcase classname="tests.test_base" name="test_free_memory" time="0.174" /><testcase classname="tests.test_base" name="test_sysupgrade_backup" time="0.000"><skipped type="pytest.skip" message="Skipping because feature &quot;{'rootfs'}&quot; is not supported">/home/aparcar/actions-runner3/_work/openwrt-tests/openwrt-tests/tests/test_base.py:69: Skipping because feature "{'rootfs'}" is not supported</skipped></testcase><testcase classname="tests.test_base" name="test_sysupgrade_backup_u" time="0.000"><skipped type="pytest.skip" message="Skipping because feature &quot;{'rootfs'}&quot; is not supported">/home/aparcar/actions-runner3/_work/openwrt-tests/openwrt-tests/tests/test_base.py:81: Skipping because feature "{'rootfs'}" is not supported</skipped></testcase><testcase classname="tests.test_base" name="test_kernel_errors" time="0.136" /><testcase classname="tests.test_lan" name="test_lan_wait_for_network" time="1.154" /><testcase classname="tests.test_lan" name="test_lan_interface_address" time="0.850" /><testcase classname="tests.test_network_security" name="test_ssh_supported_algorithms" time="0.244" /><testcase classname="tests.test_opkg" name="test_opkg_procd_installed" time="0.000"><skipped type="pytest.skip" message="Skipping because feature &quot;{'opkg'}&quot; is not supported">/home/aparcar/actions-runner3/_work/openwrt-tests/openwrt-tests/tests/test_opkg.py:4: Skipping because feature "{'opkg'}" is not supported</skipped></testcase><testcase classname="tests.test_opkg" name="test_opkg_install_ucert" time="0.000"><skipped type="pytest.skip" message="Skipping because features &quot;{'opkg', 'online'}&quot; are not supported">/home/aparcar/actions-runner3/_work/openwrt-tests/openwrt-tests/tests/test_opkg.py:9: Skipping because features "{'opkg', 'online'}" are not supported</skipped></testcase><testcase classname="tests.test_system_health.TestSystemHealth" name="test_cpu_load" time="0.063" /><testcase classname="tests.test_system_health.TestSystemHealth" name="test_memory_usage" time="0.065" /><testcase classname="tests.test_system_health.TestSystemHealth" name="test_filesystem_usage" time="0.404" /><testcase classname="tests.test_system_health.TestSystemHealth" name="test_system_uptime" time="0.063" /><testcase classname="tests.test_system_health.TestSystemHealth" name="test_temperature_sensors" time="0.068" /><testcase classname="tests.test_system_health.TestSystemHealth" name="test_process_count" time="0.099" /><testcase classname="tests.test_system_health.TestSystemHealth" name="test_entropy_available" time="0.061" /><testcase classname="tests.test_system_health.TestSystemHealth" name="test_open_file_descriptors" time="0.063" /><testcase classname="tests.test_wan" name="test_wan_wait_for_network" time="1.170" /><testcase classname="tests.test_wan" name="test_https_download" time="0.000"><skipped type="pytest.skip" message="Skipping because feature &quot;{'online'}&quot; is not supported">/home/aparcar/actions-runner3/_work/openwrt-tests/openwrt-tests/tests/test_wan.py:56: Skipping because feature "{'online'}" is not supported</skipped></testcase><testcase classname="tests.test_wifi" name="test_wifi_wpa3" time="5.260"><failure message="assert 'Encryption: WPA3 SAE (CCMP)' in 'phy0-ap0 ESSID: &quot;OpenWrt&quot;\n         Access Point: e8:de:27:65:cf:d8\n         Mode: Master  Channel: 1 (2.412 GHz)  HT Mode: HT20\n         Center Channel 1: 1 2: unknown\n         Tx-Power: 19 dBm  Link Quality: 70/70\n         Signal: 0 dBm  Noise: -95 dBm\n         Bit Rate: unknown\n         Encryption: SAE (CCMP)\n         Type: nl80211  HW Mode(s): 802.11n/g/b\n         Hardware: embedded [Atheros AR9340]\n         TX power offset: none\n         Channel offset: none\n         Supports VAPs: yes  PHY name: phy0\n'">ssh_command = SSHDriver(target=Target(name='main', env=Environment(config_file='targets/tplink_tl-wdr3600-v1.yaml')), name=None, sta...derr_merge=False, connection_timeout=120.0, explicit_sftp_mode=False, explicit_scp_mode=True, username='', password='')

    @pytest.mark.lg_feature("wifi")
    def test_wifi_wpa3(ssh_command):
        """
        Test enabling a wifi network with WPA3 encryption.
    
        This test configures a wifi network with WPA3 encryption and password 'openwrt4all'.
        """
        ssh_command.run("uci delete wireless.radio0.disabled")
        ssh_command.run("uci set wireless.default_radio0.encryption=sae")
        ssh_command.run("uci set wireless.default_radio0.key=openwrt4all")
    
        ssh_command.run("uci commit")
    
        restart_wifi_and_wait(ssh_command)
    
        iwinfo_output = "\n".join(ssh_command.run("iwinfo")[0])
    
        assert "Mode: Master" in iwinfo_output
&gt;       assert "Encryption: WPA3 SAE (CCMP)" in iwinfo_output
E       assert 'Encryption: WPA3 SAE (CCMP)' in 'phy0-ap0 ESSID: "OpenWrt"\n         Access Point: e8:de:27:65:cf:d8\n         Mode: Master  Channel: 1 (2.412 GHz)  HT Mode: HT20\n         Center Channel 1: 1 2: unknown\n         Tx-Power: 19 dBm  Link Quality: 70/70\n         Signal: 0 dBm  Noise: -95 dBm\n         Bit Rate: unknown\n         Encryption: SAE (CCMP)\n         Type: nl80211  HW Mode(s): 802.11n/g/b\n         Hardware: embedded [Atheros AR9340]\n         TX power offset: none\n         Channel offset: none\n         Supports VAPs: yes  PHY name: phy0\n'

tests/test_wifi.py:46: AssertionError</failure></testcase><testcase classname="tests.test_wifi" name="test_wifi_wpa2" time="5.154"><failure message="assert 'Encryption: WPA2 PSK (CCMP)' in 'phy0-ap0 ESSID: &quot;OpenWrt&quot;\n         Access Point: e8:de:27:65:cf:d8\n         Mode: Master  Channel: 1 (2.412 GHz)  HT Mode: HT20\n         Center Channel 1: 1 2: unknown\n         Tx-Power: 19 dBm  Link Quality: 70/70\n         Signal: 0 dBm  Noise: -95 dBm\n         Bit Rate: unknown\n         Encryption: WPA-PSK (CCMP)\n         Type: nl80211  HW Mode(s): 802.11n/g/b\n         Hardware: embedded [Atheros AR9340]\n         TX power offset: none\n         Channel offset: none\n         Supports VAPs: yes  PHY name: phy0\n'">ssh_command = SSHDriver(target=Target(name='main', env=Environment(config_file='targets/tplink_tl-wdr3600-v1.yaml')), name=None, sta...derr_merge=False, connection_timeout=120.0, explicit_sftp_mode=False, explicit_scp_mode=True, username='', password='')

    @pytest.mark.lg_feature("wifi")
    def test_wifi_wpa2(ssh_command):
        """
        Test enabling a wifi network with WPA2 encryption.
    
        This test configures a wifi network with WPA2 encryption and password 'openwrt4all'.
        """
        ssh_command.run("uci delete wireless.radio0.disabled")
        ssh_command.run("uci set wireless.default_radio0.encryption=psk2")
        ssh_command.run("uci set wireless.default_radio0.key=openwrt4all")
    
        ssh_command.run("uci commit")
    
        restart_wifi_and_wait(ssh_command)
    
        iwinfo_output = "\n".join(ssh_command.run("iwinfo")[0])
    
        assert "Mode: Master" in iwinfo_output
&gt;       assert "Encryption: WPA2 PSK (CCMP)" in iwinfo_output
E       assert 'Encryption: WPA2 PSK (CCMP)' in 'phy0-ap0 ESSID: "OpenWrt"\n         Access Point: e8:de:27:65:cf:d8\n         Mode: Master  Channel: 1 (2.412 GHz)  HT Mode: HT20\n         Center Channel 1: 1 2: unknown\n         Tx-Power: 19 dBm  Link Quality: 70/70\n         Signal: 0 dBm  Noise: -95 dBm\n         Bit Rate: unknown\n         Encryption: WPA-PSK (CCMP)\n         Type: nl80211  HW Mode(s): 802.11n/g/b\n         Hardware: embedded [Atheros AR9340]\n         TX power offset: none\n         Channel offset: none\n         Supports VAPs: yes  PHY name: phy0\n'

tests/test_wifi.py:67: AssertionError</failure></testcase><testcase classname="tests.test_wifi" name="test_wifi_scan" time="0.000"><skipped type="pytest.skip" message="Skipping because feature &quot;{'wifi-neighbors'}&quot; is not supported">/home/aparcar/actions-runner3/_work/openwrt-tests/openwrt-tests/tests/test_wifi.py:70: Skipping because feature "{'wifi-neighbors'}" is not supported</skipped></testcase><testcase classname="tests.test_wifi" name="test_wifi_hwsim_sae_mixed" time="0.361"><skipped type="pytest.skip" message="Skipping because feature &quot;{'hwsim'}&quot; is not supported">/home/aparcar/actions-runner3/_work/openwrt-tests/openwrt-tests/tests/test_wifi.py:91: Skipping because feature "{'hwsim'}" is not supported</skipped></testcase></testsuite></testsuites>