<?xml version="1.0" encoding="utf-8"?><testsuites name="pytest tests"><testsuite name="pytest" errors="0" failures="1" skipped="10" tests="33" time="119.563" timestamp="2025-10-09T00:27:58.212513+00:00" hostname="openwrt-testing"><properties><property name="ENV_CONFIG" value="targets/tplink_tl-wr1043nd-v3.yaml" /><property name="TARGETS" value="['main']" /><property name="TARGET_MAIN_REMOTE" value="+" /><property name="IMAGE_ROOT" value="/home/aparcar/actions-runner3/_work/openwrt-tests/openwrt-tests/tftp/tplink_tl-wr1043nd-v3/openwrt-24.10-snapshot-r28892-e8df99cf7c-ath79-generic-tplink_tl-wr1043nd-v3-initramfs-kernel.bin" /><property name="IMAGE_ROOT_GIT_COMMIT" value="660018a92323b7f4afde48ffb5f755f42a1a10b5" /></properties><testcase classname="tests.test_apk.TestApk" name="test_apk_procd_installed" time="0.000"><skipped type="pytest.skip" message="LG_FEATURE_APK not defined">/home/aparcar/actions-runner3/_work/openwrt-tests/openwrt-tests/tests/test_apk.py:10: LG_FEATURE_APK not defined</skipped></testcase><testcase classname="tests.test_apk.TestApk" name="test_apk_add_ucert" time="0.000"><skipped type="pytest.skip" message="LG_FEATURE_ONLINE not defined">/home/aparcar/actions-runner3/_work/openwrt-tests/openwrt-tests/tests/test_apk.py:13: LG_FEATURE_ONLINE not defined</skipped></testcase><testcase classname="tests.test_apk.TestApk" name="test_apk_audit" time="0.000"><skipped type="pytest.skip" message="LG_FEATURE_APK not defined">/home/aparcar/actions-runner3/_work/openwrt-tests/openwrt-tests/tests/test_apk.py:23: LG_FEATURE_APK not defined</skipped></testcase><testcase classname="tests.test_base" name="test_shell" time="63.521" /><testcase classname="tests.test_base" name="test_firmware_version" time="4.443"><properties><property name="firmware_version" value="r28892-e8df99cf7c" /><property name="expected_firmware_version" value="r28892-e8df99cf7c" /></properties></testcase><testcase classname="tests.test_base" name="test_dropbear_startup" time="8.661" /><testcase classname="tests.test_base" name="test_ssh" time="16.159" /><testcase classname="tests.test_base" name="test_echo" time="0.081" /><testcase classname="tests.test_base" name="test_uname" time="0.098" /><testcase classname="tests.test_base" name="test_ubus_system_board" time="0.103" /><testcase classname="tests.test_base" name="test_free_memory" time="0.091" /><testcase classname="tests.test_base" name="test_sysupgrade_backup" time="0.000"><skipped type="pytest.skip" message="Skipping because feature &quot;{'rootfs'}&quot; is not supported">/home/aparcar/actions-runner3/_work/openwrt-tests/openwrt-tests/tests/test_base.py:69: Skipping because feature "{'rootfs'}" is not supported</skipped></testcase><testcase classname="tests.test_base" name="test_sysupgrade_backup_u" time="0.000"><skipped type="pytest.skip" message="Skipping because feature &quot;{'rootfs'}&quot; is not supported">/home/aparcar/actions-runner3/_work/openwrt-tests/openwrt-tests/tests/test_base.py:81: Skipping because feature "{'rootfs'}" is not supported</skipped></testcase><testcase classname="tests.test_base" name="test_kernel_errors" time="0.252"><failure message="AssertionError: Critical errors found in kernel log: ['[   42.376556] Out of memory: Killed process 1612 (wpa_supplicant) total-vm:4744kB, anon-rss:368kB, file-rss:4kB, shmem-rss:2516kB, UID:101 pgtables:24kB oom_score_adj:0', '[   42.394393] Out of memory: Killed process 1611 (hostapd) total-vm:4784kB, anon-rss:408kB, file-rss:4kB, shmem-rss:2436kB, UID:101 pgtables:20kB oom_score_adj:0', '[   42.403192] Out of memory: Killed process 1260 (rpcd) total-vm:3660kB, anon-rss:408kB, file-rss:4kB, shmem-rss:1868kB, UID:0 pgtables:20kB oom_score_adj:0', '[   42.464839] Out of memory: Killed process 1919 (uhttpd) total-vm:3056kB, anon-rss:168kB, file-rss:4kB, shmem-rss:1936kB, UID:0 pgtables:24kB oom_score_adj:0', '[   42.471832] Out of memory: Killed process 1675 (netifd) total-vm:2744kB, anon-rss:176kB, file-rss:4kB, shmem-rss:1424kB, UID:0 pgtables:20kB oom_score_adj:0']&#10;assert not ['[   42.376556] Out of memory: Killed process 1612 (wpa_supplicant) total-vm:4744kB, anon-rss:368kB, file-rss:4kB, shmem-rss:2516kB, UID:101 pgtables:24kB oom_score_adj:0', '[   42.394393] Out of memory: Killed process 1611 (hostapd) total-vm:4784kB, anon-rss:408kB, file-rss:4kB, shmem-rss:2436kB, UID:101 pgtables:20kB oom_score_adj:0', '[   42.403192] Out of memory: Killed process 1260 (rpcd) total-vm:3660kB, anon-rss:408kB, file-rss:4kB, shmem-rss:1868kB, UID:0 pgtables:20kB oom_score_adj:0', '[   42.464839] Out of memory: Killed process 1919 (uhttpd) total-vm:3056kB, anon-rss:168kB, file-rss:4kB, shmem-rss:1936kB, UID:0 pgtables:24kB oom_score_adj:0', '[   42.471832] Out of memory: Killed process 1675 (netifd) total-vm:2744kB, anon-rss:176kB, file-rss:4kB, shmem-rss:1424kB, UID:0 pgtables:20kB oom_score_adj:0', '[   42.481172] Out of memory: Killed process 2352 (dnsmasq) total-vm:1772kB, anon-rss:476kB, file-rss:4kB, shmem-rss:1052kB, UID:0 pgtables:20kB oom_score_adj:0']">ssh_command = SSHDriver(target=Target(name='main', env=Environment(config_file='targets/tplink_tl-wr1043nd-v3.yaml')), name=None, st...derr_merge=False, connection_timeout=120.0, explicit_sftp_mode=False, explicit_scp_mode=True, username='', password='')

    def test_kernel_errors(ssh_command):
        dmesg_output = "\n".join(ssh_command.run_check("dmesg"))
    
        error_patterns = [
            r" Oops:",  # don't trigger on "ramoops"
            r"(PC is at |pc : )([^+\[ ]+).*",
            r"BUG:",
            r"corruption",
            r"do_page_fault\(\): sending",
            r"EIP: \[&lt;.*&gt;\] ([^+ ]+).*",
            r"epc\s+:\s+\S+\s+([^+ ]+).*",
            r"error.*in",
            r"hung task",
            r"Kernel panic",
            r"Out of memory",
            r"segfault",
            r"stack overflow",
            r"traps:.*general protection",
            r"Unable to handle kernel",
        ]
    
        errors_found = []
        for pattern in error_patterns:
            matches = re.findall(f".*{pattern}.*", dmesg_output)
            if matches:
                errors_found.extend(matches)
    
&gt;       assert not errors_found, (
            f"Critical errors found in kernel log: {errors_found[:5]}"
        )  # Show first 5
E       AssertionError: Critical errors found in kernel log: ['[   42.376556] Out of memory: Killed process 1612 (wpa_supplicant) total-vm:4744kB, anon-rss:368kB, file-rss:4kB, shmem-rss:2516kB, UID:101 pgtables:24kB oom_score_adj:0', '[   42.394393] Out of memory: Killed process 1611 (hostapd) total-vm:4784kB, anon-rss:408kB, file-rss:4kB, shmem-rss:2436kB, UID:101 pgtables:20kB oom_score_adj:0', '[   42.403192] Out of memory: Killed process 1260 (rpcd) total-vm:3660kB, anon-rss:408kB, file-rss:4kB, shmem-rss:1868kB, UID:0 pgtables:20kB oom_score_adj:0', '[   42.464839] Out of memory: Killed process 1919 (uhttpd) total-vm:3056kB, anon-rss:168kB, file-rss:4kB, shmem-rss:1936kB, UID:0 pgtables:24kB oom_score_adj:0', '[   42.471832] Out of memory: Killed process 1675 (netifd) total-vm:2744kB, anon-rss:176kB, file-rss:4kB, shmem-rss:1424kB, UID:0 pgtables:20kB oom_score_adj:0']
E       assert not ['[   42.376556] Out of memory: Killed process 1612 (wpa_supplicant) total-vm:4744kB, anon-rss:368kB, file-rss:4kB, shmem-rss:2516kB, UID:101 pgtables:24kB oom_score_adj:0', '[   42.394393] Out of memory: Killed process 1611 (hostapd) total-vm:4784kB, anon-rss:408kB, file-rss:4kB, shmem-rss:2436kB, UID:101 pgtables:20kB oom_score_adj:0', '[   42.403192] Out of memory: Killed process 1260 (rpcd) total-vm:3660kB, anon-rss:408kB, file-rss:4kB, shmem-rss:1868kB, UID:0 pgtables:20kB oom_score_adj:0', '[   42.464839] Out of memory: Killed process 1919 (uhttpd) total-vm:3056kB, anon-rss:168kB, file-rss:4kB, shmem-rss:1936kB, UID:0 pgtables:24kB oom_score_adj:0', '[   42.471832] Out of memory: Killed process 1675 (netifd) total-vm:2744kB, anon-rss:176kB, file-rss:4kB, shmem-rss:1424kB, UID:0 pgtables:20kB oom_score_adj:0', '[   42.481172] Out of memory: Killed process 2352 (dnsmasq) total-vm:1772kB, anon-rss:476kB, file-rss:4kB, shmem-rss:1052kB, UID:0 pgtables:20kB oom_score_adj:0']

tests/test_base.py:120: AssertionError</failure></testcase><testcase classname="tests.test_lan" name="test_lan_wait_for_network" time="5.202" /><testcase classname="tests.test_lan" name="test_lan_interface_address" time="3.881" /><testcase classname="tests.test_network_security" name="test_ssh_supported_algorithms" time="0.253" /><testcase classname="tests.test_opkg" name="test_opkg_procd_installed" time="0.000"><skipped type="pytest.skip" message="Skipping because feature &quot;{'opkg'}&quot; is not supported">/home/aparcar/actions-runner3/_work/openwrt-tests/openwrt-tests/tests/test_opkg.py:4: Skipping because feature "{'opkg'}" is not supported</skipped></testcase><testcase classname="tests.test_opkg" name="test_opkg_install_ucert" time="0.000"><skipped type="pytest.skip" message="Skipping because features &quot;{'opkg', 'online'}&quot; are not supported">/home/aparcar/actions-runner3/_work/openwrt-tests/openwrt-tests/tests/test_opkg.py:9: Skipping because features "{'opkg', 'online'}" are not supported</skipped></testcase><testcase classname="tests.test_system_health.TestSystemHealth" name="test_cpu_load" time="0.073" /><testcase classname="tests.test_system_health.TestSystemHealth" name="test_memory_usage" time="0.071" /><testcase classname="tests.test_system_health.TestSystemHealth" name="test_filesystem_usage" time="0.438" /><testcase classname="tests.test_system_health.TestSystemHealth" name="test_system_uptime" time="0.071" /><testcase classname="tests.test_system_health.TestSystemHealth" name="test_temperature_sensors" time="0.072" /><testcase classname="tests.test_system_health.TestSystemHealth" name="test_process_count" time="0.128" /><testcase classname="tests.test_system_health.TestSystemHealth" name="test_entropy_available" time="0.103" /><testcase classname="tests.test_system_health.TestSystemHealth" name="test_open_file_descriptors" time="0.107" /><testcase classname="tests.test_wan" name="test_wan_wait_for_network" time="5.186" /><testcase classname="tests.test_wan" name="test_https_download" time="0.000"><skipped type="pytest.skip" message="Skipping because feature &quot;{'online'}&quot; is not supported">/home/aparcar/actions-runner3/_work/openwrt-tests/openwrt-tests/tests/test_wan.py:56: Skipping because feature "{'online'}" is not supported</skipped></testcase><testcase classname="tests.test_wifi" name="test_wifi_wpa3" time="5.141" /><testcase classname="tests.test_wifi" name="test_wifi_wpa2" time="4.864" /><testcase classname="tests.test_wifi" name="test_wifi_scan" time="0.000"><skipped type="pytest.skip" message="Skipping because feature &quot;{'wifi-neighbors'}&quot; is not supported">/home/aparcar/actions-runner3/_work/openwrt-tests/openwrt-tests/tests/test_wifi.py:76: Skipping because feature "{'wifi-neighbors'}" is not supported</skipped></testcase><testcase classname="tests.test_wifi" name="test_wifi_hwsim_sae_mixed" time="0.496"><skipped type="pytest.skip" message="Skipping because feature &quot;{'hwsim'}&quot; is not supported">/home/aparcar/actions-runner3/_work/openwrt-tests/openwrt-tests/tests/test_wifi.py:97: Skipping because feature "{'hwsim'}" is not supported</skipped></testcase></testsuite></testsuites>