<?xml version="1.0" encoding="utf-8"?><testsuites name="pytest tests"><testsuite name="pytest" errors="0" failures="0" skipped="11" tests="35" time="125.006" timestamp="2025-11-05T00:22:35.180675+00:00" hostname="openwrt-testing"><properties><property name="ENV_CONFIG" value="targets/enterasys_ws-ap3710i.yaml" /><property name="TARGETS" value="['main']" /><property name="TARGET_MAIN_REMOTE" value="+" /><property name="IMAGE_ROOT" value="/home/aparcar/actions-runner3/_work/openwrt-tests/openwrt-tests/tftp/enterasys_ws-ap3710i/openwrt-24.10-snapshot-r28983-99e62c21c6-mpc85xx-p1020-enterasys_ws-ap3710i-initramfs-kernel.bin" /><property name="IMAGE_ROOT_GIT_COMMIT" value="6dc1486588bafc7c29dc1487af69679cc17d5eaa" /></properties><testcase classname="tests.test_apk.TestApk" name="test_apk_procd_installed" time="0.000"><skipped type="pytest.skip" message="LG_FEATURE_APK not defined">/home/aparcar/actions-runner3/_work/openwrt-tests/openwrt-tests/tests/test_apk.py:10: LG_FEATURE_APK not defined</skipped></testcase><testcase classname="tests.test_apk.TestApk" name="test_apk_add_ucert" time="0.000"><skipped type="pytest.skip" message="LG_FEATURE_ONLINE not defined">/home/aparcar/actions-runner3/_work/openwrt-tests/openwrt-tests/tests/test_apk.py:13: LG_FEATURE_ONLINE not defined</skipped></testcase><testcase classname="tests.test_apk.TestApk" name="test_apk_audit" time="0.000"><skipped type="pytest.skip" message="LG_FEATURE_APK not defined">/home/aparcar/actions-runner3/_work/openwrt-tests/openwrt-tests/tests/test_apk.py:23: LG_FEATURE_APK not defined</skipped></testcase><testcase classname="tests.test_base" name="test_shell" time="74.821" /><testcase classname="tests.test_base" name="test_firmware_version" time="4.422"><properties><property name="firmware_version" value="r28983-99e62c21c6" /><property name="expected_firmware_version" value="r28983-99e62c21c6" /></properties></testcase><testcase classname="tests.test_base" name="test_dropbear_startup" time="13.989" /><testcase classname="tests.test_base" name="test_ssh" time="1.332" /><testcase classname="tests.test_base" name="test_echo" time="0.052" /><testcase classname="tests.test_base" name="test_uname" time="0.050" /><testcase classname="tests.test_base" name="test_ubus_system_board" time="0.075" /><testcase classname="tests.test_base" name="test_free_memory" time="0.053" /><testcase classname="tests.test_base" name="test_sysupgrade_backup" time="0.002"><skipped type="pytest.skip" message="Skipping because feature &quot;{'rootfs'}&quot; is not supported">/home/aparcar/actions-runner3/_work/openwrt-tests/openwrt-tests/tests/test_base.py:69: Skipping because feature "{'rootfs'}" is not supported</skipped></testcase><testcase classname="tests.test_base" name="test_sysupgrade_backup_u" time="0.000"><skipped type="pytest.skip" message="Skipping because feature &quot;{'rootfs'}&quot; is not supported">/home/aparcar/actions-runner3/_work/openwrt-tests/openwrt-tests/tests/test_base.py:81: Skipping because feature "{'rootfs'}" is not supported</skipped></testcase><testcase classname="tests.test_base" name="test_kernel_errors" time="0.138" /><testcase classname="tests.test_lan" name="test_lan_wait_for_link_ready" time="4.408" /><testcase classname="tests.test_lan" name="test_lan_wait_for_network" time="5.175" /><testcase classname="tests.test_lan" name="test_lan_interface_address" time="4.051" /><testcase classname="tests.test_lan" name="test_lan_interface_has_neighbor" time="5.751" /><testcase classname="tests.test_network_security" name="test_ssh_supported_algorithms" time="0.249" /><testcase classname="tests.test_opkg" name="test_opkg_procd_installed" time="0.002"><skipped type="pytest.skip" message="Skipping because feature &quot;{'opkg'}&quot; is not supported">/home/aparcar/actions-runner3/_work/openwrt-tests/openwrt-tests/tests/test_opkg.py:4: Skipping because feature "{'opkg'}" is not supported</skipped></testcase><testcase classname="tests.test_opkg" name="test_opkg_install_ucert" time="0.000"><skipped type="pytest.skip" message="Skipping because features &quot;{'opkg', 'online'}&quot; are not supported">/home/aparcar/actions-runner3/_work/openwrt-tests/openwrt-tests/tests/test_opkg.py:9: Skipping because features "{'opkg', 'online'}" are not supported</skipped></testcase><testcase classname="tests.test_system_health.TestSystemHealth" name="test_cpu_load" time="0.060" /><testcase classname="tests.test_system_health.TestSystemHealth" name="test_memory_usage" time="0.057" /><testcase classname="tests.test_system_health.TestSystemHealth" name="test_filesystem_usage" time="0.329" /><testcase classname="tests.test_system_health.TestSystemHealth" name="test_system_uptime" time="0.063" /><testcase classname="tests.test_system_health.TestSystemHealth" name="test_temperature_sensors" time="0.053" /><testcase classname="tests.test_system_health.TestSystemHealth" name="test_process_count" time="0.067" /><testcase classname="tests.test_system_health.TestSystemHealth" name="test_entropy_available" time="0.056" /><testcase classname="tests.test_system_health.TestSystemHealth" name="test_open_file_descriptors" time="0.061" /><testcase classname="tests.test_wan" name="test_wan_wait_for_network" time="0.001"><skipped type="pytest.skip" message="Skipping because feature &quot;{'wan_port'}&quot; is not supported">/home/aparcar/actions-runner3/_work/openwrt-tests/openwrt-tests/tests/test_wan.py:45: Skipping because feature "{'wan_port'}" is not supported</skipped></testcase><testcase classname="tests.test_wan" name="test_https_download" time="0.000"><skipped type="pytest.skip" message="Skipping because feature &quot;{'online'}&quot; is not supported">/home/aparcar/actions-runner3/_work/openwrt-tests/openwrt-tests/tests/test_wan.py:56: Skipping because feature "{'online'}" is not supported</skipped></testcase><testcase classname="tests.test_wifi" name="test_wifi_wpa3" time="4.598" /><testcase classname="tests.test_wifi" name="test_wifi_wpa2" time="4.599" /><testcase classname="tests.test_wifi" name="test_wifi_scan" time="0.000"><skipped type="pytest.skip" message="Skipping because feature &quot;{'wifi-neighbors'}&quot; is not supported">/home/aparcar/actions-runner3/_work/openwrt-tests/openwrt-tests/tests/test_wifi.py:76: Skipping because feature "{'wifi-neighbors'}" is not supported</skipped></testcase><testcase classname="tests.test_wifi" name="test_wifi_hwsim_sae_mixed" time="0.379"><skipped type="pytest.skip" message="Skipping because feature &quot;{'hwsim'}&quot; is not supported">/home/aparcar/actions-runner3/_work/openwrt-tests/openwrt-tests/tests/test_wifi.py:97: Skipping because feature "{'hwsim'}" is not supported</skipped></testcase></testsuite></testsuites>