<?xml version="1.0" encoding="utf-8"?><testsuites name="pytest tests"><testsuite name="pytest" errors="0" failures="0" skipped="10" tests="35" time="180.474" timestamp="2026-06-09T00:43:43.232947+00:00" hostname="runnervm3jyl0"><properties><property name="ENV_CONFIG" value="targets/cznic_turris-omnia.yaml" /><property name="TARGETS" value="['main']" /><property name="TARGET_MAIN_REMOTE" value="+" /><property name="IMAGE_ROOT" value="/home/runner/work/openwrt-tests/openwrt-tests/tftp/cznic_turris-omnia/openwrt-24.10-snapshot-r29201-81b3344b60-mvebu-cortexa9-cznic_turris-omnia-initramfs-kernel.bin" /><property name="IMAGE_ROOT_GIT_COMMIT" value="e3a718bffba6d8b05b535e68a6c3aa21beabe552" /></properties><testcase classname="tests.test_apk.TestApk" name="test_apk_procd_installed" time="5.007"><skipped type="pytest.skip" message="LG_FEATURE_APK not defined">/home/runner/work/openwrt-tests/openwrt-tests/tests/test_apk.py:10: LG_FEATURE_APK not defined</skipped></testcase><testcase classname="tests.test_apk.TestApk" name="test_apk_add_ucert" time="0.001"><skipped type="pytest.skip" message="LG_FEATURE_ONLINE not defined">/home/runner/work/openwrt-tests/openwrt-tests/tests/test_apk.py:13: LG_FEATURE_ONLINE not defined</skipped></testcase><testcase classname="tests.test_apk.TestApk" name="test_apk_audit" time="0.000"><skipped type="pytest.skip" message="LG_FEATURE_APK not defined">/home/runner/work/openwrt-tests/openwrt-tests/tests/test_apk.py:23: LG_FEATURE_APK not defined</skipped></testcase><testcase classname="tests.test_base" name="test_shell" time="82.124" /><testcase classname="tests.test_base" name="test_firmware_version" time="4.800"><properties><property name="firmware_version" value="r29201-81b3344b60" /><property name="expected_firmware_version" value="r29201-81b3344b60" /></properties></testcase><testcase classname="tests.test_base" name="test_dropbear_startup" time="9.700" /><testcase classname="tests.test_base" name="test_ssh" time="3.026" /><testcase classname="tests.test_base" name="test_echo" time="0.603" /><testcase classname="tests.test_base" name="test_uname" time="0.602" /><testcase classname="tests.test_base" name="test_ubus_system_board" time="0.603" /><testcase classname="tests.test_base" name="test_free_memory" time="0.603" /><testcase classname="tests.test_base" name="test_sysupgrade_backup" time="0.000"><skipped type="pytest.skip" message="unsupported feature(s): rootfs">/home/runner/work/openwrt-tests/openwrt-tests/tests/test_base.py:69: unsupported feature(s): rootfs</skipped></testcase><testcase classname="tests.test_base" name="test_sysupgrade_backup_u" time="0.000"><skipped type="pytest.skip" message="unsupported feature(s): rootfs">/home/runner/work/openwrt-tests/openwrt-tests/tests/test_base.py:81: unsupported feature(s): rootfs</skipped></testcase><testcase classname="tests.test_base" name="test_kernel_errors" time="0.613" /><testcase classname="tests.test_lan" name="test_lan_wait_for_link_ready" time="4.951" /><testcase classname="tests.test_lan" name="test_lan_wait_for_network" time="5.755" /><testcase classname="tests.test_lan" name="test_lan_interface_address" time="4.487" /><testcase classname="tests.test_lan" name="test_lan_interface_has_neighbor" time="6.281" /><testcase classname="tests.test_network_security" name="test_ssh_supported_algorithms" time="0.890" /><testcase classname="tests.test_opkg" name="test_opkg_procd_installed" time="0.000"><skipped type="pytest.skip" message="unsupported feature(s): opkg">/home/runner/work/openwrt-tests/openwrt-tests/tests/test_opkg.py:4: unsupported feature(s): opkg</skipped></testcase><testcase classname="tests.test_opkg" name="test_opkg_install_ucert" time="0.000"><skipped type="pytest.skip" message="unsupported feature(s): opkg, online">/home/runner/work/openwrt-tests/openwrt-tests/tests/test_opkg.py:9: unsupported feature(s): opkg, online</skipped></testcase><testcase classname="tests.test_system_health.TestSystemHealth" name="test_memory_usage" time="0.759" /><testcase classname="tests.test_system_health.TestSystemHealth" name="test_filesystem_usage" time="3.614" /><testcase classname="tests.test_system_health.TestSystemHealth" name="test_system_uptime" time="0.603" /><testcase classname="tests.test_system_health.TestSystemHealth" name="test_temperature_sensors" time="1.205" /><testcase classname="tests.test_system_health.TestSystemHealth" name="test_process_count" time="0.603" /><testcase classname="tests.test_system_health.TestSystemHealth" name="test_entropy_available" time="0.603" /><testcase classname="tests.test_system_health.TestSystemHealth" name="test_open_file_descriptors" time="0.603" /><testcase classname="tests.test_wan" name="test_wan_firewall_zone" time="11.232" /><testcase classname="tests.test_wan" name="test_wan_interface_device" time="5.604" /><testcase classname="tests.test_wan" name="test_https_download" time="0.000"><skipped type="pytest.skip" message="unsupported feature(s): online">/home/runner/work/openwrt-tests/openwrt-tests/tests/test_wan.py:64: unsupported feature(s): online</skipped></testcase><testcase classname="tests.test_wifi" name="test_wifi_wpa3" time="11.874" /><testcase classname="tests.test_wifi" name="test_wifi_wpa2" time="12.853" /><testcase classname="tests.test_wifi" name="test_wifi_scan" time="0.000"><skipped type="pytest.skip" message="unsupported feature(s): wifi-neighbors">/home/runner/work/openwrt-tests/openwrt-tests/tests/test_wifi.py:79: unsupported feature(s): wifi-neighbors</skipped></testcase><testcase classname="tests.test_wifi" name="test_wifi_hwsim_sae_mixed" time="0.783"><skipped type="pytest.skip" message="unsupported feature(s): hwsim">/home/runner/work/openwrt-tests/openwrt-tests/tests/test_wifi.py:101: unsupported feature(s): hwsim</skipped></testcase></testsuite></testsuites>