[1m============================= test session starts ==============================[0m
platform linux -- Python 3.14.5, pytest-9.0.3, pluggy-1.6.0 -- /home/runner/work/openwrt-tests/openwrt-tests/.venv/bin/python
cachedir: .pytest_cache
rootdir: /home/runner/work/openwrt-tests/openwrt-tests
configfile: pyproject.toml
plugins: harvest-1.10.5, labgrid-25.1.dev275, check-2.8.0
[1mcollecting ... [0mcollected 35 items

tests/test_apk.py::TestApk::test_apk_procd_installed 
[1m-------------------------------- live log setup --------------------------------[0m
[32mINFO   [0m SSHConnection(h: Created new SSH connection to labgrid-hsn
[32mINFO   [0m      StepLogger:  → PDUDaemonDriver.off() 
[32mINFO   [0m      StepLogger:  ← PDUDaemonDriver.off() [0.350s]
[32mINFO   [0m      StepLogger:  → TFTPProviderDriver.stage(filename='/home/runner/work/openwrt-tests/openwrt-tests/tftp/bananapi_bpi-r64/openwrt-mediatek-mt7622-bananapi_bpi-r64-initramfs-recovery.itb') 
[32mINFO   [0m ManagedFile(loc:   Synchronizing /home/runner/work/openwrt-tests/openwrt-tests/tftp/bananapi_bpi-r64/openwrt-mediatek-mt7622-bananapi_bpi-r64-initramfs-recovery.itb to labgrid-hsn
[32mINFO   [0m      StepLogger:   → ProcessWrapper.check_output(command=['rsync', '--compress', '--sparse', '--copy-links', '--verbose', '--progress', '--times', '-e', 'ssh -x -o LogLevel=ERROR -o PasswordAuthentication=no -o ControlMaster=no -o ControlPath=/tmp/lg-con-jou54z30/control-labgrid-hsn', '/home/runner/work/openwrt-tests/openwrt-tests/tftp/bananapi_bpi-r64/openwrt-mediatek-mt7622-bananapi_bpi-r64-initramfs-recovery.itb', 'labgrid-hsn:/var/cache/labgrid/labgrid-dev/f674dc1ad80ba719fd4d4f51b7a5513b55c2a8721e4fcb9b79287e2a850e6502/openwrt-mediatek-mt7622-bananapi_bpi-r64-initramfs-recovery.itb']) 
[32mINFO   [0m         Process:    [2825] command: rsync --compress --sparse --copy-links --verbose --progress --times -e ssh -x -o LogLevel=ERROR -o PasswordAuthentication=no -o ControlMaster=no -o ControlPath=/tmp/lg-con-jou54z30/control-labgrid-hsn /home/runner/work/openwrt-tests/openwrt-tests/tftp/bananapi_bpi-r64/openwrt-mediatek-mt7622-bananapi_bpi-r64-initramfs-recovery.itb labgrid-hsn:/var/cache/labgrid/labgrid-dev/f674dc1ad80ba719fd4d4f51b7a5513b55c2a8721e4fcb9b79287e2a850e6502/openwrt-mediatek-mt7622-bananapi_bpi-r64-initramfs-recovery.itb
[32mINFO   [0m         Process:    [2825] openwrt-mediatek-mt7622-bananapi_bpi-r64-initramfs-recovery.itb
[32mINFO   [0m         Process:    [2825]          32,768   0%    0.00kB/s    0:00:00  
[32mINFO   [0m         Process:    [2825]       3,145,728  32%    2.58MB/s    0:00:02  
[32mINFO   [0m         Process:    [2825]       9,830,400 100%    4.44MB/s    0:00:02 (xfr#1, to-chk=0/1)
[32mINFO   [0m         Process:    [2825] sent 9,790,710 bytes  received 35 bytes  2,797,355.71 bytes/sec
[32mINFO   [0m         Process:    [2825] total size is 9,830,400  speedup is 1.00
[32mINFO   [0m      StepLogger:   ← ProcessWrapper.check_output() result=b'openwrt-mediatek-mt7622-bananapi_bpi-r64-initramfs-recovery.itb\n\n         32,768   0%    0.00kB/… [3.864s]
[32mINFO   [0m ManagedFile(loc:   Linking
[32mINFO   [0m      StepLogger:  ← TFTPProviderDriver.stage() result=bananapi_bpi-r64//openwrt-mediatek-mt7622-bananapi_bpi-r64-initramfs-recovery.itb [5.811s]
[32mINFO   [0m      StepLogger:  → PDUDaemonDriver.cycle() 
[32mINFO   [0m      StepLogger:  ← PDUDaemonDriver.cycle() [5.380s]
[32mINFO   [0m      StepLogger:  → UBootDriver._await_prompt() 
[32mINFO   [0m      StepLogger:   → SerialDriver.expect(pattern=['MT7622>', 'stop autoboot', 'enter Password:', <class 'pexpect.exceptions.TIMEOUT'>]) 
[34mCONSOLE[0m SerialLogger.ma:    SerialDriver(main) < ␤␍F0: 102B 0000␤␍F5: 480A 0031␤␍F5: 480A 0031␤␍F3: 0000 0000␤␍V0␍␤
[32mINFO   [0m      StepLogger:   ← SerialDriver.expect() result=(3, b'\n\rF0: 102B 0000\n\rF5: 480A 0031\n\rF5: 480A 0031\n\rF3: 0000 0000\n\rV0', <class 'pexpect.e… [2.001s]
[32mINFO   [0m      StepLogger:   → SerialDriver.expect(pattern=['MT7622>', 'stop autoboot', 'enter Password:', <class 'pexpect.exceptions.TIMEOUT'>]) 
[34mCONSOLE[0m SerialLogger.ma:    SerialDriver(main) < : 0000 0000 [0001]␤␍00: 0000 0000␤␍BP: 0400 0041 [0000]␤␍G0: 1190 0000␤␍T0: 0000 02E5 [000F]␤␍Jump to BL␤␍␤
[34mCONSOLE[0m SerialLogger.ma:    SerialDriver(main) < ␍NOTICE:  BL2: v2.10.0	(release):OpenWrt v2024.01.17~bacca82a-3 (mt7622-emmc-2ddr)␍␤
[34mCONSOLE[0m SerialLogger.ma:    SerialDriver(main) < NOTICE:  BL2: Built : 09:43:16, Nov 26 2024␍␤
[34mCONSOLE[0m SerialLogger.ma:    SerialDriver(main) < NOTICE:  WDT: Cold boot␍␤
[34mCONSOLE[0m SerialLogger.ma:    SerialDriver(main) < NOTICE:  CPU: MT7622␍␤
[34mCONSOLE[0m SerialLogger.ma:    SerialDriver(main) < NOTICE:  WDT: disabled␍␤
[34mCONSOLE[0m SerialLogger.ma:    SerialDriver(main) < NOTICE:  BL2: Booting BL31␍␤
[34mCONSOLE[0m SerialLogger.ma:    SerialDriver(main) < NOTICE:  BL31: v2.10.0	(release):OpenWrt v2024.01.17~bacca82a-3 (mt7622-emmc-2ddr)␍␤
[34mCONSOLE[0m SerialLogger.ma:    SerialDriver(main) < NOTICE:  BL31: Built : 09:43:16, Nov 26 2024␍␤
[34mCONSOLE[0m SerialLogger.ma:    SerialDriver(main) < ␍␤
[34mCONSOLE[0m SerialLogger.ma:    SerialDriver(main) < ␍␤
[34mCONSOLE[0m SerialLogger.ma:    SerialDriver(main) < U-Boot 2024.10-OpenWrt-r28199-1bdb6d8404 (Nov 26 2024 - 09:43:16 +0000)␍␤
[34mCONSOLE[0m SerialLogger.ma:    SerialDriver(main) < ␍␤
[34mCONSOLE[0m SerialLogger.ma:    SerialDriver(main) < CPU:   MediaTek MT7622␍␤
[34mCONSOLE[0m SerialLogger.ma:    SerialDriver(main) < Model: mt7622-bpi-r64␍␤
[34mCONSOLE[0m SerialLogger.ma:    SerialDriver(main) < DRAM:  1 GiB␍␤
[34mCONSOLE[0m SerialLogger.ma:    SerialDriver(main) < Core:  67 devices, 25 uclasses, devicetree: separate␍␤
[34mCONSOLE[0m SerialLogger.ma:    SerialDriver(main) < MMC:   mmc@11230000: 0, mmc@11240000: 1␍␤
[34mCONSOLE[0m SerialLogger.ma:    SerialDriver(main) < Loading Environment from MMC... Reading from MMC(0)... OK␍␤
[34mCONSOLE[0m SerialLogger.ma:    SerialDriver(main) < In:    serial@11002000␍␤
[34mCONSOLE[0m SerialLogger.ma:    SerialDriver(main) < Out:   serial@11002000␍␤
[34mCONSOLE[0m SerialLogger.ma:    SerialDriver(main) < Err:   serial@11002000␍␤
[34mCONSOLE[0m SerialLogger.ma:    SerialDriver(main) < reset button found␍␤
[34mCONSOLE[0m SerialLogger.ma:    SerialDriver(main) < Loading Environment from MMC... Reading from MMC(0)... OK␍␤
[34mCONSOLE[0m SerialLogger.ma:    SerialDriver(main) < Net:   eth0: ethernet@1b100000␍␤
[34mCONSOLE[0m SerialLogger.ma:    SerialDriver(main) <       ( ( ( OpenWrt ) ) )  [eMMC]       U-Boot 2024.10-OpenWrt-r28199-1bdb6d8404 (Nov 26 2024 - 09:43:16 +0000)Press UP/DOWN to move, ENTER to select, ESC to quit1. Run default boot command.2. Boot system via TFTP.3. Boot production system from eMMC.4. Boot recovery system from eMMC.5. Load production system via TFTP then write to eMMC.6. Load recovery system via TFTP then write to eMMC.7. Load BL31+U-Boot FIP via TFTP then write to eMMC.8. Load BL2 preloader via TFTP then write to eMMC.9. Reboot.a. Reset all settings to factory defaults.0. ExitHit any key to stop autoboot: 3 ␍␤
[32mINFO   [0m      StepLogger:   ← SerialDriver.expect() result=(1, b'\n\rF0: 102B 0000\n\rF5: 480A 0031\n\rF5: 480A 0031\n\rF3: 0000 0000\n\rV0: 0000 0000 [0001]\n… [1.867s]
[34mCONSOLE[0m SerialLogger.ma:   SerialDriver(main) > \x0␍␤
[32mINFO   [0m      StepLogger:   → SerialDriver.expect(pattern=['MT7622>', 'stop autoboot', 'enter Password:', <class 'pexpect.exceptions.TIMEOUT'>]) 
[34mCONSOLE[0m SerialLogger.ma:    SerialDriver(main) <       ( ( ( OpenWrt ) ) )  [eMMC]       U-Boot 2024.10-OpenWrt-r28199-1bdb6d8404 (Nov 26 2024 - 09:43:16 +0000)Press UP/DOWN to move, ENTER to select, ESC to quit1. Run default boot command.2. Boot system via TFTP.3. Boot production system from eMMC.4. Boot recovery system from eMMC.5. Load production system via TFTP then write to eMMC.6. Load recovery system via TFTP then write to eMMC.7. Load BL31+U-Boot FIP via TFTP then write to eMMC.8. Load BL2 preloader via TFTP then write to eMMC.9. Reboot.a. Reset all settings to factory defaults.0. ExitMT7622> ␍␤
[32mINFO   [0m      StepLogger:   ← SerialDriver.expect() result=(0, b': 3 \x1b[16;1H\x1b[2K\x1b[1;1H\x1b[2K\x1b[2;3H      \x1b[0;34m( ( ( \x1b[1;39mOpenWrt\x1b[0;34… [0.354s]
[34mCONSOLE[0m SerialLogger.ma:   SerialDriver(main) > echo 'MBOX''HBYVAM'␤␍␤
[32mINFO   [0m      StepLogger:   → SerialDriver.expect(pattern='MBOXHBYVAM') 
[34mCONSOLE[0m SerialLogger.ma:    SerialDriver(main) < echo 'MBOX''HBYVAM'␍␤
[34mCONSOLE[0m SerialLogger.ma:    SerialDriver(main) < MBOXHBYVAM␍␤
[34mCONSOLE[0m SerialLogger.ma:    SerialDriver(main) < MT7622> ␍␤
[32mINFO   [0m      StepLogger:   ← SerialDriver.expect() result=(0, b" echo 'MBOX''HBYVAM'\r\n", <re.Match object; span=(22, 32), match=b'MBOXHBYVAM'>, b'MBOXHBYVAM… [0.344s]
[32mINFO   [0m      StepLogger:   → SerialDriver.expect(pattern='MT7622>') 
[32mINFO   [0m      StepLogger:   ← SerialDriver.expect() result=(0, b'\r\n', <re.Match object; span=(2, 9), match=b'MT7622>'>, b'MT7622>') 
[34mCONSOLE[0m SerialLogger.ma:   SerialDriver(main) > echo 'XUOH''UVFTLF'; setenv bootfile bananapi_bpi-r64//openwrt-mediatek-mt7622-bananapi_bpi-r64-initramfs-recovery.itb; echo "$?"; echo 'XUOH''UVFTLF';␤␍␤
[32mINFO   [0m      StepLogger:   → SerialDriver.expect(pattern='MT7622>') 
[34mCONSOLE[0m SerialLogger.ma:    SerialDriver(main) < echo 'XUOH''UVFTLF'; setenv bootfile bananapi_bpi-r64//openwrt-mediatek-mt7622-bananapi_bpi-r64-initramfs-recovery.itb; echo "$?"; echo 'XUOH''UVFTLF';␍␤
[34mCONSOLE[0m SerialLogger.ma:    SerialDriver(main) < XUOHUVFTLF␍␤
[34mCONSOLE[0m SerialLogger.ma:    SerialDriver(main) < 0␍␤
[34mCONSOLE[0m SerialLogger.ma:    SerialDriver(main) < XUOHUVFTLF␍␤
[34mCONSOLE[0m SerialLogger.ma:    SerialDriver(main) < MT7622> ␍␤
[32mINFO   [0m      StepLogger:   ← SerialDriver.expect() result=(0, b' echo \'XUOH\'\'UVFTLF\'; setenv bootfile bananapi_bpi-r64//openwrt-mediatek-mt7622-bananapi_b… [0.298s]
[34mCONSOLE[0m SerialLogger.ma:   SerialDriver(main) > echo 'QLBK''TWMTEK'; dhcp; echo "$?"; echo 'QLBK''TWMTEK';␤␍␤
[32mINFO   [0m      StepLogger:   → SerialDriver.expect(pattern='MT7622>') 
[34mCONSOLE[0m SerialLogger.ma:    SerialDriver(main) < echo 'QLBK''TWMTEK'; dhcp; echo "$?"; echo 'QLBK''TWMTEK';␍␤
[34mCONSOLE[0m SerialLogger.ma:    SerialDriver(main) < QLBKTWMTEK␍␤
[34mCONSOLE[0m SerialLogger.ma:    SerialDriver(main) < BOOTP broadcast 1␍␤
[34mCONSOLE[0m SerialLogger.ma:    SerialDriver(main) < DHCP client bound to address 192.168.101.126 (3014 ms)␍␤
[34mCONSOLE[0m SerialLogger.ma:    SerialDriver(main) < Using ethernet@1b100000 device␍␤
[34mCONSOLE[0m SerialLogger.ma:    SerialDriver(main) < TFTP from server 192.168.101.1; our IP address is 192.168.101.126␍␤
[34mCONSOLE[0m SerialLogger.ma:    SerialDriver(main) < Filename 'bananapi_bpi-r64//openwrt-mediatek-mt7622-bananapi_bpi-r64-initramfs-recovery.itb'.␍␤
[34mCONSOLE[0m SerialLogger.ma:    SerialDriver(main) < Load address: 0x48000000␍␤
[34mCONSOLE[0m SerialLogger.ma:    SerialDriver(main) < Loading: *␈#################################################################␍␤
[34mCONSOLE[0m SerialLogger.ma:    SerialDriver(main) < 	 #################################################################␍␤
[34mCONSOLE[0m SerialLogger.ma:    SerialDriver(main) < 	 #################################################################␍␤
[34mCONSOLE[0m SerialLogger.ma:    SerialDriver(main) < 	 #################################################################␍␤
[34mCONSOLE[0m SerialLogger.ma:    SerialDriver(main) < 	 #################################################################␍␤
[34mCONSOLE[0m SerialLogger.ma:    SerialDriver(main) < 	 #################################################################␍␤
[34mCONSOLE[0m SerialLogger.ma:    SerialDriver(main) < 	 #################################################################␍␤
[34mCONSOLE[0m SerialLogger.ma:    SerialDriver(main) < 	 #################################################################␍␤
[34mCONSOLE[0m SerialLogger.ma:    SerialDriver(main) < 	 #################################################################␍␤
[34mCONSOLE[0m SerialLogger.ma:    SerialDriver(main) < 	 #################################################################␍␤
[34mCONSOLE[0m SerialLogger.ma:    SerialDriver(main) < 	 ####################␍␤
[34mCONSOLE[0m SerialLogger.ma:    SerialDriver(main) < 	 17.7 MiB/s␍␤
[34mCONSOLE[0m SerialLogger.ma:    SerialDriver(main) < done␍␤
[34mCONSOLE[0m SerialLogger.ma:    SerialDriver(main) < Bytes transferred = 9830400 (960000 hex)␍␤
[34mCONSOLE[0m SerialLogger.ma:    SerialDriver(main) < 0␍␤
[34mCONSOLE[0m SerialLogger.ma:    SerialDriver(main) < QLBKTWMTEK␍␤
[34mCONSOLE[0m SerialLogger.ma:    SerialDriver(main) < MT7622> ␍␤
[32mINFO   [0m      StepLogger:   ← SerialDriver.expect() result=(0, b' echo \'QLBK\'\'TWMTEK\'; dhcp; echo "$?"; echo \'QLBK\'\'TWMTEK\';\r\nQLBKTWMTEK\r\nBOOTP bro… [3.834s]
[32mINFO   [0m      StepLogger:  ← UBootDriver._await_prompt() [11.072s]
[32mINFO   [0m      StepLogger:  → UBootDriver.boot(name='') 
[34mCONSOLE[0m SerialLogger.ma:   SerialDriver(main) > bootm $loadaddr#$bootconf␤␍␤
[32mINFO   [0m      StepLogger:  ← UBootDriver.boot() [0.264s]
[32mINFO   [0m      StepLogger:  → UBootDriver.await_boot() 
[32mINFO   [0m      StepLogger:   → SerialDriver.expect(pattern='Linux version \\d') 
[34mCONSOLE[0m SerialLogger.ma:    SerialDriver(main) < bootm $loadaddr#$bootconf␍␤
[34mCONSOLE[0m SerialLogger.ma:    SerialDriver(main) < ## Loading kernel from FIT Image at 48000000 ...␍␤
[34mCONSOLE[0m SerialLogger.ma:    SerialDriver(main) <    Using 'config-1' configuration␍␤
[34mCONSOLE[0m SerialLogger.ma:    SerialDriver(main) <    Trying 'kernel-1' kernel subimage␍␤
[34mCONSOLE[0m SerialLogger.ma:    SerialDriver(main) <      Description:  ARM64 OpenWrt Linux-6.18.34␍␤
[34mCONSOLE[0m SerialLogger.ma:    SerialDriver(main) <      Type:         Kernel Image␍␤
[34mCONSOLE[0m SerialLogger.ma:    SerialDriver(main) <      Compression:  lzma compressed␍␤
[34mCONSOLE[0m SerialLogger.ma:    SerialDriver(main) <      Data Start:   0x480000e8␍␤
[34mCONSOLE[0m SerialLogger.ma:    SerialDriver(main) <      Data Size:    4813419 Bytes = 4.6 MiB␍␤
[34mCONSOLE[0m SerialLogger.ma:    SerialDriver(main) <      Architecture: AArch64␍␤
[34mCONSOLE[0m SerialLogger.ma:    SerialDriver(main) <      OS:           Linux␍␤
[34mCONSOLE[0m SerialLogger.ma:    SerialDriver(main) <      Load Address: 0x44000000␍␤
[34mCONSOLE[0m SerialLogger.ma:    SerialDriver(main) <      Entry Point:  0x44000000␍␤
[34mCONSOLE[0m SerialLogger.ma:    SerialDriver(main) <      Hash algo:    crc32␍␤
[34mCONSOLE[0m SerialLogger.ma:    SerialDriver(main) <      Hash value:   1ae020ce␍␤
[34mCONSOLE[0m SerialLogger.ma:    SerialDriver(main) <      Hash algo:    sha1␍␤
[34mCONSOLE[0m SerialLogger.ma:    SerialDriver(main) <      Hash value:   d7e90f173ae52e382ba6462d449a39c28f685e53␍␤
[34mCONSOLE[0m SerialLogger.ma:    SerialDriver(main) <    Verifying Hash Integrity ... crc32+ sha1+ OK␍␤
[34mCONSOLE[0m SerialLogger.ma:    SerialDriver(main) < ## Loading ramdisk from FIT Image at 48000000 ...␍␤
[34mCONSOLE[0m SerialLogger.ma:    SerialDriver(main) <    Using 'config-1' configuration␍␤
[34mCONSOLE[0m SerialLogger.ma:    SerialDriver(main) <    Trying 'initrd-1' ramdisk subimage␍␤
[34mCONSOLE[0m SerialLogger.ma:    SerialDriver(main) <      Description:  ARM64 OpenWrt bananapi_bpi-r64 initrd␍␤
[34mCONSOLE[0m SerialLogger.ma:    SerialDriver(main) <      Type:         RAMDisk Image␍␤
[34mCONSOLE[0m SerialLogger.ma:    SerialDriver(main) <      Compression:  uncompressed␍␤
[34mCONSOLE[0m SerialLogger.ma:    SerialDriver(main) <      Data Start:   0x48497490␍␤
[34mCONSOLE[0m SerialLogger.ma:    SerialDriver(main) <      Data Size:    4963408 Bytes = 4.7 MiB␍␤
[34mCONSOLE[0m SerialLogger.ma:    SerialDriver(main) <      Architecture: AArch64␍␤
[34mCONSOLE[0m SerialLogger.ma:    SerialDriver(main) <      OS:           Linux␍␤
[34mCONSOLE[0m SerialLogger.ma:    SerialDriver(main) <      Load Address: unavailable␍␤
[34mCONSOLE[0m SerialLogger.ma:    SerialDriver(main) <      Entry Point:  unavailable␍␤
[34mCONSOLE[0m SerialLogger.ma:    SerialDriver(main) <      Hash algo:    crc32␍␤
[34mCONSOLE[0m SerialLogger.ma:    SerialDriver(main) <      Hash value:   0703cdec␍␤
[34mCONSOLE[0m SerialLogger.ma:    SerialDriver(main) <      Hash algo:    sha1␍␤
[34mCONSOLE[0m SerialLogger.ma:    SerialDriver(main) <      Hash value:   68a83b8a3dca3e74bf803dc264c2fa096b5b2612␍␤
[34mCONSOLE[0m SerialLogger.ma:    SerialDriver(main) <    Verifying Hash Integrity ... crc32+ sha1+ OK␍␤
[34mCONSOLE[0m SerialLogger.ma:    SerialDriver(main) < ## Loading fdt from FIT Image at 48000000 ...␍␤
[34mCONSOLE[0m SerialLogger.ma:    SerialDriver(main) <    Using 'config-1' configuration␍␤
[34mCONSOLE[0m SerialLogger.ma:    SerialDriver(main) <    Trying 'fdt-1' fdt subimage␍␤
[34mCONSOLE[0m SerialLogger.ma:    SerialDriver(main) <      Description:  ARM64 OpenWrt bananapi_bpi-r64 device tree blob␍␤
[34mCONSOLE[0m SerialLogger.ma:    SerialDriver(main) <      Type:         Flat Device Tree␍␤
[34mCONSOLE[0m SerialLogger.ma:    SerialDriver(main) <      Compression:  uncompressed␍␤
[34mCONSOLE[0m SerialLogger.ma:    SerialDriver(main) <      Data Start:   0x489531ec␍␤
[34mCONSOLE[0m SerialLogger.ma:    SerialDriver(main) <      Data Size:    38844 Bytes = 37.9 KiB␍␤
[34mCONSOLE[0m SerialLogger.ma:    SerialDriver(main) <      Architecture: AArch64␍␤
[34mCONSOLE[0m SerialLogger.ma:    SerialDriver(main) <      Load Address: 0x43f00000␍␤
[34mCONSOLE[0m SerialLogger.ma:    SerialDriver(main) <      Hash algo:    crc32␍␤
[34mCONSOLE[0m SerialLogger.ma:    SerialDriver(main) <      Hash value:   9999be5b␍␤
[34mCONSOLE[0m SerialLogger.ma:    SerialDriver(main) <      Hash algo:    sha1␍␤
[34mCONSOLE[0m SerialLogger.ma:    SerialDriver(main) <      Hash value:   6745dec1b0f0ebccdd587a78bd7674141703fe9a␍␤
[34mCONSOLE[0m SerialLogger.ma:    SerialDriver(main) <    Verifying Hash Integrity ... crc32+ sha1+ OK␍␤
[34mCONSOLE[0m SerialLogger.ma:    SerialDriver(main) <    Loading fdt from 0x489531ec to 0x43f00000␍␤
[34mCONSOLE[0m SerialLogger.ma:    SerialDriver(main) < ## Loading fdt from FIT Image at 48000000 ...␍␤
[34mCONSOLE[0m SerialLogger.ma:    SerialDriver(main) <    Using 'mt7622-bananapi-bpi-r64-pcie1' configuration␍␤
[34mCONSOLE[0m SerialLogger.ma:    SerialDriver(main) <    Trying 'fdt-mt7622-bananapi-bpi-r64-pcie1' fdt subimage␍␤
[34mCONSOLE[0m SerialLogger.ma:    SerialDriver(main) <      Description:  ARM64 OpenWrt bananapi_bpi-r64 device tree overlay mt7622-bananapi-bpi-r64-pcie1␍␤
[34mCONSOLE[0m SerialLogger.ma:    SerialDriver(main) <      Type:         Flat Device Tree␍␤
[34mCONSOLE[0m SerialLogger.ma:    SerialDriver(main) <      Compression:  uncompressed␍␤
[34mCONSOLE[0m SerialLogger.ma:    SerialDriver(main) <      Data Start:   0x4895cb04␍␤
[34mCONSOLE[0m SerialLogger.ma:    SerialDriver(main) <      Data Size:    283 Bytes = 283 Bytes␍␤
[34mCONSOLE[0m SerialLogger.ma:    SerialDriver(main) <      Architecture: AArch64␍␤
[34mCONSOLE[0m SerialLogger.ma:    SerialDriver(main) <      Hash algo:    crc32␍␤
[34mCONSOLE[0m SerialLogger.ma:    SerialDriver(main) <      Hash value:   c301d7bf␍␤
[34mCONSOLE[0m SerialLogger.ma:    SerialDriver(main) <      Hash algo:    sha1␍␤
[34mCONSOLE[0m SerialLogger.ma:    SerialDriver(main) <      Hash value:   4570450170275628bd33eab2b11283bdd8326c57␍␤
[34mCONSOLE[0m SerialLogger.ma:    SerialDriver(main) <    Verifying Hash Integrity ... crc32+ sha1+ OK␍␤
[34mCONSOLE[0m SerialLogger.ma:    SerialDriver(main) <    Booting using the fdt blob at 0x43f00000␍␤
[34mCONSOLE[0m SerialLogger.ma:    SerialDriver(main) < Working FDT set to 43f00000␍␤
[34mCONSOLE[0m SerialLogger.ma:    SerialDriver(main) <    Uncompressing Kernel Image to 44000000␍␤
[34mCONSOLE[0m SerialLogger.ma:    SerialDriver(main) <    Loading Ramdisk to 7e32d000, end 7e7e8c50 ... OK␍␤
[34mCONSOLE[0m SerialLogger.ma:    SerialDriver(main) <    Loading Device Tree to 000000007e321000, end 000000007e32c7bb ... OK␍␤
[34mCONSOLE[0m SerialLogger.ma:    SerialDriver(main) < Working FDT set to 7e321000␍␤
[34mCONSOLE[0m SerialLogger.ma:    SerialDriver(main) < Add 'ramoops@42ff0000' node failed: FDT_ERR_EXISTS␍␤
[34mCONSOLE[0m SerialLogger.ma:    SerialDriver(main) < set /chosen/rootdisk to bootrom media: rootdisk-emmc (phandle 0x00000040)␍␤
[34mCONSOLE[0m SerialLogger.ma:    SerialDriver(main) < ␍␤
[34mCONSOLE[0m SerialLogger.ma:    SerialDriver(main) < Starting kernel ...␍␤
[34mCONSOLE[0m SerialLogger.ma:    SerialDriver(main) < ␍␤
[34mCONSOLE[0m SerialLogger.ma:    SerialDriver(main) < [    0.000000] Booting Linux on physical CPU 0x0000000000 [0x410fd034]␍␤
[34mCONSOLE[0m SerialLogger.ma:    SerialDriver(main) < [    0.000000] Linux version 6.18.34 (builder@buildhost) (aarch64-openwrt-linux-musl-gcc (OpenWrt GCC 14.3.0 r34792-a317079b57) 14.3.0, GNU ld (GNU Binutils) 2.44) #0 SMP Sat Jun  6 13␍␤
[32mINFO   [0m      StepLogger:   ← SerialDriver.expect() result=(0, b" bootm $loadaddr#$bootconf\r\n## Loading kernel from FIT Image at 48000000 ...\r\n   Using 'co… [1.775s]
[32mINFO   [0m      StepLogger:  ← UBootDriver.await_boot() [1.776s]
[32mINFO   [0m      StepLogger:  → ShellDriver._await_login() 
[32mINFO   [0m      StepLogger:   → SerialDriver.expect(pattern=['root@[\\w()]+:[^ ]+ ', 'Please press Enter to activate this console.', 'Password: ', <class 'pexpect.exceptions.TIMEOUT'>]) 
[34mCONSOLE[0m SerialLogger.ma:    SerialDriver(main) < :04:42 2026␍␤
[34mCONSOLE[0m SerialLogger.ma:    SerialDriver(main) < [    0.000000] KASLR disabled due to lack of seed␍␤
[34mCONSOLE[0m SerialLogger.ma:    SerialDriver(main) < [    0.000000] Machine model: Bananapi BPI-R64␍␤
[34mCONSOLE[0m SerialLogger.ma:    SerialDriver(main) < [    0.000000] OF: reserved mem: 0x0000000042ff0000..0x0000000042ffffff (64 KiB) map non-reusable ramoops@42ff0000␍␤
[34mCONSOLE[0m SerialLogger.ma:    SerialDriver(main) < [    0.000000] OF: reserved mem: 0x0000000043000000..0x000000004302ffff (192 KiB) nomap non-reusable secmon@43000000␍␤
[34mCONSOLE[0m SerialLogger.ma:    SerialDriver(main) < [    0.000000] Zone ranges:␍␤
[34mCONSOLE[0m SerialLogger.ma:    SerialDriver(main) < [    0.000000]   DMA      [mem 0x0000000040000000-0x000000007fffffff]␍␤
[34mCONSOLE[0m SerialLogger.ma:    SerialDriver(main) < [    0.000000]   DMA32    empty␍␤
[34mCONSOLE[0m SerialLogger.ma:    SerialDriver(main) < [    0.000000]   Normal   empty␍␤
[34mCONSOLE[0m SerialLogger.ma:    SerialDriver(main) < [    0.000000] Movable zone start for each node␍␤
[34mCONSOLE[0m SerialLogger.ma:    SerialDriver(main) < [    0.000000] Early memory node ranges␍␤
[34mCONSOLE[0m SerialLogger.ma:    SerialDriver(main) < [    0.000000]   node   0: [mem 0x0000000040000000-0x0000000042ffffff]␍␤
[34mCONSOLE[0m SerialLogger.ma:    SerialDriver(main) < [    0.000000]   node   0: [mem 0x0000000043000000-0x000000004302ffff]␍␤
[34mCONSOLE[0m SerialLogger.ma:    SerialDriver(main) < [    0.000000]   node   0: [mem 0x0000000043030000-0x000000007fffffff]␍␤
[34mCONSOLE[0m SerialLogger.ma:    SerialDriver(main) < [    0.000000] Initmem setup node 0 [mem 0x0000000040000000-0x000000007fffffff]␍␤
[34mCONSOLE[0m SerialLogger.ma:    SerialDriver(main) < [    0.000000] psci: probing for conduit method from DT.␍␤
[34mCONSOLE[0m SerialLogger.ma:    SerialDriver(main) < [    0.000000] psci: PSCIv1.1 detected in firmware.␍␤
[34mCONSOLE[0m SerialLogger.ma:    SerialDriver(main) < [    0.000000] psci: Using standard PSCI v0.2 function IDs␍␤
[34mCONSOLE[0m SerialLogger.ma:    SerialDriver(main) < [    0.000000] psci: MIGRATE_INFO_TYPE not supported.␍␤
[34mCONSOLE[0m SerialLogger.ma:    SerialDriver(main) < [    0.000000] psci: SMC Calling Convention v1.4␍␤
[34mCONSOLE[0m SerialLogger.ma:    SerialDriver(main) < [    0.000000] percpu: Embedded 20 pages/cpu s43544 r8192 d30184 u81920␍␤
[34mCONSOLE[0m SerialLogger.ma:    SerialDriver(main) < [    0.000000] pcpu-alloc: s43544 r8192 d30184 u81920 alloc=20*4096␍␤
[34mCONSOLE[0m SerialLogger.ma:    SerialDriver(main) < [    0.000000] pcpu-alloc: [0] 0 [0] 1 ␍␤
[34mCONSOLE[0m SerialLogger.ma:    SerialDriver(main) < [    0.000000] Detected VIPT I-cache on CPU0␍␤
[34mCONSOLE[0m SerialLogger.ma:    SerialDriver(main) < [    0.000000] CPU features: kernel page table isolation disabled by kernel configuration␍␤
[34mCONSOLE[0m SerialLogger.ma:    SerialDriver(main) < [    0.000000] CPU features: detected: ARM erratum 843419␍␤
[34mCONSOLE[0m SerialLogger.ma:    SerialDriver(main) < [    0.000000] alternatives: applying boot alternatives␍␤
[34mCONSOLE[0m SerialLogger.ma:    SerialDriver(main) < [    0.000000] Kernel command line: root=/dev/fit0 rootwait␍␤
[34mCONSOLE[0m SerialLogger.ma:    SerialDriver(main) < [    0.000000] printk: log buffer data + meta data: 131072 + 458752 = 589824 bytes␍␤
[34mCONSOLE[0m SerialLogger.ma:    SerialDriver(main) < [    0.000000] Dentry cache hash table entries: 131072 (order: 8, 1048576 bytes, linear)␍␤
[34mCONSOLE[0m SerialLogger.ma:    SerialDriver(main) < [    0.000000] Inode-cache hash table entries: 65536 (order: 7, 524288 bytes, linear)␍␤
[34mCONSOLE[0m SerialLogger.ma:    SerialDriver(main) < [    0.000000] software IO TLB: SWIOTLB bounce buffer size adjusted to 1MB␍␤
[34mCONSOLE[0m SerialLogger.ma:    SerialDriver(main) < [    0.000000] software IO TLB: area num 2.␍␤
[34mCONSOLE[0m SerialLogger.ma:    SerialDriver(main) < [    0.000000] software IO TLB: mapped [mem 0x000000007eb00000-0x000000007ec00000] (1MB)␍␤
[34mCONSOLE[0m SerialLogger.ma:    SerialDriver(main) < [    0.000000] Built 1 zonelists, mobility grouping on.  Total pages: 262144␍␤
[34mCONSOLE[0m SerialLogger.ma:    SerialDriver(main) < [    0.000000] mem auto-init: stack:off, heap alloc:off, heap free:off␍␤
[34mCONSOLE[0m SerialLogger.ma:    SerialDriver(main) < [    0.000000] SLUB: HWalign=64, Order=0-3, MinObjects=0, CPUs=2, Nodes=1␍␤
[34mCONSOLE[0m SerialLogger.ma:    SerialDriver(main) < [    0.000000] rcu: Hierarchical RCU implementation.␍␤
[34mCONSOLE[0m SerialLogger.ma:    SerialDriver(main) < [    0.000000] 	Tracing variant of Tasks RCU enabled.␍␤
[34mCONSOLE[0m SerialLogger.ma:    SerialDriver(main) < [    0.000000] rcu: RCU calculated value of scheduler-enlistment delay is 10 jiffies.␍␤
[34mCONSOLE[0m SerialLogger.ma:    SerialDriver(main) < [    0.000000] RCU Tasks Trace: Setting shift to 1 and lim to 1 rcu_task_cb_adjust=1 rcu_task_cpu_ids=2.␍␤
[34mCONSOLE[0m SerialLogger.ma:    SerialDriver(main) < [    0.000000] NR_IRQS: 64, nr_irqs: 64, preallocated irqs: 0␍␤
[34mCONSOLE[0m SerialLogger.ma:    SerialDriver(main) < [    0.000000] Root IRQ handler: gic_handle_irq␍␤
[34mCONSOLE[0m SerialLogger.ma:    SerialDriver(main) < [    0.000000] GIC: Using split EOI/Deactivate mode␍␤
[34mCONSOLE[0m SerialLogger.ma:    SerialDriver(main) < [    0.000000] rcu: srcu_init: Setting srcu_struct sizes based on contention.␍␤
[34mCONSOLE[0m SerialLogger.ma:    SerialDriver(main) < [    0.000000] arch_timer: cp15 timer running at 12.50MHz (phys).␍␤
[34mCONSOLE[0m SerialLogger.ma:    SerialDriver(main) < [    0.000000] clocksource: arch_sys_counter: mask: 0xffffffffffffff max_cycles: 0x2e2049cda, max_idle_ns: 440795202628 ns␍␤
[34mCONSOLE[0m SerialLogger.ma:    SerialDriver(main) < [    0.000000] sched_clock: 56 bits at 13MHz, resolution 80ns, wraps every 4398046511080ns␍␤
[34mCONSOLE[0m SerialLogger.ma:    SerialDriver(main) < [    0.000252] Calibrating delay loop (skipped), value calculated using timer frequency.. 25.00 BogoMIPS (lpj=125000)␍␤
[34mCONSOLE[0m SerialLogger.ma:    SerialDriver(main) < [    0.000261] pid_max: default: 32768 minimum: 301␍␤
[34mCONSOLE[0m SerialLogger.ma:    SerialDriver(main) < [    0.002671] Mount-cache hash table entries: 2048 (order: 2, 16384 bytes, linear)␍␤
[34mCONSOLE[0m SerialLogger.ma:    SerialDriver(main) < [    0.002683] Mountpoint-cache hash table entries: 2048 (order: 2, 16384 bytes, linear)␍␤
[34mCONSOLE[0m SerialLogger.ma:    SerialDriver(main) < [    0.008705] rcu: Hierarchical SRCU implementation.␍␤
[34mCONSOLE[0m SerialLogger.ma:    SerialDriver(main) < [    0.008714] rcu: 	Max phase no-delay instances is 1000.␍␤
[34mCONSOLE[0m SerialLogger.ma:    SerialDriver(main) < [    0.008903] Timer migration: 1 hierarchy levels; 8 children per group; 1 crossnode level␍␤
[34mCONSOLE[0m SerialLogger.ma:    SerialDriver(main) < [    0.009147] smp: Bringing up secondary CPUs ...␍␤
[34mCONSOLE[0m SerialLogger.ma:    SerialDriver(main) < [    0.009564] Detected VIPT I-cache on CPU1␍␤
[34mCONSOLE[0m SerialLogger.ma:    SerialDriver(main) < [    0.009572] CPU features: SANITY CHECK: Unexpected variation in SYS_CNTFRQ_EL0. Boot CPU: 0x00000000bebc20, CPU1: 0x00000000000000␍␤
[34mCONSOLE[0m SerialLogger.ma:    SerialDriver(main) < [    0.009598] CPU features: Unsupported CPU feature variation detected.␍␤
[34mCONSOLE[0m SerialLogger.ma:    SerialDriver(main) < [    0.009681] CPU1: Booted secondary processor 0x0000000001 [0x410fd034]␍␤
[34mCONSOLE[0m SerialLogger.ma:    SerialDriver(main) < [    0.009770] smp: Brought up 1 node, 2 CPUs␍␤
[34mCONSOLE[0m SerialLogger.ma:    SerialDriver(main) < [    0.009775] SMP: Total of 2 processors activated.␍␤
[34mCONSOLE[0m SerialLogger.ma:    SerialDriver(main) < [    0.009778] CPU: All CPU(s) started at EL2␍␤
[34mCONSOLE[0m SerialLogger.ma:    SerialDriver(main) < [    0.009780] CPU features: detected: 32-bit EL0 Support␍␤
[34mCONSOLE[0m SerialLogger.ma:    SerialDriver(main) < [    0.009784] CPU features: detected: CRC32 instructions␍␤
[34mCONSOLE[0m SerialLogger.ma:    SerialDriver(main) < [    0.009812] alternatives: applying system-wide alternatives␍␤
[34mCONSOLE[0m SerialLogger.ma:    SerialDriver(main) < [    0.009949] CPU features: emulated: Privileged Access Never (PAN) using TTBR0_EL1 switching␍␤
[34mCONSOLE[0m SerialLogger.ma:    SerialDriver(main) < [    0.010123] Memory: 1003116K/1048576K available (10112K kernel code, 940K rwdata, 2936K rodata, 960K init, 315K bss, 42044K reserved, 0K cma-reserved)␍␤
[34mCONSOLE[0m SerialLogger.ma:    SerialDriver(main) < [    0.014981] clocksource: jiffies: mask: 0xffffffff max_cycles: 0xffffffff, max_idle_ns: 19112604462750000 ns␍␤
[34mCONSOLE[0m SerialLogger.ma:    SerialDriver(main) < [    0.015016] posixtimers hash table entries: 1024 (order: 2, 16384 bytes, linear)␍␤
[34mCONSOLE[0m SerialLogger.ma:    SerialDriver(main) < [    0.015052] futex hash table entries: 512 (32768 bytes on 1 NUMA nodes, total 32 KiB, linear).␍␤
[34mCONSOLE[0m SerialLogger.ma:    SerialDriver(main) < [    0.015093] 28896 pages in range for non-PLT usage␍␤
[34mCONSOLE[0m SerialLogger.ma:    SerialDriver(main) < [    0.015096] 520416 pages in range for PLT usage␍␤
[34mCONSOLE[0m SerialLogger.ma:    SerialDriver(main) < [    0.016652] pinctrl core: initialized pinctrl subsystem␍␤
[34mCONSOLE[0m SerialLogger.ma:    SerialDriver(main) < [    0.019147] NET: Registered PF_NETLINK/PF_ROUTE protocol family␍␤
[34mCONSOLE[0m SerialLogger.ma:    SerialDriver(main) < [    0.019534] DMA: preallocated 128 KiB GFP_KERNEL pool for atomic allocations␍␤
[34mCONSOLE[0m SerialLogger.ma:    SerialDriver(main) < [    0.019560] DMA: preallocated 128 KiB GFP_KERNEL|GFP_DMA pool for atomic allocations␍␤
[34mCONSOLE[0m SerialLogger.ma:    SerialDriver(main) < [    0.019581] DMA: preallocated 128 KiB GFP_KERNEL|GFP_DMA32 pool for atomic allocations␍␤
[34mCONSOLE[0m SerialLogger.ma:    SerialDriver(main) < [    0.020168] thermal_sys: Registered thermal governor 'fair_share'␍␤
[34mCONSOLE[0m SerialLogger.ma:    SerialDriver(main) < [    0.020172] thermal_sys: Registered thermal governor 'bang_bang'␍␤
[34mCONSOLE[0m SerialLogger.ma:    SerialDriver(main) < [    0.020176] thermal_sys: Registered thermal governor 'step_wise'␍␤
[34mCONSOLE[0m SerialLogger.ma:    SerialDriver(main) < [    0.020178] thermal_sys: Registered thermal governor 'user_space'␍␤
[34mCONSOLE[0m SerialLogger.ma:    SerialDriver(main) < [    0.020270] ASID allocator initialised with 65536 entries␍␤
[34mCONSOLE[0m SerialLogger.ma:    SerialDriver(main) < [    0.020994] pstore: Using crash dump compression: deflate␍␤
[34mCONSOLE[0m SerialLogger.ma:    SerialDriver(main) < [    0.020999] pstore: Registered ramoops as persistent store backend␍␤
[34mCONSOLE[0m SerialLogger.ma:    SerialDriver(main) < [    0.021002] ramoops: using 0x10000@0x42ff0000, ecc: 0␍␤
[34mCONSOLE[0m SerialLogger.ma:    SerialDriver(main) < [    0.031117] /pcie@1a143000: Fixed dependency cycle(s) with /pcie@1a143000/interrupt-controller␍␤
[34mCONSOLE[0m SerialLogger.ma:    SerialDriver(main) < [    0.031414] /pcie@1a145000: Fixed dependency cycle(s) with /pcie@1a145000/interrupt-controller␍␤
[34mCONSOLE[0m SerialLogger.ma:    SerialDriver(main) < [    0.045789] SCSI subsystem initialized␍␤
[34mCONSOLE[0m SerialLogger.ma:    SerialDriver(main) < [    0.046068] libata version 3.00 loaded.␍␤
[34mCONSOLE[0m SerialLogger.ma:    SerialDriver(main) < [    0.047890] clocksource: Switched to clocksource arch_sys_counter␍␤
[34mCONSOLE[0m SerialLogger.ma:    SerialDriver(main) < [    0.050395] NET: Registered PF_INET protocol family␍␤
[34mCONSOLE[0m SerialLogger.ma:    SerialDriver(main) < [    0.050559] IP idents hash table entries: 16384 (order: 5, 131072 bytes, linear)␍␤
[34mCONSOLE[0m SerialLogger.ma:    SerialDriver(main) < [    0.052337] tcp_listen_portaddr_hash hash table entries: 512 (order: 1, 8192 bytes, linear)␍␤
[34mCONSOLE[0m SerialLogger.ma:    SerialDriver(main) < [    0.052358] Table-perturb hash table entries: 65536 (order: 6, 262144 bytes, linear)␍␤
[34mCONSOLE[0m SerialLogger.ma:    SerialDriver(main) < [    0.052373] TCP established hash table entries: 8192 (order: 4, 65536 bytes, linear)␍␤
[34mCONSOLE[0m SerialLogger.ma:    SerialDriver(main) < [    0.052427] TCP bind hash table entries: 8192 (order: 6, 262144 bytes, linear)␍␤
[34mCONSOLE[0m SerialLogger.ma:    SerialDriver(main) < [    0.052641] TCP: Hash tables configured (established 8192 bind 8192)␍␤
[34mCONSOLE[0m SerialLogger.ma:    SerialDriver(main) < [    0.052932] MPTCP token hash table entries: 1024 (order: 3, 24576 bytes, linear)␍␤
[34mCONSOLE[0m SerialLogger.ma:    SerialDriver(main) < [    0.053068] UDP hash table entries: 512 (order: 3, 32768 bytes, linear)␍␤
[34mCONSOLE[0m SerialLogger.ma:    SerialDriver(main) < [    0.053107] UDP-Lite hash table entries: 512 (order: 3, 32768 bytes, linear)␍␤
[34mCONSOLE[0m SerialLogger.ma:    SerialDriver(main) < [    0.053367] NET: Registered PF_UNIX/PF_LOCAL protocol family␍␤
[34mCONSOLE[0m SerialLogger.ma:    SerialDriver(main) < [    0.053408] PCI: CLS 0 bytes, default 64␍␤
[34mCONSOLE[0m SerialLogger.ma:    SerialDriver(main) < [    0.053699] Unpacking initramfs...␍␤
[34mCONSOLE[0m SerialLogger.ma:    SerialDriver(main) < [    0.060928] workingset: timestamp_bits=46 max_order=18 bucket_order=0␍␤
[34mCONSOLE[0m SerialLogger.ma:    SerialDriver(main) < [    0.066034] squashfs: version 4.0 (2009/01/31) Phillip Lougher␍␤
[34mCONSOLE[0m SerialLogger.ma:    SerialDriver(main) < [    0.066044] jffs2: version 2.2 (NAND) (SUMMARY) (LZMA) (RTIME) (CMODE_PRIORITY) (c) 2001-2006 Red Hat, Inc.␍␤
[34mCONSOLE[0m SerialLogger.ma:    SerialDriver(main) < [    0.078312] cryptd: max_cpu_qlen set to 1000␍␤
[34mCONSOLE[0m SerialLogger.ma:    SerialDriver(main) < [    0.127949] Block layer SCSI generic (bsg) driver version 0.4 loaded (major 250)␍␤
[34mCONSOLE[0m SerialLogger.ma:    SerialDriver(main) < [    0.146664] mt-pmic-pwrap 10001000.pwrap: unexpected interrupt int=0x1␍␤
[34mCONSOLE[0m SerialLogger.ma:    SerialDriver(main) < [    0.161021] Serial: 8250/16550 driver, 16 ports, IRQ sharing enabled␍␤
[34mCONSOLE[0m SerialLogger.ma:    SerialDriver(main) < [    0.165176] printk: legacy console [ttyS0] disabled␍␤
[34mCONSOLE[0m SerialLogger.ma:    SerialDriver(main) < [    0.185725] 11002000.serial: ttyS0 at MMIO 0x11002000 (irq = 118, base_baud = 1562500) is a ST16650V2␍␤
[34mCONSOLE[0m SerialLogger.ma:    SerialDriver(main) < [    0.185782] printk: legacy console [ttyS0] enabled␍␤
[34mCONSOLE[0m SerialLogger.ma:    SerialDriver(main) < [    0.915674] mtk_rng 1020f000.rng: registered RNG driver␍␤
[34mCONSOLE[0m SerialLogger.ma:    SerialDriver(main) < [    0.915826] random: crng init done␍␤
[34mCONSOLE[0m SerialLogger.ma:    SerialDriver(main) < [    0.927687] loop: module loaded␍␤
[34mCONSOLE[0m SerialLogger.ma:    SerialDriver(main) < [    0.932097] mtk-ecc 1100e000.ecc: probed␍␤
[34mCONSOLE[0m SerialLogger.ma:    SerialDriver(main) < [    0.939656] spi-nand spi1.0: Winbond SPI NAND was found.␍␤
[34mCONSOLE[0m SerialLogger.ma:    SerialDriver(main) < [    0.944981] spi-nand spi1.0: 128 MiB, block size: 128 KiB, page size: 2048, OOB size: 64␍␤
[34mCONSOLE[0m SerialLogger.ma:    SerialDriver(main) < [    0.953241] mtk-snand 1100d000.spi: ECC strength: 4 bits per 512 bytes␍␤
[34mCONSOLE[0m SerialLogger.ma:    SerialDriver(main) < [    1.351498] Freeing initrd memory: 4844K␍␤
[34mCONSOLE[0m SerialLogger.ma:    SerialDriver(main) < [    1.362709] 2 fixed-partitions partitions found on MTD device spi1.0␍␤
[34mCONSOLE[0m SerialLogger.ma:    SerialDriver(main) < [    1.369385] Creating 2 MTD partitions on "spi1.0":␍␤
[34mCONSOLE[0m SerialLogger.ma:    SerialDriver(main) < [    1.374186] 0x000000000000-0x000000080000 : "bl2"␍␤
[34mCONSOLE[0m SerialLogger.ma:    SerialDriver(main) < [    1.379892] 0x000000080000-0x000008000000 : "ubi"␍␤
[34mCONSOLE[0m SerialLogger.ma:    SerialDriver(main) < [    1.518518] ubi0: default fastmap pool size: 50␍␤
[34mCONSOLE[0m SerialLogger.ma:    SerialDriver(main) < [    1.523064] ubi0: default fastmap WL pool size: 25␍␤
[34mCONSOLE[0m SerialLogger.ma:    SerialDriver(main) < [    1.527848] ubi0: attaching mtd1␍␤
[34mCONSOLE[0m SerialLogger.ma:    SerialDriver(main) < [    1.847930] ubi0: scanning is finished␍␤
[34mCONSOLE[0m SerialLogger.ma:    SerialDriver(main) < [    1.856211] ubi0: attached mtd1 (name "ubi", size 127 MiB)␍␤
[34mCONSOLE[0m SerialLogger.ma:    SerialDriver(main) < [    1.861732] ubi0: PEB size: 131072 bytes (128 KiB), LEB size: 126976 bytes␍␤
[34mCONSOLE[0m SerialLogger.ma:    SerialDriver(main) < [    1.868606] ubi0: min./max. I/O unit sizes: 2048/2048, sub-page size 2048␍␤
[34mCONSOLE[0m SerialLogger.ma:    SerialDriver(main) < [    1.875386] ubi0: VID header offset: 2048 (aligned 2048), data offset: 4096␍␤
[34mCONSOLE[0m SerialLogger.ma:    SerialDriver(main) < [    1.882343] ubi0: good PEBs: 1020, bad PEBs: 0, corrupted PEBs: 0␍␤
[34mCONSOLE[0m SerialLogger.ma:    SerialDriver(main) < [    1.888433] ubi0: user volume: 6, internal volumes: 1, max. volumes count: 128␍␤
[34mCONSOLE[0m SerialLogger.ma:    SerialDriver(main) < [    1.895647] ubi0: max/mean erase counter: 2/1, WL threshold: 4096, image sequence number: 0␍␤
[34mCONSOLE[0m SerialLogger.ma:    SerialDriver(main) < [    1.903993] ubi0: available PEBs: 0, total reserved PEBs: 1020, PEBs reserved for bad PEB handling: 20␍␤
[34mCONSOLE[0m SerialLogger.ma:    SerialDriver(main) < [    1.913309] ubi0: background thread "ubi_bgt0d" started, PID 294␍␤
[34mCONSOLE[0m SerialLogger.ma:    SerialDriver(main) < [    1.914693] block ubiblock0_4: created from ubi0:4(fit)␍␤
[34mCONSOLE[0m SerialLogger.ma:    SerialDriver(main) < [    1.930522] mtk_soc_eth 1b100000.ethernet: legacy DT: missing interrupt-names.␍␤
[34mCONSOLE[0m SerialLogger.ma:    SerialDriver(main) < [    2.069218] mtk_soc_eth 1b100000.ethernet: generated random MAC address 20:08:02:00:00:00␍␤
[34mCONSOLE[0m SerialLogger.ma:    SerialDriver(main) < [    2.080568] mtk_soc_eth 1b100000.ethernet eth0: mediatek frame engine at 0xffffffc081500000, irq 124␍␤
[34mCONSOLE[0m SerialLogger.ma:    SerialDriver(main) < [    2.090636] mtk_soc_eth 1b100000.ethernet eth1: mediatek frame engine at 0xffffffc081500000, irq 124␍␤
[34mCONSOLE[0m SerialLogger.ma:    SerialDriver(main) < [    2.100606] i2c_dev: i2c /dev entries driver␍␤
[34mCONSOLE[0m SerialLogger.ma:    SerialDriver(main) < [    2.108496] mtk-wdt 10212000.watchdog: Watchdog enabled (timeout=31 sec, nowayout=0)␍␤
[34mCONSOLE[0m SerialLogger.ma:    SerialDriver(main) < [    2.118848] NET: Registered PF_INET6 protocol family␍␤
[34mCONSOLE[0m SerialLogger.ma:    SerialDriver(main) < [    2.119723] mtk-msdc 11240000.mmc: Got CD GPIO␍␤
[34mCONSOLE[0m SerialLogger.ma:    SerialDriver(main) < [    2.125366] Segment Routing with IPv6␍␤
[34mCONSOLE[0m SerialLogger.ma:    SerialDriver(main) < [    2.132017] In-situ OAM (IOAM) with IPv6␍␤
[34mCONSOLE[0m SerialLogger.ma:    SerialDriver(main) < [    2.136018] NET: Registered PF_PACKET protocol family␍␤
[34mCONSOLE[0m SerialLogger.ma:    SerialDriver(main) < [    2.141169] bridge: filtering via arp/ip/ip6tables is no longer available by default. Update your scripts to load br_netfilter if you need this.␍␤
[34mCONSOLE[0m SerialLogger.ma:    SerialDriver(main) < [    2.154715] 8021q: 802.1Q VLAN Support v1.8␍␤
[34mCONSOLE[0m SerialLogger.ma:    SerialDriver(main) < [    2.158996] mtk-msdc 11230000.mmc: msdc_track_cmd_data: cmd=52 arg=00000C00; host->error=0x00000002␍␤
[34mCONSOLE[0m SerialLogger.ma:    SerialDriver(main) < [    2.168206] mtk-msdc 11230000.mmc: msdc_track_cmd_data: cmd=52 arg=80000C08; host->error=0x00000002␍␤
[34mCONSOLE[0m SerialLogger.ma:    SerialDriver(main) < [    2.185827] mtk-msdc 11230000.mmc: msdc_track_cmd_data: cmd=8 arg=000001AA; host->error=0x00000002␍␤
[34mCONSOLE[0m SerialLogger.ma:    SerialDriver(main) < [    2.195402] mtk-msdc 11230000.mmc: msdc_track_cmd_data: cmd=5 arg=00000000; host->error=0x00000002␍␤
[34mCONSOLE[0m SerialLogger.ma:    SerialDriver(main) < [    2.204955] mtk-msdc 11230000.mmc: msdc_track_cmd_data: cmd=5 arg=00000000; host->error=0x00000002␍␤
[34mCONSOLE[0m SerialLogger.ma:    SerialDriver(main) < [    2.214482] mtk-msdc 11230000.mmc: msdc_track_cmd_data: cmd=5 arg=00000000; host->error=0x00000002␍␤
[34mCONSOLE[0m SerialLogger.ma:    SerialDriver(main) < [    2.223992] mtk-msdc 11230000.mmc: msdc_track_cmd_data: cmd=5 arg=00000000; host->error=0x00000002␍␤
[34mCONSOLE[0m SerialLogger.ma:    SerialDriver(main) < [    2.233513] mtk-msdc 11230000.mmc: msdc_track_cmd_data: cmd=55 arg=00000000; host->error=0x00000002␍␤
[34mCONSOLE[0m SerialLogger.ma:    SerialDriver(main) < [    2.243133] mtk-msdc 11230000.mmc: msdc_track_cmd_data: cmd=55 arg=00000000; host->error=0x00000002␍␤
[34mCONSOLE[0m SerialLogger.ma:    SerialDriver(main) < [    2.252740] mtk-msdc 11230000.mmc: msdc_track_cmd_data: cmd=55 arg=00000000; host->error=0x00000002␍␤
[34mCONSOLE[0m SerialLogger.ma:    SerialDriver(main) < [    2.262347] mtk-msdc 11230000.mmc: msdc_track_cmd_data: cmd=55 arg=00000000; host->error=0x00000002␍␤
[34mCONSOLE[0m SerialLogger.ma:    SerialDriver(main) < [    2.280847] mtk-pcie 1a143000.pcie: host bridge /pcie@1a143000 ranges:␍␤
[34mCONSOLE[0m SerialLogger.ma:    SerialDriver(main) < [    2.287395] mtk-pcie 1a143000.pcie: Parsing ranges property...␍␤
[34mCONSOLE[0m SerialLogger.ma:    SerialDriver(main) < [    2.293317] mtk-pcie 1a143000.pcie:      MEM 0x0020000000..0x0027ffffff -> 0x0020000000␍␤
[34mCONSOLE[0m SerialLogger.ma:    SerialDriver(main) < [    2.347236] mmc0: new HS200 MMC card at address 0001␍␤
[34mCONSOLE[0m SerialLogger.ma:    SerialDriver(main) < [    2.354120] mmcblk0: mmc0:0001 008G30 7.28 GiB␍␤
[34mCONSOLE[0m SerialLogger.ma:    SerialDriver(main) < [    2.362002] Alternate GPT is invalid, using primary GPT.␍␤
[34mCONSOLE[0m SerialLogger.ma:    SerialDriver(main) < [    2.367365]  mmcblk0: p1 p2 p3 p4 p128␍␤
[34mCONSOLE[0m SerialLogger.ma:    SerialDriver(main) < [    2.373112] mmcblk0boot0: mmc0:0001 008G30 4.00 MiB␍␤
[34mCONSOLE[0m SerialLogger.ma:    SerialDriver(main) < [    2.380927] mmcblk0boot1: mmc0:0001 008G30 4.00 MiB␍␤
[34mCONSOLE[0m SerialLogger.ma:    SerialDriver(main) < [    2.388438] mmcblk0rpmb: mmc0:0001 008G30 4.00 MiB, chardev (248:0)␍␤
[34mCONSOLE[0m SerialLogger.ma:    SerialDriver(main) < [    2.507916] mtk-pcie 1a143000.pcie: Port0 link down␍␤
[34mCONSOLE[0m SerialLogger.ma:    SerialDriver(main) < [    2.513220] mtk-pcie 1a143000.pcie: PCI host bridge to bus 0000:00␍␤
[34mCONSOLE[0m SerialLogger.ma:    SerialDriver(main) < [    2.519452] pci_bus 0000:00: root bus resource [bus 00-ff]␍␤
[34mCONSOLE[0m SerialLogger.ma:    SerialDriver(main) < [    2.524944] pci_bus 0000:00: root bus resource [mem 0x20000000-0x27ffffff]␍␤
[34mCONSOLE[0m SerialLogger.ma:    SerialDriver(main) < [    2.531832] pci_bus 0000:00: scanning bus␍␤
[34mCONSOLE[0m SerialLogger.ma:    SerialDriver(main) < [    2.537946] pci_bus 0000:00: fixups for bus␍␤
[34mCONSOLE[0m SerialLogger.ma:    SerialDriver(main) < [    2.542135] pci_bus 0000:00: bus scan returning with max=00␍␤
[34mCONSOLE[0m SerialLogger.ma:    SerialDriver(main) < [    2.547708] pci_bus 0000:00: resource 4 [mem 0x20000000-0x27ffffff]␍␤
[34mCONSOLE[0m SerialLogger.ma:    SerialDriver(main) < [    2.554451] mtk-pcie 1a145000.pcie: host bridge /pcie@1a145000 ranges:␍␤
[34mCONSOLE[0m SerialLogger.ma:    SerialDriver(main) < [    2.561016] mtk-pcie 1a145000.pcie: Parsing ranges property...␍␤
[34mCONSOLE[0m SerialLogger.ma:    SerialDriver(main) < [    2.566851] mtk-pcie 1a145000.pcie:      MEM 0x0028000000..0x002fffffff -> 0x0028000000␍␤
[34mCONSOLE[0m SerialLogger.ma:    SerialDriver(main) < [    2.777998] mtk-pcie 1a145000.pcie: Port1 link down␍␤
[34mCONSOLE[0m SerialLogger.ma:    SerialDriver(main) < [    2.783103] mtk-pcie 1a145000.pcie: PCI host bridge to bus 0001:00␍␤
[34mCONSOLE[0m SerialLogger.ma:    SerialDriver(main) < [    2.789324] pci_bus 0001:00: root bus resource [bus 00-ff]␍␤
[34mCONSOLE[0m SerialLogger.ma:    SerialDriver(main) < [    2.794814] pci_bus 0001:00: root bus resource [mem 0x28000000-0x2fffffff]␍␤
[34mCONSOLE[0m SerialLogger.ma:    SerialDriver(main) < [    2.801701] pci_bus 0001:00: scanning bus␍␤
[34mCONSOLE[0m SerialLogger.ma:    SerialDriver(main) < [    2.807405] pci_bus 0001:00: fixups for bus␍␤
[34mCONSOLE[0m SerialLogger.ma:    SerialDriver(main) < [    2.811605] pci_bus 0001:00: bus scan returning with max=00␍␤
[34mCONSOLE[0m SerialLogger.ma:    SerialDriver(main) < [    2.817182] pci_bus 0001:00: resource 4 [mem 0x28000000-0x2fffffff]␍␤
[34mCONSOLE[0m SerialLogger.ma:    SerialDriver(main) < [    2.824312] mtk_hsdma 1b007000.dma-controller: MediaTek HSDMA driver registered␍␤
[34mCONSOLE[0m SerialLogger.ma:    SerialDriver(main) < [    2.833523] FIT: Detected U-Boot 2024.10-OpenWrt-r28199-1bdb6d8404␍␤
[34mCONSOLE[0m SerialLogger.ma:    SerialDriver(main) < [    2.839742] FIT: Selected configuration: "config-1" (OpenWrt bananapi_bpi-r64)␍␤
[34mCONSOLE[0m SerialLogger.ma:    SerialDriver(main) < [    2.846971] FIT:           kernel sub-image 0x00001000..0x005a35ba "kernel-1" (ARM64 OpenWrt Linux-6.6.63) ␍␤
[34mCONSOLE[0m SerialLogger.ma:    SerialDriver(main) < [    2.856732] FIT:          flat_dt sub-image 0x005a4000..0x005ad6cb "fdt-1" (ARM64 OpenWrt bananapi_bpi-r64 device tree blob) ␍␤
[34mCONSOLE[0m SerialLogger.ma:    SerialDriver(main) < [    2.868051] FIT:          flat_dt sub-image 0x005ae000..0x005ae11a "fdt-mt7622-bananapi-bpi-r64-pcie1" (ARM64 OpenWrt bananapi_bpi-r64 device tree overlay mt7622-bananapi-bpi-r64-pcie1) ␍␤
[34mCONSOLE[0m SerialLogger.ma:    SerialDriver(main) < [    2.884667] FIT:          flat_dt sub-image 0x005af000..0x005af20f "fdt-mt7622-bananapi-bpi-r64-sata" (ARM64 OpenWrt bananapi_bpi-r64 device tree overlay mt7622-bananapi-bpi-r64-sata) ␍␤
[34mCONSOLE[0m SerialLogger.ma:    SerialDriver(main) < [    2.901121] FIT:       filesystem sub-image 0x005b0000..0x06515fff "rootfs-1" (ARM64 OpenWrt bananapi_bpi-r64 rootfs) ␍␤
[34mCONSOLE[0m SerialLogger.ma:    SerialDriver(main) < [    2.912304] block mmcblk0p4: mapped 1 uImage.FIT filesystem sub-image as /dev/fit0␍␤
[34mCONSOLE[0m SerialLogger.ma:    SerialDriver(main) < [    2.920349] block mmcblk0p4: mapped remaining space as /dev/fitrw␍␤
[34mCONSOLE[0m SerialLogger.ma:    SerialDriver(main) < [    3.024038] mt7530-mdio mdio-bus:1f: configuring for fixed/rgmii link mode␍␤
[34mCONSOLE[0m SerialLogger.ma:    SerialDriver(main) < [    3.031314] mt7530-mdio mdio-bus:1f: Link is Up - 1Gbps/Full - flow control rx/tx␍␤
[34mCONSOLE[0m SerialLogger.ma:    SerialDriver(main) < [    3.031761] mt7530-mdio mdio-bus:1f: configuring for fixed/2500base-x link mode␍␤
[34mCONSOLE[0m SerialLogger.ma:    SerialDriver(main) < [    3.048026] mt7530-mdio mdio-bus:1f: Link is Up - 2.5Gbps/Full - flow control rx/tx␍␤
[34mCONSOLE[0m SerialLogger.ma:    SerialDriver(main) < [    3.058018] mt7530-mdio mdio-bus:1f wan (uninitialized): PHY [mt7530-0:00] driver [MediaTek MT7531 PHY] (irq=133)␍␤
[34mCONSOLE[0m SerialLogger.ma:    SerialDriver(main) < [    3.084006] mt7530-mdio mdio-bus:1f lan1 (uninitialized): PHY [mt7530-0:01] driver [MediaTek MT7531 PHY] (irq=134)␍␤
[34mCONSOLE[0m SerialLogger.ma:    SerialDriver(main) < [    3.109639] mt7530-mdio mdio-bus:1f lan2 (uninitialized): PHY [mt7530-0:02] driver [MediaTek MT7531 PHY] (irq=135)␍␤
[34mCONSOLE[0m SerialLogger.ma:    SerialDriver(main) < [    3.135306] mt7530-mdio mdio-bus:1f lan3 (uninitialized): PHY [mt7530-0:03] driver [MediaTek MT7531 PHY] (irq=136)␍␤
[34mCONSOLE[0m SerialLogger.ma:    SerialDriver(main) < [    3.160917] mt7530-mdio mdio-bus:1f lan4 (uninitialized): PHY [mt7530-0:04] driver [MediaTek MT7531 PHY] (irq=137)␍␤
[34mCONSOLE[0m SerialLogger.ma:    SerialDriver(main) < [    3.176458] mtk_soc_eth 1b100000.ethernet eth1: entered promiscuous mode␍␤
[34mCONSOLE[0m SerialLogger.ma:    SerialDriver(main) < [    3.183228] mtk_soc_eth 1b100000.ethernet eth0: entered promiscuous mode␍␤
[34mCONSOLE[0m SerialLogger.ma:    SerialDriver(main) < [    3.189963] DSA: tree 0 setup␍␤
[34mCONSOLE[0m SerialLogger.ma:    SerialDriver(main) < [    3.193300] clk: Disabling unused clocks␍␤
[34mCONSOLE[0m SerialLogger.ma:    SerialDriver(main) < [    3.197533] PM: genpd: Disabling unused power domains␍␤
[34mCONSOLE[0m SerialLogger.ma:    SerialDriver(main) < [    3.203278] Freeing unused kernel memory: 960K␍␤
[34mCONSOLE[0m SerialLogger.ma:    SerialDriver(main) < [    3.207772] Run /init as init process␍␤
[34mCONSOLE[0m SerialLogger.ma:    SerialDriver(main) < [    3.211441]   with arguments:␍␤
[34mCONSOLE[0m SerialLogger.ma:    SerialDriver(main) < [    3.214399]     /init␍␤
[34mCONSOLE[0m SerialLogger.ma:    SerialDriver(main) < [    3.216663]   with environment:␍␤
[34mCONSOLE[0m SerialLogger.ma:    SerialDriver(main) < [    3.219799]     HOME=/␍␤
[34mCONSOLE[0m SerialLogger.ma:    SerialDriver(main) < [    3.222150]     TERM=linux␍␤
[34mCONSOLE[0m SerialLogger.ma:    SerialDriver(main) < [    3.393969] init: Console is alive␍␤
[34mCONSOLE[0m SerialLogger.ma:    SerialDriver(main) < [    3.397704] init: - watchdog -␍␤
[34mCONSOLE[0m SerialLogger.ma:    SerialDriver(main) < [    3.411065] kmodloader: loading kernel modules from /etc/modules-boot.d/*␍␤
[34mCONSOLE[0m SerialLogger.ma:    SerialDriver(main) < [    3.425599] usbcore: registered new interface driver usbfs␍␤
[34mCONSOLE[0m SerialLogger.ma:    SerialDriver(main) < [    3.431178] usbcore: registered new interface driver hub␍␤
[34mCONSOLE[0m SerialLogger.ma:    SerialDriver(main) < [    3.436553] usbcore: registered new device driver usb␍␤
[34mCONSOLE[0m SerialLogger.ma:    SerialDriver(main) < [    3.442273] gpio_button_hotplug: loading out-of-tree module taints kernel.␍␤
[34mCONSOLE[0m SerialLogger.ma:    SerialDriver(main) < [    3.458333] xhci-mtk 1a0c0000.usb: xHCI Host Controller␍␤
[34mCONSOLE[0m SerialLogger.ma:    SerialDriver(main) < [    3.463586] xhci-mtk 1a0c0000.usb: new USB bus registered, assigned bus number 1␍␤
[34mCONSOLE[0m SerialLogger.ma:    SerialDriver(main) < [    3.472717] xhci-mtk 1a0c0000.usb: hcc params 0x01403198 hci version 0x96 quirks 0x0000000000200010␍␤
[34mCONSOLE[0m SerialLogger.ma:    SerialDriver(main) < [    3.481843] xhci-mtk 1a0c0000.usb: irq 138, io mem 0x1a0c0000␍␤
[34mCONSOLE[0m SerialLogger.ma:    SerialDriver(main) < [    3.487727] xhci-mtk 1a0c0000.usb: xHCI Host Controller␍␤
[34mCONSOLE[0m SerialLogger.ma:    SerialDriver(main) < [    3.493001] xhci-mtk 1a0c0000.usb: new USB bus registered, assigned bus number 2␍␤
[34mCONSOLE[0m SerialLogger.ma:    SerialDriver(main) < [    3.500411] xhci-mtk 1a0c0000.usb: Host supports USB 3.0 SuperSpeed␍␤
[34mCONSOLE[0m SerialLogger.ma:    SerialDriver(main) < [    3.507142] hub 1-0:1.0: USB hub found␍␤
[34mCONSOLE[0m SerialLogger.ma:    SerialDriver(main) < [    3.510964] hub 1-0:1.0: 2 ports detected␍␤
[34mCONSOLE[0m SerialLogger.ma:    SerialDriver(main) < [    3.515373] usb usb2: We don't know the algorithms for LPM for this host, disabling LPM.␍␤
[34mCONSOLE[0m SerialLogger.ma:    SerialDriver(main) < [    3.523907] hub 2-0:1.0: USB hub found␍␤
[34mCONSOLE[0m SerialLogger.ma:    SerialDriver(main) < [    3.527695] hub 2-0:1.0: 1 port detected␍␤
[34mCONSOLE[0m SerialLogger.ma:    SerialDriver(main) < [    3.536594] kmodloader: done loading kernel modules from /etc/modules-boot.d/*␍␤
[34mCONSOLE[0m SerialLogger.ma:    SerialDriver(main) < [    3.545948] init: - preinit -␍␤
[34mCONSOLE[0m SerialLogger.ma:    SerialDriver(main) < [    3.616131] mtk_soc_eth 1b100000.ethernet eth0: configuring for fixed/2500base-x link mode␍␤
[34mCONSOLE[0m SerialLogger.ma:    SerialDriver(main) < [    3.624752] mtk_soc_eth 1b100000.ethernet eth0: Link is Up - 2.5Gbps/Full - flow control rx/tx␍␤
[34mCONSOLE[0m SerialLogger.ma:    SerialDriver(main) < [    3.965267] mt7530-mdio mdio-bus:1f lan1: configuring for phy/gmii link mode␍␤
[34mCONSOLE[0m SerialLogger.ma:    SerialDriver(main) < Press the [f] key and hit [enter] to enter failsafe mode␍␤
[34mCONSOLE[0m SerialLogger.ma:    SerialDriver(main) < Press the [1], [2], [3] or [4] key and hit [enter] to select the debug level␍␤
[34mCONSOLE[0m SerialLogger.ma:    SerialDriver(main) < [    5.401139] mt7530-mdio mdio-bus:1f lan1: Link is Up - 1Gbps/Full - flow control rx/tx␍␤
[34mCONSOLE[0m SerialLogger.ma:    SerialDriver(main) < cfg016cb7␍␤
[34mCONSOLE[0m SerialLogger.ma:    SerialDriver(main) < cfg026cb7␍␤
[34mCONSOLE[0m SerialLogger.ma:    SerialDriver(main) < grep: /etc/fw_env.config: No such file or directory␍␤
[34mCONSOLE[0m SerialLogger.ma:    SerialDriver(main) < - generating board file -␍␤
[34mCONSOLE[0m SerialLogger.ma:    SerialDriver(main) < [    8.644189] mt7530-mdio mdio-bus:1f lan1: Link is Down␍␤
[34mCONSOLE[0m SerialLogger.ma:    SerialDriver(main) < [    8.655027] procd: - early -␍␤
[34mCONSOLE[0m SerialLogger.ma:    SerialDriver(main) < [    8.658081] procd: - watchdog -␍␤
[34mCONSOLE[0m SerialLogger.ma:    SerialDriver(main) < [    9.194472] procd: - watchdog -␍␤
[34mCONSOLE[0m SerialLogger.ma:    SerialDriver(main) < [    9.198157] procd: - ubus -␍␤
[34mCONSOLE[0m SerialLogger.ma:    SerialDriver(main) < [    9.254689] procd: - init -␍␤
[34mCONSOLE[0m SerialLogger.ma:    SerialDriver(main) < Please press Enter to activate this console.␍␤
[32mINFO   [0m      StepLogger:   ← SerialDriver.expect() result=(1, b'.18.34 (builder@buildhost) (aarch64-openwrt-linux-musl-gcc (OpenWrt GCC 14.3.0 r34792-a317079b… [8.641s]
[34mCONSOLE[0m SerialLogger.ma:   SerialDriver(main) > root␤␍␤
[32mINFO   [0m      StepLogger:   → SerialDriver.expect(pattern=['root@[\\w()]+:[^ ]+ ', 'Please press Enter to activate this console.', 'Password: ', <class 'pexpect.exceptions.TIMEOUT'>]) 
[34mCONSOLE[0m SerialLogger.ma:    SerialDriver(main) < [    9.497645] kmodloader: loading kernel modules from /etc/modules.d/*␍␤
[34mCONSOLE[0m SerialLogger.ma:    SerialDriver(main) < [    9.514792] hid: raw HID events driver (C) Jiri Kosina␍␤
[34mCONSOLE[0m SerialLogger.ma:    SerialDriver(main) < [    9.530300] Bluetooth: Core ver 2.22␍␤
[34mCONSOLE[0m SerialLogger.ma:    SerialDriver(main) < [    9.534004] NET: Registered PF_BLUETOOTH protocol family␍␤
[34mCONSOLE[0m SerialLogger.ma:    SerialDriver(main) < [    9.539360] Bluetooth: HCI device and connection manager initialized␍␤
[34mCONSOLE[0m SerialLogger.ma:    SerialDriver(main) < [    9.545739] Bluetooth: HCI socket layer initialized␍␤
[34mCONSOLE[0m SerialLogger.ma:    SerialDriver(main) < [    9.550625] Bluetooth: L2CAP socket layer initialized␍␤
[34mCONSOLE[0m SerialLogger.ma:    SerialDriver(main) < [    9.555698] Bluetooth: SCO socket layer initialized␍␤
[34mCONSOLE[0m SerialLogger.ma:    SerialDriver(main) < root[    9.562150] Bluetooth: BNEP (Ethernet Emulation) ver 1.3␍␤
[34mCONSOLE[0m SerialLogger.ma:    SerialDriver(main) < [    9.567506] Bluetooth: BNEP filters: protocol multicast␍␤
[34mCONSOLE[0m SerialLogger.ma:    SerialDriver(main) < [    9.572768] Bluetooth: BNEP socket layer initialized␍␤
[34mCONSOLE[0m SerialLogger.ma:    SerialDriver(main) < ␍␤
[34mCONSOLE[0m SerialLogger.ma:    SerialDriver(main) < [    9.584340] Loading modules backported from Linux version v6.18.26-0-g1fe060681␍␤
[34mCONSOLE[0m SerialLogger.ma:    SerialDriver(main) < [    9.591711] Backport generated by backports.git 6ecbb44␍␤
[34mCONSOLE[0m SerialLogger.ma:    SerialDriver(main) < login[1167]: root login on 'console'␍␤
[34mCONSOLE[0m SerialLogger.ma:    SerialDriver(main) < ␍␤
[34mCONSOLE[0m SerialLogger.ma:    SerialDriver(main) < ␍␤
[34mCONSOLE[0m SerialLogger.ma:    SerialDriver(main) < BusyBo[    9.600605] Bluetooth: HCI UART driver ver 2.3␍␤
[34mCONSOLE[0m SerialLogger.ma:    SerialDriver(main) < x v1.38.0 (2023-[    9.606335] Bluetooth: HCI UART protocol H4 registered␍␤
[34mCONSOLE[0m SerialLogger.ma:    SerialDriver(main) < 01-05 15:29:10 U[    9.612916] Bluetooth: HCI UART protocol BCSP registered␍␤
[34mCONSOLE[0m SerialLogger.ma:    SerialDriver(main) < TC) built-in she[    9.619612] Bluetooth: HCI UART protocol ATH3K registered␍␤
[34mCONSOLE[0m SerialLogger.ma:    SerialDriver(main) < ll (ash)␍␤
[34mCONSOLE[0m SerialLogger.ma:    SerialDriver(main) < ␍␤
[34mCONSOLE[0m SerialLogger.ma:    SerialDriver(main) <   _______                     ________        __␍␤
[34mCONSOLE[0m SerialLogger.ma:    SerialDriver(main) <  |[    9.631448] Bluetooth: HIDP (Human Interface Emulation) ver 1.2␍␤
[34mCONSOLE[0m SerialLogger.ma:    SerialDriver(main) <        |.-----.-[    9.637842] Bluetooth: HIDP socket layer initialized␍␤
[34mCONSOLE[0m SerialLogger.ma:    SerialDriver(main) < ----.-----.|  |  |  |.----.|  |_␍␤
[34mCONSOLE[0m SerialLogger.ma:    SerialDriver(main) <  |   -   ||  _  |  -__|     ||  |  |  ||   _||   _|␍␤
[34mCONSOLE[0m SerialLogger.ma:    SerialDriver(main) <  |_______||   __|_____|__|__||________||__|  |____|␍␤
[34mCONSOLE[0m SerialLogger.ma:    SerialDriver(main) <           |__| W I R E L E S S   F R[    9.658415] Bluetooth: RFCOMM TTY layer initialized␍␤
[34mCONSOLE[0m SerialLogger.ma:    SerialDriver(main) <  E E D O M␍␤
[34mCONSOLE[0m SerialLogger.ma:    SerialDriver(main) <  ---[    9.664349] Bluetooth: RFCOMM socket layer initialized␍␤
[34mCONSOLE[0m SerialLogger.ma:    SerialDriver(main) < ----------------[    9.670905] Bluetooth: RFCOMM ver 1.11␍␤
[34mCONSOLE[0m SerialLogger.ma:    SerialDriver(main) < ----------------------------------␍␤
[34mCONSOLE[0m SerialLogger.ma:    SerialDriver(main) <  OpenWrt SNAPSHOT, r34792-a317079b57␍␤
[34mCONSOLE[0m SerialLogger.ma:    SerialDriver(main) <  -----------------------------------------------------␍␤
[34mCONSOLE[0m SerialLogger.ma:    SerialDriver(main) < ␍␤
[34mCONSOLE[0m SerialLogger.ma:    SerialDriver(main) <  === WARNING! =====================================␍␤
[34mCONSOLE[0m SerialLogger.ma:    SerialDriver(main) <  There is no root password defined on this device!␍␤
[34mCONSOLE[0m SerialLogger.ma:    SerialDriver(main) <  Use the "passwd" command to set up a new password␍␤
[34mCONSOLE[0m SerialLogger.ma:    SerialDriver(main) <  in order to prevent unauthorized SSH logins.␍␤
[34mCONSOLE[0m SerialLogger.ma:    SerialDriver(main) <  --------------------------------------------------␍␤
[34mCONSOLE[0m SerialLogger.ma:    SerialDriver(main) < ␍␤
[34mCONSOLE[0m SerialLogger.ma:    SerialDriver(main) < root@(none):~# [    9.712898] mt7622-wmac 18000000.wmac: Invalid MAC address, using random address de:20:6a:71:38:36␍␤
[34mCONSOLE[0m SerialLogger.ma:    SerialDriver(main) < [    9.723506] ieee80211 phy0: Selected rate control algorithm 'minstrel_ht'␍␤
[34mCONSOLE[0m SerialLogger.ma:    SerialDriver(main) < [    9.726085] urngd: v1.0.2 started.␍␤
[32mINFO   [0m      StepLogger:   ← SerialDriver.expect() result=(0, b'\r\n[    9.497645] kmodloader: loading kernel modules from /etc/modules.d/*\r\n[    9.514792] … [0.362s]
[34mCONSOLE[0m SerialLogger.ma:   SerialDriver(main) > dmesg -n 1␤␍␤
[32mINFO   [0m      StepLogger:   → SerialDriver.expect(pattern=['root@[\\w()]+:[^ ]+ ', 'Please press Enter to activate this console.', 'Password: ', <class 'pexpect.exceptions.TIMEOUT'>]) 
[34mCONSOLE[0m SerialLogger.ma:    SerialDriver(main) < [    9.768320] mt7622-wmac 18000000.wmac: HW/SW Version: 0x8a108a10, Build Time: 20190801210006a␍␤
[34mCONSOLE[0m SerialLogger.ma:    SerialDriver(main) < [    9.768320] ␍␤
[34mCONSOLE[0m SerialLogger.ma:    SerialDriver(main) < [    9.802733] mt7622-wmac 18000000.wmac: N9 Firmware Version: _reserved_, Build Time: 20220630094834␍␤
[34mCONSOLE[0m SerialLogger.ma:    SerialDriver(main) < [    9.836516] PPP generic driver version 2.4.2␍␤
[34mCONSOLE[0m SerialLogger.ma:    SerialDriver(main) < [    9.849353] NET: Registered PF_PPPOX protocol family␍␤
[34mCONSOLE[0m SerialLogger.ma:    SerialDriver(main) < [    9.872305] kmodloader: done loading kernel modules from /etc/modules.d/*␍␤
[34mCONSOLE[0m SerialLogger.ma:    SerialDriver(main) < dmesg -n 1␍␤
[34mCONSOLE[0m SerialLogger.ma:    SerialDriver(main) < root@(none):~# ␍␤
[32mINFO   [0m      StepLogger:   ← SerialDriver.expect() result=(0, b"[    9.712898] mt7622-wmac 18000000.wmac: Invalid MAC address, using random address de:20:6a:7… [0.243s]
[32mINFO   [0m      StepLogger:   → SerialDriver.settle(quiet_time=5) 
[32mINFO   [0m      StepLogger:   ← SerialDriver.settle() [5.000s]
[34mCONSOLE[0m SerialLogger.ma:   SerialDriver(main) > echo 'XTVJ''NQTNWN'␤␍␤
[32mINFO   [0m      StepLogger:   → SerialDriver.expect(pattern='XTVJNQTNWN\\s+root@[\\w()]+:[^ ]+ ') 
[34mCONSOLE[0m SerialLogger.ma:    SerialDriver(main) < echo 'XTVJ''NQTNWN'␍␤
[34mCONSOLE[0m SerialLogger.ma:    SerialDriver(main) < XTVJNQTNWN␍␤
[34mCONSOLE[0m SerialLogger.ma:    SerialDriver(main) < root@OpenWrt:~# ␍␤
[32mINFO   [0m      StepLogger:   ← SerialDriver.expect() result=(0, b"echo 'XTVJ''NQTNWN'\r\n", <re.Match object; span=(21, 49), match=b'XTVJNQTNWN\r\nroot@OpenWrt:… [0.329s]
[32mINFO   [0m      StepLogger:  ← ShellDriver._await_login() [14.942s]
[34mCONSOLE[0m SerialLogger.ma:  SerialDriver(main) > run() { echo -n "$MARKER"; sh -c "$@"; echo "$MARKER $?"; }␤␍␤
[32mINFO   [0m      StepLogger:  → SerialDriver.expect(pattern='root@[\\w()]+:[^ ]+ ') 
[34mCONSOLE[0m SerialLogger.ma:   SerialDriver(main) < run() { echo -n "$MARKER"; sh -c "$@"; echo "$MARKER $?"; }␍␤
[34mCONSOLE[0m SerialLogger.ma:   SerialDriver(main) < root@OpenWrt:~# ␍␤
[32mINFO   [0m      StepLogger:  ← SerialDriver.expect() result=(0, b'run() { echo -n "$MARKER"; sh -c "$@"; echo "$MARKER $?"; }\r\n', <re.Match object; span=(61, … [0.257s]
[32mINFO   [0m SSHDriver(main):  Connected to 192.168.1.1%vlan102
[1m-------------------------------- live log call ---------------------------------[0m
[32mINFO   [0m      StepLogger:  → SSHDriver.run_check(cmd='apk list') 
[32mINFO   [0m      StepLogger:  ← SSHDriver.run_check() result=['apk-mbedtls-3.0.5-r3 aarch64_cortex-a53 {feeds/base/system/apk} (GPL-2.0-only) [installed]', 'atte… [0.686s]
[32mPASSED[0m[32m                                                                   [  2%][0m
tests/test_apk.py::TestApk::test_apk_add_ucert [33mSKIPPED[0m (LG_FEATURE_O...)[33m [  5%][0m
tests/test_apk.py::TestApk::test_apk_audit 
[1m-------------------------------- live log call ---------------------------------[0m
[32mINFO   [0m      StepLogger:  → SSHDriver.run_check(cmd='apk audit') 
[32mINFO   [0m      StepLogger:  ← SSHDriver.run_check() result=['A etc/urandom.seed', 'A etc/board.json', 'A etc/fw_env.config', 'A etc/apk/arch', 'A etc/apk/keys/… [0.525s]
[32mPASSED[0m[33m                                                                   [  8%][0m
tests/test_base.py::test_shell 
[1m-------------------------------- live log call ---------------------------------[0m
[32mINFO   [0m      StepLogger:  → ShellDriver.run_check(cmd='true') 
[34mCONSOLE[0m SerialLogger.ma:   SerialDriver(main) > echo 'OCWC''HZUQTH'␤␍␤
[32mINFO   [0m      StepLogger:   → SerialDriver.expect(pattern='OCWCHZUQTH\\s+root@[\\w()]+:[^ ]+ ') 
[34mCONSOLE[0m SerialLogger.ma:    SerialDriver(main) < echo 'OCWC''HZUQTH'␍␤
[34mCONSOLE[0m SerialLogger.ma:    SerialDriver(main) < OCWCHZUQTH␍␤
[34mCONSOLE[0m SerialLogger.ma:    SerialDriver(main) < root@OpenWrt:~# ␍␤
[32mINFO   [0m      StepLogger:   ← SerialDriver.expect() result=(0, b"echo 'OCWC''HZUQTH'\r\n", <re.Match object; span=(21, 49), match=b'OCWCHZUQTH\r\nroot@OpenWrt:… [0.383s]
[34mCONSOLE[0m SerialLogger.ma:   SerialDriver(main) > MARKER='NHJG''MNUUPG' run true␤␍␤
[32mINFO   [0m      StepLogger:   → SerialDriver.expect(pattern='NHJGMNUUPG(.*)NHJGMNUUPG\\s+(\\d+)\\s+root@[\\w()]+:[^ ]+ ') 
[34mCONSOLE[0m SerialLogger.ma:    SerialDriver(main) < MARKER='NHJG''MNUUPG' run true␍␤
[34mCONSOLE[0m SerialLogger.ma:    SerialDriver(main) < NHJGMNUUPGNHJGMNUUPG 0␍␤
[34mCONSOLE[0m SerialLogger.ma:    SerialDriver(main) < root@OpenWrt:~# ␍␤
[32mINFO   [0m      StepLogger:   ← SerialDriver.expect() result=(0, b"MARKER='NHJG''MNUUPG' run true\r\n", <re.Match object; span=(32, 72), match=b'NHJGMNUUPGNHJGMN… [0.219s]
[32mINFO   [0m      StepLogger:  ← ShellDriver.run_check() result=[] [1.120s]
[32mPASSED[0m[33m                                                                   [ 11%][0m
tests/test_base.py::test_firmware_version 
[1m-------------------------------- live log call ---------------------------------[0m
[32mINFO   [0m      StepLogger:  → ShellDriver.run_check(cmd='source /etc/os-release; echo $BUILD_ID') 
[34mCONSOLE[0m SerialLogger.ma:   SerialDriver(main) > echo 'LYQQ''LZJBXV'␤␍␤
[32mINFO   [0m      StepLogger:   → SerialDriver.expect(pattern='LYQQLZJBXV\\s+root@[\\w()]+:[^ ]+ ') 
[34mCONSOLE[0m SerialLogger.ma:    SerialDriver(main) < echo 'LYQQ''LZJBXV'␍␤
[34mCONSOLE[0m SerialLogger.ma:    SerialDriver(main) < LYQQLZJBXV␍␤
[34mCONSOLE[0m SerialLogger.ma:    SerialDriver(main) < root@OpenWrt:~# ␍␤
[32mINFO   [0m      StepLogger:   ← SerialDriver.expect() result=(0, b"echo 'LYQQ''LZJBXV'\r\n", <re.Match object; span=(21, 49), match=b'LYQQLZJBXV\r\nroot@OpenWrt:… [0.337s]
[34mCONSOLE[0m SerialLogger.ma:   SerialDriver(main) > MARKER='XUNY''FBVJXM' run 'source /etc/os-release; echo $BUILD_ID'␤␍␤
[32mINFO   [0m      StepLogger:   → SerialDriver.expect(pattern='XUNYFBVJXM(.*)XUNYFBVJXM\\s+(\\d+)\\s+root@[\\w()]+:[^ ]+ ') 
[34mCONSOLE[0m SerialLogger.ma:    SerialDriver(main) < MARKER='XUNY''FBVJXM' run 'source /etc/os-release; echo $BUILD_I␍␍␤
[34mCONSOLE[0m SerialLogger.ma:    SerialDriver(main) < D'␍␤
[34mCONSOLE[0m SerialLogger.ma:    SerialDriver(main) < XUNYFBVJXMr34792-a317079b57␍␤
[34mCONSOLE[0m SerialLogger.ma:    SerialDriver(main) < XUNYFBVJXM 0␍␤
[34mCONSOLE[0m SerialLogger.ma:    SerialDriver(main) < root@OpenWrt:~# ␍␤
[32mINFO   [0m      StepLogger:   ← SerialDriver.expect() result=(0, b"MARKER='XUNY''FBVJXM' run 'source /etc/os-release; echo $BUILD_I\r\r\nD'\r\n", <re.Match objec… [0.349s]
[32mINFO   [0m      StepLogger:  ← ShellDriver.run_check() result=['r34792-a317079b57'] [1.569s]
[32mPASSED[0m[33m                                                                   [ 14%][0m
tests/test_base.py::test_dropbear_startup 
[1m-------------------------------- live log call ---------------------------------[0m
[32mINFO   [0m      StepLogger:  → ShellDriver.run(cmd='ls /etc/dropbear/dropbear_rsa_host_key') 
[34mCONSOLE[0m SerialLogger.ma:   SerialDriver(main) > echo 'HZOQ''NOZHSQ'␤␍␤
[32mINFO   [0m      StepLogger:   → SerialDriver.expect(pattern='HZOQNOZHSQ\\s+root@[\\w()]+:[^ ]+ ') 
[34mCONSOLE[0m SerialLogger.ma:    SerialDriver(main) < echo 'HZOQ''NOZHSQ'␍␤
[34mCONSOLE[0m SerialLogger.ma:    SerialDriver(main) < HZOQNOZHSQ␍␤
[34mCONSOLE[0m SerialLogger.ma:    SerialDriver(main) < root@OpenWrt:~# ␍␤
[32mINFO   [0m      StepLogger:   ← SerialDriver.expect() result=(0, b"echo 'HZOQ''NOZHSQ'\r\n", <re.Match object; span=(21, 49), match=b'HZOQNOZHSQ\r\nroot@OpenWrt:… [0.338s]
[34mCONSOLE[0m SerialLogger.ma:   SerialDriver(main) > MARKER='HVUV''BKSJTO' run 'ls /etc/dropbear/dropbear_rsa_host_key'␤␍␤
[32mINFO   [0m      StepLogger:   → SerialDriver.expect(pattern='HVUVBKSJTO(.*)HVUVBKSJTO\\s+(\\d+)\\s+root@[\\w()]+:[^ ]+ ') 
[34mCONSOLE[0m SerialLogger.ma:    SerialDriver(main) < MARKER='HVUV''BKSJTO' run 'ls /etc/dropbear/dropbear_rsa_host_ke␍␍␤
[34mCONSOLE[0m SerialLogger.ma:    SerialDriver(main) < y'␍␤
[34mCONSOLE[0m SerialLogger.ma:    SerialDriver(main) < HVUVBKSJTO/etc/dropbear/dropbear_rsa_host_key␍␤
[34mCONSOLE[0m SerialLogger.ma:    SerialDriver(main) < HVUVBKSJTO 0␍␤
[34mCONSOLE[0m SerialLogger.ma:    SerialDriver(main) < root@OpenWrt:~# ␍␤
[32mINFO   [0m      StepLogger:   ← SerialDriver.expect() result=(0, b"MARKER='HVUV''BKSJTO' run 'ls /etc/dropbear/dropbear_rsa_host_ke\r\r\ny'\r\n", <re.Match objec… [0.348s]
[32mINFO   [0m      StepLogger:  ← ShellDriver.run() result=(['/etc/dropbear/dropbear_rsa_host_key'], [], 0) [1.567s]
[32mINFO   [0m      StepLogger:  → ShellDriver.run(cmd='netstat -tlpn | grep 0.0.0.0:22') 
[34mCONSOLE[0m SerialLogger.ma:   SerialDriver(main) > echo 'PMCK''BGEHUP'␤␍␤
[32mINFO   [0m      StepLogger:   → SerialDriver.expect(pattern='PMCKBGEHUP\\s+root@[\\w()]+:[^ ]+ ') 
[34mCONSOLE[0m SerialLogger.ma:    SerialDriver(main) < echo 'PMCK''BGEHUP'␍␤
[34mCONSOLE[0m SerialLogger.ma:    SerialDriver(main) < PMCKBGEHUP␍␤
[34mCONSOLE[0m SerialLogger.ma:    SerialDriver(main) < root@OpenWrt:~# ␍␤
[32mINFO   [0m      StepLogger:   ← SerialDriver.expect() result=(0, b"echo 'PMCK''BGEHUP'\r\n", <re.Match object; span=(21, 49), match=b'PMCKBGEHUP\r\nroot@OpenWrt:… [0.338s]
[34mCONSOLE[0m SerialLogger.ma:   SerialDriver(main) > MARKER='QTEE''JJCOFB' run 'netstat -tlpn | grep 0.0.0.0:22'␤␍␤
[32mINFO   [0m      StepLogger:   → SerialDriver.expect(pattern='QTEEJJCOFB(.*)QTEEJJCOFB\\s+(\\d+)\\s+root@[\\w()]+:[^ ]+ ') 
[34mCONSOLE[0m SerialLogger.ma:    SerialDriver(main) < MARKER='QTEE''JJCOFB' run 'netstat -tlpn | grep 0.0.0.0:22'␍␤
[34mCONSOLE[0m SerialLogger.ma:    SerialDriver(main) < QTEEJJCOFBtcp        0      0 0.0.0.0:22              0.0.0.0:*               LISTEN      1763/dropbear␍␤
[34mCONSOLE[0m SerialLogger.ma:    SerialDriver(main) < QTEEJJCOFB 0␍␤
[34mCONSOLE[0m SerialLogger.ma:    SerialDriver(main) < root@OpenWrt:~# ␍␤
[32mINFO   [0m      StepLogger:   ← SerialDriver.expect() result=(0, b"MARKER='QTEE''JJCOFB' run 'netstat -tlpn | grep 0.0.0.0:22'\r\n", <re.Match object; span=(61, … [0.258s]
[32mINFO   [0m      StepLogger:  ← ShellDriver.run() result=(['tcp        0      0 0.0.0.0:22              0.0.0.0:*               LISTEN      1763/dropbear'], … [1.406s]
[32mPASSED[0m[33m                                                                   [ 17%][0m
tests/test_base.py::test_ssh 
[1m-------------------------------- live log call ---------------------------------[0m
[32mINFO   [0m      StepLogger:  → SSHDriver.run_check(cmd='true') 
[32mINFO   [0m      StepLogger:  ← SSHDriver.run_check() result=[] [0.526s]
[32mPASSED[0m[33m                                                                   [ 20%][0m
tests/test_base.py::test_echo 
[1m-------------------------------- live log call ---------------------------------[0m
[32mINFO   [0m      StepLogger:  → SSHDriver.run_check(cmd="echo 'hello world'") 
[32mINFO   [0m      StepLogger:  ← SSHDriver.run_check() result=['hello world'] [0.525s]
[32mPASSED[0m[33m                                                                   [ 22%][0m
tests/test_base.py::test_uname 
[1m-------------------------------- live log call ---------------------------------[0m
[32mINFO   [0m      StepLogger:  → SSHDriver.run_check(cmd='uname -a') 
[32mINFO   [0m      StepLogger:  ← SSHDriver.run_check() result=['Linux OpenWrt 6.18.34 #0 SMP Sat Jun  6 13:04:42 2026 aarch64 GNU/Linux'] [0.526s]
[32mPASSED[0m[33m                                                                   [ 25%][0m
tests/test_base.py::test_ubus_system_board 
[1m-------------------------------- live log call ---------------------------------[0m
[32mINFO   [0m      StepLogger:  → SSHDriver.run_check(cmd="ubus call system board '{}'") 
[32mINFO   [0m      StepLogger:  ← SSHDriver.run_check() result=['{', '\t"kernel": "6.18.34",', '\t"hostname": "OpenWrt",', '\t"system": "ARMv8 Processor rev 4",', … [0.525s]
[32mPASSED[0m[33m                                                                   [ 28%][0m
tests/test_base.py::test_free_memory 
[1m-------------------------------- live log call ---------------------------------[0m
[32mINFO   [0m      StepLogger:  → SSHDriver.run_check(cmd='free -m') 
[32mINFO   [0m      StepLogger:  ← SSHDriver.run_check() result=['              total        used        free      shared  buff/cache   available', 'Mem:        101… [0.525s]
[32mPASSED[0m[33m                                                                   [ 31%][0m
tests/test_base.py::test_sysupgrade_backup [33mSKIPPED[0m (unsupported feat...)[33m [ 34%][0m
tests/test_base.py::test_sysupgrade_backup_u [33mSKIPPED[0m (unsupported fe...)[33m [ 37%][0m
tests/test_base.py::test_kernel_errors 
[1m-------------------------------- live log call ---------------------------------[0m
[32mINFO   [0m      StepLogger:  → SSHDriver.run_check(cmd='dmesg') 
[32mINFO   [0m      StepLogger:  ← SSHDriver.run_check() result=['[    0.000000] Booting Linux on physical CPU 0x0000000000 [0x410fd034]', '[    0.000000] Linux ver… [0.504s]
[32mPASSED[0m[33m                                                                   [ 40%][0m
tests/test_lan.py::test_lan_wait_for_link_ready 
[1m-------------------------------- live log call ---------------------------------[0m
[32mINFO   [0m      StepLogger:  → ShellDriver.run(cmd='dmesg | grep br-lan | grep forwarding') 
[34mCONSOLE[0m SerialLogger.ma:   SerialDriver(main) > echo 'LUHK''AZPPHT'␤␍␤
[32mINFO   [0m      StepLogger:   → SerialDriver.expect(pattern='LUHKAZPPHT\\s+root@[\\w()]+:[^ ]+ ') 
[34mCONSOLE[0m SerialLogger.ma:    SerialDriver(main) < echo 'LUHK''AZPPHT'␍␤
[34mCONSOLE[0m SerialLogger.ma:    SerialDriver(main) < LUHKAZPPHT␍␤
[34mCONSOLE[0m SerialLogger.ma:    SerialDriver(main) < root@OpenWrt:~# ␍␤
[32mINFO   [0m      StepLogger:   ← SerialDriver.expect() result=(0, b"echo 'LUHK''AZPPHT'\r\n", <re.Match object; span=(21, 49), match=b'LUHKAZPPHT\r\nroot@OpenWrt:… [0.338s]
[34mCONSOLE[0m SerialLogger.ma:   SerialDriver(main) > MARKER='BZZS''MOKWVP' run 'dmesg | grep br-lan | grep forwarding'␤␍␤
[32mINFO   [0m      StepLogger:   → SerialDriver.expect(pattern='BZZSMOKWVP(.*)BZZSMOKWVP\\s+(\\d+)\\s+root@[\\w()]+:[^ ]+ ') 
[34mCONSOLE[0m SerialLogger.ma:    SerialDriver(main) < MARKER='BZZS''MOKWVP' run 'dmesg | grep br-lan | grep forwarding␍␍␤
[34mCONSOLE[0m SerialLogger.ma:    SerialDriver(main) < '␍␤
[34mCONSOLE[0m SerialLogger.ma:    SerialDriver(main) < BZZSMOKWVP[   15.936760] br-lan: port 1(lan1) entered forwarding state␍␤
[34mCONSOLE[0m SerialLogger.ma:    SerialDriver(main) < BZZSMOKWVP 0␍␤
[34mCONSOLE[0m SerialLogger.ma:    SerialDriver(main) < root@OpenWrt:~# ␍␤
[32mINFO   [0m      StepLogger:   ← SerialDriver.expect() result=(0, b"MARKER='BZZS''MOKWVP' run 'dmesg | grep br-lan | grep forwarding\r\r\n'\r\n", <re.Match object… [0.359s]
[32mINFO   [0m      StepLogger:  ← ShellDriver.run() result=(['[   15.936760] br-lan: port 1(lan1) entered forwarding state'], [], 0) [1.568s]
[32mPASSED[0m[33m                                                                   [ 42%][0m
tests/test_lan.py::test_lan_wait_for_network 
[1m-------------------------------- live log call ---------------------------------[0m
[32mINFO   [0m      StepLogger:  → ShellDriver.run_check(cmd="ubus call network.interface.lan status '{}'") 
[34mCONSOLE[0m SerialLogger.ma:   SerialDriver(main) > echo 'WBXA''OCZZBB'␤␍␤
[32mINFO   [0m      StepLogger:   → SerialDriver.expect(pattern='WBXAOCZZBB\\s+root@[\\w()]+:[^ ]+ ') 
[34mCONSOLE[0m SerialLogger.ma:    SerialDriver(main) < echo 'WBXA''OCZZBB'␍␤
[34mCONSOLE[0m SerialLogger.ma:    SerialDriver(main) < WBXAOCZZBB␍␤
[34mCONSOLE[0m SerialLogger.ma:    SerialDriver(main) < root@OpenWrt:~# ␍␤
[32mINFO   [0m      StepLogger:   ← SerialDriver.expect() result=(0, b"echo 'WBXA''OCZZBB'\r\n", <re.Match object; span=(21, 49), match=b'WBXAOCZZBB\r\nroot@OpenWrt:… [0.337s]
[34mCONSOLE[0m SerialLogger.ma:   SerialDriver(main) > MARKER='SKCQ''QKMVHL' run 'ubus call network.interface.lan status '"'"'{}'"'"''␤␍␤
[32mINFO   [0m      StepLogger:   → SerialDriver.expect(pattern='SKCQQKMVHL(.*)SKCQQKMVHL\\s+(\\d+)\\s+root@[\\w()]+:[^ ]+ ') 
[34mCONSOLE[0m SerialLogger.ma:    SerialDriver(main) < MARKER='SKCQ''QKMVHL' run 'ubus call network.interface.lan statu␍␍␤
[34mCONSOLE[0m SerialLogger.ma:    SerialDriver(main) < s '"'"'{}'"'"''␍␤
[34mCONSOLE[0m SerialLogger.ma:    SerialDriver(main) < SKCQQKMVHL{␍␤
[34mCONSOLE[0m SerialLogger.ma:    SerialDriver(main) < 	"up": true,␍␤
[34mCONSOLE[0m SerialLogger.ma:    SerialDriver(main) < 	"pending": false,␍␤
[34mCONSOLE[0m SerialLogger.ma:    SerialDriver(main) < 	"available": true,␍␤
[34mCONSOLE[0m SerialLogger.ma:    SerialDriver(main) < 	"autostart": true,␍␤
[34mCONSOLE[0m SerialLogger.ma:    SerialDriver(main) < 	"dynamic": false,␍␤
[34mCONSOLE[0m SerialLogger.ma:    SerialDriver(main) < 	"uptime": 18,␍␤
[34mCONSOLE[0m SerialLogger.ma:    SerialDriver(main) < 	"l3_device": "br-lan",␍␤
[34mCONSOLE[0m SerialLogger.ma:    SerialDriver(main) < 	"proto": "static",␍␤
[34mCONSOLE[0m SerialLogger.ma:    SerialDriver(main) < 	"device": "br-lan",␍␤
[34mCONSOLE[0m SerialLogger.ma:    SerialDriver(main) < 	"updated": [␍␤
[34mCONSOLE[0m SerialLogger.ma:    SerialDriver(main) < 		"addresses"␍␤
[34mCONSOLE[0m SerialLogger.ma:    SerialDriver(main) < 	],␍␤
[34mCONSOLE[0m SerialLogger.ma:    SerialDriver(main) < 	"metric": 0,␍␤
[34mCONSOLE[0m SerialLogger.ma:    SerialDriver(main) < 	"dns_metric": 0,␍␤
[34mCONSOLE[0m SerialLogger.ma:    SerialDriver(main) < 	"delegation": true,␍␤
[34mCONSOLE[0m SerialLogger.ma:    SerialDriver(main) < 	"ipv4-address": [␍␤
[...]
[32mPASSED[0m[33m                                                                   [ 51%][0m
tests/test_network_security.py::test_ssh_supported_algorithms [32mPASSED[0m[33m     [ 54%][0m
tests/test_opkg.py::test_opkg_procd_installed [33mSKIPPED[0m (unsupported f...)[33m [ 57%][0m
tests/test_opkg.py::test_opkg_install_ucert [33mSKIPPED[0m (unsupported fea...)[33m [ 60%][0m
tests/test_system_health.py::TestSystemHealth::test_memory_usage 
[1m-------------------------------- live log call ---------------------------------[0m
[32mINFO   [0m      StepLogger:  → SSHDriver.run_check(cmd='free -m') 
[32mINFO   [0m      StepLogger:  ← SSHDriver.run_check() result=['              total        used        free      shared  buff/cache   available', 'Mem:        101… [0.663s]
[32mPASSED[0m[33m                                                                   [ 62%][0m
tests/test_system_health.py::TestSystemHealth::test_filesystem_usage 
[1m-------------------------------- live log call ---------------------------------[0m
[32mINFO   [0m      StepLogger:  → SSHDriver.run(cmd='test -d /') 
[32mINFO   [0m      StepLogger:  ← SSHDriver.run() result=([], [], 0) [0.524s]
[32mINFO   [0m      StepLogger:  → SSHDriver.run_check(cmd='df -h / | tail -1') 
[32mINFO   [0m      StepLogger:  ← SSHDriver.run_check() result=['tmpfs                   494.3M     17.4M    476.9M   4% /'] [0.730s]
[32mINFO   [0m      StepLogger:  → SSHDriver.run(cmd='test -d /tmp') 
[32mINFO   [0m      StepLogger:  ← SSHDriver.run() result=([], [], 0) [0.525s]
[32mINFO   [0m      StepLogger:  → SSHDriver.run_check(cmd='df -h /tmp | tail -1') 
[32mINFO   [0m      StepLogger:  ← SSHDriver.run_check() result=['tmpfs                   494.3M    424.0K    493.9M   0% /tmp'] [0.525s]
[32mINFO   [0m      StepLogger:  → SSHDriver.run(cmd='test -d /overlay') 
[32mINFO   [0m      StepLogger:  ← SSHDriver.run() result=([], [], 0) [0.525s]
[32mINFO   [0m      StepLogger:  → SSHDriver.run_check(cmd='df -h /overlay | tail -1') 
[32mINFO   [0m      StepLogger:  ← SSHDriver.run_check() result=['tmpfs                   494.3M     17.4M    476.9M   4% /'] [0.525s]
[32mPASSED[0m[33m                                                                   [ 65%][0m
tests/test_system_health.py::TestSystemHealth::test_system_uptime 
[1m-------------------------------- live log call ---------------------------------[0m
[32mINFO   [0m      StepLogger:  → SSHDriver.run_check(cmd='cat /proc/uptime') 
[32mINFO   [0m      StepLogger:  ← SSHDriver.run_check() result=['42.06 68.01'] [0.525s]
[32mPASSED[0m[33m                                                                   [ 68%][0m
tests/test_system_health.py::TestSystemHealth::test_temperature_sensors 
[1m-------------------------------- live log call ---------------------------------[0m
[32mINFO   [0m      StepLogger:  → SSHDriver.run(cmd='ls /sys/class/thermal/thermal_zone*/temp 2>/dev/null') 
[32mINFO   [0m      StepLogger:  ← SSHDriver.run() result=(['/sys/class/thermal/thermal_zone0/temp'], [], 0) [0.525s]
[32mINFO   [0m      StepLogger:  → SSHDriver.run_check(cmd='cat /sys/class/thermal/thermal_zone0/temp') 
[32mINFO   [0m      StepLogger:  ← SSHDriver.run_check() result=['49600'] [0.525s]
[32mPASSED[0m[33m                                                                   [ 71%][0m
tests/test_system_health.py::TestSystemHealth::test_process_count 
[1m-------------------------------- live log call ---------------------------------[0m
[32mINFO   [0m      StepLogger:  → SSHDriver.run_check(cmd='ps | wc -l') 
[32mINFO   [0m      StepLogger:  ← SSHDriver.run_check() result=['110'] [0.525s]
[32mPASSED[0m[33m                                                                   [ 74%][0m
tests/test_system_health.py::TestSystemHealth::test_entropy_available 
[1m-------------------------------- live log call ---------------------------------[0m
[32mINFO   [0m      StepLogger:  → SSHDriver.run_check(cmd='cat /proc/sys/kernel/random/entropy_avail') 
[32mINFO   [0m      StepLogger:  ← SSHDriver.run_check() result=['256'] [0.524s]
[32mPASSED[0m[33m                                                                   [ 77%][0m
tests/test_system_health.py::TestSystemHealth::test_open_file_descriptors 
[1m-------------------------------- live log call ---------------------------------[0m
[32mINFO   [0m      StepLogger:  → SSHDriver.run_check(cmd='cat /proc/sys/fs/file-nr') 
[32mINFO   [0m      StepLogger:  ← SSHDriver.run_check() result=['392\t0\t100578'] [0.525s]
[32mPASSED[0m[33m                                                                   [ 80%][0m
tests/test_wan.py::test_wan_firewall_zone 
[1m-------------------------------- live log call ---------------------------------[0m
[32mINFO   [0m      StepLogger:  → ShellDriver.run(cmd='uci show firewall | grep "=zone" | while read zone; do section=${zone%%=zone}; name=$(uci get "${section}.name"); [ "$name" = "wan" ] && echo found && exit 0; done') 
[34mCONSOLE[0m SerialLogger.ma:   SerialDriver(main) > echo 'EELM''FSSFFA'␤␍␤
[32mINFO   [0m      StepLogger:   → SerialDriver.expect(pattern='EELMFSSFFA\\s+root@[\\w()]+:[^ ]+ ') 
[34mCONSOLE[0m SerialLogger.ma:    SerialDriver(main) < echo 'EELM''FSSFFA'␍␤
[34mCONSOLE[0m SerialLogger.ma:    SerialDriver(main) < EELMFSSFFA␍␤
[34mCONSOLE[0m SerialLogger.ma:    SerialDriver(main) < root@OpenWrt:~# ␍␤
[32mINFO   [0m      StepLogger:   ← SerialDriver.expect() result=(0, b"echo 'EELM''FSSFFA'\r\n", <re.Match object; span=(21, 49), match=b'EELMFSSFFA\r\nroot@OpenWrt:… [0.338s]
[34mCONSOLE[0m SerialLogger.ma:   SerialDriver(main) > MARKER='HVNK''ENVKFJ' run 'uci show firewall | grep "=zone" | while read zone; do section=${zone%%=zone}; name=$(uci get "${section}.name"); [ "$name" = "wan" ] && echo found && exit 0; done'␤␍␤
[32mINFO   [0m      StepLogger:   → SerialDriver.expect(pattern='HVNKENVKFJ(.*)HVNKENVKFJ\\s+(\\d+)\\s+root@[\\w()]+:[^ ]+ ') 
[34mCONSOLE[0m SerialLogger.ma:    SerialDriver(main) < MARKER='HVNK''ENVKFJ' run 'uci show firewall | grep "=zone" | wh␍␍␤
[34mCONSOLE[0m SerialLogger.ma:    SerialDriver(main) < ile read zone; do section=${zone%%=zone}; name=$(uci get "${section}.name"); [ "␍␍␤
[34mCONSOLE[0m SerialLogger.ma:    SerialDriver(main) < $name" = "wan" ] && echo found && exit 0; done'␍␤
[34mCONSOLE[0m SerialLogger.ma:    SerialDriver(main) < HVNKENVKFJfound␍␤
[34mCONSOLE[0m SerialLogger.ma:    SerialDriver(main) < HVNKENVKFJ 0␍␤
[34mCONSOLE[0m SerialLogger.ma:    SerialDriver(main) < root@OpenWrt:~# ␍␤
[32mINFO   [0m      StepLogger:   ← SerialDriver.expect() result=(0, b'MARKER=\'HVNK\'\'ENVKFJ\' run \'uci show firewall | grep "=zone" | wh\r\r\nile read zone; do s… [0.217s]
[32mINFO   [0m      StepLogger:  ← ShellDriver.run() result=(['found'], [], 0) [2.701s]
[32mPASSED[0m[33m                                                                   [ 82%][0m
tests/test_wan.py::test_wan_interface_device 
[1m-------------------------------- live log call ---------------------------------[0m
[32mINFO   [0m      StepLogger:  → ShellDriver.run_check(cmd="ubus call network.interface.wan status '{}'") 
[34mCONSOLE[0m SerialLogger.ma:   SerialDriver(main) > echo 'WUSZ''GZHJTT'␤␍␤
[32mINFO   [0m      StepLogger:   → SerialDriver.expect(pattern='WUSZGZHJTT\\s+root@[\\w()]+:[^ ]+ ') 
[34mCONSOLE[0m SerialLogger.ma:    SerialDriver(main) < echo 'WUSZ''GZHJTT'␍␤
[34mCONSOLE[0m SerialLogger.ma:    SerialDriver(main) < WUSZGZHJTT␍␤
[34mCONSOLE[0m SerialLogger.ma:    SerialDriver(main) < root@OpenWrt:~# ␍␤
[32mINFO   [0m      StepLogger:   ← SerialDriver.expect() result=(0, b"echo 'WUSZ''GZHJTT'\r\n", <re.Match object; span=(21, 49), match=b'WUSZGZHJTT\r\nroot@OpenWrt:… [0.339s]
[34mCONSOLE[0m SerialLogger.ma:   SerialDriver(main) > MARKER='AGFK''MHLWTZ' run 'ubus call network.interface.wan status '"'"'{}'"'"''␤␍␤
[32mINFO   [0m      StepLogger:   → SerialDriver.expect(pattern='AGFKMHLWTZ(.*)AGFKMHLWTZ\\s+(\\d+)\\s+root@[\\w()]+:[^ ]+ ') 
[34mCONSOLE[0m SerialLogger.ma:    SerialDriver(main) < MARKER='AGFK''MHLWTZ' run 'ubus call network.interface.wan statu␍␍␤
[34mCONSOLE[0m SerialLogger.ma:    SerialDriver(main) < s '"'"'{}'"'"''␍␤
[34mCONSOLE[0m SerialLogger.ma:    SerialDriver(main) < AGFKMHLWTZ{␍␤
[34mCONSOLE[0m SerialLogger.ma:    SerialDriver(main) < 	"up": true,␍␤
[34mCONSOLE[0m SerialLogger.ma:    SerialDriver(main) < 	"pending": false,␍␤
[34mCONSOLE[0m SerialLogger.ma:    SerialDriver(main) < 	"available": true,␍␤
[34mCONSOLE[0m SerialLogger.ma:    SerialDriver(main) < 	"autostart": true,␍␤
[34mCONSOLE[0m SerialLogger.ma:    SerialDriver(main) < 	"dynamic": false,␍␤
[34mCONSOLE[0m SerialLogger.ma:    SerialDriver(main) < 	"uptime": 32,␍␤
[34mCONSOLE[0m SerialLogger.ma:    SerialDriver(main) < 	"l3_device": "wan",␍␤
[34mCONSOLE[0m SerialLogger.ma:    SerialDriver(main) < 	"proto": "dhcp",␍␤
[34mCONSOLE[0m SerialLogger.ma:    SerialDriver(main) < 	"device": "wan",␍␤
[34mCONSOLE[0m SerialLogger.ma:    SerialDriver(main) < 	"updated": [␍␤
[34mCONSOLE[0m SerialLogger.ma:    SerialDriver(main) < 		"addresses",␍␤
[34mCONSOLE[0m SerialLogger.ma:    SerialDriver(main) < 		"routes",␍␤
[34mCONSOLE[0m SerialLogger.ma:    SerialDriver(main) < 		"data"␍␤
[34mCONSOLE[0m SerialLogger.ma:    SerialDriver(main) < 	],␍␤
[34mCONSOLE[0m SerialLogger.ma:    SerialDriver(main) < 	"metric": 0,␍␤
[34mCONSOLE[0m SerialLogger.ma:    SerialDriver(main) < 	"dns_metric": 0,␍␤
[34mCONSOLE[0m SerialLogger.ma:    SerialDriver(main) < 	"delegation": true,␍␤
[34mCONSOLE[0m SerialLogger.ma:    SerialDriver(main) < 	"ipv4-address": [␍␤
[34mCONSOLE[0m SerialLogger.ma:    SerialDriver(main) < 		{␍␤
[34mCONSOLE[0m SerialLogger.ma:    SerialDriver(main) < 			"address": "192.168.101.125",␍␤
[34mCONSOLE[0m SerialLogger.ma:    SerialDriver(main) < 			"mask": 24␍␤
[34mCONSOLE[0m SerialLogger.ma:    SerialDriver(main) < 		}␍␤
[34mCONSOLE[0m SerialLogger.ma:    SerialDriver(main) < 	],␍␤
[34mCONSOLE[0m SerialLogger.ma:    SerialDriver(main) < 	"ipv6-address": [␍␤
[34mCONSOLE[0m SerialLogger.ma:    SerialDriver(main) < 		␍␤
[34mCONSOLE[0m SerialLogger.ma:    SerialDriver(main) < 	],␍␤
[34mCONSOLE[0m SerialLogger.ma:    SerialDriver(main) < 	"ipv6-prefix": [␍␤
[34mCONSOLE[0m SerialLogger.ma:    SerialDriver(main) < 		␍␤
[34mCONSOLE[0m SerialLogger.ma:    SerialDriver(main) < 	],␍␤
[34mCONSOLE[0m SerialLogger.ma:    SerialDriver(main) < 	"ipv6-prefix-assignment": [␍␤
[34mCONSOLE[0m SerialLogger.ma:    SerialDriver(main) < 		␍␤
[34mCONSOLE[0m SerialLogger.ma:    SerialDriver(main) < 	],␍␤
[34mCONSOLE[0m SerialLogger.ma:    SerialDriver(main) < 	"route": [␍␤
[34mCONSOLE[0m SerialLogger.ma:    SerialDriver(main) < 		{␍␤
[34mCONSOLE[0m SerialLogger.ma:    SerialDriver(main) < 			"target": "0.0.0.0",␍␤
[34mCONSOLE[0m SerialLogger.ma:    SerialDriver(main) < 			"mask": 0,␍␤
[34mCONSOLE[0m SerialLogger.ma:    SerialDriver(main) < 			"nexthop": "192.168.101.1",␍␤
[34mCONSOLE[0m SerialLogger.ma:    SerialDriver(main) < 			"source": "192.168.101.125/32"␍␤
[34mCONSOLE[0m SerialLogger.ma:    SerialDriver(main) < 		}␍␤
[34mCONSOLE[0m SerialLogger.ma:    SerialDriver(main) < 	],␍␤
[34mCONSOLE[0m SerialLogger.ma:    SerialDriver(main) < 	"dns-server": [␍␤
[34mCONSOLE[0m SerialLogger.ma:    SerialDriver(main) < 		␍␤
[34mCONSOLE[0m SerialLogger.ma:    SerialDriver(main) < 	],␍␤
[34mCONSOLE[0m SerialLogger.ma:    SerialDriver(main) < 	"dns-search": [␍␤
[34mCONSOLE[0m SerialLogger.ma:    SerialDriver(main) < 		␍␤
[34mCONSOLE[0m SerialLogger.ma:    SerialDriver(main) < 	],␍␤
[34mCONSOLE[0m SerialLogger.ma:    SerialDriver(main) < 	"neighbors": [␍␤
[34mCONSOLE[0m SerialLogger.ma:    SerialDriver(main) < 		␍␤
[34mCONSOLE[0m SerialLogger.ma:    SerialDriver(main) < 	],␍␤
[34mCONSOLE[0m SerialLogger.ma:    SerialDriver(main) < 	"inactive": {␍␤
[34mCONSOLE[0m SerialLogger.ma:    SerialDriver(main) < 		"ipv4-address": [␍␤
[34mCONSOLE[0m SerialLogger.ma:    SerialDriver(main) < 			␍␤
[34mCONSOLE[0m SerialLogger.ma:    SerialDriver(main) < 		],␍␤
[34mCONSOLE[0m SerialLogger.ma:    SerialDriver(main) < 		"ipv6-address": [␍␤
[34mCONSOLE[0m SerialLogger.ma:    SerialDriver(main) < 			␍␤
[34mCONSOLE[0m SerialLogger.ma:    SerialDriver(main) < 		],␍␤
[34mCONSOLE[0m SerialLogger.ma:    SerialDriver(main) < 		"route": [␍␤
[34mCONSOLE[0m SerialLogger.ma:    SerialDriver(main) < 			␍␤
[34mCONSOLE[0m SerialLogger.ma:    SerialDriver(main) < 		],␍␤
[34mCONSOLE[0m SerialLogger.ma:    SerialDriver(main) < 		"dns-server": [␍␤
[34mCONSOLE[0m SerialLogger.ma:    SerialDriver(main) < 			␍␤
[34mCONSOLE[0m SerialLogger.ma:    SerialDriver(main) < 		],␍␤
[34mCONSOLE[0m SerialLogger.ma:    SerialDriver(main) < 		"dns-search": [␍␤
[34mCONSOLE[0m SerialLogger.ma:    SerialDriver(main) < 			␍␤
[34mCONSOLE[0m SerialLogger.ma:    SerialDriver(main) < 		],␍␤
[34mCONSOLE[0m SerialLogger.ma:    SerialDriver(main) < 		"neighbors": [␍␤
[34mCONSOLE[0m SerialLogger.ma:    SerialDriver(main) < 			␍␤
[34mCONSOLE[0m SerialLogger.ma:    SerialDriver(main) < 		]␍␤
[34mCONSOLE[0m SerialLogger.ma:    SerialDriver(main) < 	},␍␤
[34mCONSOLE[0m SerialLogger.ma:    SerialDriver(main) < 	"data": {␍␤
[34mCONSOLE[0m SerialLogger.ma:    SerialDriver(main) < 		"dhcpserver": "192.168.101.1",␍␤
[34mCONSOLE[0m SerialLogger.ma:    SerialDriver(main) < 		"hostname": "OpenWrt",␍␤
[34mCONSOLE[0m SerialLogger.ma:    SerialDriver(main) < 		"leasetime": 86400␍␤
[34mCONSOLE[0m SerialLogger.ma:    SerialDriver(main) < 	}␍␤
[34mCONSOLE[0m SerialLogger.ma:    SerialDriver(main) < }␍␤
[34mCONSOLE[0m SerialLogger.ma:    SerialDriver(main) < AGFKMHLWTZ 0␍␤
[34mCONSOLE[0m SerialLogger.ma:    SerialDriver(main) < root@OpenWrt:~# ␍␤
[32mINFO   [0m      StepLogger:   ← SerialDriver.expect() result=(0, b'MARKER=\'AGFK\'\'MHLWTZ\' run \'ubus call network.interface.wan statu\r\r\ns \'"\'"\'{}\'"\'"\… [0.379s]
[32mINFO   [0m      StepLogger:  ← ShellDriver.run_check() result=['{', '\t"up": true,', '\t"pending": false,', '\t"available": true,', '\t"autostart": true,', '\t"dy… [1.731s]
[32mPASSED[0m[33m                                                                   [ 85%][0m
tests/test_wan.py::test_https_download [33mSKIPPED[0m (unsupported feature(...)[33m [ 88%][0m
tests/test_wifi.py::test_wifi_wpa3 
[1m-------------------------------- live log call ---------------------------------[0m
[32mINFO   [0m      StepLogger:  → SSHDriver.run(cmd='uci delete wireless.default_radio0.disabled') 
[32mINFO   [0m      StepLogger:  ← SSHDriver.run() result=([], [], 0) [0.526s]
[32mINFO   [0m      StepLogger:  → SSHDriver.run(cmd='uci delete wireless.radio0.disabled') 
[32mINFO   [0m      StepLogger:  ← SSHDriver.run() result=([], ['uci: Entry not found'], 1) [0.526s]
[32mINFO   [0m      StepLogger:  → SSHDriver.run(cmd='uci set wireless.default_radio0.encryption=sae') 
[32mINFO   [0m      StepLogger:  ← SSHDriver.run() result=([], [], 0) [0.526s]
[32mINFO   [0m      StepLogger:  → SSHDriver.run(cmd='uci set wireless.default_radio0.key=openwrt4all') 
[32mINFO   [0m      StepLogger:  ← SSHDriver.run() result=([], [], 0) [0.525s]
[32mINFO   [0m      StepLogger:  → SSHDriver.run(cmd='uci commit') 
[32mINFO   [0m      StepLogger:  ← SSHDriver.run() result=([], [], 0) [0.525s]
[32mINFO   [0m      StepLogger:  → SSHDriver.run(cmd='wifi down') 
[32mINFO   [0m      StepLogger:  ← SSHDriver.run() result=([], [], 0) [0.525s]
[32mINFO   [0m      StepLogger:  → SSHDriver.run(cmd='wifi up') 
[32mINFO   [0m      StepLogger:  ← SSHDriver.run() result=([], [], 0) [0.523s]
[32mINFO   [0m      StepLogger:  → SSHDriver.run(cmd='ubus -t 15 wait_for hostapd.phy0-ap0') 
[32mINFO   [0m      StepLogger:  ← SSHDriver.run() result=([], ['Command failed: Request timed out'], 7) [15.517s]
[32mINFO   [0m      StepLogger:  → SSHDriver.run(cmd='iwinfo') 
[32mINFO   [0m      StepLogger:  ← SSHDriver.run() result=(['wl0-ap0 ESSID: "OpenWrt"', '         Access Point: 92:d8:9d:1d:f8:3a', '         Mode: Master  Ch… [0.525s]
[32mPASSED[0m[33m                                                                   [ 91%][0m
tests/test_wifi.py::test_wifi_wpa2 
[1m-------------------------------- live log call ---------------------------------[0m
[32mINFO   [0m      StepLogger:  → SSHDriver.run(cmd='uci delete wireless.default_radio0.disabled') 
[32mINFO   [0m      StepLogger:  ← SSHDriver.run() result=([], ['uci: Entry not found'], 1) [0.525s]
[32mINFO   [0m      StepLogger:  → SSHDriver.run(cmd='uci delete wireless.radio0.disabled') 
[32mINFO   [0m      StepLogger:  ← SSHDriver.run() result=([], ['uci: Entry not found'], 1) [0.526s]
[32mINFO   [0m      StepLogger:  → SSHDriver.run(cmd='uci set wireless.default_radio0.encryption=psk2') 
[32mINFO   [0m      StepLogger:  ← SSHDriver.run() result=([], [], 0) [0.526s]
[32mINFO   [0m      StepLogger:  → SSHDriver.run(cmd='uci set wireless.default_radio0.key=openwrt4all') 
[32mINFO   [0m      StepLogger:  ← SSHDriver.run() result=([], [], 0) [0.525s]
[32mINFO   [0m      StepLogger:  → SSHDriver.run(cmd='uci commit') 
[32mINFO   [0m      StepLogger:  ← SSHDriver.run() result=([], [], 0) [0.525s]
[32mINFO   [0m      StepLogger:  → SSHDriver.run(cmd='wifi down') 
[32mINFO   [0m      StepLogger:  ← SSHDriver.run() result=([], [], 0) [0.525s]
[32mINFO   [0m      StepLogger:  → SSHDriver.run(cmd='wifi up') 
[32mINFO   [0m      StepLogger:  ← SSHDriver.run() result=([], [], 0) [0.525s]
[32mINFO   [0m      StepLogger:  → SSHDriver.run(cmd='ubus -t 15 wait_for hostapd.phy0-ap0') 
[32mINFO   [0m      StepLogger:  ← SSHDriver.run() result=([], ['Command failed: Request timed out'], 7) [15.517s]
[32mINFO   [0m      StepLogger:  → SSHDriver.run(cmd='iwinfo') 
[32mINFO   [0m      StepLogger:  ← SSHDriver.run() result=(['wl0-ap0 ESSID: "OpenWrt"', '         Access Point: 92:d8:9d:1d:f8:3a', '         Mode: Master  Ch… [0.526s]
[32mPASSED[0m[33m                                                                   [ 94%][0m
tests/test_wifi.py::test_wifi_scan [33mSKIPPED[0m (unsupported feature(s): ...)[33m [ 97%][0m
tests/test_wifi.py::test_wifi_hwsim_sae_mixed [33mSKIPPED[0m (unsupported f...)[33m [100%][0m
[1m------------------------------ live log teardown -------------------------------[0m
[32mINFO   [0m SSHConnection(h:  Closing SSH connection to labgrid-hsn


[33m=============================== warnings summary ===============================[0m
tests/test_apk.py::TestApk::test_apk_procd_installed
  /home/runner/work/openwrt-tests/openwrt-tests/.venv/lib/python3.14/site-packages/serial/rfc2217.py:469: DeprecationWarning: setDaemon() is deprecated, set the daemon attribute instead
    self._thread.setDaemon(True)

tests/test_apk.py::TestApk::test_apk_procd_installed
  /home/runner/work/openwrt-tests/openwrt-tests/.venv/lib/python3.14/site-packages/serial/rfc2217.py:470: DeprecationWarning: setName() is deprecated, set the name attribute instead
    self._thread.setName('pySerial RFC 2217 reader thread for {}'.format(self._port))

tests/test_base.py::test_firmware_version
  tests/test_base.py:14: PytestWarning: record_property is incompatible with junit_family 'xunit2' (use 'legacy' or 'xunit1')
    def test_firmware_version(shell_command, record_property):

-- Docs: https://docs.pytest.org/en/stable/how-to/capture-warnings.html
- generated xml file: /home/runner/work/openwrt-tests/openwrt-tests/bananapi_bpi-r64-snapshot/report.xml -
[33m============ [32m27 passed[0m, [33m[1m8 skipped[0m, [33m[1m3 warnings[0m[33m in 130.96s (0:02:10)[0m[33m =============[0m
