<?xml version="1.0" encoding="utf-8"?><testsuites name="pytest tests"><testsuite name="pytest" errors="0" failures="0" skipped="8" tests="35" time="119.981" timestamp="2026-05-11T16:40:55.805635+00:00" hostname="runnervmeorf1"><properties><property name="ENV_CONFIG" value="targets/bananapi_bpi-r64.yaml" /><property name="TARGETS" value="['main']" /><property name="TARGET_MAIN_REMOTE" value="+" /><property name="IMAGE_ROOT" value="/home/runner/work/openwrt-tests/openwrt-tests/tftp/bananapi_bpi-r64/openwrt-mediatek-mt7622-bananapi_bpi-r64-initramfs-recovery.itb" /><property name="IMAGE_ROOT_GIT_COMMIT" value="5f104d4c0bc159d767e0129c851b8fd5194d893a" /></properties><testcase classname="tests.test_apk.TestApk" name="test_apk_procd_installed" time="48.283" /><testcase classname="tests.test_apk.TestApk" name="test_apk_add_ucert" time="0.000"><skipped type="pytest.skip" message="LG_FEATURE_ONLINE not defined">/home/runner/work/openwrt-tests/openwrt-tests/tests/test_apk.py:13: LG_FEATURE_ONLINE not defined</skipped></testcase><testcase classname="tests.test_apk.TestApk" name="test_apk_audit" time="0.415" /><testcase classname="tests.test_base" name="test_shell" time="1.017" /><testcase classname="tests.test_base" name="test_firmware_version" time="1.300"><properties><property name="firmware_version" value="r34385-ff16e61084" /><property name="expected_firmware_version" value="r34385-ff16e61084" /></properties></testcase><testcase classname="tests.test_base" name="test_dropbear_startup" time="2.558" /><testcase classname="tests.test_base" name="test_ssh" time="0.416" /><testcase classname="tests.test_base" name="test_echo" time="0.414" /><testcase classname="tests.test_base" name="test_uname" time="0.416" /><testcase classname="tests.test_base" name="test_ubus_system_board" time="0.415" /><testcase classname="tests.test_base" name="test_free_memory" time="0.414" /><testcase classname="tests.test_base" name="test_sysupgrade_backup" time="0.000"><skipped type="pytest.skip" message="unsupported feature(s): rootfs">/home/runner/work/openwrt-tests/openwrt-tests/tests/test_base.py:69: unsupported feature(s): rootfs</skipped></testcase><testcase classname="tests.test_base" name="test_sysupgrade_backup_u" time="0.000"><skipped type="pytest.skip" message="unsupported feature(s): rootfs">/home/runner/work/openwrt-tests/openwrt-tests/tests/test_base.py:81: unsupported feature(s): rootfs</skipped></testcase><testcase classname="tests.test_base" name="test_kernel_errors" time="0.428" /><testcase classname="tests.test_lan" name="test_lan_wait_for_link_ready" time="1.340" /><testcase classname="tests.test_lan" name="test_lan_wait_for_network" time="1.466" /><testcase classname="tests.test_lan" name="test_lan_interface_address" time="1.237" /><testcase classname="tests.test_lan" name="test_lan_interface_has_neighbor" time="3.232" /><testcase classname="tests.test_network_security" name="test_ssh_supported_algorithms" time="0.743" /><testcase classname="tests.test_opkg" name="test_opkg_procd_installed" time="0.000"><skipped type="pytest.skip" message="unsupported feature(s): opkg">/home/runner/work/openwrt-tests/openwrt-tests/tests/test_opkg.py:4: unsupported feature(s): opkg</skipped></testcase><testcase classname="tests.test_opkg" name="test_opkg_install_ucert" time="0.000"><skipped type="pytest.skip" message="unsupported feature(s): online, opkg">/home/runner/work/openwrt-tests/openwrt-tests/tests/test_opkg.py:9: unsupported feature(s): online, opkg</skipped></testcase><testcase classname="tests.test_system_health.TestSystemHealth" name="test_memory_usage" time="0.515" /><testcase classname="tests.test_system_health.TestSystemHealth" name="test_filesystem_usage" time="2.479" /><testcase classname="tests.test_system_health.TestSystemHealth" name="test_system_uptime" time="0.414" /><testcase classname="tests.test_system_health.TestSystemHealth" name="test_temperature_sensors" time="0.828" /><testcase classname="tests.test_system_health.TestSystemHealth" name="test_process_count" time="0.414" /><testcase classname="tests.test_system_health.TestSystemHealth" name="test_entropy_available" time="0.414" /><testcase classname="tests.test_system_health.TestSystemHealth" name="test_open_file_descriptors" time="0.414" /><testcase classname="tests.test_wan" name="test_wan_firewall_zone" time="2.559" /><testcase classname="tests.test_wan" name="test_wan_interface_device" time="1.565" /><testcase classname="tests.test_wan" name="test_https_download" time="0.000"><skipped type="pytest.skip" message="unsupported feature(s): online">/home/runner/work/openwrt-tests/openwrt-tests/tests/test_wan.py:64: unsupported feature(s): online</skipped></testcase><testcase classname="tests.test_wifi" name="test_wifi_wpa3" time="22.728" /><testcase classname="tests.test_wifi" name="test_wifi_wpa2" time="22.650" /><testcase classname="tests.test_wifi" name="test_wifi_scan" time="0.000"><skipped type="pytest.skip" message="unsupported feature(s): wifi-neighbors">/home/runner/work/openwrt-tests/openwrt-tests/tests/test_wifi.py:79: unsupported feature(s): wifi-neighbors</skipped></testcase><testcase classname="tests.test_wifi" name="test_wifi_hwsim_sae_mixed" time="0.812"><skipped type="pytest.skip" message="unsupported feature(s): hwsim">/home/runner/work/openwrt-tests/openwrt-tests/tests/test_wifi.py:101: unsupported feature(s): hwsim</skipped></testcase></testsuite></testsuites>