<?xml version="1.0" encoding="utf-8"?><testsuites name="pytest tests"><testsuite name="pytest" errors="0" failures="1" skipped="9" tests="35" time="67.540" timestamp="2025-11-25T00:11:17.594854+00:00" hostname="runnervmg1sw1"><properties><property name="ENV_CONFIG" value="targets/qemu_malta-be.yaml" /><property name="TARGETS" value="['main']" /></properties><testcase classname="tests.test_apk.TestApk" name="test_apk_procd_installed" time="52.406" /><testcase classname="tests.test_apk.TestApk" name="test_apk_add_ucert" time="11.476" /><testcase classname="tests.test_apk.TestApk" name="test_apk_audit" time="0.257" /><testcase classname="tests.test_base" name="test_shell" time="0.024" /><testcase classname="tests.test_base" name="test_firmware_version" time="0.024"><properties><property name="firmware_version" value="r32017-4dab2a9405" /><property name="expected_firmware_version" value="r32017-4dab2a9405" /></properties></testcase><testcase classname="tests.test_base" name="test_dropbear_startup" time="0.100" /><testcase classname="tests.test_base" name="test_ssh" time="0.016" /><testcase classname="tests.test_base" name="test_echo" time="0.014" /><testcase classname="tests.test_base" name="test_uname" time="0.017" /><testcase classname="tests.test_base" name="test_ubus_system_board" time="0.034" /><testcase classname="tests.test_base" name="test_free_memory" time="0.021" /><testcase classname="tests.test_base" name="test_sysupgrade_backup" time="0.000"><skipped type="pytest.skip" message="Skipping because feature &quot;{'rootfs'}&quot; is not supported">/home/runner/work/openwrt-tests/openwrt-tests/tests/test_base.py:69: Skipping because feature "{'rootfs'}" is not supported</skipped></testcase><testcase classname="tests.test_base" name="test_sysupgrade_backup_u" time="0.000"><skipped type="pytest.skip" message="Skipping because feature &quot;{'rootfs'}&quot; is not supported">/home/runner/work/openwrt-tests/openwrt-tests/tests/test_base.py:81: Skipping because feature "{'rootfs'}" is not supported</skipped></testcase><testcase classname="tests.test_base" name="test_kernel_errors" time="0.047" /><testcase classname="tests.test_lan" name="test_lan_wait_for_link_ready" time="0.053" /><testcase classname="tests.test_lan" name="test_lan_wait_for_network" time="0.077" /><testcase classname="tests.test_lan" name="test_lan_interface_address" time="0.051" /><testcase classname="tests.test_lan" name="test_lan_interface_has_neighbor" time="2.041"><failure message="AssertionError: assert 'DUP!' in 'PING ff02::1%br-lan (ff02::1%5): 56 data bytes\n64 bytes from fe80::5054:ff:fe12:3456: seq=0 ttl=64 time=2.121 ms\n64 bytes from fe80::5054:ff:fe12:3456: seq=1 ttl=64 time=0.670 ms\n64 bytes from fe80::5054:ff:fe12:3456: seq=2 ttl=64 time=0.803 ms\n\n--- ff02::1%br-lan ping statistics ---\n3 packets transmitted, 3 packets received, 0% packet loss\nround-trip min/avg/max = 0.670/1.198/2.121 ms'&#10; +  where 'PING ff02::1%br-lan (ff02::1%5): 56 data bytes\n64 bytes from fe80::5054:ff:fe12:3456: seq=0 ttl=64 time=2.121 ms\n64 bytes from fe80::5054:ff:fe12:3456: seq=1 ttl=64 time=0.670 ms\n64 bytes from fe80::5054:ff:fe12:3456: seq=2 ttl=64 time=0.803 ms\n\n--- ff02::1%br-lan ping statistics ---\n3 packets transmitted, 3 packets received, 0% packet loss\nround-trip min/avg/max = 0.670/1.198/2.121 ms' = &lt;built-in method join of str object at 0x15b3310&gt;(['PING ff02::1%br-lan (ff02::1%5): 56 data bytes', '64 bytes from fe80::5054:ff:fe12:3456: seq=0 ttl=64 time=2.121 ms', '64 bytes from fe80::5054:ff:fe12:3456: seq=1 ttl=64 time=0.670 ms', '64 bytes from fe80::5054:ff:fe12:3456: seq=2 ttl=64 time=0.803 ms', '', '--- ff02::1%br-lan ping statistics ---', ...])&#10; +    where &lt;built-in method join of str object at 0x15b3310&gt; = '\n'.join">shell_command = ShellDriver(target=Target(name='main', env=Environment(config_file='targets/qemu_malta-be.yaml')), name=None, state=&lt;B...root', password=None, keyfile='', login_timeout=60, console_ready='', await_login_timeout=15, post_login_settle_time=0)

    def test_lan_interface_has_neighbor(shell_command):
&gt;       assert "DUP!" in "\n".join(shell_command.run("ping -c 3 ff02::1%br-lan")[0])
E       AssertionError: assert 'DUP!' in 'PING ff02::1%br-lan (ff02::1%5): 56 data bytes\n64 bytes from fe80::5054:ff:fe12:3456: seq=0 ttl=64 time=2.121 ms\n64 bytes from fe80::5054:ff:fe12:3456: seq=1 ttl=64 time=0.670 ms\n64 bytes from fe80::5054:ff:fe12:3456: seq=2 ttl=64 time=0.803 ms\n\n--- ff02::1%br-lan ping statistics ---\n3 packets transmitted, 3 packets received, 0% packet loss\nround-trip min/avg/max = 0.670/1.198/2.121 ms'
E        +  where 'PING ff02::1%br-lan (ff02::1%5): 56 data bytes\n64 bytes from fe80::5054:ff:fe12:3456: seq=0 ttl=64 time=2.121 ms\n64 bytes from fe80::5054:ff:fe12:3456: seq=1 ttl=64 time=0.670 ms\n64 bytes from fe80::5054:ff:fe12:3456: seq=2 ttl=64 time=0.803 ms\n\n--- ff02::1%br-lan ping statistics ---\n3 packets transmitted, 3 packets received, 0% packet loss\nround-trip min/avg/max = 0.670/1.198/2.121 ms' = &lt;built-in method join of str object at 0x15b3310&gt;(['PING ff02::1%br-lan (ff02::1%5): 56 data bytes', '64 bytes from fe80::5054:ff:fe12:3456: seq=0 ttl=64 time=2.121 ms', '64 bytes from fe80::5054:ff:fe12:3456: seq=1 ttl=64 time=0.670 ms', '64 bytes from fe80::5054:ff:fe12:3456: seq=2 ttl=64 time=0.803 ms', '', '--- ff02::1%br-lan ping statistics ---', ...])
E        +    where &lt;built-in method join of str object at 0x15b3310&gt; = '\n'.join

tests/test_lan.py:31: AssertionError</failure></testcase><testcase classname="tests.test_network_security" name="test_ssh_supported_algorithms" time="0.279" /><testcase classname="tests.test_opkg" name="test_opkg_procd_installed" time="0.000"><skipped type="pytest.skip" message="Skipping because feature &quot;{'opkg'}&quot; is not supported">/home/runner/work/openwrt-tests/openwrt-tests/tests/test_opkg.py:4: Skipping because feature "{'opkg'}" is not supported</skipped></testcase><testcase classname="tests.test_opkg" name="test_opkg_install_ucert" time="0.000"><skipped type="pytest.skip" message="Skipping because features &quot;{'opkg', 'online'}&quot; are not supported">/home/runner/work/openwrt-tests/openwrt-tests/tests/test_opkg.py:9: Skipping because features "{'opkg', 'online'}" are not supported</skipped></testcase><testcase classname="tests.test_system_health.TestSystemHealth" name="test_cpu_load" time="0.019" /><testcase classname="tests.test_system_health.TestSystemHealth" name="test_memory_usage" time="0.020" /><testcase classname="tests.test_system_health.TestSystemHealth" name="test_filesystem_usage" time="0.121" /><testcase classname="tests.test_system_health.TestSystemHealth" name="test_system_uptime" time="0.017" /><testcase classname="tests.test_system_health.TestSystemHealth" name="test_temperature_sensors" time="0.017" /><testcase classname="tests.test_system_health.TestSystemHealth" name="test_process_count" time="0.038" /><testcase classname="tests.test_system_health.TestSystemHealth" name="test_entropy_available" time="0.017" /><testcase classname="tests.test_system_health.TestSystemHealth" name="test_open_file_descriptors" time="0.018" /><testcase classname="tests.test_wan" name="test_wan_wait_for_network" time="0.095" /><testcase classname="tests.test_wan" name="test_https_download" time="0.000"><skipped type="pytest.skip" message="Skipping because feature &quot;{'online'}&quot; is not supported">/home/runner/work/openwrt-tests/openwrt-tests/tests/test_wan.py:56: Skipping because feature "{'online'}" is not supported</skipped></testcase><testcase classname="tests.test_wifi" name="test_wifi_wpa3" time="0.000"><skipped type="pytest.skip" message="Skipping because feature &quot;{'wifi'}&quot; is not supported">/home/runner/work/openwrt-tests/openwrt-tests/tests/test_wifi.py:28: Skipping because feature "{'wifi'}" is not supported</skipped></testcase><testcase classname="tests.test_wifi" name="test_wifi_wpa2" time="0.000"><skipped type="pytest.skip" message="Skipping because feature &quot;{'wifi'}&quot; is not supported">/home/runner/work/openwrt-tests/openwrt-tests/tests/test_wifi.py:52: Skipping because feature "{'wifi'}" is not supported</skipped></testcase><testcase classname="tests.test_wifi" name="test_wifi_scan" time="0.000"><skipped type="pytest.skip" message="Skipping because features &quot;{'wifi', 'wifi-neighbors'}&quot; are not supported">/home/runner/work/openwrt-tests/openwrt-tests/tests/test_wifi.py:76: Skipping because features "{'wifi', 'wifi-neighbors'}" are not supported</skipped></testcase><testcase classname="tests.test_wifi" name="test_wifi_hwsim_sae_mixed" time="0.107"><skipped type="pytest.skip" message="Skipping because feature &quot;{'hwsim'}&quot; is not supported">/home/runner/work/openwrt-tests/openwrt-tests/tests/test_wifi.py:97: Skipping because feature "{'hwsim'}" is not supported</skipped></testcase></testsuite></testsuites>