[1m============================= test session starts ==============================[0m
platform linux -- Python 3.14.4, pytest-9.0.3, pluggy-1.6.0 -- /home/runner/work/openwrt-tests/openwrt-tests/.venv/bin/python
cachedir: .pytest_cache
rootdir: /home/runner/work/openwrt-tests/openwrt-tests
configfile: pyproject.toml
plugins: check-2.8.0, labgrid-25.1.dev101, harvest-1.10.5
[1mcollecting ... [0mcollected 35 items

tests/test_apk.py::TestApk::test_apk_procd_installed 
[1m-------------------------------- live log setup --------------------------------[0m
[32mINFO   [0m SSHConnection(h: Created new SSH connection to labgrid-blocktrron
[32mINFO   [0m      StepLogger:  → NetworkPowerDriver.off() 
[32mINFO   [0m      StepLogger:  ← NetworkPowerDriver.off() [0.586s]
[32mINFO   [0m      StepLogger:  → TFTPProviderDriver.stage(filename='/home/runner/work/openwrt-tests/openwrt-tests/tftp/hpe_msm460/openwrt-mpc85xx-p1020-hpe_msm460-initramfs-kernel.bin') 
[32mINFO   [0m ManagedFile(loc:   Synchronizing /home/runner/work/openwrt-tests/openwrt-tests/tftp/hpe_msm460/openwrt-mpc85xx-p1020-hpe_msm460-initramfs-kernel.bin to labgrid-blocktrron
[32mINFO   [0m      StepLogger:   → ProcessWrapper.check_output(command=['rsync', '--compress', '--sparse', '--copy-links', '--verbose', '--progress', '--times', '-e', 'ssh -x -o LogLevel=ERROR -o PasswordAuthentication=no -o ControlMaster=no -o ControlPath=/tmp/lg-con-9yl8wx8r/control-labgrid-blocktrron', '/home/runner/work/openwrt-tests/openwrt-tests/tftp/hpe_msm460/openwrt-mpc85xx-p1020-hpe_msm460-initramfs-kernel.bin', 'labgrid-blocktrron:/var/cache/labgrid/labgrid-dev/cd9d0368a9368b8ab984867e6fbccfcd15d84eae189b6b922b2e98d30cae24e0/openwrt-mpc85xx-p1020-hpe_msm460-initramfs-kernel.bin']) 
[32mINFO   [0m         Process:    [2829] command: rsync --compress --sparse --copy-links --verbose --progress --times -e ssh -x -o LogLevel=ERROR -o PasswordAuthentication=no -o ControlMaster=no -o ControlPath=/tmp/lg-con-9yl8wx8r/control-labgrid-blocktrron /home/runner/work/openwrt-tests/openwrt-tests/tftp/hpe_msm460/openwrt-mpc85xx-p1020-hpe_msm460-initramfs-kernel.bin labgrid-blocktrron:/var/cache/labgrid/labgrid-dev/cd9d0368a9368b8ab984867e6fbccfcd15d84eae189b6b922b2e98d30cae24e0/openwrt-mpc85xx-p1020-hpe_msm460-initramfs-kernel.bin
[32mINFO   [0m         Process:    [2829] openwrt-mpc85xx-p1020-hpe_msm460-initramfs-kernel.bin
[32mINFO   [0m         Process:    [2829]          32,768   0%    0.00kB/s    0:00:00  
[32mINFO   [0m         Process:    [2829]       2,621,440  32%    2.34MB/s    0:00:02  
[32mINFO   [0m         Process:    [2829]       7,471,104  92%    3.43MB/s    0:00:00  
[32mINFO   [0m         Process:    [2829]       8,089,928 100%    3.71MB/s    0:00:02 (xfr#1, to-chk=0/1)
[32mINFO   [0m         Process:    [2829] sent 8,048,567 bytes  received 35 bytes  2,299,600.57 bytes/sec
[32mINFO   [0m         Process:    [2829] total size is 8,089,928  speedup is 1.01
[32mINFO   [0m      StepLogger:   ← ProcessWrapper.check_output() result=b'openwrt-mpc85xx-p1020-hpe_msm460-initramfs-kernel.bin\n\n         32,768   0%    0.00kB/s    0:00:… [4.147s]
[32mINFO   [0m ManagedFile(loc:   Linking
[32mINFO   [0m      StepLogger:  ← TFTPProviderDriver.stage() result=hpe_msm460/openwrt-mpc85xx-p1020-hpe_msm460-initramfs-kernel.bin [6.321s]
[32mINFO   [0m      StepLogger:  → NetworkPowerDriver.cycle() 
[32mINFO   [0m      StepLogger:   → NetworkPowerDriver.off() 
[32mINFO   [0m      StepLogger:   ← NetworkPowerDriver.off() [0.581s]
[32mINFO   [0m      StepLogger:   → NetworkPowerDriver.on() 
[32mINFO   [0m      StepLogger:   ← NetworkPowerDriver.on() [0.581s]
[32mINFO   [0m      StepLogger:  ← NetworkPowerDriver.cycle() [3.162s]
[32mINFO   [0m      StepLogger:  → UBootDriver._await_prompt() 
[32mINFO   [0m      StepLogger:   → SerialDriver.expect(pattern=['=>', 'stop autoboot', 'enter Password:', <class 'pexpect.exceptions.TIMEOUT'>]) 
[34mCONSOLE[0m SerialLogger.ma:    SerialDriver(main) < ␍␤
[34mCONSOLE[0m SerialLogger.ma:    SerialDriver(main) < NAND boot... ␍␤
[34mCONSOLE[0m SerialLogger.ma:    SerialDriver(main) < Second program loader running in sram...transfering control␍␤
[34mCONSOLE[0m SerialLogger.ma:    SerialDriver(main) < WARNING: Calling __hwconfig without a buffer and before environment is ready␍␤
[34mCONSOLE[0m SerialLogger.ma:    SerialDriver(main) < WARNING: Calling __hwconfig without a buffer and before environment is ready␍␤
[34mCONSOLE[0m SerialLogger.ma:    SerialDriver(main) < Tertiary program loader running in sram...transfering control␍␤
[34mCONSOLE[0m SerialLogger.ma:    SerialDriver(main) < ␍␤
[34mCONSOLE[0m SerialLogger.ma:    SerialDriver(main) < ␍␤
[34mCONSOLE[0m SerialLogger.ma:    SerialDriver(main) < U-Boot 2014.04-00001-g4d68b09daa (May 28 2024 - 22:56:30)␍␤
[34mCONSOLE[0m SerialLogger.ma:    SerialDriver(main) < ␍␤
[34mCONSOLE[0m SerialLogger.ma:    SerialDriver(main) < CPU0:  P1020E, Version: 1.1, (0x80ec0011)␍␤
[34mCONSOLE[0m SerialLogger.ma:    SerialDriver(main) < Core:  e500, Version: 5.1, (0x80212051)␍␤
[34mCONSOLE[0m SerialLogger.ma:    SerialDriver(main) < Clock Configuration:␍␤
[34mCONSOLE[0m SerialLogger.ma:    SerialDriver(main) <        CPU0:800  MHz, CPU1:800  MHz, ␍␤
[34mCONSOLE[0m SerialLogger.ma:    SerialDriver(main) <        CCB:400  MHz,␍␤
[34mCONSOLE[0m SerialLogger.ma:    SerialDriver(main) <        DDR:333.333 MHz (666.667 MT/s data rate) (Asynchronous), LBC:50   MHz␍␤
[34mCONSOLE[0m SerialLogger.ma:    SerialDriver(main) < L1:    D-cache 32 KiB enabled␍␤
[34mCONSOLE[0m SerialLogger.ma:    SerialDriver(main) <        I-cache 32 KiB enabled␍␤
[34mCONSOLE[0m SerialLogger.ma:    SerialDriver(main) < Board: HP MSM460␍␤
[34mCONSOLE[0m SerialLogger.ma:    SerialDriver(main) < I2C:   ready␍␤
[34mCONSOLE[0m SerialLogger.ma:    SerialDriver(main) < SPI:   ready␍␤
[34mCONSOLE[0m SerialLogger.ma:    SerialDriver(main) < DRAM:  256 MiB (DDR3, 32-bit, CL=5, ECC off)␍␤
[34mCONSOLE[0m SerialLogger.ma:    SerialDriver(main) < L2:    256 KiB already enabled␍␤
[34mCONSOLE[0m SerialLogger.ma:    SerialDriver(main) < NAND:  128 MiB␍␤
[34mCONSOLE[0m SerialLogger.ma:    SerialDriver(main) < *** Warning - bad CRC, using default environment␍␤
[34mCONSOLE[0m SerialLogger.ma:    SerialDriver(main) < ␍␤
[34mCONSOLE[0m SerialLogger.ma:    SerialDriver(main) < PCIe1: Root Complex of mini PCIe SLOT, x1 gen1, regs @ 0xffe0a000␍␤
[34mCONSOLE[0m SerialLogger.ma:    SerialDriver(main) <   01:00.0     - 168c:0030 - Network controller␍␤
[34mCONSOLE[0m SerialLogger.ma:    SerialDriver(main) < PCIe1: Bus 00 - 01␍␤
[34mCONSOLE[0m SerialLogger.ma:    SerialDriver(main) < PCIe2: Root Complex of PCIe SLOT, x1 gen1, regs @ 0xffe09000␍␤
[34mCONSOLE[0m SerialLogger.ma:    SerialDriver(main) <   03:00.0     - 168c:0030 - Network controller␍␤
[34mCONSOLE[0m SerialLogger.ma:    SerialDriver(main) < PCIe2: Bus 02 - 03␍␤
[34mCONSOLE[0m SerialLogger.ma:    SerialDriver(main) < In:    serial␍␤
[34mCONSOLE[0m SerialLogger.ma:    SerialDriver(main) < Out:   serial␍␤
[34mCONSOLE[0m SerialLogger.ma:    SerialDriver(main) < Err:   serial␍␤
[34mCONSOLE[0m SerialLogger.ma:    SerialDriver(main) < Net:   eTSEC1 [PRIME]␍␤
[34mCONSOLE[0m SerialLogger.ma:    SerialDriver(main) < Hewlett-Packard MSM460 Pre-Boot␍␤
[34mCONSOLE[0m SerialLogger.ma:    SerialDriver(main) < ␍␤
[34mCONSOLE[0m SerialLogger.ma:    SerialDriver(main) < NAND read: device 0 offset 0xc0000, size 0x40000␍␤
[34mCONSOLE[0m SerialLogger.ma:    SerialDriver(main) <  262144 bytes read: OK␍␤
[34mCONSOLE[0m SerialLogger.ma:    SerialDriver(main) < Ethernet MAC address: b4:b5:2f:4f:a7:f8␍␤
[34mCONSOLE[0m SerialLogger.ma:    SerialDriver(main) < WLAN MAC address: c8:cb:b8:fb:0b:a0␍␤
[34mCONSOLE[0m SerialLogger.ma:    SerialDriver(main) < Device IP-Address: 192.168.1.102␍␤
[32mINFO   [0m      StepLogger:   ← SerialDriver.expect() result=(3, b'\r\nNAND boot... \r\nSecond program loader running in sram...transfering control\r\nWARNING: C… [2.001s]
[32mINFO   [0m      StepLogger:   → SerialDriver.expect(pattern=['=>', 'stop autoboot', 'enter Password:', <class 'pexpect.exceptions.TIMEOUT'>]) 
[34mCONSOLE[0m SerialLogger.ma:    SerialDriver(main) < Press reset button to enter recovery mode...␍␤
[34mCONSOLE[0m SerialLogger.ma:    SerialDriver(main) < Press reset button for 5 seconds.␍␤
[34mCONSOLE[0m SerialLogger.ma:    SerialDriver(main) < Reset button not pressed, continuing boot...␍␤
[32mINFO   [0m      StepLogger:   ← SerialDriver.expect() result=(3, b'\r\nNAND boot... \r\nSecond program loader running in sram...transfering control\r\nWARNING: C… [2.001s]
[32mINFO   [0m      StepLogger:   → SerialDriver.expect(pattern=['=>', 'stop autoboot', 'enter Password:', <class 'pexpect.exceptions.TIMEOUT'>]) 
[34mCONSOLE[0m SerialLogger.ma:    SerialDriver(main) < Hit any key to stop autoboot:  3␍␤
[32mINFO   [0m      StepLogger:   ← SerialDriver.expect() result=(1, b'\r\nNAND boot... \r\nSecond program loader running in sram...transfering control\r\nWARNING: C… [1.361s]
[34mCONSOLE[0m SerialLogger.ma:   SerialDriver(main) > ␤␍␤
[32mINFO   [0m      StepLogger:   → SerialDriver.expect(pattern=['=>', 'stop autoboot', 'enter Password:', <class 'pexpect.exceptions.TIMEOUT'>]) 
[34mCONSOLE[0m SerialLogger.ma:    SerialDriver(main) <  ␈␈␈ 0 ␍␤
[34mCONSOLE[0m SerialLogger.ma:    SerialDriver(main) < => ␍␤
[32mINFO   [0m      StepLogger:   ← SerialDriver.expect() result=(0, b':  3 \x08\x08\x08 0 \r\n', <re.Match object; span=(13, 15), match=b'=>'>, b'=>') [0.384s]
[34mCONSOLE[0m SerialLogger.ma:   SerialDriver(main) > echo 'LYWB''ALNYVL'␤␍␤
[32mINFO   [0m      StepLogger:   → SerialDriver.expect(pattern='LYWBALNYVL') 
[34mCONSOLE[0m SerialLogger.ma:    SerialDriver(main) < echo 'LYWB''ALNYVL'␍␤
[34mCONSOLE[0m SerialLogger.ma:    SerialDriver(main) < LYWBALNYVL␍␤
[34mCONSOLE[0m SerialLogger.ma:    SerialDriver(main) < => ␍␤
[32mINFO   [0m      StepLogger:   ← SerialDriver.expect() result=(0, b" echo 'LYWB''ALNYVL'\r\n", <re.Match object; span=(22, 32), match=b'LYWBALNYVL'>, b'LYWBALNYVL… [0.379s]
[32mINFO   [0m      StepLogger:   → SerialDriver.expect(pattern='=>') 
[32mINFO   [0m      StepLogger:   ← SerialDriver.expect() result=(0, b'\r\n', <re.Match object; span=(2, 4), match=b'=>'>, b'=>') 
[34mCONSOLE[0m SerialLogger.ma:   SerialDriver(main) > echo 'NJZL''QKFAPH'; setenv serverip 192.168.103.1; echo "$?"; echo 'NJZL''QKFAPH';␤␍␤
[32mINFO   [0m      StepLogger:   → SerialDriver.expect(pattern='=>') 
[34mCONSOLE[0m SerialLogger.ma:    SerialDriver(main) < echo 'NJZL''QKFAPH'; setenv serverip 192.168.103.1; echo "$?"; echo 'NJZL''QKFAPH';␍␤
[34mCONSOLE[0m SerialLogger.ma:    SerialDriver(main) < NJZLQKFAPH␍␤
[34mCONSOLE[0m SerialLogger.ma:    SerialDriver(main) < 0␍␤
[34mCONSOLE[0m SerialLogger.ma:    SerialDriver(main) < NJZLQKFAPH␍␤
[34mCONSOLE[0m SerialLogger.ma:    SerialDriver(main) < => ␍␤
[32mINFO   [0m      StepLogger:   ← SerialDriver.expect() result=(0, b' echo \'NJZL\'\'QKFAPH\'; setenv serverip 192.168.103.1; echo "$?"; echo \'NJZL\'\'QKFAPH\';\r… [0.246s]
[34mCONSOLE[0m SerialLogger.ma:   SerialDriver(main) > echo 'JXHZ''QGFNXW'; setenv ipaddr 192.168.103.2; echo "$?"; echo 'JXHZ''QGFNXW';␤␍␤
[32mINFO   [0m      StepLogger:   → SerialDriver.expect(pattern='=>') 
[34mCONSOLE[0m SerialLogger.ma:    SerialDriver(main) < echo 'JXHZ''QGFNXW'; setenv ipaddr 192.168.103.2; echo "$?"; echo 'JXHZ''QGFNXW';␍␤
[34mCONSOLE[0m SerialLogger.ma:    SerialDriver(main) < JXHZQGFNXW␍␤
[34mCONSOLE[0m SerialLogger.ma:    SerialDriver(main) < 0␍␤
[34mCONSOLE[0m SerialLogger.ma:    SerialDriver(main) < JXHZQGFNXW␍␤
[34mCONSOLE[0m SerialLogger.ma:    SerialDriver(main) < => ␍␤
[32mINFO   [0m      StepLogger:   ← SerialDriver.expect() result=(0, b' echo \'JXHZ\'\'QGFNXW\'; setenv ipaddr 192.168.103.2; echo "$?"; echo \'JXHZ\'\'QGFNXW\';\r\n… [0.267s]
[34mCONSOLE[0m SerialLogger.ma:   SerialDriver(main) > echo 'OTLL''CJTPTX'; setenv bootfile hpe_msm460/openwrt-mpc85xx-p1020-hpe_msm460-initramfs-kernel.bin; echo "$?"; echo 'OTLL''CJTPTX';␤␍␤
[32mINFO   [0m      StepLogger:   → SerialDriver.expect(pattern='=>') 
[34mCONSOLE[0m SerialLogger.ma:    SerialDriver(main) < echo 'OTLL''CJTPTX'; setenv bootfile hpe_msm460/openwrt-mpc85xx-p1020-hpe_msm460-initramfs-kernel.bin; echo "$?"; echo 'OTLL''CJTPTX';␍␤
[34mCONSOLE[0m SerialLogger.ma:    SerialDriver(main) < OTLLCJTPTX␍␤
[34mCONSOLE[0m SerialLogger.ma:    SerialDriver(main) < 0␍␤
[34mCONSOLE[0m SerialLogger.ma:    SerialDriver(main) < OTLLCJTPTX␍␤
[34mCONSOLE[0m SerialLogger.ma:    SerialDriver(main) < => ␍␤
[32mINFO   [0m      StepLogger:   ← SerialDriver.expect() result=(0, b' echo \'OTLL\'\'CJTPTX\'; setenv bootfile hpe_msm460/openwrt-mpc85xx-p1020-hpe_msm460-initramf… [0.246s]
[34mCONSOLE[0m SerialLogger.ma:   SerialDriver(main) > echo 'XQLP''TYPCSO'; tftpboot; echo "$?"; echo 'XQLP''TYPCSO';␤␍␤
[32mINFO   [0m      StepLogger:   → SerialDriver.expect(pattern='=>') 
[34mCONSOLE[0m SerialLogger.ma:    SerialDriver(main) < echo 'XQLP''TYPCSO'; tftpboot; echo "$?"; echo 'XQLP''TYPCSO';␍␤
[34mCONSOLE[0m SerialLogger.ma:    SerialDriver(main) < XQLPTYPCSO␍␤
[34mCONSOLE[0m SerialLogger.ma:    SerialDriver(main) < Speed: 1000, full duplex␍␤
[34mCONSOLE[0m SerialLogger.ma:    SerialDriver(main) < Using eTSEC1 device␍␤
[34mCONSOLE[0m SerialLogger.ma:    SerialDriver(main) < TFTP from server 192.168.103.1; our IP address is 192.168.103.2␍␤
[34mCONSOLE[0m SerialLogger.ma:    SerialDriver(main) < Filename 'hpe_msm460/openwrt-mpc85xx-p1020-hpe_msm460-initramfs-kernel.bin'.␍␤
[34mCONSOLE[0m SerialLogger.ma:    SerialDriver(main) < Load address: 0x4000000␍␤
[34mCONSOLE[0m SerialLogger.ma:    SerialDriver(main) < Loading: *␈#################################################################␍␤
[34mCONSOLE[0m SerialLogger.ma:    SerialDriver(main) < 	 #################################################################␍␤
[34mCONSOLE[0m SerialLogger.ma:    SerialDriver(main) < 	 #################################################################␍␤
[34mCONSOLE[0m SerialLogger.ma:    SerialDriver(main) < 	 #################################################################␍␤
[34mCONSOLE[0m SerialLogger.ma:    SerialDriver(main) < 	 #################################################################␍␤
[34mCONSOLE[0m SerialLogger.ma:    SerialDriver(main) < 	 #################################################################␍␤
[34mCONSOLE[0m SerialLogger.ma:    SerialDriver(main) < 	 #################################################################␍␤
[34mCONSOLE[0m SerialLogger.ma:    SerialDriver(main) < 	 #################################################################␍␤
[34mCONSOLE[0m SerialLogger.ma:    SerialDriver(main) < 	 ################################␍␤
[34mCONSOLE[0m SerialLogger.ma:    SerialDriver(main) < 	 2.6 MiB/s␍␤
[34mCONSOLE[0m SerialLogger.ma:    SerialDriver(main) < done␍␤
[34mCONSOLE[0m SerialLogger.ma:    SerialDriver(main) < Bytes transferred = 8089928 (7b7148 hex)␍␤
[34mCONSOLE[0m SerialLogger.ma:    SerialDriver(main) < 0␍␤
[34mCONSOLE[0m SerialLogger.ma:    SerialDriver(main) < XQLPTYPCSO␍␤
[34mCONSOLE[0m SerialLogger.ma:    SerialDriver(main) < => ␍␤
[32mINFO   [0m      StepLogger:   ← SerialDriver.expect() result=(0, b' echo \'XQLP\'\'TYPCSO\'; tftpboot; echo "$?"; echo \'XQLP\'\'TYPCSO\';\r\nXQLPTYPCSO\r\nSpeed… [3.152s]
[32mINFO   [0m      StepLogger:  ← UBootDriver._await_prompt() [13.971s]
[32mINFO   [0m      StepLogger:  → UBootDriver.boot(name='') 
[34mCONSOLE[0m SerialLogger.ma:   SerialDriver(main) > bootm $loadaddr␤␍␤
[32mINFO   [0m      StepLogger:  ← UBootDriver.boot() [0.164s]
[32mINFO   [0m      StepLogger:  → UBootDriver.await_boot() 
[32mINFO   [0m      StepLogger:   → SerialDriver.expect(pattern='Linux version \\d') 
[34mCONSOLE[0m SerialLogger.ma:    SerialDriver(main) < bootm $loadaddr␍␤
[34mCONSOLE[0m SerialLogger.ma:    SerialDriver(main) < ## Loading kernel from FIT Image at 04000000 ...␍␤
[34mCONSOLE[0m SerialLogger.ma:    SerialDriver(main) <    Using 'config-1' configuration␍␤
[34mCONSOLE[0m SerialLogger.ma:    SerialDriver(main) <    Trying 'kernel-1' kernel subimage␍␤
[34mCONSOLE[0m SerialLogger.ma:    SerialDriver(main) <      Description:  POWERPC OpenWrt Linux-6.12.80␍␤
[34mCONSOLE[0m SerialLogger.ma:    SerialDriver(main) <      Created:      2026-04-26  17:38:45 UTC␍␤
[34mCONSOLE[0m SerialLogger.ma:    SerialDriver(main) <      Type:         Kernel Image␍␤
[34mCONSOLE[0m SerialLogger.ma:    SerialDriver(main) <      Compression:  uncompressed␍␤
[34mCONSOLE[0m SerialLogger.ma:    SerialDriver(main) <      Data Start:   0x040000ec␍␤
[34mCONSOLE[0m SerialLogger.ma:    SerialDriver(main) <      Data Size:    8076576 Bytes = 7.7 MiB␍␤
[34mCONSOLE[0m SerialLogger.ma:    SerialDriver(main) <      Architecture: PowerPC␍␤
[34mCONSOLE[0m SerialLogger.ma:    SerialDriver(main) <      OS:           Linux␍␤
[34mCONSOLE[0m SerialLogger.ma:    SerialDriver(main) <      Load Address: 0x03000000␍␤
[34mCONSOLE[0m SerialLogger.ma:    SerialDriver(main) <      Entry Point:  0x03000000␍␤
[34mCONSOLE[0m SerialLogger.ma:    SerialDriver(main) <      Hash algo:    crc32␍␤
[34mCONSOLE[0m SerialLogger.ma:    SerialDriver(main) <      Hash value:   6a9d78fb␍␤
[34mCONSOLE[0m SerialLogger.ma:    SerialDriver(main) <      Hash algo:    sha1␍␤
[34mCONSOLE[0m SerialLogger.ma:    SerialDriver(main) <      Hash value:   8fd17a3578858b375ec6319df478f1c9cb570b67␍␤
[34mCONSOLE[0m SerialLogger.ma:    SerialDriver(main) <    Verifying Hash Integrity ... crc32+ sha1+ OK␍␤
[34mCONSOLE[0m SerialLogger.ma:    SerialDriver(main) < ## Loading fdt from FIT Image at 04000000 ...␍␤
[34mCONSOLE[0m SerialLogger.ma:    SerialDriver(main) <    Using 'config-1' configuration␍␤
[34mCONSOLE[0m SerialLogger.ma:    SerialDriver(main) <    Trying 'fdt-1' fdt subimage␍␤
[34mCONSOLE[0m SerialLogger.ma:    SerialDriver(main) <      Description:  POWERPC OpenWrt hpe_msm460 device tree blob␍␤
[34mCONSOLE[0m SerialLogger.ma:    SerialDriver(main) <      Created:      2026-04-26  17:38:45 UTC␍␤
[34mCONSOLE[0m SerialLogger.ma:    SerialDriver(main) <      Type:         Flat Device Tree␍␤
[34mCONSOLE[0m SerialLogger.ma:    SerialDriver(main) <      Compression:  uncompressed␍␤
[34mCONSOLE[0m SerialLogger.ma:    SerialDriver(main) <      Data Start:   0x047b3f48␍␤
[34mCONSOLE[0m SerialLogger.ma:    SerialDriver(main) <      Data Size:    11966 Bytes = 11.7 KiB␍␤
[34mCONSOLE[0m SerialLogger.ma:    SerialDriver(main) <      Architecture: PowerPC␍␤
[34mCONSOLE[0m SerialLogger.ma:    SerialDriver(main) <      Hash algo:    crc32␍␤
[34mCONSOLE[0m SerialLogger.ma:    SerialDriver(main) <      Hash value:   bd75a54a␍␤
[34mCONSOLE[0m SerialLogger.ma:    SerialDriver(main) <      Hash algo:    sha1␍␤
[34mCONSOLE[0m SerialLogger.ma:    SerialDriver(main) <      Hash value:   f51283c1eb39ac63f8d7357fa4ca4f18f33bef8b␍␤
[34mCONSOLE[0m SerialLogger.ma:    SerialDriver(main) <    Verifying Hash Integrity ... crc32+ sha1+ OK␍␤
[34mCONSOLE[0m SerialLogger.ma:    SerialDriver(main) <    Booting using the fdt blob at 0x47b3f48␍␤
[34mCONSOLE[0m SerialLogger.ma:    SerialDriver(main) <    Loading Kernel Image ... OK␍␤
[34mCONSOLE[0m SerialLogger.ma:    SerialDriver(main) <    Loading Device Tree to 02ffa000, end 02fffebd ... OK␍␤
[34mCONSOLE[0m SerialLogger.ma:    SerialDriver(main) < ␤␍zImage starting: loaded at 0x03000000 (sp: 0x037b4fb0)␤␍Allocating 0x150c92c bytes for kernel...␤␍Decompressing (0x00000000 <- 0x03013000:0x037b3d20)...␤␍Done! Decompressed 0x14ce314 bytes␤␍␤
[34mCONSOLE[0m SerialLogger.ma:    SerialDriver(main) < ␍Linux/PowerPC load: ␤␍Finalizing device tree... flat tree at 0x37b5ce0␤␍[    0.000000] Memory CAM mapping: 16/16/16/16/64/64/64 Mb, residual: 0Mb␍␤
[34mCONSOLE[0m SerialLogger.ma:    SerialDriver(main) < [    0.000000] Activating Kernel Userspace Access Protection␍␤
[34mCONSOLE[0m SerialLogger.ma:    SerialDriver(main) < [    0.000000] Activating Kernel Userspace Execution Prevention␍␤
[34mCONSOLE[0m SerialLogger.ma:    SerialDriver(main) < [    0.000000] Linux version 6.12.80 (builder@buildhost) (powerpc-openwrt-linux-musl-gcc (OpenWrt GCC 14.3.0 r34159-60fda6238c) 14.3.0, GNU ld (GNU Binutils) 2.44) #0 SMP Sun Apr 26 17:38:45 2026␍␤
[34mCONSOLE[0m SerialLogger.ma:    SerialDriver(main) < [    0.000000] OF: reserved mem: Reserved memory: No reserved-memory node in the DT␍␤
[34mCONSOLE[0m SerialLogger.ma:    SerialDriver(main) < [    0.000000] Hardware name: Hewlett-Packard MSM460 e500v2 0x80212051 P1020 RDB␍␤
[34mCONSOLE[0m SerialLogger.ma:    SerialDriver(main) < [    0.000000] printk: legacy bootconsole [␍␤
[32mINFO   [0m      StepLogger:   ← SerialDriver.expect() result=(0, b" bootm $loadaddr\r\n## Loading kernel from FIT Image at 04000000 ...\r\n   Using 'config-1' co… [4.391s]
[32mINFO   [0m      StepLogger:  ← UBootDriver.await_boot() [4.391s]
[32mINFO   [0m      StepLogger:  → ShellDriver._await_login() 
[32mINFO   [0m      StepLogger:   → SerialDriver.expect(pattern=['root@[\\w()]+:[^ ]+ ', 'Please press Enter to activate this console.', 'Password: ', <class 'pexpect.exceptions.TIMEOUT'>]) 
[34mCONSOLE[0m SerialLogger.ma:    SerialDriver(main) < udbg0] enabled␍␤
[34mCONSOLE[0m SerialLogger.ma:    SerialDriver(main) < [    0.000000] CPU maps initialized for 1 thread per core␍␤
[34mCONSOLE[0m SerialLogger.ma:    SerialDriver(main) < [    0.000000] -----------------------------------------------------␍␤
[34mCONSOLE[0m SerialLogger.ma:    SerialDriver(main) < [    0.000000] phys_mem_size     = 0x10000000␍␤
[34mCONSOLE[0m SerialLogger.ma:    SerialDriver(main) < [    0.000000] dcache_bsize      = 0x20␍␤
[34mCONSOLE[0m SerialLogger.ma:    SerialDriver(main) < [    0.000000] icache_bsize      = 0x20␍␤
[34mCONSOLE[0m SerialLogger.ma:    SerialDriver(main) < [    0.000000] cpu_features      = 0x0000000010010108␍␤
[34mCONSOLE[0m SerialLogger.ma:    SerialDriver(main) < [    0.000000]   possible        = 0x0000000010010108␍␤
[34mCONSOLE[0m SerialLogger.ma:    SerialDriver(main) < [    0.000000]   always          = 0x0000000010010108␍␤
[34mCONSOLE[0m SerialLogger.ma:    SerialDriver(main) < [    0.000000] cpu_user_features = 0x84e08000 0x08000000␍␤
[34mCONSOLE[0m SerialLogger.ma:    SerialDriver(main) < [    0.000000] mmu_features      = 0x00020210␍␤
[34mCONSOLE[0m SerialLogger.ma:    SerialDriver(main) < [    0.000000] -----------------------------------------------------␍␤
[34mCONSOLE[0m SerialLogger.ma:    SerialDriver(main) < msm_setup_arch()␍␤
[34mCONSOLE[0m SerialLogger.ma:    SerialDriver(main) < [    0.000000] ioremap() called early from mpc85xx_setup_pmc+0x38/0x88. Use early_ioremap() instead␍␤
[34mCONSOLE[0m SerialLogger.ma:    SerialDriver(main) < [    0.000000] MSM460 board from HPE␍␤
[34mCONSOLE[0m SerialLogger.ma:    SerialDriver(main) < [    0.000000] barrier-nospec: using isync; sync as speculation barrier␍␤
[34mCONSOLE[0m SerialLogger.ma:    SerialDriver(main) < [    0.000000] Zone ranges:␍␤
[34mCONSOLE[0m SerialLogger.ma:    SerialDriver(main) < [    0.000000]   Normal   [mem 0x0000000000000000-0x000000000fffffff]␍␤
[34mCONSOLE[0m SerialLogger.ma:    SerialDriver(main) < [    0.000000] Movable zone start for each node␍␤
[34mCONSOLE[0m SerialLogger.ma:    SerialDriver(main) < [    0.000000] Early memory node ranges␍␤
[34mCONSOLE[0m SerialLogger.ma:    SerialDriver(main) < [    0.000000]   node   0: [mem 0x0000000000000000-0x000000000fffffff]␍␤
[34mCONSOLE[0m SerialLogger.ma:    SerialDriver(main) < [    0.000000] Initmem setup node 0 [mem 0x0000000000000000-0x000000000fffffff]␍␤
[34mCONSOLE[0m SerialLogger.ma:    SerialDriver(main) < [    0.000000] MMU: Allocated 1088 bytes of context maps for 255 contexts␍␤
[34mCONSOLE[0m SerialLogger.ma:    SerialDriver(main) < [    0.000000] percpu: Embedded 12 pages/cpu s18700 r8192 d22260 u49152␍␤
[34mCONSOLE[0m SerialLogger.ma:    SerialDriver(main) < [    0.000000] Kernel command line: console=ttyS0,115200 ubi.mtd=5,2048␍␤
[34mCONSOLE[0m SerialLogger.ma:    SerialDriver(main) < [    0.000000] Dentry cache hash table entries: 32768 (order: 5, 131072 bytes, linear)␍␤
[34mCONSOLE[0m SerialLogger.ma:    SerialDriver(main) < [    0.000000] Inode-cache hash table entries: 16384 (order: 4, 65536 bytes, linear)␍␤
[34mCONSOLE[0m SerialLogger.ma:    SerialDriver(main) < [    0.000000] Built 1 zonelists, mobility grouping on.  Total pages: 65536␍␤
[34mCONSOLE[0m SerialLogger.ma:    SerialDriver(main) < [    0.000000] mem auto-init: stack:off, heap alloc:off, heap free:off␍␤
[34mCONSOLE[0m SerialLogger.ma:    SerialDriver(main) < [    0.000000] Kernel virtual memory layout:␍␤
[34mCONSOLE[0m SerialLogger.ma:    SerialDriver(main) < [    0.000000]   * 0xffbdf000..0xfffff000  : fixmap␍␤
[34mCONSOLE[0m SerialLogger.ma:    SerialDriver(main) < [    0.000000]   * 0xffbdd000..0xffbdf000  : early ioremap␍␤
[34mCONSOLE[0m SerialLogger.ma:    SerialDriver(main) < [    0.000000]   * 0xd1000000..0xffbdd000  : vmalloc & ioremap␍␤
[34mCONSOLE[0m SerialLogger.ma:    SerialDriver(main) < [    0.000000] SLUB: HWalign=32, Order=0-3, MinObjects=0, CPUs=2, Nodes=1␍␤
[34mCONSOLE[0m SerialLogger.ma:    SerialDriver(main) < [    0.000000] rcu: Hierarchical RCU implementation.␍␤
[34mCONSOLE[0m SerialLogger.ma:    SerialDriver(main) < [    0.000000] 	Tracing variant of Tasks RCU enabled.␍␤
[34mCONSOLE[0m SerialLogger.ma:    SerialDriver(main) < [    0.000000] rcu: RCU calculated value of scheduler-enlistment delay is 10 jiffies.␍␤
[34mCONSOLE[0m SerialLogger.ma:    SerialDriver(main) < [    0.000000] RCU Tasks Trace: Setting shift to 1 and lim to 1 rcu_task_cb_adjust=1 rcu_task_cpu_ids=2.␍␤
[34mCONSOLE[0m SerialLogger.ma:    SerialDriver(main) < [    0.000000] NR_IRQS: 512, nr_irqs: 512, preallocated irqs: 16␍␤
[34mCONSOLE[0m SerialLogger.ma:    SerialDriver(main) < [    0.000000] mpic: Setting up MPIC " OpenPIC  " version 1.2 at ffe40000, max 2 CPUs␍␤
[34mCONSOLE[0m SerialLogger.ma:    SerialDriver(main) < [    0.000000] mpic: ISU size: 256, shift: 8, mask: ff␍␤
[34mCONSOLE[0m SerialLogger.ma:    SerialDriver(main) < [    0.000000] mpic: Initializing for 256 sources␍␤
[34mCONSOLE[0m SerialLogger.ma:    SerialDriver(main) < [    0.000000] rcu: srcu_init: Setting srcu_struct sizes based on contention.␍␤
[34mCONSOLE[0m SerialLogger.ma:    SerialDriver(main) < [    0.000006] clocksource: timebase: mask: 0xffffffffffffffff max_cycles: 0xb8812736b, max_idle_ns: 440795202655 ns␍␤
[34mCONSOLE[0m SerialLogger.ma:    SerialDriver(main) < [    0.010192] clocksource: timebase mult[14000000] shift[24] registered␍␤
[34mCONSOLE[0m SerialLogger.ma:    SerialDriver(main) < [    0.016743] pid_max: default: 32768 minimum: 301␍␤
[34mCONSOLE[0m SerialLogger.ma:    SerialDriver(main) < [    0.029036] Mount-cache hash table entries: 1024 (order: 0, 4096 bytes, linear)␍␤
[34mCONSOLE[0m SerialLogger.ma:    SerialDriver(main) < [    0.036290] Mountpoint-cache hash table entries: 1024 (order: 0, 4096 bytes, linear)␍␤
[34mCONSOLE[0m SerialLogger.ma:    SerialDriver(main) < [    0.050744] mpic: requesting IPIs...␍␤
[34mCONSOLE[0m SerialLogger.ma:    SerialDriver(main) < [    0.057282] rcu: Hierarchical SRCU implementation.␍␤
[34mCONSOLE[0m SerialLogger.ma:    SerialDriver(main) < [    0.062007] rcu: 	Max phase no-delay instances is 1000.␍␤
[34mCONSOLE[0m SerialLogger.ma:    SerialDriver(main) < [    0.068549] smp: Bringing up secondary CPUs ...␍␤
[34mCONSOLE[0m SerialLogger.ma:    SerialDriver(main) < [    0.074184] Activating Kernel Userspace Access Protection␍␤
[34mCONSOLE[0m SerialLogger.ma:    SerialDriver(main) < [    0.079921] smp: Brought up 1 node, 2 CPUs␍␤
[34mCONSOLE[0m SerialLogger.ma:    SerialDriver(main) < [    0.084188] Memory: 236668K/262144K available (9120K kernel code, 700K rwdata, 7264K rodata, 4224K init, 246K bss, 24308K reserved, 0K cma-reserved)␍␤
[34mCONSOLE[0m SerialLogger.ma:    SerialDriver(main) < [    0.101641] clocksource: jiffies: mask: 0xffffffff max_cycles: 0xffffffff, max_idle_ns: 19112604462750000 ns␍␤
[34mCONSOLE[0m SerialLogger.ma:    SerialDriver(main) < [    0.111468] futex hash table entries: 512 (order: 2, 16384 bytes, linear)␍␤
[34mCONSOLE[0m SerialLogger.ma:    SerialDriver(main) < [    0.130567] NET: Registered PF_NETLINK/PF_ROUTE protocol family␍␤
[34mCONSOLE[0m SerialLogger.ma:    SerialDriver(main) <              ␍␤
[34mCONSOLE[0m SerialLogger.ma:    SerialDriver(main) < [    0.137558] thermal_sys: Registered thermal governor 'step_wise'␍␤
[34mCONSOLE[0m SerialLogger.ma:    SerialDriver(main) < [    0.145890] Found FSL PCI host bridge at 0x00000000ffe09000. Firmware bus number: 0->1␍␤
[34mCONSOLE[0m SerialLogger.ma:    SerialDriver(main) < [    0.159731] PCI host bridge /pcie@ffe09000 (primary) ranges:␍␤
[34mCONSOLE[0m SerialLogger.ma:    SerialDriver(main) < [    0.165417]  MEM 0x00000000a0000000..0x00000000bfffffff -> 0x00000000a0000000 ␍␤
[34mCONSOLE[0m SerialLogger.ma:    SerialDriver(main) < [    0.172580]   IO 0x00000000ffc10000..0x00000000ffc1ffff -> 0x0000000000000000␍␤
[34mCONSOLE[0m SerialLogger.ma:    SerialDriver(main) < [    0.179757] /pcie@ffe09000: PCICSRBAR @ 0xfff00000␍␤
[34mCONSOLE[0m SerialLogger.ma:    SerialDriver(main) < [    0.184482] setup_pci_atmu: end of DRAM 10000000␍␤
[34mCONSOLE[0m SerialLogger.ma:    SerialDriver(main) < [    0.189779] Found FSL PCI host bridge at 0x00000000ffe0a000. Firmware bus number: 0->1␍␤
[34mCONSOLE[0m SerialLogger.ma:    SerialDriver(main) < [    0.197627] PCI host bridge /pcie@ffe0a000  ranges:␍␤
[34mCONSOLE[0m SerialLogger.ma:    SerialDriver(main) < [    0.202551]  MEM 0x0000000080000000..0x000000009fffffff -> 0x0000000080000000 ␍␤
[34mCONSOLE[0m SerialLogger.ma:    SerialDriver(main) < [    0.209703]   IO 0x00000000ffc00000..0x00000000ffc0ffff -> 0x0000000000000000␍␤
[34mCONSOLE[0m SerialLogger.ma:    SerialDriver(main) < [    0.216891] /pcie@ffe0a000: PCICSRBAR @ 0xfff00000␍␤
[34mCONSOLE[0m SerialLogger.ma:    SerialDriver(main) < [    0.221618] setup_pci_atmu: end of DRAM 10000000␍␤
[34mCONSOLE[0m SerialLogger.ma:    SerialDriver(main) < [    0.230126] PCI: Probing PCI hardware␍␤
[34mCONSOLE[0m SerialLogger.ma:    SerialDriver(main) < [    0.233848] fsl-pci ffe09000.pcie: PCI host bridge to bus 0000:00␍␤
[34mCONSOLE[0m SerialLogger.ma:    SerialDriver(main) < [    0.239940] pci_bus 0000:00: root bus resource [io  0x0000-0xffff]␍␤
[34mCONSOLE[0m SerialLogger.ma:    SerialDriver(main) < [    0.246052] pci_bus 0000:00: root bus resource [mem 0xa0000000-0xbfffffff]␍␤
[34mCONSOLE[0m SerialLogger.ma:    SerialDriver(main) < [    0.252948] pci_bus 0000:00: root bus resource [bus 00-ff]␍␤
[34mCONSOLE[0m SerialLogger.ma:    SerialDriver(main) < [    0.258380] pci_bus 0000:00: busn_res: [bus 00-ff] end is updated to ff␍␤
[34mCONSOLE[0m SerialLogger.ma:    SerialDriver(main) < [    0.265068] pci 0000:00:00.0: [1957:0100] type 01 class 0x060400 PCIe Root Port␍␤
[34mCONSOLE[0m SerialLogger.ma:    SerialDriver(main) < [    0.272317] pci 0000:00:00.0: BAR 0 [mem 0xfff00000-0xffffffff]␍␤
[34mCONSOLE[0m SerialLogger.ma:    SerialDriver(main) < [    0.278280] pci 0000:00:00.0: PCI bridge to [bus 01]␍␤
[34mCONSOLE[0m SerialLogger.ma:    SerialDriver(main) < [    0.283178] pci 0000:00:00.0:   bridge window [mem 0xa0000000-0xa00fffff]␍␤
[34mCONSOLE[0m SerialLogger.ma:    SerialDriver(main) < [    0.290036] pci 0000:00:00.0: supports D1 D2␍␤
[34mCONSOLE[0m SerialLogger.ma:    SerialDriver(main) < [    0.294230] pci 0000:00:00.0: PME# supported from D0 D1 D2 D3hot D3cold␍␤
[34mCONSOLE[0m SerialLogger.ma:    SerialDriver(main) < [    0.302308] pci 0000:01:00.0: [168c:0030] type 00 class 0x028000 PCIe Endpoint␍␤
[34mCONSOLE[0m SerialLogger.ma:    SerialDriver(main) < [    0.309485] pci 0000:01:00.0: BAR 0 [mem 0xa0000000-0xa001ffff 64bit]␍␤
[34mCONSOLE[0m SerialLogger.ma:    SerialDriver(main) < [    0.315964] pci 0000:01:00.0: ROM [mem 0x00000000-0x0000ffff pref]␍␤
[34mCONSOLE[0m SerialLogger.ma:    SerialDriver(main) < [    0.322178] pci 0000:01:00.0: supports D1␍␤
[34mCONSOLE[0m SerialLogger.ma:    SerialDriver(main) < [    0.326135] pci 0000:01:00.0: PME# supported from D0 D1 D3hot␍␤
[34mCONSOLE[0m SerialLogger.ma:    SerialDriver(main) < [    0.346252] pci 0000:00:00.0: PCI bridge to [bus 01-ff]␍␤
[34mCONSOLE[0m SerialLogger.ma:    SerialDriver(main) < [    0.351434] pci_bus 0000:01: busn_res: [bus 01-ff] end is updated to 01␍␤
[34mCONSOLE[0m SerialLogger.ma:    SerialDriver(main) < [    0.358060] pci_bus 0000:00: busn_res: [bus 00-ff] end is updated to 01␍␤
[34mCONSOLE[0m SerialLogger.ma:    SerialDriver(main) < [    0.365090] fsl-pci ffe0a000.pcie: PCI host bridge to bus 0001:02␍␤
[34mCONSOLE[0m SerialLogger.ma:    SerialDriver(main) < [    0.371182] pci_bus 0001:02: root bus resource [io  0x20000-0x2ffff] (bus address [0x0000-0xffff])␍␤
[34mCONSOLE[0m SerialLogger.ma:    SerialDriver(main) < [    0.380067] pci_bus 0001:02: root bus resource [mem 0x80000000-0x9fffffff]␍␤
[34mCONSOLE[0m SerialLogger.ma:    SerialDriver(main) < [    0.386971] pci_bus 0001:02: root bus resource [bus 02-ff]␍␤
[34mCONSOLE[0m SerialLogger.ma:    SerialDriver(main) < [    0.392395] pci_bus 0001:02: busn_res: [bus 02-ff] end is updated to ff␍␤
[34mCONSOLE[0m SerialLogger.ma:    SerialDriver(main) < [    0.399087] pci 0001:02:00.0: [1957:0100] type 01 class 0x060400 PCIe Root Port␍␤
[34mCONSOLE[0m SerialLogger.ma:    SerialDriver(main) < [    0.406336] pci 0001:02:00.0: BAR 0 [mem 0xfff00000-0xffffffff]␍␤
[34mCONSOLE[0m SerialLogger.ma:    SerialDriver(main) < [    0.412270] pci 0001:02:00.0: PCI bridge to [bus 01]␍␤
[34mCONSOLE[0m SerialLogger.ma:    SerialDriver(main) < [    0.417178] pci 0001:02:00.0:   bridge window [mem 0x80000000-0x800fffff]␍␤
[34mCONSOLE[0m SerialLogger.ma:    SerialDriver(main) < [    0.424049] pci 0001:02:00.0: supports D1 D2␍␤
[34mCONSOLE[0m SerialLogger.ma:    SerialDriver(main) < [    0.428245] pci 0001:02:00.0: PME# supported from D0 D1 D2 D3hot D3cold␍␤
[34mCONSOLE[0m SerialLogger.ma:    SerialDriver(main) < [    0.436119] pci 0001:02:00.0: Primary bus is hard wired to 0␍␤
[34mCONSOLE[0m SerialLogger.ma:    SerialDriver(main) < [    0.441708] pci 0001:02:00.0: bridge configuration invalid ([bus 01-01]), reconfiguring␍␤
[34mCONSOLE[0m SerialLogger.ma:    SerialDriver(main) < [    0.449960] pci 0001:03:00.0: [168c:0030] type 00 class 0x028000 PCIe Endpoint␍␤
[34mCONSOLE[0m SerialLogger.ma:    SerialDriver(main) < [    0.457137] pci 0001:03:00.0: BAR 0 [mem 0x80000000-0x8001ffff 64bit]␍␤
[34mCONSOLE[0m SerialLogger.ma:    SerialDriver(main) < [    0.463613] pci 0001:03:00.0: ROM [mem 0x00000000-0x0000ffff pref]␍␤
[34mCONSOLE[0m SerialLogger.ma:    SerialDriver(main) < [    0.469827] pci 0001:03:00.0: supports D1␍␤
[34mCONSOLE[0m SerialLogger.ma:    SerialDriver(main) < [    0.473784] pci 0001:03:00.0: PME# supported from D0 D1 D3hot␍␤
[34mCONSOLE[0m SerialLogger.ma:    SerialDriver(main) < [    0.493899] pci 0001:02:00.0: PCI bridge to [bus 03-ff]␍␤
[34mCONSOLE[0m SerialLogger.ma:    SerialDriver(main) < [    0.499081] pci_bus 0001:03: busn_res: [bus 03-ff] end is updated to 03␍␤
[34mCONSOLE[0m SerialLogger.ma:    SerialDriver(main) < [    0.505718] pci_bus 0001:02: busn_res: [bus 02-ff] end is updated to 03␍␤
[34mCONSOLE[0m SerialLogger.ma:    SerialDriver(main) < [    0.512535] PCI: Cannot allocate resource region 0 of device 0000:00:00.0, will remap␍␤
[34mCONSOLE[0m SerialLogger.ma:    SerialDriver(main) < [    0.520359] PCI: Cannot allocate resource region 0 of device 0001:02:00.0, will remap␍␤
[34mCONSOLE[0m SerialLogger.ma:    SerialDriver(main) < [    0.528177] pci 0000:00:00.0: BAR 0 [mem size 0x00100000]: can't assign; no space␍␤
[34mCONSOLE[0m SerialLogger.ma:    SerialDriver(main) < [    0.535621] pci 0000:00:00.0: BAR 0 [mem size 0x00100000]: failed to assign␍␤
[34mCONSOLE[0m SerialLogger.ma:    SerialDriver(main) < [    0.542535] pci 0000:01:00.0: ROM [mem 0xa0020000-0xa002ffff pref]: assigned␍␤
[34mCONSOLE[0m SerialLogger.ma:    SerialDriver(main) < [    0.549587] pci 0000:00:00.0: PCI bridge to [bus 01]␍␤
[34mCONSOLE[0m SerialLogger.ma:    SerialDriver(main) < [    0.554505] pci 0000:00:00.0:   bridge window [io  0x0000-0xffff]␍␤
[34mCONSOLE[0m SerialLogger.ma:    SerialDriver(main) < [    0.560617] pci 0000:00:00.0:   bridge window [mem 0xa0000000-0xbfffffff]␍␤
[34mCONSOLE[0m SerialLogger.ma:    SerialDriver(main) < [    0.567352] pci_bus 0000:00: Some PCI device resources are unassigned, try booting with pci=realloc␍␤
[34mCONSOLE[0m SerialLogger.ma:    SerialDriver(main) < [    0.576420] pci_bus 0000:00: resource 4 [io  0x0000-0xffff]␍␤
[34mCONSOLE[0m SerialLogger.ma:    SerialDriver(main) < [    0.581931] pci_bus 0000:00: resource 5 [mem 0xa0000000-0xbfffffff]␍␤
[34mCONSOLE[0m SerialLogger.ma:    SerialDriver(main) < [    0.588209] pci_bus 0000:01: resource 0 [io  0x0000-0xffff]␍␤
[34mCONSOLE[0m SerialLogger.ma:    SerialDriver(main) < [    0.593736] pci_bus 0000:01: resource 1 [mem 0xa0000000-0xbfffffff]␍␤
[34mCONSOLE[0m SerialLogger.ma:    SerialDriver(main) < [    0.600020] pci 0001:02:00.0: BAR 0 [mem size 0x00100000]: can't assign; no space␍␤
[34mCONSOLE[0m SerialLogger.ma:    SerialDriver(main) < [    0.607450] pci 0001:02:00.0: BAR 0 [mem size 0x00100000]: failed to assign␍␤
[34mCONSOLE[0m SerialLogger.ma:    SerialDriver(main) < [    0.614441] pci 0001:03:00.0: ROM [mem 0x80020000-0x8002ffff pref]: assigned␍␤
[34mCONSOLE[0m SerialLogger.ma:    SerialDriver(main) < [    0.621427] pci 0001:02:00.0: PCI bridge to [bus 03]␍␤
[34mCONSOLE[0m SerialLogger.ma:    SerialDriver(main) < [    0.626405] pci 0001:02:00.0:   bridge window [io  0x20000-0x2ffff]␍␤
[34mCONSOLE[0m SerialLogger.ma:    SerialDriver(main) < [    0.632625] pci 0001:02:00.0:   bridge window [mem 0x80000000-0x9fffffff]␍␤
[34mCONSOLE[0m SerialLogger.ma:    SerialDriver(main) < [    0.639419] pci_bus 0001:02: Some PCI device resources are unassigned, try booting with pci=realloc␍␤
[34mCONSOLE[0m SerialLogger.ma:    SerialDriver(main) < [    0.648421] pci_bus 0001:02: resource 4 [io  0x20000-0x2ffff]␍␤
[34mCONSOLE[0m SerialLogger.ma:    SerialDriver(main) < [    0.654189] pci_bus 0001:02: resource 5 [mem 0x80000000-0x9fffffff]␍␤
[34mCONSOLE[0m SerialLogger.ma:    SerialDriver(main) < [    0.660398] pci_bus 0001:03: resource 0 [io  0x20000-0x2ffff]␍␤
[34mCONSOLE[0m SerialLogger.ma:    SerialDriver(main) < [    0.666163] pci_bus 0001:03: resource 1 [mem 0x80000000-0x9fffffff]␍␤
[34mCONSOLE[0m SerialLogger.ma:    SerialDriver(main) < [    0.704979] EDAC MC: Ver: 3.0.0␍␤
[34mCONSOLE[0m SerialLogger.ma:    SerialDriver(main) < [    0.710681] clocksource: Switched to clocksource timebase␍␤
[34mCONSOLE[0m SerialLogger.ma:    SerialDriver(main) < [    0.724142] NET: Registered PF_INET protocol family␍␤
[34mCONSOLE[0m SerialLogger.ma:    SerialDriver(main) < [    0.729206] IP idents hash table entries: 4096 (order: 3, 32768 bytes, linear)␍␤
[34mCONSOLE[0m SerialLogger.ma:    SerialDriver(main) < [    0.737959] tcp_listen_portaddr_hash hash table entries: 512 (order: 0, 4096 bytes, linear)␍␤
[34mCONSOLE[0m SerialLogger.ma:    SerialDriver(main) < [    0.746301] Table-perturb hash table entries: 65536 (order: 6, 262144 bytes, linear)␍␤
[34mCONSOLE[0m SerialLogger.ma:    SerialDriver(main) < [    0.754010] TCP established hash table entries: 2048 (order: 1, 8192 bytes, linear)␍␤
[34mCONSOLE[0m SerialLogger.ma:    SerialDriver(main) < [    0.761657] TCP bind hash table entries: 2048 (order: 3, 32768 bytes, linear)␍␤
[34mCONSOLE[0m SerialLogger.ma:    SerialDriver(main) < [    0.768783] TCP: Hash tables configured (established 2048 bind 2048)␍␤
[34mCONSOLE[0m SerialLogger.ma:    SerialDriver(main) < [    0.775631] MPTCP token hash table entries: 256 (order: 0, 4096 bytes, linear)␍␤
[34mCONSOLE[0m SerialLogger.ma:    SerialDriver(main) < [    0.783121] UDP hash table entries: 256 (order: 1, 8192 bytes, linear)␍␤
[34mCONSOLE[0m SerialLogger.ma:    SerialDriver(main) < [    0.789602] UDP-Lite hash table entries: 256 (order: 1, 8192 bytes, linear)␍␤
[34mCONSOLE[0m SerialLogger.ma:    SerialDriver(main) < [    0.797384] NET: Registered PF_UNIX/PF_LOCAL protocol family␍␤
[34mCONSOLE[0m SerialLogger.ma:    SerialDriver(main) < [    0.803111] PCI: CLS 32 bytes, default 32␍␤
[34mCONSOLE[0m SerialLogger.ma:    SerialDriver(main) < [    0.810787] workingset: timestamp_bits=14 max_order=16 bucket_order=2␍␤
[34mCONSOLE[0m SerialLogger.ma:    SerialDriver(main) < [    0.818751] squashfs: version 4.0 (2009/01/31) Phillip Lougher␍␤
[34mCONSOLE[0m SerialLogger.ma:    SerialDriver(main) < [    0.824557] jffs2: version 2.2 (NAND) (SUMMARY) (LZMA) (RTIME) (CMODE_PRIORITY) (c) 2001-2006 Red Hat, Inc.␍␤
[34mCONSOLE[0m SerialLogger.ma:    SerialDriver(main) < [    0.838191] Block layer SCSI generic (bsg) driver version 0.4 loaded (major 251)␍␤
[34mCONSOLE[0m SerialLogger.ma:    SerialDriver(main) < [    1.282379] pcieport 0000:00:00.0: enabling device (0106 -> 0107)␍␤
[34mCONSOLE[0m SerialLogger.ma:    SerialDriver(main) < [    1.288807] pcieport 0001:02:00.0: enabling device (0106 -> 0107)␍␤
[34mCONSOLE[0m SerialLogger.ma:    SerialDriver(main) < [    1.295323] Serial: 8250/16550 driver, 16 ports, IRQ sharing enabled␍␤
[34mCONSOLE[0m SerialLogger.ma:    SerialDriver(main) < [    1.306529] printk: legacy console [ttyS0] disabled␍␤
[34mCONSOLE[0m SerialLogger.ma:    SerialDriver(main) < [    1.311749] serial8250.0: ttyS0 at MMIO 0xffe04500 (irq = 42, base_baud = 24999999) is a 16550A␍␤
[34mCONSOLE[0m SerialLogger.ma:    SerialDriver(main) < [    1.320434] printk: legacy console [ttyS0] enabled␍␤
[34mCONSOLE[0m SerialLogger.ma:    SerialDriver(main) < [    1.320434] printk: legacy console [ttyS0] enabled␍␤
[34mCONSOLE[0m SerialLogger.ma:    SerialDriver(main) < [    1.329976] printk: legacy bootconsole [udbg0] disabled␍␤
[34mCONSOLE[0m SerialLogger.ma:    SerialDriver(main) < [    1.329976] printk: legacy bootconsole [udbg0] disabled␍␤
[34mCONSOLE[0m SerialLogger.ma:    SerialDriver(main) < [    1.730281] serial8250.0: ttyS1 at MMIO 0xffe04600 (irq = 42, base_baud = 24999999) is a 16550A␍␤
[34mCONSOLE[0m SerialLogger.ma:    SerialDriver(main) < [    1.739765] printk: legacy console [ttyS0] disabled␍␤
[34mCONSOLE[0m SerialLogger.ma:    SerialDriver(main) < [    1.746880] printk: legacy console [ttyS0] enabled␍␤
[34mCONSOLE[0m SerialLogger.ma:    SerialDriver(main) < [    1.753051] ffe04600.serial: ttyS1 at MMIO 0xffe04600 (irq = 42, base_baud = 24999999) is a 16550␍␤
[34mCONSOLE[0m SerialLogger.ma:    SerialDriver(main) < [    1.767605] fsl,elbc-fcm-nand ff800000.nand: read_byte beyond end of buffer␍␤
[34mCONSOLE[0m SerialLogger.ma:    SerialDriver(main) < [    1.774630] fsl,elbc-fcm-nand ff800000.nand: read_byte beyond end of buffer␍␤
[34mCONSOLE[0m SerialLogger.ma:    SerialDriver(main) < [    1.781664] fsl,elbc-fcm-nand ff800000.nand: read_byte beyond end of buffer␍␤
[34mCONSOLE[0m SerialLogger.ma:    SerialDriver(main) < [    1.788637] fsl,elbc-fcm-nand ff800000.nand: read_byte beyond end of buffer␍␤
[34mCONSOLE[0m SerialLogger.ma:    SerialDriver(main) < [    1.795628] fsl,elbc-fcm-nand ff800000.nand: read_byte beyond end of buffer␍␤
[34mCONSOLE[0m SerialLogger.ma:    SerialDriver(main) < [    1.802617] fsl,elbc-fcm-nand ff800000.nand: read_byte beyond end of buffer␍␤
[34mCONSOLE[0m SerialLogger.ma:    SerialDriver(main) < [    1.809583] fsl,elbc-fcm-nand ff800000.nand: read_byte beyond end of buffer␍␤
[34mCONSOLE[0m SerialLogger.ma:    SerialDriver(main) < [    1.816563] fsl,elbc-fcm-nand ff800000.nand: read_byte beyond end of buffer␍␤
[34mCONSOLE[0m SerialLogger.ma:    SerialDriver(main) < [    1.823551] fsl,elbc-fcm-nand ff800000.nand: read_byte beyond end of buffer␍␤
[34mCONSOLE[0m SerialLogger.ma:    SerialDriver(main) < [    1.830518] fsl,elbc-fcm-nand ff800000.nand: read_byte beyond end of buffer␍␤
[34mCONSOLE[0m SerialLogger.ma:    SerialDriver(main) < [    1.837499] fsl,elbc-fcm-nand ff800000.nand: read_byte beyond end of buffer␍␤
[34mCONSOLE[0m SerialLogger.ma:    SerialDriver(main) < [    1.844550] fsl,elbc-fcm-nand ff800000.nand: read_byte beyond end of buffer␍␤
[34mCONSOLE[0m SerialLogger.ma:    SerialDriver(main) < [    1.851556] fsl,elbc-fcm-nand ff800000.nand: read_byte beyond end of buffer␍␤
[34mCONSOLE[0m SerialLogger.ma:    SerialDriver(main) < [    1.858524] fsl,elbc-fcm-nand ff800000.nand: read_byte beyond end of buffer␍␤
[34mCONSOLE[0m SerialLogger.ma:    SerialDriver(main) < [    1.865506] fsl,elbc-fcm-nand ff800000.nand: read_byte beyond end of buffer␍␤
[34mCONSOLE[0m SerialLogger.ma:    SerialDriver(main) < [    1.872520] fsl,elbc-fcm-nand ff800000.nand: read_byte beyond end of buffer␍␤
[34mCONSOLE[0m SerialLogger.ma:    SerialDriver(main) < [    1.879491] fsl,elbc-fcm-nand ff800000.nand: read_byte beyond end of buffer␍␤
[34mCONSOLE[0m SerialLogger.ma:    SerialDriver(main) < [    1.886481] fsl,elbc-fcm-nand ff800000.nand: read_byte beyond end of buffer␍␤
[34mCONSOLE[0m SerialLogger.ma:    SerialDriver(main) < [    1.893471] fsl,elbc-fcm-nand ff800000.nand: read_byte beyond end of buffer␍␤
[34mCONSOLE[0m SerialLogger.ma:    SerialDriver(main) < [    1.900439] fsl,elbc-fcm-nand ff800000.nand: read_byte beyond end of buffer␍␤
[34mCONSOLE[0m SerialLogger.ma:    SerialDriver(main) < [    1.907428] fsl,elbc-fcm-nand ff800000.nand: read_byte beyond end of buffer␍␤
[34mCONSOLE[0m SerialLogger.ma:    SerialDriver(main) < [    1.914421] fsl,elbc-fcm-nand ff800000.nand: read_byte beyond end of buffer␍␤
[34mCONSOLE[0m SerialLogger.ma:    SerialDriver(main) < [    1.921411] fsl,elbc-fcm-nand ff800000.nand: read_byte beyond end of buffer␍␤
[34mCONSOLE[0m SerialLogger.ma:    SerialDriver(main) < [    1.928380] fsl,elbc-fcm-nand ff800000.nand: read_byte beyond end of buffer␍␤
[34mCONSOLE[0m SerialLogger.ma:    SerialDriver(main) < [    1.935383] fsl,elbc-fcm-nand ff800000.nand: read_byte beyond end of buffer␍␤
[34mCONSOLE[0m SerialLogger.ma:    SerialDriver(main) < [    1.942382] fsl,elbc-fcm-nand ff800000.nand: read_byte beyond end of buffer␍␤
[34mCONSOLE[0m SerialLogger.ma:    SerialDriver(main) < [    1.949351] fsl,elbc-fcm-nand ff800000.nand: read_byte beyond end of buffer␍␤
[34mCONSOLE[0m SerialLogger.ma:    SerialDriver(main) < [    1.956334] fsl,elbc-fcm-nand ff800000.nand: read_byte beyond end of buffer␍␤
[34mCONSOLE[0m SerialLogger.ma:    SerialDriver(main) < [    1.963348] fsl,elbc-fcm-nand ff800000.nand: read_byte beyond end of buffer␍␤
[34mCONSOLE[0m SerialLogger.ma:    SerialDriver(main) < [    1.970319] fsl,elbc-fcm-nand ff800000.nand: read_byte beyond end of buffer␍␤
[34mCONSOLE[0m SerialLogger.ma:    SerialDriver(main) < [    1.977307] fsl,elbc-fcm-nand ff800000.nand: read_byte beyond end of buffer␍␤
[34mCONSOLE[0m SerialLogger.ma:    SerialDriver(main) < [    1.984304] fsl,elbc-fcm-nand ff800000.nand: read_byte beyond end of buffer␍␤
[34mCONSOLE[0m SerialLogger.ma:    SerialDriver(main) < [    1.991340] fsl,elbc-fcm-nand ff800000.nand: read_byte beyond end of buffer␍␤
[34mCONSOLE[0m SerialLogger.ma:    SerialDriver(main) < [    1.998313] fsl,elbc-fcm-nand ff800000.nand: read_byte beyond end of buffer␍␤
[34mCONSOLE[0m SerialLogger.ma:    SerialDriver(main) < [    2.005304] fsl,elbc-fcm-nand ff800000.nand: read_byte beyond end of buffer␍␤
[34mCONSOLE[0m SerialLogger.ma:    SerialDriver(main) < [    2.012296] fsl,elbc-fcm-nand ff800000.nand: read_byte beyond end of buffer␍␤
[34mCONSOLE[0m SerialLogger.ma:    SerialDriver(main) < [    2.019265] fsl,elbc-fcm-nand ff800000.nand: read_byte beyond end of buffer␍␤
[34mCONSOLE[0m SerialLogger.ma:    SerialDriver(main) < [    2.026270] fsl,elbc-fcm-nand ff800000.nand: read_byte beyond end of buffer␍␤
[34mCONSOLE[0m SerialLogger.ma:    SerialDriver(main) < [    2.033270] fsl,elbc-fcm-nand ff800000.nand: read_byte beyond end of buffer␍␤
[34mCONSOLE[0m SerialLogger.ma:    SerialDriver(main) < [    2.040239] fsl,elbc-fcm-nand ff800000.nand: read_byte beyond end of buffer␍␤
[34mCONSOLE[0m SerialLogger.ma:    SerialDriver(main) < [    2.047223] fsl,elbc-fcm-nand ff800000.nand: read_byte beyond end of buffer␍␤
[34mCONSOLE[0m SerialLogger.ma:    SerialDriver(main) < [    2.054215] fsl,elbc-fcm-nand ff800000.nand: read_byte beyond end of buffer␍␤
[34mCONSOLE[0m SerialLogger.ma:    SerialDriver(main) < [    2.061207] fsl,elbc-fcm-nand ff800000.nand: read_byte beyond end of buffer␍␤
[34mCONSOLE[0m SerialLogger.ma:    SerialDriver(main) < [    2.068175] fsl,elbc-fcm-nand ff800000.nand: read_byte beyond end of buffer␍␤
[34mCONSOLE[0m SerialLogger.ma:    SerialDriver(main) < [    2.075158] fsl,elbc-fcm-nand ff800000.nand: read_byte beyond end of buffer␍␤
[34mCONSOLE[0m SerialLogger.ma:    SerialDriver(main) < [    2.082174] fsl,elbc-fcm-nand ff800000.nand: read_byte beyond end of buffer␍␤
[34mCONSOLE[0m SerialLogger.ma:    SerialDriver(main) < [    2.089146] fsl,elbc-fcm-nand ff800000.nand: read_byte beyond end of buffer␍␤
[34mCONSOLE[0m SerialLogger.ma:    SerialDriver(main) < [    2.096143] fsl,elbc-fcm-nand ff800000.nand: read_byte beyond end of buffer␍␤
[34mCONSOLE[0m SerialLogger.ma:    SerialDriver(main) < [    2.103137] fsl,elbc-fcm-nand ff800000.nand: read_byte beyond end of buffer␍␤
[34mCONSOLE[0m SerialLogger.ma:    SerialDriver(main) < [    2.110106] fsl,elbc-fcm-nand ff800000.nand: read_byte beyond end of buffer␍␤
[34mCONSOLE[0m SerialLogger.ma:    SerialDriver(main) < [    2.117132] fsl,elbc-fcm-nand ff800000.nand: read_byte beyond end of buffer␍␤
[34mCONSOLE[0m SerialLogger.ma:    SerialDriver(main) < [    2.124146] fsl,elbc-fcm-nand ff800000.nand: read_byte beyond end of buffer␍␤
[34mCONSOLE[0m SerialLogger.ma:    SerialDriver(main) < [    2.131139] fsl,elbc-fcm-nand ff800000.nand: read_byte beyond end of buffer␍␤
[34mCONSOLE[0m SerialLogger.ma:    SerialDriver(main) < [    2.138108] fsl,elbc-fcm-nand ff800000.nand: read_byte beyond end of buffer␍␤
[34mCONSOLE[0m SerialLogger.ma:    SerialDriver(main) < [    2.145113] fsl,elbc-fcm-nand ff800000.nand: read_byte beyond end of buffer␍␤
[34mCONSOLE[0m SerialLogger.ma:    SerialDriver(main) < [    2.152113] fsl,elbc-fcm-nand ff800000.nand: read_byte beyond end of buffer␍␤
[34mCONSOLE[0m SerialLogger.ma:    SerialDriver(main) < [    2.159082] fsl,elbc-fcm-nand ff800000.nand: read_byte beyond end of buffer␍␤
[34mCONSOLE[0m SerialLogger.ma:    SerialDriver(main) < [    2.166065] fsl,elbc-fcm-nand ff800000.nand: read_byte beyond end of buffer␍␤
[34mCONSOLE[0m SerialLogger.ma:    SerialDriver(main) < [    2.173056] fsl,elbc-fcm-nand ff800000.nand: read_byte beyond end of buffer␍␤
[34mCONSOLE[0m SerialLogger.ma:    SerialDriver(main) < [    2.180024] fsl,elbc-fcm-nand ff800000.nand: read_byte beyond end of buffer␍␤
[34mCONSOLE[0m SerialLogger.ma:    SerialDriver(main) < [    2.187007] fsl,elbc-fcm-nand ff800000.nand: read_byte beyond end of buffer␍␤
[34mCONSOLE[0m SerialLogger.ma:    SerialDriver(main) < [    2.193998] fsl,elbc-fcm-nand ff800000.nand: read_byte beyond end of buffer␍␤
[34mCONSOLE[0m SerialLogger.ma:    SerialDriver(main) < [    2.201015] fsl,elbc-fcm-nand ff800000.nand: read_byte beyond end of buffer␍␤
[34mCONSOLE[0m SerialLogger.ma:    SerialDriver(main) < [    2.207987] fsl,elbc-fcm-nand ff800000.nand: read_byte beyond end of buffer␍␤
[34mCONSOLE[0m SerialLogger.ma:    SerialDriver(main) < [    2.214976] fsl,elbc-fcm-nand ff800000.nand: read_byte beyond end of buffer␍␤
[34mCONSOLE[0m SerialLogger.ma:    SerialDriver(main) < [    2.221989] fsl,elbc-fcm-nand ff800000.nand: read_byte beyond end of buffer␍␤
[34mCONSOLE[0m SerialLogger.ma:    SerialDriver(main) < [    2.228960] fsl,elbc-fcm-nand ff800000.nand: read_byte beyond end of buffer␍␤
[34mCONSOLE[0m SerialLogger.ma:    SerialDriver(main) < [    2.235947] fsl,elbc-fcm-nand ff800000.nand: read_byte beyond end of buffer␍␤
[34mCONSOLE[0m SerialLogger.ma:    SerialDriver(main) < [    2.242961] fsl,elbc-fcm-nand ff800000.nand: read_byte beyond end of buffer␍␤
[34mCONSOLE[0m SerialLogger.ma:    SerialDriver(main) < [    2.249932] fsl,elbc-fcm-nand ff800000.nand: read_byte beyond end of buffer␍␤
[34mCONSOLE[0m SerialLogger.ma:    SerialDriver(main) < [    2.256925] fsl,elbc-fcm-nand ff800000.nand: read_byte beyond end of buffer␍␤
[34mCONSOLE[0m SerialLogger.ma:    SerialDriver(main) < [    2.263933] fsl,elbc-fcm-nand ff800000.nand: read_byte beyond end of buffer␍␤
[34mCONSOLE[0m SerialLogger.ma:    SerialDriver(main) < [    2.270932] fsl,elbc-fcm-nand ff800000.nand: read_byte beyond end of buffer␍␤
[34mCONSOLE[0m SerialLogger.ma:    SerialDriver(main) < [    2.277900] fsl,elbc-fcm-nand ff800000.nand: read_byte beyond end of buffer␍␤
[34mCONSOLE[0m SerialLogger.ma:    SerialDriver(main) < [    2.284883] fsl,elbc-fcm-nand ff800000.nand: read_byte beyond end of buffer␍␤
[34mCONSOLE[0m SerialLogger.ma:    SerialDriver(main) < [    2.291874] fsl,elbc-fcm-nand ff800000.nand: read_byte beyond end of buffer␍␤
[34mCONSOLE[0m SerialLogger.ma:    SerialDriver(main) < [    2.298842] fsl,elbc-fcm-nand ff800000.nand: read_byte beyond end of buffer␍␤
[34mCONSOLE[0m SerialLogger.ma:    SerialDriver(main) < [    2.305826] fsl,elbc-fcm-nand ff800000.nand: read_byte beyond end of buffer␍␤
[34mCONSOLE[0m SerialLogger.ma:    SerialDriver(main) < [    2.312830] fsl,elbc-fcm-nand ff800000.nand: read_byte beyond end of buffer␍␤
[34mCONSOLE[0m SerialLogger.ma:    SerialDriver(main) < [    2.319799] fsl,elbc-fcm-nand ff800000.nand: read_byte beyond end of buffer␍␤
[34mCONSOLE[0m SerialLogger.ma:    SerialDriver(main) < [    2.326835] fsl,elbc-fcm-nand ff800000.nand: read_byte beyond end of buffer␍␤
[34mCONSOLE[0m SerialLogger.ma:    SerialDriver(main) < [    2.333841] fsl,elbc-fcm-nand ff800000.nand: read_byte beyond end of buffer␍␤
[34mCONSOLE[0m SerialLogger.ma:    SerialDriver(main) < [    2.340832] fsl,elbc-fcm-nand ff800000.nand: read_byte beyond end of buffer␍␤
[34mCONSOLE[0m SerialLogger.ma:    SerialDriver(main) < [    2.347800] fsl,elbc-fcm-nand ff800000.nand: read_byte beyond end of buffer␍␤
[34mCONSOLE[0m SerialLogger.ma:    SerialDriver(main) < [    2.354805] fsl,elbc-fcm-nand ff800000.nand: read_byte beyond end of buffer␍␤
[34mCONSOLE[0m SerialLogger.ma:    SerialDriver(main) < [    2.361805] fsl,elbc-fcm-nand ff800000.nand: read_byte beyond end of buffer␍␤
[34mCONSOLE[0m SerialLogger.ma:    SerialDriver(main) < [    2.368773] fsl,elbc-fcm-nand ff800000.nand: read_byte beyond end of buffer␍␤
[34mCONSOLE[0m SerialLogger.ma:    SerialDriver(main) < [    2.375761] fsl,elbc-fcm-nand ff800000.nand: read_byte beyond end of buffer␍␤
[34mCONSOLE[0m SerialLogger.ma:    SerialDriver(main) < [    2.382795] fsl,elbc-fcm-nand ff800000.nand: read_byte beyond end of buffer␍␤
[34mCONSOLE[0m SerialLogger.ma:    SerialDriver(main) < [    2.389769] fsl,elbc-fcm-nand ff800000.nand: read_byte beyond end of buffer␍␤
[34mCONSOLE[0m SerialLogger.ma:    SerialDriver(main) < [    2.396759] fsl,elbc-fcm-nand ff800000.nand: read_byte beyond end of buffer␍␤
[34mCONSOLE[0m SerialLogger.ma:    SerialDriver(main) < [    2.403751] fsl,elbc-fcm-nand ff800000.nand: read_byte beyond end of buffer␍␤
[34mCONSOLE[0m SerialLogger.ma:    SerialDriver(main) < [    2.410757] fsl,elbc-fcm-nand ff800000.nand: read_byte beyond end of buffer␍␤
[34mCONSOLE[0m SerialLogger.ma:    SerialDriver(main) < [    2.417728] fsl,elbc-fcm-nand ff800000.nand: read_byte beyond end of buffer␍␤
[34mCONSOLE[0m SerialLogger.ma:    SerialDriver(main) < [    2.424723] fsl,elbc-fcm-nand ff800000.nand: read_byte beyond end of buffer␍␤
[34mCONSOLE[0m SerialLogger.ma:    SerialDriver(main) < [    2.431722] fsl,elbc-fcm-nand ff800000.nand: read_byte beyond end of buffer␍␤
[34mCONSOLE[0m SerialLogger.ma:    SerialDriver(main) < [    2.438691] fsl,elbc-fcm-nand ff800000.nand: read_byte beyond end of buffer␍␤
[34mCONSOLE[0m SerialLogger.ma:    SerialDriver(main) < [    2.445674] fsl,elbc-fcm-nand ff800000.nand: read_byte beyond end of buffer␍␤
[34mCONSOLE[0m SerialLogger.ma:    SerialDriver(main) < [    2.452665] fsl,elbc-fcm-nand ff800000.nand: read_byte beyond end of buffer␍␤
[34mCONSOLE[0m SerialLogger.ma:    SerialDriver(main) < [    2.459632] fsl,elbc-fcm-nand ff800000.nand: read_byte beyond end of buffer␍␤
[34mCONSOLE[0m SerialLogger.ma:    SerialDriver(main) < [    2.466615] fsl,elbc-fcm-nand ff800000.nand: read_byte beyond end of buffer␍␤
[34mCONSOLE[0m SerialLogger.ma:    SerialDriver(main) < [    2.473629] fsl,elbc-fcm-nand ff800000.nand: read_byte beyond end of buffer␍␤
[34mCONSOLE[0m SerialLogger.ma:    SerialDriver(main) < [    2.480600] fsl,elbc-fcm-nand ff800000.nand: read_byte beyond end of buffer␍␤
[34mCONSOLE[0m SerialLogger.ma:    SerialDriver(main) < [    2.487593] fsl,elbc-fcm-nand ff800000.nand: read_byte beyond end of buffer␍␤
[34mCONSOLE[0m SerialLogger.ma:    SerialDriver(main) < [    2.494586] fsl,elbc-fcm-nand ff800000.nand: read_byte beyond end of buffer␍␤
[34mCONSOLE[0m SerialLogger.ma:    SerialDriver(main) < [    2.501619] fsl,elbc-fcm-nand ff800000.nand: read_byte beyond end of buffer␍␤
[34mCONSOLE[0m SerialLogger.ma:    SerialDriver(main) < [    2.508592] fsl,elbc-fcm-nand ff800000.nand: read_byte beyond end of buffer␍␤
[34mCONSOLE[0m SerialLogger.ma:    SerialDriver(main) < [    2.515583] fsl,elbc-fcm-nand ff800000.nand: read_byte beyond end of buffer␍␤
[34mCONSOLE[0m SerialLogger.ma:    SerialDriver(main) < [    2.522575] fsl,elbc-fcm-nand ff800000.nand: read_byte beyond end of buffer␍␤
[34mCONSOLE[0m SerialLogger.ma:    SerialDriver(main) < [    2.529543] fsl,elbc-fcm-nand ff800000.nand: read_byte beyond end of buffer␍␤
[34mCONSOLE[0m SerialLogger.ma:    SerialDriver(main) < [    2.536549] fsl,elbc-fcm-nand ff800000.nand: read_byte beyond end of buffer␍␤
[34mCONSOLE[0m SerialLogger.ma:    SerialDriver(main) < [    2.543605] fsl,elbc-fcm-nand ff800000.nand: read_byte beyond end of buffer␍␤
[34mCONSOLE[0m SerialLogger.ma:    SerialDriver(main) < [    2.550580] fsl,elbc-fcm-nand ff800000.nand: read_byte beyond end of buffer␍␤
[34mCONSOLE[0m SerialLogger.ma:    SerialDriver(main) < [    2.557583] fsl,elbc-fcm-nand ff800000.nand: read_byte beyond end of buffer␍␤
[34mCONSOLE[0m SerialLogger.ma:    SerialDriver(main) < [    2.564590] fsl,elbc-fcm-nand ff800000.nand: read_byte beyond end of buffer␍␤
[34mCONSOLE[0m SerialLogger.ma:    SerialDriver(main) < [    2.571596] fsl,elbc-fcm-nand ff800000.nand: read_byte beyond end of buffer␍␤
[34mCONSOLE[0m SerialLogger.ma:    SerialDriver(main) < [    2.578567] fsl,elbc-fcm-nand ff800000.nand: read_byte beyond end of buffer␍␤
[34mCONSOLE[0m SerialLogger.ma:    SerialDriver(main) < [    2.585563] fsl,elbc-fcm-nand ff800000.nand: read_byte beyond end of buffer␍␤
[34mCONSOLE[0m SerialLogger.ma:    SerialDriver(main) < [    2.592582] fsl,elbc-fcm-nand ff800000.nand: read_byte beyond end of buffer␍␤
[34mCONSOLE[0m SerialLogger.ma:    SerialDriver(main) < [    2.599553] fsl,elbc-fcm-nand ff800000.nand: read_byte beyond end of buffer␍␤
[34mCONSOLE[0m SerialLogger.ma:    SerialDriver(main) < [    2.606541] fsl,elbc-fcm-nand ff800000.nand: read_byte beyond end of buffer␍␤
[34mCONSOLE[0m SerialLogger.ma:    SerialDriver(main) < [    2.613532] fsl,elbc-fcm-nand ff800000.nand: read_byte beyond end of buffer␍␤
[34mCONSOLE[0m SerialLogger.ma:    SerialDriver(main) < [    2.620501] fsl,elbc-fcm-nand ff800000.nand: read_byte beyond end of buffer␍␤
[34mCONSOLE[0m SerialLogger.ma:    SerialDriver(main) < [    2.627482] fsl,elbc-fcm-nand ff800000.nand: read_byte beyond end of buffer␍␤
[34mCONSOLE[0m SerialLogger.ma:    SerialDriver(main) < [    2.634474] fsl,elbc-fcm-nand ff800000.nand: read_byte beyond end of buffer␍␤
[34mCONSOLE[0m SerialLogger.ma:    SerialDriver(main) < [    2.641473] fsl,elbc-fcm-nand ff800000.nand: read_byte beyond end of buffer␍␤
[34mCONSOLE[0m SerialLogger.ma:    SerialDriver(main) < [    2.648441] fsl,elbc-fcm-nand ff800000.nand: read_byte beyond end of buffer␍␤
[34mCONSOLE[0m SerialLogger.ma:    SerialDriver(main) < [    2.655445] fsl,elbc-fcm-nand ff800000.nand: read_byte beyond end of buffer␍␤
[34mCONSOLE[0m SerialLogger.ma:    SerialDriver(main) < [    2.662446] fsl,elbc-fcm-nand ff800000.nand: read_byte beyond end of buffer␍␤
[34mCONSOLE[0m SerialLogger.ma:    SerialDriver(main) < [    2.669415] fsl,elbc-fcm-nand ff800000.nand: read_byte beyond end of buffer␍␤
[34mCONSOLE[0m SerialLogger.ma:    SerialDriver(main) < [    2.676398] fsl,elbc-fcm-nand ff800000.nand: read_byte beyond end of buffer␍␤
[34mCONSOLE[0m SerialLogger.ma:    SerialDriver(main) < [    2.683388] fsl,elbc-fcm-nand ff800000.nand: read_byte beyond end of buffer␍␤
[34mCONSOLE[0m SerialLogger.ma:    SerialDriver(main) < [    2.690357] fsl,elbc-fcm-nand ff800000.nand: read_byte beyond end of buffer␍␤
[34mCONSOLE[0m SerialLogger.ma:    SerialDriver(main) < [    2.697340] fsl,elbc-fcm-nand ff800000.nand: read_byte beyond end of buffer␍␤
[34mCONSOLE[0m SerialLogger.ma:    SerialDriver(main) < [    2.704330] fsl,elbc-fcm-nand ff800000.nand: read_byte beyond end of buffer␍␤
[34mCONSOLE[0m SerialLogger.ma:    SerialDriver(main) < [    2.711350] fsl,elbc-fcm-nand ff800000.nand: read_byte beyond end of buffer␍␤
[34mCONSOLE[0m SerialLogger.ma:    SerialDriver(main) < [    2.718322] fsl,elbc-fcm-nand ff800000.nand: read_byte beyond end of buffer␍␤
[34mCONSOLE[0m SerialLogger.ma:    SerialDriver(main) < [    2.725310] fsl,elbc-fcm-nand ff800000.nand: read_byte beyond end of buffer␍␤
[34mCONSOLE[0m SerialLogger.ma:    SerialDriver(main) < [    2.732302] fsl,elbc-fcm-nand ff800000.nand: read_byte beyond end of buffer␍␤
[34mCONSOLE[0m SerialLogger.ma:    SerialDriver(main) < [    2.739271] fsl,elbc-fcm-nand ff800000.nand: read_byte beyond end of buffer␍␤
[34mCONSOLE[0m SerialLogger.ma:    SerialDriver(main) < [    2.746300] fsl,elbc-fcm-nand ff800000.nand: read_byte beyond end of buffer␍␤
[34mCONSOLE[0m SerialLogger.ma:    SerialDriver(main) < [    2.753312] fsl,elbc-fcm-nand ff800000.nand: read_byte beyond end of buffer␍␤
[34mCONSOLE[0m SerialLogger.ma:    SerialDriver(main) < [    2.760281] fsl,elbc-fcm-nand ff800000.nand: read_byte beyond end of buffer␍␤
[34mCONSOLE[0m SerialLogger.ma:    SerialDriver(main) < [    2.767272] fsl,elbc-fcm-nand ff800000.nand: read_byte beyond end of buffer␍␤
[34mCONSOLE[0m SerialLogger.ma:    SerialDriver(main) < [    2.774280] fsl,elbc-fcm-nand ff800000.nand: read_byte beyond end of buffer␍␤
[34mCONSOLE[0m SerialLogger.ma:    SerialDriver(main) < [    2.781279] fsl,elbc-fcm-nand ff800000.nand: read_byte beyond end of buffer␍␤
[34mCONSOLE[0m SerialLogger.ma:    SerialDriver(main) < [    2.788247] fsl,elbc-fcm-nand ff800000.nand: read_byte beyond end of buffer␍␤
[34mCONSOLE[0m SerialLogger.ma:    SerialDriver(main) < [    2.795230] fsl,elbc-fcm-nand ff800000.nand: read_byte beyond end of buffer␍␤
[34mCONSOLE[0m SerialLogger.ma:    SerialDriver(main) < [    2.802221] fsl,elbc-fcm-nand ff800000.nand: read_byte beyond end of buffer␍␤
[34mCONSOLE[0m SerialLogger.ma:    SerialDriver(main) < [    2.809189] fsl,elbc-fcm-nand ff800000.nand: read_byte beyond end of buffer␍␤
[34mCONSOLE[0m SerialLogger.ma:    SerialDriver(main) < [    2.816173] fsl,elbc-fcm-nand ff800000.nand: read_byte beyond end of buffer␍␤
[34mCONSOLE[0m SerialLogger.ma:    SerialDriver(main) < [    2.823169] fsl,elbc-fcm-nand ff800000.nand: read_byte beyond end of buffer␍␤
[34mCONSOLE[0m SerialLogger.ma:    SerialDriver(main) < [    2.830137] fsl,elbc-fcm-nand ff800000.nand: read_byte beyond end of buffer␍␤
[34mCONSOLE[0m SerialLogger.ma:    SerialDriver(main) < [    2.837141] fsl,elbc-fcm-nand ff800000.nand: read_byte beyond end of buffer␍␤
[34mCONSOLE[0m SerialLogger.ma:    SerialDriver(main) < [    2.844140] fsl,elbc-fcm-nand ff800000.nand: read_byte beyond end of buffer␍␤
[34mCONSOLE[0m SerialLogger.ma:    SerialDriver(main) < [    2.851131] fsl,elbc-fcm-nand ff800000.nand: read_byte beyond end of buffer␍␤
[34mCONSOLE[0m SerialLogger.ma:    SerialDriver(main) < [    2.858099] fsl,elbc-fcm-nand ff800000.nand: read_byte beyond end of buffer␍␤
[34mCONSOLE[0m SerialLogger.ma:    SerialDriver(main) < [    2.865129] fsl,elbc-fcm-nand ff800000.nand: read_byte beyond end of buffer␍␤
[34mCONSOLE[0m SerialLogger.ma:    SerialDriver(main) < [    2.872135] fsl,elbc-fcm-nand ff800000.nand: read_byte beyond end of buffer␍␤
[34mCONSOLE[0m SerialLogger.ma:    SerialDriver(main) < [    2.879104] fsl,elbc-fcm-nand ff800000.nand: read_byte beyond end of buffer␍␤
[34mCONSOLE[0m SerialLogger.ma:    SerialDriver(main) < [    2.886093] fsl,elbc-fcm-nand ff800000.nand: read_byte beyond end of buffer␍␤
[34mCONSOLE[0m SerialLogger.ma:    SerialDriver(main) < [    2.893101] fsl,elbc-fcm-nand ff800000.nand: read_byte beyond end of buffer␍␤
[34mCONSOLE[0m SerialLogger.ma:    SerialDriver(main) < [    2.900072] fsl,elbc-fcm-nand ff800000.nand: read_byte beyond end of buffer␍␤
[34mCONSOLE[0m SerialLogger.ma:    SerialDriver(main) < [    2.907059] fsl,elbc-fcm-nand ff800000.nand: read_byte beyond end of buffer␍␤
[34mCONSOLE[0m SerialLogger.ma:    SerialDriver(main) < [    2.914051] fsl,elbc-fcm-nand ff800000.nand: read_byte beyond end of buffer␍␤
[34mCONSOLE[0m SerialLogger.ma:    SerialDriver(main) < [    2.921041] fsl,elbc-fcm-nand ff800000.nand: read_byte beyond end of buffer␍␤
[34mCONSOLE[0m SerialLogger.ma:    SerialDriver(main) < [    2.928010] fsl,elbc-fcm-nand ff800000.nand: read_byte beyond end of buffer␍␤
[34mCONSOLE[0m SerialLogger.ma:    SerialDriver(main) < [    2.934994] fsl,elbc-fcm-nand ff800000.nand: read_byte beyond end of buffer␍␤
[34mCONSOLE[0m SerialLogger.ma:    SerialDriver(main) < [    2.941994] fsl,elbc-fcm-nand ff800000.nand: read_byte beyond end of buffer␍␤
[34mCONSOLE[0m SerialLogger.ma:    SerialDriver(main) < [    2.948964] fsl,elbc-fcm-nand ff800000.nand: read_byte beyond end of buffer␍␤
[34mCONSOLE[0m SerialLogger.ma:    SerialDriver(main) < [    2.955962] fsl,elbc-fcm-nand ff800000.nand: read_byte beyond end of buffer␍␤
[34mCONSOLE[0m SerialLogger.ma:    SerialDriver(main) < [    2.962961] fsl,elbc-fcm-nand ff800000.nand: read_byte beyond end of buffer␍␤
[34mCONSOLE[0m SerialLogger.ma:    SerialDriver(main) < [    2.969930] fsl,elbc-fcm-nand ff800000.nand: read_byte beyond end of buffer␍␤
[34mCONSOLE[0m SerialLogger.ma:    SerialDriver(main) < [    2.976920] fsl,elbc-fcm-nand ff800000.nand: read_byte beyond end of buffer␍␤
[34mCONSOLE[0m SerialLogger.ma:    SerialDriver(main) < [    2.983914] fsl,elbc-fcm-nand ff800000.nand: read_byte beyond end of buffer␍␤
[34mCONSOLE[0m SerialLogger.ma:    SerialDriver(main) < [    2.990905] fsl,elbc-fcm-nand ff800000.nand: read_byte beyond end of buffer␍␤
[34mCONSOLE[0m SerialLogger.ma:    SerialDriver(main) < [    2.997874] fsl,elbc-fcm-nand ff800000.nand: read_byte beyond end of buffer␍␤
[34mCONSOLE[0m SerialLogger.ma:    SerialDriver(main) < [    3.004862] fsl,elbc-fcm-nand ff800000.nand: read_byte beyond end of buffer␍␤
[34mCONSOLE[0m SerialLogger.ma:    SerialDriver(main) < [    3.011869] fsl,elbc-fcm-nand ff800000.nand: read_byte beyond end of buffer␍␤
[34mCONSOLE[0m SerialLogger.ma:    SerialDriver(main) < [    3.018840] fsl,elbc-fcm-nand ff800000.nand: read_byte beyond end of buffer␍␤
[34mCONSOLE[0m SerialLogger.ma:    SerialDriver(main) < [    3.025828] fsl,elbc-fcm-nand ff800000.nand: read_byte beyond end of buffer␍␤
[34mCONSOLE[0m SerialLogger.ma:    SerialDriver(main) < [    3.032819] fsl,elbc-fcm-nand ff800000.nand: read_byte beyond end of buffer␍␤
[34mCONSOLE[0m SerialLogger.ma:    SerialDriver(main) < [    3.039788] fsl,elbc-fcm-nand ff800000.nand: read_byte beyond end of buffer␍␤
[34mCONSOLE[0m SerialLogger.ma:    SerialDriver(main) < [    3.046772] fsl,elbc-fcm-nand ff800000.nand: read_byte beyond end of buffer␍␤
[34mCONSOLE[0m SerialLogger.ma:    SerialDriver(main) < [    3.053764] fsl,elbc-fcm-nand ff800000.nand: read_byte beyond end of buffer␍␤
[34mCONSOLE[0m SerialLogger.ma:    SerialDriver(main) < [    3.060762] fsl,elbc-fcm-nand ff800000.nand: read_byte beyond end of buffer␍␤
[34mCONSOLE[0m SerialLogger.ma:    SerialDriver(main) < [    3.067732] fsl,elbc-fcm-nand ff800000.nand: read_byte beyond end of buffer␍␤
[34mCONSOLE[0m SerialLogger.ma:    SerialDriver(main) < [    3.074730] fsl,elbc-fcm-nand ff800000.nand: read_byte beyond end of buffer␍␤
[34mCONSOLE[0m SerialLogger.ma:    SerialDriver(main) < [    3.081737] fsl,elbc-fcm-nand ff800000.nand: read_byte beyond end of buffer␍␤
[34mCONSOLE[0m SerialLogger.ma:    SerialDriver(main) < [    3.088706] fsl,elbc-fcm-nand ff800000.nand: read_byte beyond end of buffer␍␤
[34mCONSOLE[0m SerialLogger.ma:    SerialDriver(main) < [    3.095693] fsl,elbc-fcm-nand ff800000.nand: read_byte beyond end of buffer␍␤
[34mCONSOLE[0m SerialLogger.ma:    SerialDriver(main) < [    3.102684] fsl,elbc-fcm-nand ff800000.nand: read_byte beyond end of buffer␍␤
[34mCONSOLE[0m SerialLogger.ma:    SerialDriver(main) < [    3.109652] fsl,elbc-fcm-nand ff800000.nand: read_byte beyond end of buffer␍␤
[34mCONSOLE[0m SerialLogger.ma:    SerialDriver(main) < [    3.116642] fsl,elbc-fcm-nand ff800000.nand: read_byte beyond end of buffer␍␤
[34mCONSOLE[0m SerialLogger.ma:    SerialDriver(main) < [    3.123635] fsl,elbc-fcm-nand ff800000.nand: read_byte beyond end of buffer␍␤
[34mCONSOLE[0m SerialLogger.ma:    SerialDriver(main) < [    3.130602] fsl,elbc-fcm-nand ff800000.nand: read_byte beyond end of buffer␍␤
[34mCONSOLE[0m SerialLogger.ma:    SerialDriver(main) < [    3.137608] fsl,elbc-fcm-nand ff800000.nand: read_byte beyond end of buffer␍␤
[34mCONSOLE[0m SerialLogger.ma:    SerialDriver(main) < [    3.144606] fsl,elbc-fcm-nand ff800000.nand: read_byte beyond end of buffer␍␤
[34mCONSOLE[0m SerialLogger.ma:    SerialDriver(main) < [    3.151597] fsl,elbc-fcm-nand ff800000.nand: read_byte beyond end of buffer␍␤
[34mCONSOLE[0m SerialLogger.ma:    SerialDriver(main) < [    3.158564] fsl,elbc-fcm-nand ff800000.nand: read_byte beyond end of buffer␍␤
[34mCONSOLE[0m SerialLogger.ma:    SerialDriver(main) < [    3.165588] fsl,elbc-fcm-nand ff800000.nand: read_byte beyond end of buffer␍␤
[34mCONSOLE[0m SerialLogger.ma:    SerialDriver(main) < [    3.172601] fsl,elbc-fcm-nand ff800000.nand: read_byte beyond end of buffer␍␤
[34mCONSOLE[0m SerialLogger.ma:    SerialDriver(main) < [    3.179570] fsl,elbc-fcm-nand ff800000.nand: read_byte beyond end of buffer␍␤
[34mCONSOLE[0m SerialLogger.ma:    SerialDriver(main) < [    3.186554] fsl,elbc-fcm-nand ff800000.nand: read_byte beyond end of buffer␍␤
[34mCONSOLE[0m SerialLogger.ma:    SerialDriver(main) < [    3.193567] fsl,elbc-fcm-nand ff800000.nand: read_byte beyond end of buffer␍␤
[34mCONSOLE[0m SerialLogger.ma:    SerialDriver(main) < [    3.200538] fsl,elbc-fcm-nand ff800000.nand: read_byte beyond end of buffer␍␤
[34mCONSOLE[0m SerialLogger.ma:    SerialDriver(main) < [    3.207527] fsl,elbc-fcm-nand ff800000.nand: read_byte beyond end of buffer␍␤
[34mCONSOLE[0m SerialLogger.ma:    SerialDriver(main) < [    3.214518] fsl,elbc-fcm-nand ff800000.nand: read_byte beyond end of buffer␍␤
[34mCONSOLE[0m SerialLogger.ma:    SerialDriver(main) < [    3.221508] fsl,elbc-fcm-nand ff800000.nand: read_byte beyond end of buffer␍␤
[34mCONSOLE[0m SerialLogger.ma:    SerialDriver(main) < [    3.228477] fsl,elbc-fcm-nand ff800000.nand: read_byte beyond end of buffer␍␤
[34mCONSOLE[0m SerialLogger.ma:    SerialDriver(main) < [    3.235460] fsl,elbc-fcm-nand ff800000.nand: read_byte beyond end of buffer␍␤
[34mCONSOLE[0m SerialLogger.ma:    SerialDriver(main) < [    3.242451] fsl,elbc-fcm-nand ff800000.nand: read_byte beyond end of buffer␍␤
[34mCONSOLE[0m SerialLogger.ma:    SerialDriver(main) < [    3.249419] fsl,elbc-fcm-nand ff800000.nand: read_byte beyond end of buffer␍␤
[34mCONSOLE[0m SerialLogger.ma:    SerialDriver(main) < [    3.256421] fsl,elbc-fcm-nand ff800000.nand: read_byte beyond end of buffer␍␤
[34mCONSOLE[0m SerialLogger.ma:    SerialDriver(main) < [    3.263421] fsl,elbc-fcm-nand ff800000.nand: read_byte beyond end of buffer␍␤
[34mCONSOLE[0m SerialLogger.ma:    SerialDriver(main) < [    3.270389] fsl,elbc-fcm-nand ff800000.nand: read_byte beyond end of buffer␍␤
[34mCONSOLE[0m SerialLogger.ma:    SerialDriver(main) < [    3.277371] fsl,elbc-fcm-nand ff800000.nand: read_byte beyond end of buffer␍␤
[34mCONSOLE[0m SerialLogger.ma:    SerialDriver(main) < [    3.284412] fsl,elbc-fcm-nand ff800000.nand: read_byte beyond end of buffer␍␤
[34mCONSOLE[0m SerialLogger.ma:    SerialDriver(main) < [    3.291417] fsl,elbc-fcm-nand ff800000.nand: read_byte beyond end of buffer␍␤
[34mCONSOLE[0m SerialLogger.ma:    SerialDriver(main) < [    3.298385] fsl,elbc-fcm-nand ff800000.nand: read_byte beyond end of buffer␍␤
[34mCONSOLE[0m SerialLogger.ma:    SerialDriver(main) < [    3.305380] fsl,elbc-fcm-nand ff800000.nand: read_byte beyond end of buffer␍␤
[34mCONSOLE[0m SerialLogger.ma:    SerialDriver(main) < [    3.312393] fsl,elbc-fcm-nand ff800000.nand: read_byte beyond end of buffer␍␤
[34mCONSOLE[0m SerialLogger.ma:    SerialDriver(main) < [    3.319366] fsl,elbc-fcm-nand ff800000.nand: read_byte beyond end of buffer␍␤
[34mCONSOLE[0m SerialLogger.ma:    SerialDriver(main) < [    3.326354] fsl,elbc-fcm-nand ff800000.nand: read_byte beyond end of buffer␍␤
[34mCONSOLE[0m SerialLogger.ma:    SerialDriver(main) < [    3.333344] fsl,elbc-fcm-nand ff800000.nand: read_byte beyond end of buffer␍␤
[34mCONSOLE[0m SerialLogger.ma:    SerialDriver(main) < [    3.340313] fsl,elbc-fcm-nand ff800000.nand: read_byte beyond end of buffer␍␤
[34mCONSOLE[0m SerialLogger.ma:    SerialDriver(main) < [    3.347301] fsl,elbc-fcm-nand ff800000.nand: read_byte beyond end of buffer␍␤
[34mCONSOLE[0m SerialLogger.ma:    SerialDriver(main) < [    3.354294] fsl,elbc-fcm-nand ff800000.nand: read_byte beyond end of buffer␍␤
[34mCONSOLE[0m SerialLogger.ma:    SerialDriver(main) < [    3.361285] fsl,elbc-fcm-nand ff800000.nand: read_byte beyond end of buffer␍␤
[34mCONSOLE[0m SerialLogger.ma:    SerialDriver(main) < [    3.368253] fsl,elbc-fcm-nand ff800000.nand: read_byte beyond end of buffer␍␤
[34mCONSOLE[0m SerialLogger.ma:    SerialDriver(main) < [    3.375256] fsl,elbc-fcm-nand ff800000.nand: read_byte beyond end of buffer␍␤
[34mCONSOLE[0m SerialLogger.ma:    SerialDriver(main) < [    3.382256] fsl,elbc-fcm-nand ff800000.nand: read_byte beyond end of buffer␍␤
[34mCONSOLE[0m SerialLogger.ma:    SerialDriver(main) < [    3.389224] fsl,elbc-fcm-nand ff800000.nand: read_byte beyond end of buffer␍␤
[34mCONSOLE[0m SerialLogger.ma:    SerialDriver(main) < [    3.396207] fsl,elbc-fcm-nand ff800000.nand: read_byte beyond end of buffer␍␤
[34mCONSOLE[0m SerialLogger.ma:    SerialDriver(main) < [    3.403246] fsl,elbc-fcm-nand ff800000.nand: read_byte beyond end of buffer␍␤
[34mCONSOLE[0m SerialLogger.ma:    SerialDriver(main) < [    3.410219] fsl,elbc-fcm-nand ff800000.nand: read_byte beyond end of buffer␍␤
[34mCONSOLE[0m SerialLogger.ma:    SerialDriver(main) < [    3.417218] fsl,elbc-fcm-nand ff800000.nand: read_byte beyond end of buffer␍␤
[34mCONSOLE[0m SerialLogger.ma:    SerialDriver(main) < [    3.424211] fsl,elbc-fcm-nand ff800000.nand: read_byte beyond end of buffer␍␤
[34mCONSOLE[0m SerialLogger.ma:    SerialDriver(main) < [    3.431217] fsl,elbc-fcm-nand ff800000.nand: read_byte beyond end of buffer␍␤
[34mCONSOLE[0m SerialLogger.ma:    SerialDriver(main) < [    3.438188] fsl,elbc-fcm-nand ff800000.nand: read_byte beyond end of buffer␍␤
[34mCONSOLE[0m SerialLogger.ma:    SerialDriver(main) < [    3.445175] fsl,elbc-fcm-nand ff800000.nand: read_byte beyond end of buffer␍␤
[34mCONSOLE[0m SerialLogger.ma:    SerialDriver(main) < [    3.452167] fsl,elbc-fcm-nand ff800000.nand: read_byte beyond end of buffer␍␤
[34mCONSOLE[0m SerialLogger.ma:    SerialDriver(main) < [    3.459136] fsl,elbc-fcm-nand ff800000.nand: read_byte beyond end of buffer␍␤
[34mCONSOLE[0m SerialLogger.ma:    SerialDriver(main) < [    3.466124] fsl,elbc-fcm-nand ff800000.nand: read_byte beyond end of buffer␍␤
[34mCONSOLE[0m SerialLogger.ma:    SerialDriver(main) < [    3.473118] fsl,elbc-fcm-nand ff800000.nand: read_byte beyond end of buffer␍␤
[34mCONSOLE[0m SerialLogger.ma:    SerialDriver(main) < [    3.480086] fsl,elbc-fcm-nand ff800000.nand: read_byte beyond end of buffer␍␤
[34mCONSOLE[0m SerialLogger.ma:    SerialDriver(main) < [    3.487069] fsl,elbc-fcm-nand ff800000.nand: read_byte beyond end of buffer␍␤
[34mCONSOLE[0m SerialLogger.ma:    SerialDriver(main) < [    3.494074] fsl,elbc-fcm-nand ff800000.nand: read_byte beyond end of buffer␍␤
[34mCONSOLE[0m SerialLogger.ma:    SerialDriver(main) < [    3.501073] fsl,elbc-fcm-nand ff800000.nand: read_byte beyond end of buffer␍␤
[34mCONSOLE[0m SerialLogger.ma:    SerialDriver(main) < [    3.508042] fsl,elbc-fcm-nand ff800000.nand: read_byte beyond end of buffer␍␤
[34mCONSOLE[0m SerialLogger.ma:    SerialDriver(main) < [    3.515024] fsl,elbc-fcm-nand ff800000.nand: read_byte beyond end of buffer␍␤
[34mCONSOLE[0m SerialLogger.ma:    SerialDriver(main) < [    3.522027] fsl,elbc-fcm-nand ff800000.nand: read_byte beyond end of buffer␍␤
[34mCONSOLE[0m SerialLogger.ma:    SerialDriver(main) < [    3.528996] fsl,elbc-fcm-nand ff800000.nand: read_byte beyond end of buffer␍␤
[34mCONSOLE[0m SerialLogger.ma:    SerialDriver(main) < [    3.535981] fsl,elbc-fcm-nand ff800000.nand: read_byte beyond end of buffer␍␤
[34mCONSOLE[0m SerialLogger.ma:    SerialDriver(main) < [    3.542972] fsl,elbc-fcm-nand ff800000.nand: read_byte beyond end of buffer␍␤
[34mCONSOLE[0m SerialLogger.ma:    SerialDriver(main) < [    3.549941] fsl,elbc-fcm-nand ff800000.nand: read_byte beyond end of buffer␍␤
[34mCONSOLE[0m SerialLogger.ma:    SerialDriver(main) < [    3.556958] fsl,elbc-fcm-nand ff800000.nand: read_byte beyond end of buffer␍␤
[34mCONSOLE[0m SerialLogger.ma:    SerialDriver(main) < [    3.563957] fsl,elbc-fcm-nand ff800000.nand: read_byte beyond end of buffer␍␤
[34mCONSOLE[0m SerialLogger.ma:    SerialDriver(main) < [    3.570949] fsl,elbc-fcm-nand ff800000.nand: read_byte beyond end of buffer␍␤
[34mCONSOLE[0m SerialLogger.ma:    SerialDriver(main) < [    3.577918] fsl,elbc-fcm-nand ff800000.nand: read_byte beyond end of buffer␍␤
[34mCONSOLE[0m SerialLogger.ma:    SerialDriver(main) < [    3.584906] fsl,elbc-fcm-nand ff800000.nand: read_byte beyond end of buffer␍␤
[34mCONSOLE[0m SerialLogger.ma:    SerialDriver(main) < [    3.591899] fsl,elbc-fcm-nand ff800000.nand: read_byte beyond end of buffer␍␤
[34mCONSOLE[0m SerialLogger.ma:    SerialDriver(main) < [    3.598867] fsl,elbc-fcm-nand ff800000.nand: read_byte beyond end of buffer␍␤
[34mCONSOLE[0m SerialLogger.ma:    SerialDriver(main) < [    3.605851] fsl,elbc-fcm-nand ff800000.nand: read_byte beyond end of buffer␍␤
[34mCONSOLE[0m SerialLogger.ma:    SerialDriver(main) < [    3.612855] fsl,elbc-fcm-nand ff800000.nand: read_byte beyond end of buffer␍␤
[...]
[34mCONSOLE[0m SerialLogger.ma:    SerialDriver(main) < 		"addresses"␍␤
[34mCONSOLE[0m SerialLogger.ma:    SerialDriver(main) < 	],␍␤
[34mCONSOLE[0m SerialLogger.ma:    SerialDriver(main) < 	"metric": 0,␍␤
[34mCONSOLE[0m SerialLogger.ma:    SerialDriver(main) < 	"dns_metric": 0,␍␤
[34mCONSOLE[0m SerialLogger.ma:    SerialDriver(main) < 	"delegation": true,␍␤
[34mCONSOLE[0m SerialLogger.ma:    SerialDriver(main) < 	"ipv4-address": [␍␤
[34mCONSOLE[0m SerialLogger.ma:    SerialDriver(main) < 		{␍␤
[34mCONSOLE[0m SerialLogger.ma:    SerialDriver(main) < 			"address": "192.168.1.1",␍␤
[34mCONSOLE[0m SerialLogger.ma:    SerialDriver(main) < 			"mask": 24␍␤
[34mCONSOLE[0m SerialLogger.ma:    SerialDriver(main) < 		}␍␤
[34mCONSOLE[0m SerialLogger.ma:    SerialDriver(main) < 	],␍␤
[34mCONSOLE[0m SerialLogger.ma:    SerialDriver(main) < 	"ipv6-address": [␍␤
[34mCONSOLE[0m SerialLogger.ma:    SerialDriver(main) < 		␍␤
[34mCONSOLE[0m SerialLogger.ma:    SerialDriver(main) < 	],␍␤
[34mCONSOLE[0m SerialLogger.ma:    SerialDriver(main) < 	"ipv6-prefix": [␍␤
[34mCONSOLE[0m SerialLogger.ma:    SerialDriver(main) < 		␍␤
[34mCONSOLE[0m SerialLogger.ma:    SerialDriver(main) < 	],␍␤
[34mCONSOLE[0m SerialLogger.ma:    SerialDriver(main) < 	"ipv6-prefix-assignment": [␍␤
[34mCONSOLE[0m SerialLogger.ma:    SerialDriver(main) < 		{␍␤
[34mCONSOLE[0m SerialLogger.ma:    SerialDriver(main) < 			"address": "fd3f:6fc6:8310::",␍␤
[34mCONSOLE[0m SerialLogger.ma:    SerialDriver(main) < 			"mask": 60,␍␤
[34mCONSOLE[0m SerialLogger.ma:    SerialDriver(main) < 			"local-address": {␍␤
[34mCONSOLE[0m SerialLogger.ma:    SerialDriver(main) < 				"address": "fd3f:6fc6:8310::1",␍␤
[34mCONSOLE[0m SerialLogger.ma:    SerialDriver(main) < 				"mask": 60␍␤
[34mCONSOLE[0m SerialLogger.ma:    SerialDriver(main) < 			}␍␤
[34mCONSOLE[0m SerialLogger.ma:    SerialDriver(main) < 		}␍␤
[34mCONSOLE[0m SerialLogger.ma:    SerialDriver(main) < 	],␍␤
[34mCONSOLE[0m SerialLogger.ma:    SerialDriver(main) < 	"route": [␍␤
[34mCONSOLE[0m SerialLogger.ma:    SerialDriver(main) < 		␍␤
[34mCONSOLE[0m SerialLogger.ma:    SerialDriver(main) < 	],␍␤
[34mCONSOLE[0m SerialLogger.ma:    SerialDriver(main) < 	"dns-server": [␍␤
[34mCONSOLE[0m SerialLogger.ma:    SerialDriver(main) < 		␍␤
[34mCONSOLE[0m SerialLogger.ma:    SerialDriver(main) < 	],␍␤
[34mCONSOLE[0m SerialLogger.ma:    SerialDriver(main) < 	"dns-search": [␍␤
[34mCONSOLE[0m SerialLogger.ma:    SerialDriver(main) < 		␍␤
[34mCONSOLE[0m SerialLogger.ma:    SerialDriver(main) < 	],␍␤
[34mCONSOLE[0m SerialLogger.ma:    SerialDriver(main) < 	"neighbors": [␍␤
[34mCONSOLE[0m SerialLogger.ma:    SerialDriver(main) < 		␍␤
[34mCONSOLE[0m SerialLogger.ma:    SerialDriver(main) < 	],␍␤
[34mCONSOLE[0m SerialLogger.ma:    SerialDriver(main) < 	"inactive": {␍␤
[34mCONSOLE[0m SerialLogger.ma:    SerialDriver(main) < 		"ipv4-address": [␍␤
[34mCONSOLE[0m SerialLogger.ma:    SerialDriver(main) < 			␍␤
[34mCONSOLE[0m SerialLogger.ma:    SerialDriver(main) < 		],␍␤
[34mCONSOLE[0m SerialLogger.ma:    SerialDriver(main) < 		"ipv6-address": [␍␤
[34mCONSOLE[0m SerialLogger.ma:    SerialDriver(main) < 			␍␤
[34mCONSOLE[0m SerialLogger.ma:    SerialDriver(main) < 		],␍␤
[34mCONSOLE[0m SerialLogger.ma:    SerialDriver(main) < 		"route": [␍␤
[34mCONSOLE[0m SerialLogger.ma:    SerialDriver(main) < 			␍␤
[34mCONSOLE[0m SerialLogger.ma:    SerialDriver(main) < 		],␍␤
[34mCONSOLE[0m SerialLogger.ma:    SerialDriver(main) < 		"dns-server": [␍␤
[34mCONSOLE[0m SerialLogger.ma:    SerialDriver(main) < 			␍␤
[34mCONSOLE[0m SerialLogger.ma:    SerialDriver(main) < 		],␍␤
[34mCONSOLE[0m SerialLogger.ma:    SerialDriver(main) < 		"dns-search": [␍␤
[34mCONSOLE[0m SerialLogger.ma:    SerialDriver(main) < 			␍␤
[34mCONSOLE[0m SerialLogger.ma:    SerialDriver(main) < 		],␍␤
[34mCONSOLE[0m SerialLogger.ma:    SerialDriver(main) < 		"neighbors": [␍␤
[34mCONSOLE[0m SerialLogger.ma:    SerialDriver(main) < 			␍␤
[34mCONSOLE[0m SerialLogger.ma:    SerialDriver(main) < 		]␍␤
[34mCONSOLE[0m SerialLogger.ma:    SerialDriver(main) < 	},␍␤
[34mCONSOLE[0m SerialLogger.ma:    SerialDriver(main) < 	"data": {␍␤
[34mCONSOLE[0m SerialLogger.ma:    SerialDriver(main) < 		␍␤
[34mCONSOLE[0m SerialLogger.ma:    SerialDriver(main) < 	}␍␤
[34mCONSOLE[0m SerialLogger.ma:    SerialDriver(main) < }␍␤
[34mCONSOLE[0m SerialLogger.ma:    SerialDriver(main) < VXWLBKTQQS 0␍␤
[34mCONSOLE[0m SerialLogger.ma:    SerialDriver(main) < root@OpenWrt:~# ␍␤
[32mINFO   [0m      StepLogger:   ← SerialDriver.expect() result=(0, b'MARKER=\'VXWL\'\'BKTQQS\' run \'ubus call network.interface.lan statu\r\r\ns \'"\'"\'{}\'"\'"\… [0.291s]
[32mINFO   [0m      StepLogger:  ← ShellDriver.run_check() result=['{', '\t"up": true,', '\t"pending": false,', '\t"available": true,', '\t"autostart": true,', '\t"dy… [1.690s]
[32mPASSED[0m[33m                                                                   [ 45%][0m
tests/test_lan.py::test_lan_interface_address 
[1m-------------------------------- live log call ---------------------------------[0m
[34mCONSOLE[0m SerialLogger.ma:  SerialDriver(main) > echo 'VQQZ''JNFONB'␤␍␤
[32mINFO   [0m      StepLogger:  → SerialDriver.expect(pattern='VQQZJNFONB\\s+root@[\\w()]+:[^ ]+ ') 
[34mCONSOLE[0m SerialLogger.ma:   SerialDriver(main) < echo 'VQQZ''JNFONB'␍␤
[34mCONSOLE[0m SerialLogger.ma:   SerialDriver(main) < VQQZJNFONB␍␤
[34mCONSOLE[0m SerialLogger.ma:   SerialDriver(main) < root@OpenWrt:~# ␍␤
[32mINFO   [0m      StepLogger:  ← SerialDriver.expect() result=(0, b"echo 'VQQZ''JNFONB'\r\n", <re.Match object; span=(21, 49), match=b'VQQZJNFONB\r\nroot@OpenWrt:… [0.428s]
[34mCONSOLE[0m SerialLogger.ma:  SerialDriver(main) > MARKER='QXGA''FOKNHV' run 'ip -o addr show dev br-lan'␤␍␤
[32mINFO   [0m      StepLogger:  → SerialDriver.expect(pattern='QXGAFOKNHV(.*)QXGAFOKNHV\\s+(\\d+)\\s+root@[\\w()]+:[^ ]+ ') 
[34mCONSOLE[0m SerialLogger.ma:   SerialDriver(main) < MARKER='QXGA''FOKNHV' run 'ip -o addr show dev br-lan'␍␤
[34mCONSOLE[0m SerialLogger.ma:   SerialDriver(main) < QXGAFOKNHV3: br-lan    inet 192.168.1.1/24 brd 192.168.1.255 scope global br-lan\       valid_lft forever preferred_lft forever␍␤
[34mCONSOLE[0m SerialLogger.ma:   SerialDriver(main) < 3: br-lan    inet6 fd3f:6fc6:8310::1/60 scope global noprefixroute \       valid_lft forever preferred_lft forever␍␤
[34mCONSOLE[0m SerialLogger.ma:   SerialDriver(main) < 3: br-lan    inet6 fe80::b6b5:2fff:fe4f:a7f8/64 scope link \       valid_lft forever preferred_lft forever␍␤
[34mCONSOLE[0m SerialLogger.ma:   SerialDriver(main) < QXGAFOKNHV 0␍␤
[34mCONSOLE[0m SerialLogger.ma:   SerialDriver(main) < root@OpenWrt:~# ␍␤
[32mINFO   [0m      StepLogger:  ← SerialDriver.expect() result=(0, b"MARKER='QXGA''FOKNHV' run 'ip -o addr show dev br-lan'\r\n", <re.Match object; span=(56, 439),… [0.371s]
[32mPASSED[0m[33m                                                                   [ 48%][0m
tests/test_lan.py::test_lan_interface_has_neighbor 
[1m-------------------------------- live log call ---------------------------------[0m
[32mINFO   [0m      StepLogger:  → ShellDriver.run(cmd='ping -c 3 ff02::1%br-lan') 
[34mCONSOLE[0m SerialLogger.ma:   SerialDriver(main) > echo 'FAVM''VPETSN'␤␍␤
[32mINFO   [0m      StepLogger:   → SerialDriver.expect(pattern='FAVMVPETSN\\s+root@[\\w()]+:[^ ]+ ') 
[34mCONSOLE[0m SerialLogger.ma:    SerialDriver(main) < echo 'FAVM''VPETSN'␍␤
[34mCONSOLE[0m SerialLogger.ma:    SerialDriver(main) < FAVMVPETSN␍␤
[34mCONSOLE[0m SerialLogger.ma:    SerialDriver(main) < root@OpenWrt:~# ␍␤
[32mINFO   [0m      StepLogger:   ← SerialDriver.expect() result=(0, b"echo 'FAVM''VPETSN'\r\n", <re.Match object; span=(21, 49), match=b'FAVMVPETSN\r\nroot@OpenWrt:… [0.379s]
[34mCONSOLE[0m SerialLogger.ma:   SerialDriver(main) > MARKER='ZSXQ''VOSLQK' run 'ping -c 3 ff02::1%br-lan'␤␍␤
[32mINFO   [0m      StepLogger:   → SerialDriver.expect(pattern='ZSXQVOSLQK(.*)ZSXQVOSLQK\\s+(\\d+)\\s+root@[\\w()]+:[^ ]+ ') 
[34mCONSOLE[0m SerialLogger.ma:    SerialDriver(main) < MARKER='ZSXQ''VOSLQK' run 'ping -c 3 ff02::1%br-lan'␍␤
[34mCONSOLE[0m SerialLogger.ma:    SerialDriver(main) < ZSXQVOSLQKPING ff02::1%br-lan (ff02::1%3): 56 data bytes␍␤
[34mCONSOLE[0m SerialLogger.ma:    SerialDriver(main) < 64 bytes from fe80::b6b5:2fff:fe4f:a7f8: seq=0 ttl=64 time=0.408 ms␍␤
[34mCONSOLE[0m SerialLogger.ma:    SerialDriver(main) < 64 bytes from fe80::be24:11ff:fedf:753f: seq=0 ttl=64 time=1.249 ms (DUP!)␍␤
[34mCONSOLE[0m SerialLogger.ma:    SerialDriver(main) < 64 bytes from fe80::b6b5:2fff:fe4f:a7f8: seq=1 ttl=64 time=0.363 ms␍␤
[34mCONSOLE[0m SerialLogger.ma:    SerialDriver(main) < 64 bytes from fe80::be24:11ff:fedf:753f: seq=1 ttl=64 time=1.485 ms (DUP!)␍␤
[34mCONSOLE[0m SerialLogger.ma:    SerialDriver(main) < 64 bytes from fe80::b6b5:2fff:fe4f:a7f8: seq=2 ttl=64 time=0.365 ms␍␤
[34mCONSOLE[0m SerialLogger.ma:    SerialDriver(main) < ␍␤
[34mCONSOLE[0m SerialLogger.ma:    SerialDriver(main) < --- ff02::1%br-lan ping statistics ---␍␤
[34mCONSOLE[0m SerialLogger.ma:    SerialDriver(main) < 3 packets transmitted, 3 packets received, 2 duplicates, 0% packet loss␍␤
[34mCONSOLE[0m SerialLogger.ma:    SerialDriver(main) < round-trip min/avg/max = 0.363/0.774/1.485 ms␍␤
[34mCONSOLE[0m SerialLogger.ma:    SerialDriver(main) < ZSXQVOSLQK 0␍␤
[34mCONSOLE[0m SerialLogger.ma:    SerialDriver(main) < root@OpenWrt:~# ␍␤
[32mINFO   [0m      StepLogger:   ← SerialDriver.expect() result=(0, b"MARKER='ZSXQ''VOSLQK' run 'ping -c 3 ff02::1%br-lan'\r\n", <re.Match object; span=(54, 663), m… [2.369s]
[32mINFO   [0m      StepLogger:  ← ShellDriver.run() result=(['PING ff02::1%br-lan (ff02::1%3): 56 data bytes', '64 bytes from fe80::b6b5:2fff:fe4f:a7f8: seq=0 … [3.491s]
[32mPASSED[0m[33m                                                                   [ 51%][0m
tests/test_network_security.py::test_ssh_supported_algorithms [32mPASSED[0m[33m     [ 54%][0m
tests/test_opkg.py::test_opkg_procd_installed [33mSKIPPED[0m (Skipping beca...)[33m [ 57%][0m
tests/test_opkg.py::test_opkg_install_ucert [33mSKIPPED[0m (Skipping becaus...)[33m [ 60%][0m
tests/test_system_health.py::TestSystemHealth::test_memory_usage 
[1m-------------------------------- live log call ---------------------------------[0m
[32mINFO   [0m      StepLogger:  → SSHDriver.run_check(cmd='free -m') 
[32mINFO   [0m      StepLogger:  ← SSHDriver.run_check() result=['              total        used        free      shared  buff/cache   available', 'Mem:         24… [0.732s]
[32mPASSED[0m[33m                                                                   [ 62%][0m
tests/test_system_health.py::TestSystemHealth::test_filesystem_usage 
[1m-------------------------------- live log call ---------------------------------[0m
[32mINFO   [0m      StepLogger:  → SSHDriver.run(cmd='test -d /') 
[32mINFO   [0m      StepLogger:  ← SSHDriver.run() result=([], [], 0) [0.583s]
[32mINFO   [0m      StepLogger:  → SSHDriver.run_check(cmd='df -h / | tail -1') 
[32mINFO   [0m      StepLogger:  ← SSHDriver.run_check() result=['tmpfs                   118.2M     15.4M    102.8M  13% /'] [0.583s]
[32mINFO   [0m      StepLogger:  → SSHDriver.run(cmd='test -d /tmp') 
[32mINFO   [0m      StepLogger:  ← SSHDriver.run() result=([], [], 0) [0.583s]
[32mINFO   [0m      StepLogger:  → SSHDriver.run_check(cmd='df -h /tmp | tail -1') 
[32mINFO   [0m      StepLogger:  ← SSHDriver.run_check() result=['tmpfs                   118.2M    232.0K    118.0M   0% /tmp'] [0.583s]
[32mINFO   [0m      StepLogger:  → SSHDriver.run(cmd='test -d /overlay') 
[32mINFO   [0m      StepLogger:  ← SSHDriver.run() result=([], [], 0) [0.584s]
[32mINFO   [0m      StepLogger:  → SSHDriver.run_check(cmd='df -h /overlay | tail -1') 
[32mINFO   [0m      StepLogger:  ← SSHDriver.run_check() result=['tmpfs                   118.2M     15.4M    102.8M  13% /'] [0.583s]
[32mPASSED[0m[33m                                                                   [ 65%][0m
tests/test_system_health.py::TestSystemHealth::test_system_uptime 
[1m-------------------------------- live log call ---------------------------------[0m
[32mINFO   [0m      StepLogger:  → SSHDriver.run_check(cmd='cat /proc/uptime') 
[32mINFO   [0m      StepLogger:  ← SSHDriver.run_check() result=['59.66 76.35'] [0.583s]
[32mPASSED[0m[33m                                                                   [ 68%][0m
tests/test_system_health.py::TestSystemHealth::test_temperature_sensors 
[1m-------------------------------- live log call ---------------------------------[0m
[32mINFO   [0m      StepLogger:  → SSHDriver.run(cmd='ls /sys/class/thermal/thermal_zone*/temp 2>/dev/null') 
[32mINFO   [0m      StepLogger:  ← SSHDriver.run() result=([], [], 1) [0.772s]
[32mPASSED[0m[33m                                                                   [ 71%][0m
tests/test_system_health.py::TestSystemHealth::test_process_count 
[1m-------------------------------- live log call ---------------------------------[0m
[32mINFO   [0m      StepLogger:  → SSHDriver.run_check(cmd='ps | wc -l') 
[32mINFO   [0m      StepLogger:  ← SSHDriver.run_check() result=['81'] [0.583s]
[32mPASSED[0m[33m                                                                   [ 74%][0m
tests/test_system_health.py::TestSystemHealth::test_entropy_available 
[1m-------------------------------- live log call ---------------------------------[0m
[32mINFO   [0m      StepLogger:  → SSHDriver.run_check(cmd='cat /proc/sys/kernel/random/entropy_avail') 
[32mINFO   [0m      StepLogger:  ← SSHDriver.run_check() result=['256'] [0.584s]
[32mPASSED[0m[33m                                                                   [ 77%][0m
tests/test_system_health.py::TestSystemHealth::test_open_file_descriptors 
[1m-------------------------------- live log call ---------------------------------[0m
[32mINFO   [0m      StepLogger:  → SSHDriver.run_check(cmd='cat /proc/sys/fs/file-nr') 
[32mINFO   [0m      StepLogger:  ← SSHDriver.run_check() result=['352\t0\t23753'] [0.583s]
[32mPASSED[0m[33m                                                                   [ 80%][0m
tests/test_wan.py::test_wan_firewall_zone [33mSKIPPED[0m (Skipping because ...)[33m [ 82%][0m
tests/test_wan.py::test_wan_interface_device [33mSKIPPED[0m (Skipping becau...)[33m [ 85%][0m
tests/test_wan.py::test_https_download [33mSKIPPED[0m (Skipping because fea...)[33m [ 88%][0m
tests/test_wifi.py::test_wifi_wpa3 
[1m-------------------------------- live log call ---------------------------------[0m
[32mINFO   [0m      StepLogger:  → SSHDriver.run(cmd='uci delete wireless.default_radio0.disabled') 
[32mINFO   [0m      StepLogger:  ← SSHDriver.run() result=([], [], 0) [0.583s]
[32mINFO   [0m      StepLogger:  → SSHDriver.run(cmd='uci delete wireless.radio0.disabled') 
[32mINFO   [0m      StepLogger:  ← SSHDriver.run() result=([], ['uci: Entry not found'], 1) [0.583s]
[32mINFO   [0m      StepLogger:  → SSHDriver.run(cmd='uci set wireless.default_radio0.encryption=sae') 
[32mINFO   [0m      StepLogger:  ← SSHDriver.run() result=([], [], 0) [0.583s]
[32mINFO   [0m      StepLogger:  → SSHDriver.run(cmd='uci set wireless.default_radio0.key=openwrt4all') 
[32mINFO   [0m      StepLogger:  ← SSHDriver.run() result=([], [], 0) [0.583s]
[32mINFO   [0m      StepLogger:  → SSHDriver.run(cmd='uci commit') 
[32mINFO   [0m      StepLogger:  ← SSHDriver.run() result=([], [], 0) [0.583s]
[32mINFO   [0m      StepLogger:  → SSHDriver.run(cmd='wifi down') 
[32mINFO   [0m      StepLogger:  ← SSHDriver.run() result=([], [], 0) [0.584s]
[32mINFO   [0m      StepLogger:  → SSHDriver.run(cmd='wifi up') 
[32mINFO   [0m      StepLogger:  ← SSHDriver.run() result=([], [], 0) [0.584s]
[32mINFO   [0m      StepLogger:  → SSHDriver.run(cmd='ubus -t 15 wait_for hostapd.phy0-ap0') 
[32mINFO   [0m      StepLogger:  ← SSHDriver.run() result=([], [], 0) [0.585s]
[32mINFO   [0m      StepLogger:  → SSHDriver.run(cmd='iwinfo') 
[32mINFO   [0m      StepLogger:  ← SSHDriver.run() result=(['phy0-ap0 ESSID: "OpenWrt"', '         Access Point: c8:cb:b8:fb:0b:a0', '         Mode: Master  C… [0.584s]
[32mPASSED[0m[33m                                                                   [ 91%][0m
tests/test_wifi.py::test_wifi_wpa2 
[1m-------------------------------- live log call ---------------------------------[0m
[32mINFO   [0m      StepLogger:  → SSHDriver.run(cmd='uci delete wireless.default_radio0.disabled') 
[32mINFO   [0m      StepLogger:  ← SSHDriver.run() result=([], ['uci: Entry not found'], 1) [0.584s]
[32mINFO   [0m      StepLogger:  → SSHDriver.run(cmd='uci delete wireless.radio0.disabled') 
[32mINFO   [0m      StepLogger:  ← SSHDriver.run() result=([], ['uci: Entry not found'], 1) [0.584s]
[32mINFO   [0m      StepLogger:  → SSHDriver.run(cmd='uci set wireless.default_radio0.encryption=psk2') 
[32mINFO   [0m      StepLogger:  ← SSHDriver.run() result=([], [], 0) [0.584s]
[32mINFO   [0m      StepLogger:  → SSHDriver.run(cmd='uci set wireless.default_radio0.key=openwrt4all') 
[32mINFO   [0m      StepLogger:  ← SSHDriver.run() result=([], [], 0) [0.584s]
[32mINFO   [0m      StepLogger:  → SSHDriver.run(cmd='uci commit') 
[32mINFO   [0m      StepLogger:  ← SSHDriver.run() result=([], [], 0) [0.583s]
[32mINFO   [0m      StepLogger:  → SSHDriver.run(cmd='wifi down') 
[32mINFO   [0m      StepLogger:  ← SSHDriver.run() result=([], [], 0) [0.583s]
[32mINFO   [0m      StepLogger:  → SSHDriver.run(cmd='wifi up') 
[32mINFO   [0m      StepLogger:  ← SSHDriver.run() result=([], [], 0) [0.583s]
[32mINFO   [0m      StepLogger:  → SSHDriver.run(cmd='ubus -t 15 wait_for hostapd.phy0-ap0') 
[32mINFO   [0m      StepLogger:  ← SSHDriver.run() result=([], [], 0) [0.584s]
[32mINFO   [0m      StepLogger:  → SSHDriver.run(cmd='iwinfo') 
[32mINFO   [0m      StepLogger:  ← SSHDriver.run() result=(['phy0-ap0 ESSID: "OpenWrt"', '         Access Point: c8:cb:b8:fb:0b:a0', '         Mode: Master  C… [0.584s]
[32mPASSED[0m[33m                                                                   [ 94%][0m
tests/test_wifi.py::test_wifi_scan [33mSKIPPED[0m (Skipping because feature...)[33m [ 97%][0m
tests/test_wifi.py::test_wifi_hwsim_sae_mixed [33mSKIPPED[0m (Skipping beca...)[33m [100%][0m
[1m------------------------------ live log teardown -------------------------------[0m
[32mINFO   [0m SSHConnection(h:  Closing SSH connection to labgrid-blocktrron


[33m=============================== warnings summary ===============================[0m
tests/test_apk.py::TestApk::test_apk_procd_installed
  /home/runner/work/openwrt-tests/openwrt-tests/.venv/lib/python3.14/site-packages/serial/rfc2217.py:469: DeprecationWarning: setDaemon() is deprecated, set the daemon attribute instead
    self._thread.setDaemon(True)

tests/test_apk.py::TestApk::test_apk_procd_installed
  /home/runner/work/openwrt-tests/openwrt-tests/.venv/lib/python3.14/site-packages/serial/rfc2217.py:470: DeprecationWarning: setName() is deprecated, set the name attribute instead
    self._thread.setName('pySerial RFC 2217 reader thread for {}'.format(self._port))

tests/test_base.py::test_firmware_version
  tests/test_base.py:14: PytestWarning: record_property is incompatible with junit_family 'xunit2' (use 'legacy' or 'xunit1')
    def test_firmware_version(shell_command, record_property):

-- Docs: https://docs.pytest.org/en/stable/how-to/capture-warnings.html
- generated xml file: /home/runner/work/openwrt-tests/openwrt-tests/hpe_msm460-snapshot/report.xml -
[33m============ [32m25 passed[0m, [33m[1m10 skipped[0m, [33m[1m3 warnings[0m[33m in 120.11s (0:02:00)[0m[33m ============[0m
