<?xml version="1.0" encoding="utf-8"?><testsuites name="pytest tests"><testsuite name="pytest" errors="0" failures="1" skipped="10" tests="35" time="100.953" timestamp="2026-05-11T16:00:56.518256+00:00" hostname="runnervmeorf1"><properties><property name="ENV_CONFIG" value="targets/hpe_msm460.yaml" /><property name="TARGETS" value="['main']" /><property name="TARGET_MAIN_REMOTE" value="+" /><property name="IMAGE_ROOT" value="/home/runner/work/openwrt-tests/openwrt-tests/tftp/hpe_msm460/openwrt-mpc85xx-p1020-hpe_msm460-initramfs-kernel.bin" /><property name="IMAGE_ROOT_GIT_COMMIT" value="91a3afb2ecf23ce7042faa7c26d1ca7aacf4e921" /></properties><testcase classname="tests.test_apk.TestApk" name="test_apk_procd_installed" time="61.012" /><testcase classname="tests.test_apk.TestApk" name="test_apk_add_ucert" time="0.000"><skipped type="pytest.skip" message="LG_FEATURE_ONLINE not defined">/home/runner/work/openwrt-tests/openwrt-tests/tests/test_apk.py:13: LG_FEATURE_ONLINE not defined</skipped></testcase><testcase classname="tests.test_apk.TestApk" name="test_apk_audit" time="0.470" /><testcase classname="tests.test_base" name="test_shell" time="1.142" /><testcase classname="tests.test_base" name="test_firmware_version" time="1.329"><properties><property name="firmware_version" value="r34385-ff16e61084" /><property name="expected_firmware_version" value="r34385-ff16e61084" /></properties></testcase><testcase classname="tests.test_base" name="test_dropbear_startup" time="2.790" /><testcase classname="tests.test_base" name="test_ssh" time="0.471" /><testcase classname="tests.test_base" name="test_echo" time="0.469" /><testcase classname="tests.test_base" name="test_uname" time="0.471" /><testcase classname="tests.test_base" name="test_ubus_system_board" time="0.470" /><testcase classname="tests.test_base" name="test_free_memory" time="0.470" /><testcase classname="tests.test_base" name="test_sysupgrade_backup" time="0.000"><skipped type="pytest.skip" message="unsupported feature(s): rootfs">/home/runner/work/openwrt-tests/openwrt-tests/tests/test_base.py:69: unsupported feature(s): rootfs</skipped></testcase><testcase classname="tests.test_base" name="test_sysupgrade_backup_u" time="0.000"><skipped type="pytest.skip" message="unsupported feature(s): rootfs">/home/runner/work/openwrt-tests/openwrt-tests/tests/test_base.py:81: unsupported feature(s): rootfs</skipped></testcase><testcase classname="tests.test_base" name="test_kernel_errors" time="0.545" /><testcase classname="tests.test_lan" name="test_lan_wait_for_link_ready" time="1.327" /><testcase classname="tests.test_lan" name="test_lan_wait_for_network" time="1.592" /><testcase classname="tests.test_lan" name="test_lan_interface_address" time="1.371" /><testcase classname="tests.test_lan" name="test_lan_interface_has_neighbor" time="3.300" /><testcase classname="tests.test_network_security" name="test_ssh_supported_algorithms" time="0.768" /><testcase classname="tests.test_opkg" name="test_opkg_procd_installed" time="0.000"><skipped type="pytest.skip" message="unsupported feature(s): opkg">/home/runner/work/openwrt-tests/openwrt-tests/tests/test_opkg.py:4: unsupported feature(s): opkg</skipped></testcase><testcase classname="tests.test_opkg" name="test_opkg_install_ucert" time="0.000"><skipped type="pytest.skip" message="unsupported feature(s): opkg, online">/home/runner/work/openwrt-tests/openwrt-tests/tests/test_opkg.py:9: unsupported feature(s): opkg, online</skipped></testcase><testcase classname="tests.test_system_health.TestSystemHealth" name="test_memory_usage" time="0.582" /><testcase classname="tests.test_system_health.TestSystemHealth" name="test_filesystem_usage" time="2.803" /><testcase classname="tests.test_system_health.TestSystemHealth" name="test_system_uptime" time="0.470" /><testcase classname="tests.test_system_health.TestSystemHealth" name="test_temperature_sensors" time="0.470" /><testcase classname="tests.test_system_health.TestSystemHealth" name="test_process_count" time="0.470" /><testcase classname="tests.test_system_health.TestSystemHealth" name="test_entropy_available" time="0.472" /><testcase classname="tests.test_system_health.TestSystemHealth" name="test_open_file_descriptors" time="0.471" /><testcase classname="tests.test_wan" name="test_wan_firewall_zone" time="0.000"><skipped type="pytest.skip" message="unsupported feature(s): wan_port">/home/runner/work/openwrt-tests/openwrt-tests/tests/test_wan.py:45: unsupported feature(s): wan_port</skipped></testcase><testcase classname="tests.test_wan" name="test_wan_interface_device" time="0.000"><skipped type="pytest.skip" message="unsupported feature(s): wan_port">/home/runner/work/openwrt-tests/openwrt-tests/tests/test_wan.py:57: unsupported feature(s): wan_port</skipped></testcase><testcase classname="tests.test_wan" name="test_https_download" time="0.000"><skipped type="pytest.skip" message="unsupported feature(s): online">/home/runner/work/openwrt-tests/openwrt-tests/tests/test_wan.py:64: unsupported feature(s): online</skipped></testcase><testcase classname="tests.test_wifi" name="test_wifi_wpa3" time="8.232"><failure message="AssertionError: iwinfo output:&#10;  phy0-ap0 ESSID: &quot;OpenWrt&quot;&#10;           Access Point: c8:cb:b8:fb:0b:a0&#10;           Mode: Master  Channel: 36 (5.180 GHz)  HT Mode: HT40&#10;           Center Channel 1: 38 2: unknown&#10;           Tx-Power: 18 dBm  Link Quality: 70/70&#10;           Signal: 0 dBm  Noise: -95 dBm&#10;           Bit Rate: unknown&#10;           Encryption: SAE / SAE-EXT-KEY (CCMP)&#10;           Type: nl80211  HW Mode(s): 802.11n&#10;           Hardware: 0x168c:0x0030 0x168c:0x3114 [Atheros AR9390]&#10;           TX power offset: none&#10;           Channel offset: none&#10;           Supports VAPs: yes  PHY name: phy0&#10;  &#10;assert ('Encryption: WPA3 SAE (CCMP)' in 'phy0-ap0 ESSID: &quot;OpenWrt&quot;\n         Access Point: c8:cb:b8:fb:0b:a0\n         Mode: Master  Channel: 36 (5.180 GHz)  HT Mode: HT40\n         Center Channel 1: 38 2: unknown\n         Tx-Power: 18 dBm  Link Quality: 70/70\n         Signal: 0 dBm  Noise: -95 dBm\n         Bit Rate: unknown\n         Encryption: SAE / SAE-EXT-KEY (CCMP)\n         Type: nl80211  HW Mode(s): 802.11n\n         Hardware: 0x168c:0x0030 0x168c:0x3114 [Atheros AR9390]\n         TX power offset: none\n         Channel offset: none\n         Supports VAPs: yes  PHY name: phy0\n' or 'Encryption: SAE (CCMP)' in 'phy0-ap0 ESSID: &quot;OpenWrt&quot;\n         Access Point: c8:cb:b8:fb:0b:a0\n         Mode: Master  Channel: 36 (5.180 GHz)  HT Mode: HT40\n         Center Channel 1: 38 2: unknown\n         Tx-Power: 18 dBm  Link Quality: 70/70\n         Signal: 0 dBm  Noise: -95 dBm\n         Bit Rate: unknown\n         Encryption: SAE / SAE-EXT-KEY (CCMP)\n         Type: nl80211  HW Mode(s): 802.11n\n         Hardware: 0x168c:0x0030 0x168c:0x3114 [Atheros AR9390]\n         TX power offset: none\n         Channel offset: none\n         Supports VAPs: yes  PHY name: phy0\n')">ssh_command = SSHDriver(target=Target(name='main', env=Environment(config_file='targets/hpe_msm460.yaml')), name=None, state=&lt;Bindin...rr_merge=False, connection_timeout=120.0, explicit_sftp_mode=False, explicit_scp_mode=True, username='', password=None)

    @pytest.mark.lg_feature("wifi")
    def test_wifi_wpa3(ssh_command):
        """
        Test enabling a wifi network with WPA3 encryption.
    
        This test configures a wifi network with WPA3 encryption and password 'openwrt4all'.
        """
        ssh_command.run("uci delete wireless.default_radio0.disabled")
        ssh_command.run("uci delete wireless.radio0.disabled")
        ssh_command.run("uci set wireless.default_radio0.encryption=sae")
        ssh_command.run("uci set wireless.default_radio0.key=openwrt4all")
    
        ssh_command.run("uci commit")
    
        restart_wifi_and_wait(ssh_command)
    
        iwinfo_output = "\n".join(ssh_command.run("iwinfo")[0])
    
        assert "Mode: Master" in iwinfo_output, f"iwinfo output:\n{iwinfo_output}"
&gt;       assert (
            "Encryption: WPA3 SAE (CCMP)" in iwinfo_output
            or "Encryption: SAE (CCMP)" in iwinfo_output
        ), f"iwinfo output:\n{iwinfo_output}"
E       AssertionError: iwinfo output:
E         phy0-ap0 ESSID: "OpenWrt"
E                  Access Point: c8:cb:b8:fb:0b:a0
E                  Mode: Master  Channel: 36 (5.180 GHz)  HT Mode: HT40
E                  Center Channel 1: 38 2: unknown
E                  Tx-Power: 18 dBm  Link Quality: 70/70
E                  Signal: 0 dBm  Noise: -95 dBm
E                  Bit Rate: unknown
E                  Encryption: SAE / SAE-EXT-KEY (CCMP)
E                  Type: nl80211  HW Mode(s): 802.11n
E                  Hardware: 0x168c:0x0030 0x168c:0x3114 [Atheros AR9390]
E                  TX power offset: none
E                  Channel offset: none
E                  Supports VAPs: yes  PHY name: phy0
E         
E       assert ('Encryption: WPA3 SAE (CCMP)' in 'phy0-ap0 ESSID: "OpenWrt"\n         Access Point: c8:cb:b8:fb:0b:a0\n         Mode: Master  Channel: 36 (5.180 GHz)  HT Mode: HT40\n         Center Channel 1: 38 2: unknown\n         Tx-Power: 18 dBm  Link Quality: 70/70\n         Signal: 0 dBm  Noise: -95 dBm\n         Bit Rate: unknown\n         Encryption: SAE / SAE-EXT-KEY (CCMP)\n         Type: nl80211  HW Mode(s): 802.11n\n         Hardware: 0x168c:0x0030 0x168c:0x3114 [Atheros AR9390]\n         TX power offset: none\n         Channel offset: none\n         Supports VAPs: yes  PHY name: phy0\n' or 'Encryption: SAE (CCMP)' in 'phy0-ap0 ESSID: "OpenWrt"\n         Access Point: c8:cb:b8:fb:0b:a0\n         Mode: Master  Channel: 36 (5.180 GHz)  HT Mode: HT40\n         Center Channel 1: 38 2: unknown\n         Tx-Power: 18 dBm  Link Quality: 70/70\n         Signal: 0 dBm  Noise: -95 dBm\n         Bit Rate: unknown\n         Encryption: SAE / SAE-EXT-KEY (CCMP)\n         Type: nl80211  HW Mode(s): 802.11n\n         Hardware: 0x168c:0x0030 0x168c:0x3114 [Atheros AR9390]\n         TX power offset: none\n         Channel offset: none\n         Supports VAPs: yes  PHY name: phy0\n')

tests/test_wifi.py:46: AssertionError</failure></testcase><testcase classname="tests.test_wifi" name="test_wifi_wpa2" time="8.235" /><testcase classname="tests.test_wifi" name="test_wifi_scan" time="0.000"><skipped type="pytest.skip" message="unsupported feature(s): wifi-neighbors">/home/runner/work/openwrt-tests/openwrt-tests/tests/test_wifi.py:77: unsupported feature(s): wifi-neighbors</skipped></testcase><testcase classname="tests.test_wifi" name="test_wifi_hwsim_sae_mixed" time="0.617"><skipped type="pytest.skip" message="unsupported feature(s): hwsim">/home/runner/work/openwrt-tests/openwrt-tests/tests/test_wifi.py:99: unsupported feature(s): hwsim</skipped></testcase></testsuite></testsuites>