<?xml version="1.0" encoding="utf-8"?><testsuites name="pytest tests"><testsuite name="pytest" errors="0" failures="0" skipped="10" tests="35" time="176.328" timestamp="2026-06-27T00:46:25.310934+00:00" hostname="runnervmmklqx"><properties><property name="ENV_CONFIG" value="targets/librerouter_librerouter-v1.yaml" /><property name="TARGETS" value="['main']" /><property name="TARGET_MAIN_REMOTE" value="+" /><property name="IMAGE_ROOT" value="/home/runner/work/openwrt-tests/openwrt-tests/tftp/librerouter_librerouter-v1/openwrt-24.10-snapshot-r29207-95d0ca014c-ath79-generic-librerouter_librerouter-v1-initramfs-kernel.bin" /><property name="IMAGE_ROOT_GIT_COMMIT" value="e3a718bffba6d8b05b535e68a6c3aa21beabe552" /></properties><testcase classname="tests.test_apk.TestApk" name="test_apk_procd_installed" time="6.136"><skipped type="pytest.skip" message="LG_FEATURE_APK not defined">/home/runner/work/openwrt-tests/openwrt-tests/tests/test_apk.py:10: LG_FEATURE_APK not defined</skipped></testcase><testcase classname="tests.test_apk.TestApk" name="test_apk_add_ucert" time="0.001"><skipped type="pytest.skip" message="LG_FEATURE_ONLINE not defined">/home/runner/work/openwrt-tests/openwrt-tests/tests/test_apk.py:13: LG_FEATURE_ONLINE not defined</skipped></testcase><testcase classname="tests.test_apk.TestApk" name="test_apk_audit" time="0.000"><skipped type="pytest.skip" message="LG_FEATURE_APK not defined">/home/runner/work/openwrt-tests/openwrt-tests/tests/test_apk.py:23: LG_FEATURE_APK not defined</skipped></testcase><testcase classname="tests.test_base" name="test_shell" time="67.064" /><testcase classname="tests.test_base" name="test_firmware_version" time="2.118"><properties><property name="firmware_version" value="r29207-95d0ca014c" /><property name="expected_firmware_version" value="r29207-95d0ca014c" /></properties></testcase><testcase classname="tests.test_base" name="test_dropbear_startup" time="22.444" /><testcase classname="tests.test_base" name="test_ssh" time="15.119" /><testcase classname="tests.test_base" name="test_echo" time="1.056" /><testcase classname="tests.test_base" name="test_uname" time="1.056" /><testcase classname="tests.test_base" name="test_ubus_system_board" time="0.909" /><testcase classname="tests.test_base" name="test_free_memory" time="1.055" /><testcase classname="tests.test_base" name="test_sysupgrade_backup" time="0.000"><skipped type="pytest.skip" message="unsupported feature(s): rootfs">/home/runner/work/openwrt-tests/openwrt-tests/tests/test_base.py:69: unsupported feature(s): rootfs</skipped></testcase><testcase classname="tests.test_base" name="test_sysupgrade_backup_u" time="0.000"><skipped type="pytest.skip" message="unsupported feature(s): rootfs">/home/runner/work/openwrt-tests/openwrt-tests/tests/test_base.py:81: unsupported feature(s): rootfs</skipped></testcase><testcase classname="tests.test_base" name="test_kernel_errors" time="1.251" /><testcase classname="tests.test_lan" name="test_lan_wait_for_link_ready" time="2.121" /><testcase classname="tests.test_lan" name="test_lan_wait_for_network" time="2.113" /><testcase classname="tests.test_lan" name="test_lan_interface_address" time="1.867" /><testcase classname="tests.test_lan" name="test_lan_interface_has_neighbor" time="3.974" /><testcase classname="tests.test_network_security" name="test_ssh_supported_algorithms" time="1.320" /><testcase classname="tests.test_opkg" name="test_opkg_procd_installed" time="0.000"><skipped type="pytest.skip" message="unsupported feature(s): opkg">/home/runner/work/openwrt-tests/openwrt-tests/tests/test_opkg.py:4: unsupported feature(s): opkg</skipped></testcase><testcase classname="tests.test_opkg" name="test_opkg_install_ucert" time="0.000"><skipped type="pytest.skip" message="unsupported feature(s): online, opkg">/home/runner/work/openwrt-tests/openwrt-tests/tests/test_opkg.py:9: unsupported feature(s): online, opkg</skipped></testcase><testcase classname="tests.test_system_health.TestSystemHealth" name="test_memory_usage" time="1.202" /><testcase classname="tests.test_system_health.TestSystemHealth" name="test_filesystem_usage" time="6.205" /><testcase classname="tests.test_system_health.TestSystemHealth" name="test_system_uptime" time="1.056" /><testcase classname="tests.test_system_health.TestSystemHealth" name="test_temperature_sensors" time="1.054" /><testcase classname="tests.test_system_health.TestSystemHealth" name="test_process_count" time="1.166" /><testcase classname="tests.test_system_health.TestSystemHealth" name="test_entropy_available" time="1.056" /><testcase classname="tests.test_system_health.TestSystemHealth" name="test_open_file_descriptors" time="1.055" /><testcase classname="tests.test_wan" name="test_wan_firewall_zone" time="3.260" /><testcase classname="tests.test_wan" name="test_wan_interface_device" time="2.172" /><testcase classname="tests.test_wan" name="test_https_download" time="0.000"><skipped type="pytest.skip" message="unsupported feature(s): online">/home/runner/work/openwrt-tests/openwrt-tests/tests/test_wan.py:64: unsupported feature(s): online</skipped></testcase><testcase classname="tests.test_wifi" name="test_wifi_wpa3" time="13.519" /><testcase classname="tests.test_wifi" name="test_wifi_wpa2" time="13.490" /><testcase classname="tests.test_wifi" name="test_wifi_scan" time="0.000"><skipped type="pytest.skip" message="unsupported feature(s): wifi-neighbors">/home/runner/work/openwrt-tests/openwrt-tests/tests/test_wifi.py:79: unsupported feature(s): wifi-neighbors</skipped></testcase><testcase classname="tests.test_wifi" name="test_wifi_hwsim_sae_mixed" time="1.393"><skipped type="pytest.skip" message="unsupported feature(s): hwsim">/home/runner/work/openwrt-tests/openwrt-tests/tests/test_wifi.py:101: unsupported feature(s): hwsim</skipped></testcase></testsuite></testsuites>