<?xml version="1.0" encoding="utf-8"?><testsuites name="pytest tests"><testsuite name="pytest" errors="0" failures="0" skipped="10" tests="35" time="169.204" timestamp="2026-04-27T00:36:09.516009+00:00" hostname="runnervmeorf1"><properties><property name="ENV_CONFIG" value="targets/librerouter_librerouter-v1.yaml" /><property name="TARGETS" value="['main']" /><property name="TARGET_MAIN_REMOTE" value="+" /><property name="IMAGE_ROOT" value="/home/runner/work/openwrt-tests/openwrt-tests/tftp/librerouter_librerouter-v1/openwrt-24.10-snapshot-r29157-44df9972d5-ath79-generic-librerouter_librerouter-v1-initramfs-kernel.bin" /><property name="IMAGE_ROOT_GIT_COMMIT" value="47b6f755a68d69b0ebc8cd8a1f93f323d9d0e04f" /></properties><testcase classname="tests.test_apk.TestApk" name="test_apk_procd_installed" time="0.000"><skipped type="pytest.skip" message="LG_FEATURE_APK not defined">/home/runner/work/openwrt-tests/openwrt-tests/tests/test_apk.py:10: LG_FEATURE_APK not defined</skipped></testcase><testcase classname="tests.test_apk.TestApk" name="test_apk_add_ucert" time="0.000"><skipped type="pytest.skip" message="LG_FEATURE_ONLINE not defined">/home/runner/work/openwrt-tests/openwrt-tests/tests/test_apk.py:13: LG_FEATURE_ONLINE not defined</skipped></testcase><testcase classname="tests.test_apk.TestApk" name="test_apk_audit" time="0.000"><skipped type="pytest.skip" message="LG_FEATURE_APK not defined">/home/runner/work/openwrt-tests/openwrt-tests/tests/test_apk.py:23: LG_FEATURE_APK not defined</skipped></testcase><testcase classname="tests.test_base" name="test_shell" time="77.114" /><testcase classname="tests.test_base" name="test_firmware_version" time="2.034"><properties><property name="firmware_version" value="r29157-44df9972d5" /><property name="expected_firmware_version" value="r29157-44df9972d5" /></properties></testcase><testcase classname="tests.test_base" name="test_dropbear_startup" time="13.223" /><testcase classname="tests.test_base" name="test_ssh" time="13.947" /><testcase classname="tests.test_base" name="test_echo" time="1.050" /><testcase classname="tests.test_base" name="test_uname" time="1.050" /><testcase classname="tests.test_base" name="test_ubus_system_board" time="1.177" /><testcase classname="tests.test_base" name="test_free_memory" time="1.050" /><testcase classname="tests.test_base" name="test_sysupgrade_backup" time="0.000"><skipped type="pytest.skip" message="Skipping because feature &quot;{'rootfs'}&quot; is not supported">/home/runner/work/openwrt-tests/openwrt-tests/tests/test_base.py:69: Skipping because feature "{'rootfs'}" is not supported</skipped></testcase><testcase classname="tests.test_base" name="test_sysupgrade_backup_u" time="0.000"><skipped type="pytest.skip" message="Skipping because feature &quot;{'rootfs'}&quot; is not supported">/home/runner/work/openwrt-tests/openwrt-tests/tests/test_base.py:81: Skipping because feature "{'rootfs'}" is not supported</skipped></testcase><testcase classname="tests.test_base" name="test_kernel_errors" time="1.196" /><testcase classname="tests.test_lan" name="test_lan_wait_for_link_ready" time="2.096" /><testcase classname="tests.test_lan" name="test_lan_wait_for_network" time="2.097" /><testcase classname="tests.test_lan" name="test_lan_interface_address" time="1.937" /><testcase classname="tests.test_lan" name="test_lan_interface_has_neighbor" time="3.965" /><testcase classname="tests.test_network_security" name="test_ssh_supported_algorithms" time="1.191" /><testcase classname="tests.test_opkg" name="test_opkg_procd_installed" time="0.000"><skipped type="pytest.skip" message="Skipping because feature &quot;{'opkg'}&quot; is not supported">/home/runner/work/openwrt-tests/openwrt-tests/tests/test_opkg.py:4: Skipping because feature "{'opkg'}" is not supported</skipped></testcase><testcase classname="tests.test_opkg" name="test_opkg_install_ucert" time="0.000"><skipped type="pytest.skip" message="Skipping because features &quot;{'online', 'opkg'}&quot; are not supported">/home/runner/work/openwrt-tests/openwrt-tests/tests/test_opkg.py:9: Skipping because features "{'online', 'opkg'}" are not supported</skipped></testcase><testcase classname="tests.test_system_health.TestSystemHealth" name="test_memory_usage" time="1.203" /><testcase classname="tests.test_system_health.TestSystemHealth" name="test_filesystem_usage" time="6.116" /><testcase classname="tests.test_system_health.TestSystemHealth" name="test_system_uptime" time="1.050" /><testcase classname="tests.test_system_health.TestSystemHealth" name="test_temperature_sensors" time="1.049" /><testcase classname="tests.test_system_health.TestSystemHealth" name="test_process_count" time="1.206" /><testcase classname="tests.test_system_health.TestSystemHealth" name="test_entropy_available" time="1.050" /><testcase classname="tests.test_system_health.TestSystemHealth" name="test_open_file_descriptors" time="1.048" /><testcase classname="tests.test_wan" name="test_wan_firewall_zone" time="3.230" /><testcase classname="tests.test_wan" name="test_wan_interface_device" time="1.938" /><testcase classname="tests.test_wan" name="test_https_download" time="0.000"><skipped type="pytest.skip" message="Skipping because feature &quot;{'online'}&quot; is not supported">/home/runner/work/openwrt-tests/openwrt-tests/tests/test_wan.py:64: Skipping because feature "{'online'}" is not supported</skipped></testcase><testcase classname="tests.test_wifi" name="test_wifi_wpa3" time="13.439" /><testcase classname="tests.test_wifi" name="test_wifi_wpa2" time="13.459" /><testcase classname="tests.test_wifi" name="test_wifi_scan" time="0.000"><skipped type="pytest.skip" message="Skipping because feature &quot;{'wifi-neighbors'}&quot; is not supported">/home/runner/work/openwrt-tests/openwrt-tests/tests/test_wifi.py:77: Skipping because feature "{'wifi-neighbors'}" is not supported</skipped></testcase><testcase classname="tests.test_wifi" name="test_wifi_hwsim_sae_mixed" time="1.225"><skipped type="pytest.skip" message="Skipping because feature &quot;{'hwsim'}&quot; is not supported">/home/runner/work/openwrt-tests/openwrt-tests/tests/test_wifi.py:99: Skipping because feature "{'hwsim'}" is not supported</skipped></testcase></testsuite></testsuites>