<?xml version="1.0" encoding="utf-8"?><testsuites name="pytest tests"><testsuite name="pytest" errors="0" failures="0" skipped="10" tests="35" time="125.675" timestamp="2026-04-23T13:34:16.983482+00:00" hostname="runnervmeorf1"><properties><property name="ENV_CONFIG" value="targets/linksys_e8450.yaml" /><property name="TARGETS" value="['main']" /><property name="TARGET_MAIN_REMOTE" value="+" /><property name="IMAGE_ROOT" value="/home/runner/work/openwrt-tests/openwrt-tests/tftp/linksys_e8450/openwrt-24.10-snapshot-r29157-44df9972d5-mediatek-mt7622-linksys_e8450-initramfs-kernel.bin" /><property name="IMAGE_ROOT_GIT_COMMIT" value="91860b85019a95b574ea495955421c56ffeb387c" /></properties><testcase classname="tests.test_apk.TestApk" name="test_apk_procd_installed" time="0.000"><skipped type="pytest.skip" message="LG_FEATURE_APK not defined">/home/runner/work/openwrt-tests/openwrt-tests/tests/test_apk.py:10: LG_FEATURE_APK not defined</skipped></testcase><testcase classname="tests.test_apk.TestApk" name="test_apk_add_ucert" time="0.000"><skipped type="pytest.skip" message="LG_FEATURE_ONLINE not defined">/home/runner/work/openwrt-tests/openwrt-tests/tests/test_apk.py:13: LG_FEATURE_ONLINE not defined</skipped></testcase><testcase classname="tests.test_apk.TestApk" name="test_apk_audit" time="0.000"><skipped type="pytest.skip" message="LG_FEATURE_APK not defined">/home/runner/work/openwrt-tests/openwrt-tests/tests/test_apk.py:23: LG_FEATURE_APK not defined</skipped></testcase><testcase classname="tests.test_base" name="test_shell" time="51.601" /><testcase classname="tests.test_base" name="test_firmware_version" time="1.434"><properties><property name="firmware_version" value="r29157-44df9972d5" /><property name="expected_firmware_version" value="r29157-44df9972d5" /></properties></testcase><testcase classname="tests.test_base" name="test_dropbear_startup" time="2.611" /><testcase classname="tests.test_base" name="test_ssh" time="2.435" /><testcase classname="tests.test_base" name="test_echo" time="0.438" /><testcase classname="tests.test_base" name="test_uname" time="0.305" /><testcase classname="tests.test_base" name="test_ubus_system_board" time="0.519" /><testcase classname="tests.test_base" name="test_free_memory" time="0.565" /><testcase classname="tests.test_base" name="test_sysupgrade_backup" time="0.000"><skipped type="pytest.skip" message="Skipping because feature &quot;{'rootfs'}&quot; is not supported">/home/runner/work/openwrt-tests/openwrt-tests/tests/test_base.py:69: Skipping because feature "{'rootfs'}" is not supported</skipped></testcase><testcase classname="tests.test_base" name="test_sysupgrade_backup_u" time="0.000"><skipped type="pytest.skip" message="Skipping because feature &quot;{'rootfs'}&quot; is not supported">/home/runner/work/openwrt-tests/openwrt-tests/tests/test_base.py:81: Skipping because feature "{'rootfs'}" is not supported</skipped></testcase><testcase classname="tests.test_base" name="test_kernel_errors" time="0.606" /><testcase classname="tests.test_lan" name="test_lan_wait_for_link_ready" time="1.322" /><testcase classname="tests.test_lan" name="test_lan_wait_for_network" time="1.589" /><testcase classname="tests.test_lan" name="test_lan_interface_address" time="1.313" /><testcase classname="tests.test_lan" name="test_lan_interface_has_neighbor" time="3.309" /><testcase classname="tests.test_network_security" name="test_ssh_supported_algorithms" time="0.767" /><testcase classname="tests.test_opkg" name="test_opkg_procd_installed" time="0.000"><skipped type="pytest.skip" message="Skipping because feature &quot;{'opkg'}&quot; is not supported">/home/runner/work/openwrt-tests/openwrt-tests/tests/test_opkg.py:4: Skipping because feature "{'opkg'}" is not supported</skipped></testcase><testcase classname="tests.test_opkg" name="test_opkg_install_ucert" time="0.000"><skipped type="pytest.skip" message="Skipping because features &quot;{'online', 'opkg'}&quot; are not supported">/home/runner/work/openwrt-tests/openwrt-tests/tests/test_opkg.py:9: Skipping because features "{'online', 'opkg'}" are not supported</skipped></testcase><testcase classname="tests.test_system_health.TestSystemHealth" name="test_memory_usage" time="0.550" /><testcase classname="tests.test_system_health.TestSystemHealth" name="test_filesystem_usage" time="2.625" /><testcase classname="tests.test_system_health.TestSystemHealth" name="test_system_uptime" time="0.438" /><testcase classname="tests.test_system_health.TestSystemHealth" name="test_temperature_sensors" time="0.877" /><testcase classname="tests.test_system_health.TestSystemHealth" name="test_process_count" time="0.438" /><testcase classname="tests.test_system_health.TestSystemHealth" name="test_entropy_available" time="0.438" /><testcase classname="tests.test_system_health.TestSystemHealth" name="test_open_file_descriptors" time="0.437" /><testcase classname="tests.test_wan" name="test_wan_firewall_zone" time="2.601" /><testcase classname="tests.test_wan" name="test_wan_interface_device" time="1.584" /><testcase classname="tests.test_wan" name="test_https_download" time="0.000"><skipped type="pytest.skip" message="Skipping because feature &quot;{'online'}&quot; is not supported">/home/runner/work/openwrt-tests/openwrt-tests/tests/test_wan.py:64: Skipping because feature "{'online'}" is not supported</skipped></testcase><testcase classname="tests.test_wifi" name="test_wifi_wpa3" time="23.034" /><testcase classname="tests.test_wifi" name="test_wifi_wpa2" time="22.925" /><testcase classname="tests.test_wifi" name="test_wifi_scan" time="0.000"><skipped type="pytest.skip" message="Skipping because feature &quot;{'wifi-neighbors'}&quot; is not supported">/home/runner/work/openwrt-tests/openwrt-tests/tests/test_wifi.py:77: Skipping because feature "{'wifi-neighbors'}" is not supported</skipped></testcase><testcase classname="tests.test_wifi" name="test_wifi_hwsim_sae_mixed" time="0.843"><skipped type="pytest.skip" message="Skipping because feature &quot;{'hwsim'}&quot; is not supported">/home/runner/work/openwrt-tests/openwrt-tests/tests/test_wifi.py:99: Skipping because feature "{'hwsim'}" is not supported</skipped></testcase></testsuite></testsuites>