<?xml version="1.0" encoding="utf-8"?><testsuites name="pytest tests"><testsuite name="pytest" errors="0" failures="0" skipped="3" tests="3" time="48.041" timestamp="2026-05-27T00:43:45.186163+00:00" hostname="runnervm3jyl0"><properties><property name="ENV_CONFIG" value="targets/linksys_e8450.yaml" /><property name="TARGETS" value="['main']" /><property name="TARGET_MAIN_REMOTE" value="+" /><property name="IMAGE_ROOT" value="/home/runner/work/openwrt-tests/openwrt-tests/tftp/linksys_e8450/openwrt-24.10-snapshot-r29196-ca4a3dde42-mediatek-mt7622-linksys_e8450-initramfs-kernel.bin" /><property name="IMAGE_ROOT_GIT_COMMIT" value="e80d30385ad24b66a5bed0023a67a6fbce710299" /></properties><testcase classname="tests.test_apk.TestApk" name="test_apk_procd_installed" time="2.845"><skipped type="pytest.skip" message="LG_FEATURE_APK not defined">/home/runner/work/openwrt-tests/openwrt-tests/tests/test_apk.py:10: LG_FEATURE_APK not defined</skipped></testcase><testcase classname="tests.test_apk.TestApk" name="test_apk_add_ucert" time="0.000"><skipped type="pytest.skip" message="LG_FEATURE_ONLINE not defined">/home/runner/work/openwrt-tests/openwrt-tests/tests/test_apk.py:13: LG_FEATURE_ONLINE not defined</skipped></testcase><testcase classname="tests.test_apk.TestApk" name="test_apk_audit" time="0.000"><skipped type="pytest.skip" message="LG_FEATURE_APK not defined">/home/runner/work/openwrt-tests/openwrt-tests/tests/test_apk.py:23: LG_FEATURE_APK not defined</skipped></testcase></testsuite></testsuites>