<?xml version="1.0" encoding="utf-8"?><testsuites name="pytest tests"><testsuite name="pytest" errors="0" failures="1" skipped="8" tests="35" time="120.490" timestamp="2026-05-11T14:56:52.537462+00:00" hostname="runnervmeorf1"><properties><property name="ENV_CONFIG" value="targets/glinet_gl-mt1300.yaml" /><property name="TARGETS" value="['main']" /><property name="TARGET_MAIN_REMOTE" value="+" /><property name="IMAGE_ROOT" value="/home/runner/work/openwrt-tests/openwrt-tests/tftp/glinet_gl-mt1300/openwrt-ramips-mt7621-glinet_gl-mt1300-initramfs-kernel.bin" /><property name="IMAGE_ROOT_GIT_COMMIT" value="1ba94441ece892a33bb0b3f1082707f5edce034f" /></properties><testcase classname="tests.test_apk.TestApk" name="test_apk_procd_installed" time="78.239" /><testcase classname="tests.test_apk.TestApk" name="test_apk_add_ucert" time="0.000"><skipped type="pytest.skip" message="LG_FEATURE_ONLINE not defined">/home/runner/work/openwrt-tests/openwrt-tests/tests/test_apk.py:13: LG_FEATURE_ONLINE not defined</skipped></testcase><testcase classname="tests.test_apk.TestApk" name="test_apk_audit" time="0.417" /><testcase classname="tests.test_base" name="test_shell" time="1.053" /><testcase classname="tests.test_base" name="test_firmware_version" time="1.350"><properties><property name="firmware_version" value="r34385-ff16e61084" /><property name="expected_firmware_version" value="r34385-ff16e61084" /></properties></testcase><testcase classname="tests.test_base" name="test_dropbear_startup" time="2.709" /><testcase classname="tests.test_base" name="test_ssh" time="0.416" /><testcase classname="tests.test_base" name="test_echo" time="0.414" /><testcase classname="tests.test_base" name="test_uname" time="0.411" /><testcase classname="tests.test_base" name="test_ubus_system_board" time="0.569" /><testcase classname="tests.test_base" name="test_free_memory" time="0.415" /><testcase classname="tests.test_base" name="test_sysupgrade_backup" time="0.000"><skipped type="pytest.skip" message="Skipping because feature &quot;{'rootfs'}&quot; is not supported">/home/runner/work/openwrt-tests/openwrt-tests/tests/test_base.py:69: Skipping because feature "{'rootfs'}" is not supported</skipped></testcase><testcase classname="tests.test_base" name="test_sysupgrade_backup_u" time="0.000"><skipped type="pytest.skip" message="Skipping because feature &quot;{'rootfs'}&quot; is not supported">/home/runner/work/openwrt-tests/openwrt-tests/tests/test_base.py:81: Skipping because feature "{'rootfs'}" is not supported</skipped></testcase><testcase classname="tests.test_base" name="test_kernel_errors" time="0.419" /><testcase classname="tests.test_lan" name="test_lan_wait_for_link_ready" time="1.349" /><testcase classname="tests.test_lan" name="test_lan_wait_for_network" time="1.592" /><testcase classname="tests.test_lan" name="test_lan_interface_address" time="1.239" /><testcase classname="tests.test_lan" name="test_lan_interface_has_neighbor" time="3.268" /><testcase classname="tests.test_network_security" name="test_ssh_supported_algorithms" time="0.698" /><testcase classname="tests.test_opkg" name="test_opkg_procd_installed" time="0.000"><skipped type="pytest.skip" message="Skipping because feature &quot;{'opkg'}&quot; is not supported">/home/runner/work/openwrt-tests/openwrt-tests/tests/test_opkg.py:4: Skipping because feature "{'opkg'}" is not supported</skipped></testcase><testcase classname="tests.test_opkg" name="test_opkg_install_ucert" time="0.000"><skipped type="pytest.skip" message="Skipping because features &quot;{'online', 'opkg'}&quot; are not supported">/home/runner/work/openwrt-tests/openwrt-tests/tests/test_opkg.py:9: Skipping because features "{'online', 'opkg'}" are not supported</skipped></testcase><testcase classname="tests.test_system_health.TestSystemHealth" name="test_memory_usage" time="0.518" /><testcase classname="tests.test_system_health.TestSystemHealth" name="test_filesystem_usage" time="2.489" /><testcase classname="tests.test_system_health.TestSystemHealth" name="test_system_uptime" time="0.415" /><testcase classname="tests.test_system_health.TestSystemHealth" name="test_temperature_sensors" time="0.416" /><testcase classname="tests.test_system_health.TestSystemHealth" name="test_process_count" time="0.415" /><testcase classname="tests.test_system_health.TestSystemHealth" name="test_entropy_available" time="0.415" /><testcase classname="tests.test_system_health.TestSystemHealth" name="test_open_file_descriptors" time="0.416" /><testcase classname="tests.test_wan" name="test_wan_firewall_zone" time="2.573" /><testcase classname="tests.test_wan" name="test_wan_interface_device" time="1.596" /><testcase classname="tests.test_wan" name="test_https_download" time="0.000"><skipped type="pytest.skip" message="Skipping because feature &quot;{'online'}&quot; is not supported">/home/runner/work/openwrt-tests/openwrt-tests/tests/test_wan.py:64: Skipping because feature "{'online'}" is not supported</skipped></testcase><testcase classname="tests.test_wifi" name="test_wifi_wpa3" time="7.879"><failure message="AssertionError: iwinfo output:&#10;  phy0-ap0 ESSID: &quot;OpenWrt&quot;&#10;           Access Point: 94:83:c4:0e:bc:d9&#10;           Mode: Master  Channel: 1 (2.412 GHz)  HT Mode: HT20&#10;           Center Channel 1: 1 2: unknown&#10;           Tx-Power: 20 dBm  Link Quality: 70/70&#10;           Signal: 0 dBm  Noise: -90 dBm&#10;           Bit Rate: unknown&#10;           Encryption: SAE / SAE-EXT-KEY (CCMP)&#10;           Type: nl80211  HW Mode(s): 802.11n/g/b&#10;           Hardware: 0x14c3:0x7615 0x7615:0x14c3 [MediaTek MT7615E]&#10;           TX power offset: none&#10;           Channel offset: none&#10;           Supports VAPs: yes  PHY name: phy0&#10;  &#10;assert ('Encryption: WPA3 SAE (CCMP)' in 'phy0-ap0 ESSID: &quot;OpenWrt&quot;\n         Access Point: 94:83:c4:0e:bc:d9\n         Mode: Master  Channel: 1 (2.412 GHz)  HT Mode: HT20\n         Center Channel 1: 1 2: unknown\n         Tx-Power: 20 dBm  Link Quality: 70/70\n         Signal: 0 dBm  Noise: -90 dBm\n         Bit Rate: unknown\n         Encryption: SAE / SAE-EXT-KEY (CCMP)\n         Type: nl80211  HW Mode(s): 802.11n/g/b\n         Hardware: 0x14c3:0x7615 0x7615:0x14c3 [MediaTek MT7615E]\n         TX power offset: none\n         Channel offset: none\n         Supports VAPs: yes  PHY name: phy0\n' or 'Encryption: SAE (CCMP)' in 'phy0-ap0 ESSID: &quot;OpenWrt&quot;\n         Access Point: 94:83:c4:0e:bc:d9\n         Mode: Master  Channel: 1 (2.412 GHz)  HT Mode: HT20\n         Center Channel 1: 1 2: unknown\n         Tx-Power: 20 dBm  Link Quality: 70/70\n         Signal: 0 dBm  Noise: -90 dBm\n         Bit Rate: unknown\n         Encryption: SAE / SAE-EXT-KEY (CCMP)\n         Type: nl80211  HW Mode(s): 802.11n/g/b\n         Hardware: 0x14c3:0x7615 0x7615:0x14c3 [MediaTek MT7615E]\n         TX power offset: none\n         Channel offset: none\n         Supports VAPs: yes  PHY name: phy0\n')">ssh_command = SSHDriver(target=Target(name='main', env=Environment(config_file='targets/glinet_gl-mt1300.yaml')), name=None, state=&lt;...derr_merge=False, connection_timeout=120.0, explicit_sftp_mode=False, explicit_scp_mode=True, username='', password='')

    @pytest.mark.lg_feature("wifi")
    def test_wifi_wpa3(ssh_command):
        """
        Test enabling a wifi network with WPA3 encryption.
    
        This test configures a wifi network with WPA3 encryption and password 'openwrt4all'.
        """
        ssh_command.run("uci delete wireless.default_radio0.disabled")
        ssh_command.run("uci delete wireless.radio0.disabled")
        ssh_command.run("uci set wireless.default_radio0.encryption=sae")
        ssh_command.run("uci set wireless.default_radio0.key=openwrt4all")
    
        ssh_command.run("uci commit")
    
        restart_wifi_and_wait(ssh_command)
    
        iwinfo_output = "\n".join(ssh_command.run("iwinfo")[0])
    
        assert "Mode: Master" in iwinfo_output, f"iwinfo output:\n{iwinfo_output}"
&gt;       assert (
            "Encryption: WPA3 SAE (CCMP)" in iwinfo_output
            or "Encryption: SAE (CCMP)" in iwinfo_output
        ), f"iwinfo output:\n{iwinfo_output}"
E       AssertionError: iwinfo output:
E         phy0-ap0 ESSID: "OpenWrt"
E                  Access Point: 94:83:c4:0e:bc:d9
E                  Mode: Master  Channel: 1 (2.412 GHz)  HT Mode: HT20
E                  Center Channel 1: 1 2: unknown
E                  Tx-Power: 20 dBm  Link Quality: 70/70
E                  Signal: 0 dBm  Noise: -90 dBm
E                  Bit Rate: unknown
E                  Encryption: SAE / SAE-EXT-KEY (CCMP)
E                  Type: nl80211  HW Mode(s): 802.11n/g/b
E                  Hardware: 0x14c3:0x7615 0x7615:0x14c3 [MediaTek MT7615E]
E                  TX power offset: none
E                  Channel offset: none
E                  Supports VAPs: yes  PHY name: phy0
E         
E       assert ('Encryption: WPA3 SAE (CCMP)' in 'phy0-ap0 ESSID: "OpenWrt"\n         Access Point: 94:83:c4:0e:bc:d9\n         Mode: Master  Channel: 1 (2.412 GHz)  HT Mode: HT20\n         Center Channel 1: 1 2: unknown\n         Tx-Power: 20 dBm  Link Quality: 70/70\n         Signal: 0 dBm  Noise: -90 dBm\n         Bit Rate: unknown\n         Encryption: SAE / SAE-EXT-KEY (CCMP)\n         Type: nl80211  HW Mode(s): 802.11n/g/b\n         Hardware: 0x14c3:0x7615 0x7615:0x14c3 [MediaTek MT7615E]\n         TX power offset: none\n         Channel offset: none\n         Supports VAPs: yes  PHY name: phy0\n' or 'Encryption: SAE (CCMP)' in 'phy0-ap0 ESSID: "OpenWrt"\n         Access Point: 94:83:c4:0e:bc:d9\n         Mode: Master  Channel: 1 (2.412 GHz)  HT Mode: HT20\n         Center Channel 1: 1 2: unknown\n         Tx-Power: 20 dBm  Link Quality: 70/70\n         Signal: 0 dBm  Noise: -90 dBm\n         Bit Rate: unknown\n         Encryption: SAE / SAE-EXT-KEY (CCMP)\n         Type: nl80211  HW Mode(s): 802.11n/g/b\n         Hardware: 0x14c3:0x7615 0x7615:0x14c3 [MediaTek MT7615E]\n         TX power offset: none\n         Channel offset: none\n         Supports VAPs: yes  PHY name: phy0\n')

tests/test_wifi.py:46: AssertionError</failure></testcase><testcase classname="tests.test_wifi" name="test_wifi_wpa2" time="7.881" /><testcase classname="tests.test_wifi" name="test_wifi_scan" time="0.000"><skipped type="pytest.skip" message="Skipping because feature &quot;{'wifi-neighbors'}&quot; is not supported">/home/runner/work/openwrt-tests/openwrt-tests/tests/test_wifi.py:77: Skipping because feature "{'wifi-neighbors'}" is not supported</skipped></testcase><testcase classname="tests.test_wifi" name="test_wifi_hwsim_sae_mixed" time="0.812"><skipped type="pytest.skip" message="Skipping because feature &quot;{'hwsim'}&quot; is not supported">/home/runner/work/openwrt-tests/openwrt-tests/tests/test_wifi.py:99: Skipping because feature "{'hwsim'}" is not supported</skipped></testcase></testsuite></testsuites>