<?xml version="1.0" encoding="utf-8"?><testsuites name="pytest tests"><testsuite name="pytest" errors="0" failures="0" skipped="10" tests="35" time="202.037" timestamp="2026-04-27T00:29:42.776322+00:00" hostname="runnervmeorf1"><properties><property name="ENV_CONFIG" value="targets/openwrt_one.yaml" /><property name="TARGETS" value="['main']" /><property name="TARGET_MAIN_REMOTE" value="+" /><property name="IMAGE_ROOT" value="/home/runner/work/openwrt-tests/openwrt-tests/tftp/openwrt_one/openwrt-24.10-snapshot-r29157-44df9972d5-mediatek-filogic-openwrt_one-initramfs.itb" /><property name="IMAGE_ROOT_GIT_COMMIT" value="47b6f755a68d69b0ebc8cd8a1f93f323d9d0e04f" /></properties><testcase classname="tests.test_apk.TestApk" name="test_apk_procd_installed" time="0.000"><skipped type="pytest.skip" message="LG_FEATURE_APK not defined">/home/runner/work/openwrt-tests/openwrt-tests/tests/test_apk.py:10: LG_FEATURE_APK not defined</skipped></testcase><testcase classname="tests.test_apk.TestApk" name="test_apk_add_ucert" time="0.000"><skipped type="pytest.skip" message="LG_FEATURE_ONLINE not defined">/home/runner/work/openwrt-tests/openwrt-tests/tests/test_apk.py:13: LG_FEATURE_ONLINE not defined</skipped></testcase><testcase classname="tests.test_apk.TestApk" name="test_apk_audit" time="0.000"><skipped type="pytest.skip" message="LG_FEATURE_APK not defined">/home/runner/work/openwrt-tests/openwrt-tests/tests/test_apk.py:23: LG_FEATURE_APK not defined</skipped></testcase><testcase classname="tests.test_base" name="test_shell" time="133.157" /><testcase classname="tests.test_base" name="test_firmware_version" time="1.894"><properties><property name="firmware_version" value="r29157-44df9972d5" /><property name="expected_firmware_version" value="r29157-44df9972d5" /></properties></testcase><testcase classname="tests.test_base" name="test_dropbear_startup" time="3.673" /><testcase classname="tests.test_base" name="test_ssh" time="4.063" /><testcase classname="tests.test_base" name="test_echo" time="0.939" /><testcase classname="tests.test_base" name="test_uname" time="0.939" /><testcase classname="tests.test_base" name="test_ubus_system_board" time="0.940" /><testcase classname="tests.test_base" name="test_free_memory" time="0.938" /><testcase classname="tests.test_base" name="test_sysupgrade_backup" time="0.000"><skipped type="pytest.skip" message="Skipping because feature &quot;{'rootfs'}&quot; is not supported">/home/runner/work/openwrt-tests/openwrt-tests/tests/test_base.py:69: Skipping because feature "{'rootfs'}" is not supported</skipped></testcase><testcase classname="tests.test_base" name="test_sysupgrade_backup_u" time="0.000"><skipped type="pytest.skip" message="Skipping because feature &quot;{'rootfs'}&quot; is not supported">/home/runner/work/openwrt-tests/openwrt-tests/tests/test_base.py:81: Skipping because feature "{'rootfs'}" is not supported</skipped></testcase><testcase classname="tests.test_base" name="test_kernel_errors" time="1.185" /><testcase classname="tests.test_lan" name="test_lan_wait_for_link_ready" time="1.902" /><testcase classname="tests.test_lan" name="test_lan_wait_for_network" time="2.030" /><testcase classname="tests.test_lan" name="test_lan_interface_address" time="1.769" /><testcase classname="tests.test_lan" name="test_lan_interface_has_neighbor" time="3.781" /><testcase classname="tests.test_network_security" name="test_ssh_supported_algorithms" time="1.099" /><testcase classname="tests.test_opkg" name="test_opkg_procd_installed" time="0.000"><skipped type="pytest.skip" message="Skipping because feature &quot;{'opkg'}&quot; is not supported">/home/runner/work/openwrt-tests/openwrt-tests/tests/test_opkg.py:4: Skipping because feature "{'opkg'}" is not supported</skipped></testcase><testcase classname="tests.test_opkg" name="test_opkg_install_ucert" time="0.000"><skipped type="pytest.skip" message="Skipping because features &quot;{'opkg', 'online'}&quot; are not supported">/home/runner/work/openwrt-tests/openwrt-tests/tests/test_opkg.py:9: Skipping because features "{'opkg', 'online'}" are not supported</skipped></testcase><testcase classname="tests.test_system_health.TestSystemHealth" name="test_memory_usage" time="1.040" /><testcase classname="tests.test_system_health.TestSystemHealth" name="test_filesystem_usage" time="5.769" /><testcase classname="tests.test_system_health.TestSystemHealth" name="test_system_uptime" time="0.897" /><testcase classname="tests.test_system_health.TestSystemHealth" name="test_temperature_sensors" time="1.879" /><testcase classname="tests.test_system_health.TestSystemHealth" name="test_process_count" time="0.939" /><testcase classname="tests.test_system_health.TestSystemHealth" name="test_entropy_available" time="0.940" /><testcase classname="tests.test_system_health.TestSystemHealth" name="test_open_file_descriptors" time="0.939" /><testcase classname="tests.test_wan" name="test_wan_firewall_zone" time="3.103" /><testcase classname="tests.test_wan" name="test_wan_interface_device" time="2.029" /><testcase classname="tests.test_wan" name="test_https_download" time="0.000"><skipped type="pytest.skip" message="Skipping because feature &quot;{'online'}&quot; is not supported">/home/runner/work/openwrt-tests/openwrt-tests/tests/test_wan.py:64: Skipping because feature "{'online'}" is not supported</skipped></testcase><testcase classname="tests.test_wifi" name="test_wifi_wpa3" time="12.448" /><testcase classname="tests.test_wifi" name="test_wifi_wpa2" time="12.451" /><testcase classname="tests.test_wifi" name="test_wifi_scan" time="0.000"><skipped type="pytest.skip" message="Skipping because feature &quot;{'wifi-neighbors'}&quot; is not supported">/home/runner/work/openwrt-tests/openwrt-tests/tests/test_wifi.py:77: Skipping because feature "{'wifi-neighbors'}" is not supported</skipped></testcase><testcase classname="tests.test_wifi" name="test_wifi_hwsim_sae_mixed" time="1.217"><skipped type="pytest.skip" message="Skipping because feature &quot;{'hwsim'}&quot; is not supported">/home/runner/work/openwrt-tests/openwrt-tests/tests/test_wifi.py:99: Skipping because feature "{'hwsim'}" is not supported</skipped></testcase></testsuite></testsuites>