<?xml version="1.0" encoding="utf-8"?><testsuites name="pytest tests"><testsuite name="pytest" errors="0" failures="0" skipped="8" tests="33" time="171.301" timestamp="2025-08-31T00:28:31.754625+00:00" hostname="openwrt-testing"><properties><property name="ENV_CONFIG" value="targets/tplink_tl-wdr4300-v1.yaml" /><property name="TARGETS" value="['main']" /><property name="TARGET_MAIN_REMOTE" value="+" /><property name="IMAGE_ROOT" value="/home/aparcar/actions-runner3/_work/openwrt-tests/openwrt-tests/tftp/tplink_tl-wdr4300-v1/openwrt-ath79-generic-tplink_tl-wdr4300-v1-initramfs-kernel.bin" /><property name="IMAGE_ROOT_GIT_COMMIT" value="9e4a9df7f4ef97ebebd8bba3b8beacc0ba5297ba" /></properties><testcase classname="tests.test_apk.TestApk" name="test_apk_procd_installed" time="127.072" /><testcase classname="tests.test_apk.TestApk" name="test_apk_add_ucert" time="0.000"><skipped type="pytest.skip" message="LG_FEATURE_ONLINE not defined">/home/aparcar/actions-runner3/_work/openwrt-tests/openwrt-tests/tests/test_apk.py:13: LG_FEATURE_ONLINE not defined</skipped></testcase><testcase classname="tests.test_apk.TestApk" name="test_apk_audit" time="0.504" /><testcase classname="tests.test_base" name="test_shell" time="2.658" /><testcase classname="tests.test_base" name="test_firmware_version" time="4.470"><properties><property name="firmware_version" value="r30910-886382ba25" /><property name="expected_firmware_version" value="r30910-886382ba25" /></properties></testcase><testcase classname="tests.test_base" name="test_dropbear_startup" time="8.673" /><testcase classname="tests.test_base" name="test_ssh" time="0.082" /><testcase classname="tests.test_base" name="test_echo" time="0.082" /><testcase classname="tests.test_base" name="test_uname" time="0.086" /><testcase classname="tests.test_base" name="test_ubus_system_board" time="0.093" /><testcase classname="tests.test_base" name="test_free_memory" time="0.088" /><testcase classname="tests.test_base" name="test_sysupgrade_backup" time="0.000"><skipped type="pytest.skip" message="Skipping because feature &quot;{'rootfs'}&quot; is not supported">/home/aparcar/actions-runner3/_work/openwrt-tests/openwrt-tests/tests/test_base.py:69: Skipping because feature "{'rootfs'}" is not supported</skipped></testcase><testcase classname="tests.test_base" name="test_sysupgrade_backup_u" time="0.000"><skipped type="pytest.skip" message="Skipping because feature &quot;{'rootfs'}&quot; is not supported">/home/aparcar/actions-runner3/_work/openwrt-tests/openwrt-tests/tests/test_base.py:81: Skipping because feature "{'rootfs'}" is not supported</skipped></testcase><testcase classname="tests.test_base" name="test_kernel_errors" time="0.133" /><testcase classname="tests.test_lan" name="test_lan_wait_for_network" time="5.212" /><testcase classname="tests.test_lan" name="test_lan_interface_address" time="3.904" /><testcase classname="tests.test_network_security" name="test_ssh_supported_algorithms" time="0.224" /><testcase classname="tests.test_opkg" name="test_opkg_procd_installed" time="0.000"><skipped type="pytest.skip" message="Skipping because feature &quot;{'opkg'}&quot; is not supported">/home/aparcar/actions-runner3/_work/openwrt-tests/openwrt-tests/tests/test_opkg.py:4: Skipping because feature "{'opkg'}" is not supported</skipped></testcase><testcase classname="tests.test_opkg" name="test_opkg_install_ucert" time="0.000"><skipped type="pytest.skip" message="Skipping because features &quot;{'opkg', 'online'}&quot; are not supported">/home/aparcar/actions-runner3/_work/openwrt-tests/openwrt-tests/tests/test_opkg.py:9: Skipping because features "{'opkg', 'online'}" are not supported</skipped></testcase><testcase classname="tests.test_system_health.TestSystemHealth" name="test_cpu_load" time="0.091" /><testcase classname="tests.test_system_health.TestSystemHealth" name="test_memory_usage" time="0.087" /><testcase classname="tests.test_system_health.TestSystemHealth" name="test_filesystem_usage" time="0.525" /><testcase classname="tests.test_system_health.TestSystemHealth" name="test_system_uptime" time="0.085" /><testcase classname="tests.test_system_health.TestSystemHealth" name="test_temperature_sensors" time="0.088" /><testcase classname="tests.test_system_health.TestSystemHealth" name="test_process_count" time="0.108" /><testcase classname="tests.test_system_health.TestSystemHealth" name="test_entropy_available" time="0.086" /><testcase classname="tests.test_system_health.TestSystemHealth" name="test_open_file_descriptors" time="0.086" /><testcase classname="tests.test_wan" name="test_wan_wait_for_network" time="5.223" /><testcase classname="tests.test_wan" name="test_https_download" time="0.000"><skipped type="pytest.skip" message="Skipping because feature &quot;{'online'}&quot; is not supported">/home/aparcar/actions-runner3/_work/openwrt-tests/openwrt-tests/tests/test_wan.py:56: Skipping because feature "{'online'}" is not supported</skipped></testcase><testcase classname="tests.test_wifi" name="test_wifi_wpa3" time="5.961" /><testcase classname="tests.test_wifi" name="test_wifi_wpa2" time="5.246" /><testcase classname="tests.test_wifi" name="test_wifi_scan" time="0.000"><skipped type="pytest.skip" message="Skipping because feature &quot;{'wifi-neighbors'}&quot; is not supported">/home/aparcar/actions-runner3/_work/openwrt-tests/openwrt-tests/tests/test_wifi.py:70: Skipping because feature "{'wifi-neighbors'}" is not supported</skipped></testcase><testcase classname="tests.test_wifi" name="test_wifi_hwsim_sae_mixed" time="0.383"><skipped type="pytest.skip" message="Skipping because feature &quot;{'hwsim'}&quot; is not supported">/home/aparcar/actions-runner3/_work/openwrt-tests/openwrt-tests/tests/test_wifi.py:91: Skipping because feature "{'hwsim'}" is not supported</skipped></testcase></testsuite></testsuites>