<?xml version="1.0" encoding="utf-8"?><testsuites name="pytest tests"><testsuite name="pytest" errors="0" failures="0" skipped="10" tests="35" time="134.400" timestamp="2026-05-16T00:33:56.701144+00:00" hostname="runnervmrw5os"><properties><property name="ENV_CONFIG" value="targets/genexis_pulse-ex400.yaml" /><property name="TARGETS" value="['main']" /><property name="TARGET_MAIN_REMOTE" value="+" /><property name="IMAGE_ROOT" value="/home/runner/work/openwrt-tests/openwrt-tests/tftp/genexis_pulse-ex400/openwrt-24.10-snapshot-r29189-15250e11aa-ramips-mt7621-genexis_pulse-ex400-initramfs-kernel.bin" /><property name="IMAGE_ROOT_GIT_COMMIT" value="e80d30385ad24b66a5bed0023a67a6fbce710299" /></properties><testcase classname="tests.test_apk.TestApk" name="test_apk_procd_installed" time="3.916"><skipped type="pytest.skip" message="LG_FEATURE_APK not defined">/home/runner/work/openwrt-tests/openwrt-tests/tests/test_apk.py:10: LG_FEATURE_APK not defined</skipped></testcase><testcase classname="tests.test_apk.TestApk" name="test_apk_add_ucert" time="0.000"><skipped type="pytest.skip" message="LG_FEATURE_ONLINE not defined">/home/runner/work/openwrt-tests/openwrt-tests/tests/test_apk.py:13: LG_FEATURE_ONLINE not defined</skipped></testcase><testcase classname="tests.test_apk.TestApk" name="test_apk_audit" time="0.000"><skipped type="pytest.skip" message="LG_FEATURE_APK not defined">/home/runner/work/openwrt-tests/openwrt-tests/tests/test_apk.py:23: LG_FEATURE_APK not defined</skipped></testcase><testcase classname="tests.test_base" name="test_shell" time="71.698" /><testcase classname="tests.test_base" name="test_firmware_version" time="1.571"><properties><property name="firmware_version" value="r29189-15250e11aa" /><property name="expected_firmware_version" value="r29189-15250e11aa" /></properties></testcase><testcase classname="tests.test_base" name="test_dropbear_startup" time="8.155" /><testcase classname="tests.test_base" name="test_ssh" time="7.939" /><testcase classname="tests.test_base" name="test_echo" time="0.533" /><testcase classname="tests.test_base" name="test_uname" time="0.528" /><testcase classname="tests.test_base" name="test_ubus_system_board" time="0.529" /><testcase classname="tests.test_base" name="test_free_memory" time="0.530" /><testcase classname="tests.test_base" name="test_sysupgrade_backup" time="0.000"><skipped type="pytest.skip" message="unsupported feature(s): rootfs">/home/runner/work/openwrt-tests/openwrt-tests/tests/test_base.py:69: unsupported feature(s): rootfs</skipped></testcase><testcase classname="tests.test_base" name="test_sysupgrade_backup_u" time="0.000"><skipped type="pytest.skip" message="unsupported feature(s): rootfs">/home/runner/work/openwrt-tests/openwrt-tests/tests/test_base.py:81: unsupported feature(s): rootfs</skipped></testcase><testcase classname="tests.test_base" name="test_kernel_errors" time="0.531" /><testcase classname="tests.test_lan" name="test_lan_wait_for_link_ready" time="1.534" /><testcase classname="tests.test_lan" name="test_lan_wait_for_network" time="1.737" /><testcase classname="tests.test_lan" name="test_lan_interface_address" time="1.420" /><testcase classname="tests.test_lan" name="test_lan_interface_has_neighbor" time="3.415" /><testcase classname="tests.test_network_security" name="test_ssh_supported_algorithms" time="0.954" /><testcase classname="tests.test_opkg" name="test_opkg_procd_installed" time="0.000"><skipped type="pytest.skip" message="unsupported feature(s): opkg">/home/runner/work/openwrt-tests/openwrt-tests/tests/test_opkg.py:4: unsupported feature(s): opkg</skipped></testcase><testcase classname="tests.test_opkg" name="test_opkg_install_ucert" time="0.000"><skipped type="pytest.skip" message="unsupported feature(s): opkg, online">/home/runner/work/openwrt-tests/openwrt-tests/tests/test_opkg.py:9: unsupported feature(s): opkg, online</skipped></testcase><testcase classname="tests.test_system_health.TestSystemHealth" name="test_memory_usage" time="0.672" /><testcase classname="tests.test_system_health.TestSystemHealth" name="test_filesystem_usage" time="3.159" /><testcase classname="tests.test_system_health.TestSystemHealth" name="test_system_uptime" time="0.527" /><testcase classname="tests.test_system_health.TestSystemHealth" name="test_temperature_sensors" time="0.527" /><testcase classname="tests.test_system_health.TestSystemHealth" name="test_process_count" time="0.527" /><testcase classname="tests.test_system_health.TestSystemHealth" name="test_entropy_available" time="0.526" /><testcase classname="tests.test_system_health.TestSystemHealth" name="test_open_file_descriptors" time="0.527" /><testcase classname="tests.test_wan" name="test_wan_firewall_zone" time="2.717" /><testcase classname="tests.test_wan" name="test_wan_interface_device" time="1.734" /><testcase classname="tests.test_wan" name="test_https_download" time="0.000"><skipped type="pytest.skip" message="unsupported feature(s): online">/home/runner/work/openwrt-tests/openwrt-tests/tests/test_wan.py:64: unsupported feature(s): online</skipped></testcase><testcase classname="tests.test_wifi" name="test_wifi_wpa3" time="8.735" /><testcase classname="tests.test_wifi" name="test_wifi_wpa2" time="8.772" /><testcase classname="tests.test_wifi" name="test_wifi_scan" time="0.000"><skipped type="pytest.skip" message="unsupported feature(s): wifi-neighbors">/home/runner/work/openwrt-tests/openwrt-tests/tests/test_wifi.py:79: unsupported feature(s): wifi-neighbors</skipped></testcase><testcase classname="tests.test_wifi" name="test_wifi_hwsim_sae_mixed" time="0.894"><skipped type="pytest.skip" message="unsupported feature(s): hwsim">/home/runner/work/openwrt-tests/openwrt-tests/tests/test_wifi.py:101: unsupported feature(s): hwsim</skipped></testcase></testsuite></testsuites>