<?xml version="1.0" encoding="utf-8"?><testsuites name="pytest tests"><testsuite name="pytest" errors="0" failures="0" skipped="10" tests="35" time="148.728" timestamp="2026-07-06T02:35:52.579733+00:00" hostname="runnervmkkn4f"><properties><property name="ENV_CONFIG" value="targets/genexis_pulse-ex400.yaml" /><property name="TARGETS" value="['main']" /><property name="TARGET_MAIN_REMOTE" value="+" /><property name="IMAGE_ROOT" value="/home/runner/work/openwrt-tests/openwrt-tests/tftp/genexis_pulse-ex400/openwrt-24.10-snapshot-r29207-95d0ca014c-ramips-mt7621-genexis_pulse-ex400-initramfs-kernel.bin" /><property name="IMAGE_ROOT_GIT_COMMIT" value="9df2aec05f9a025af2e4f0b61e287c033ba3e6ba" /></properties><testcase classname="tests.test_apk.TestApk" name="test_apk_procd_installed" time="3.492"><skipped type="pytest.skip" message="LG_FEATURE_APK not defined">/home/runner/work/openwrt-tests/openwrt-tests/tests/test_apk.py:10: LG_FEATURE_APK not defined</skipped></testcase><testcase classname="tests.test_apk.TestApk" name="test_apk_add_ucert" time="0.000"><skipped type="pytest.skip" message="LG_FEATURE_ONLINE not defined">/home/runner/work/openwrt-tests/openwrt-tests/tests/test_apk.py:13: LG_FEATURE_ONLINE not defined</skipped></testcase><testcase classname="tests.test_apk.TestApk" name="test_apk_audit" time="0.000"><skipped type="pytest.skip" message="LG_FEATURE_APK not defined">/home/runner/work/openwrt-tests/openwrt-tests/tests/test_apk.py:23: LG_FEATURE_APK not defined</skipped></testcase><testcase classname="tests.test_base" name="test_shell" time="67.468" /><testcase classname="tests.test_base" name="test_firmware_version" time="1.400"><properties><property name="firmware_version" value="r29207-95d0ca014c" /><property name="expected_firmware_version" value="r29207-95d0ca014c" /></properties></testcase><testcase classname="tests.test_base" name="test_dropbear_startup" time="31.330" /><testcase classname="tests.test_base" name="test_ssh" time="6.758" /><testcase classname="tests.test_base" name="test_echo" time="0.467" /><testcase classname="tests.test_base" name="test_uname" time="0.480" /><testcase classname="tests.test_base" name="test_ubus_system_board" time="0.469" /><testcase classname="tests.test_base" name="test_free_memory" time="0.468" /><testcase classname="tests.test_base" name="test_sysupgrade_backup" time="0.000"><skipped type="pytest.skip" message="unsupported feature(s): rootfs">/home/runner/work/openwrt-tests/openwrt-tests/tests/test_base.py:69: unsupported feature(s): rootfs</skipped></testcase><testcase classname="tests.test_base" name="test_sysupgrade_backup_u" time="0.000"><skipped type="pytest.skip" message="unsupported feature(s): rootfs">/home/runner/work/openwrt-tests/openwrt-tests/tests/test_base.py:81: unsupported feature(s): rootfs</skipped></testcase><testcase classname="tests.test_base" name="test_kernel_errors" time="0.485" /><testcase classname="tests.test_lan" name="test_lan_wait_for_link_ready" time="1.391" /><testcase classname="tests.test_lan" name="test_lan_wait_for_network" time="1.682" /><testcase classname="tests.test_lan" name="test_lan_interface_address" time="1.250" /><testcase classname="tests.test_lan" name="test_lan_interface_has_neighbor" time="3.316" /><testcase classname="tests.test_network_security" name="test_ssh_supported_algorithms" time="0.798" /><testcase classname="tests.test_opkg" name="test_opkg_procd_installed" time="0.000"><skipped type="pytest.skip" message="unsupported feature(s): opkg">/home/runner/work/openwrt-tests/openwrt-tests/tests/test_opkg.py:4: unsupported feature(s): opkg</skipped></testcase><testcase classname="tests.test_opkg" name="test_opkg_install_ucert" time="0.000"><skipped type="pytest.skip" message="unsupported feature(s): online, opkg">/home/runner/work/openwrt-tests/openwrt-tests/tests/test_opkg.py:9: unsupported feature(s): online, opkg</skipped></testcase><testcase classname="tests.test_system_health.TestSystemHealth" name="test_memory_usage" time="0.619" /><testcase classname="tests.test_system_health.TestSystemHealth" name="test_filesystem_usage" time="2.795" /><testcase classname="tests.test_system_health.TestSystemHealth" name="test_system_uptime" time="0.467" /><testcase classname="tests.test_system_health.TestSystemHealth" name="test_temperature_sensors" time="0.467" /><testcase classname="tests.test_system_health.TestSystemHealth" name="test_process_count" time="0.471" /><testcase classname="tests.test_system_health.TestSystemHealth" name="test_entropy_available" time="0.467" /><testcase classname="tests.test_system_health.TestSystemHealth" name="test_open_file_descriptors" time="0.467" /><testcase classname="tests.test_wan" name="test_wan_firewall_zone" time="2.670" /><testcase classname="tests.test_wan" name="test_wan_interface_device" time="1.672" /><testcase classname="tests.test_wan" name="test_https_download" time="0.000"><skipped type="pytest.skip" message="unsupported feature(s): online">/home/runner/work/openwrt-tests/openwrt-tests/tests/test_wan.py:64: unsupported feature(s): online</skipped></testcase><testcase classname="tests.test_wifi" name="test_wifi_wpa3" time="8.199" /><testcase classname="tests.test_wifi" name="test_wifi_wpa2" time="8.200" /><testcase classname="tests.test_wifi" name="test_wifi_scan" time="0.000"><skipped type="pytest.skip" message="unsupported feature(s): wifi-neighbors">/home/runner/work/openwrt-tests/openwrt-tests/tests/test_wifi.py:79: unsupported feature(s): wifi-neighbors</skipped></testcase><testcase classname="tests.test_wifi" name="test_wifi_hwsim_sae_mixed" time="0.882"><skipped type="pytest.skip" message="unsupported feature(s): hwsim">/home/runner/work/openwrt-tests/openwrt-tests/tests/test_wifi.py:101: unsupported feature(s): hwsim</skipped></testcase></testsuite></testsuites>